[1.050s] Invoking command in '/home/ubuntu-ros/ros2_ws/src/py_pubsub': PYTHONPATH=/home/ubuntu-ros/ros2_ws/build/py_pubsub/prefix_override:/usr/lib/python3/dist-packages/colcon_core/task/python/colcon_distutils_commands:/home/ubuntu-ros/ros2_ws/install/py_pubsub/lib/python3.10/site-packages:${PYTHONPATH} /usr/bin/python3 -W ignore:setup.py install is deprecated setup.py egg_info --egg-base ../../build/py_pubsub build --build-base /home/ubuntu-ros/ros2_ws/build/py_pubsub/build install --record /home/ubuntu-ros/ros2_ws/build/py_pubsub/install.log --single-version-externally-managed install_data
[1.375s] running egg_info
[1.375s] writing ../../build/py_pubsub/py_pubsub.egg-info/PKG-INFO
[1.376s] writing dependency_links to ../../build/py_pubsub/py_pubsub.egg-info/dependency_links.txt
[1.376s] writing entry points to ../../build/py_pubsub/py_pubsub.egg-info/entry_points.txt
[1.376s] writing requirements to ../../build/py_pubsub/py_pubsub.egg-info/requires.txt
[1.376s] writing top-level names to ../../build/py_pubsub/py_pubsub.egg-info/top_level.txt
[1.378s] reading manifest file '../../build/py_pubsub/py_pubsub.egg-info/SOURCES.txt'
[1.379s] adding license file 'LICENSE'
[1.380s] writing manifest file '../../build/py_pubsub/py_pubsub.egg-info/SOURCES.txt'
[1.380s] running build
[1.380s] running build_py
[1.380s] running install
[1.381s] running install_lib
[1.383s] running install_data
[1.384s] running install_egg_info
[1.387s] removing '/home/ubuntu-ros/ros2_ws/install/py_pubsub/lib/python3.10/site-packages/py_pubsub-0.0.0-py3.10.egg-info' (and everything under it)
[1.387s] Copying ../../build/py_pubsub/py_pubsub.egg-info to /home/ubuntu-ros/ros2_ws/install/py_pubsub/lib/python3.10/site-packages/py_pubsub-0.0.0-py3.10.egg-info
[1.388s] running install_scripts
[1.417s] Installing listener script to /home/ubuntu-ros/ros2_ws/install/py_pubsub/lib/py_pubsub
[1.417s] Installing talker script to /home/ubuntu-ros/ros2_ws/install/py_pubsub/lib/py_pubsub
[1.417s] writing list of installed files to '/home/ubuntu-ros/ros2_ws/build/py_pubsub/install.log'
[1.462s] Invoked command in '/home/ubuntu-ros/ros2_ws/src/py_pubsub' returned '0': PYTHONPATH=/home/ubuntu-ros/ros2_ws/build/py_pubsub/prefix_override:/usr/lib/python3/dist-packages/colcon_core/task/python/colcon_distutils_commands:/home/ubuntu-ros/ros2_ws/install/py_pubsub/lib/python3.10/site-packages:${PYTHONPATH} /usr/bin/python3 -W ignore:setup.py install is deprecated setup.py egg_info --egg-base ../../build/py_pubsub build --build-base /home/ubuntu-ros/ros2_ws/build/py_pubsub/build install --record /home/ubuntu-ros/ros2_ws/build/py_pubsub/install.log --single-version-externally-managed install_data
