[0.022s] Invoking command in '/home/ubuntu-ros/ros2_ws/build/task_2_interfaces': CMAKE_PREFIX_PATH=${CMAKE_PREFIX_PATH}:/home/ubuntu-ros/ros2_ws/install/task_2:/home/ubuntu-ros/ros2_ws/install/task_1:/home/ubuntu-ros/ros2_ws/install/py_pubsub:/home/ubuntu-ros/ros2_ws/install/my_package:/opt/ros/humble /usr/bin/cmake --build /home/ubuntu-ros/ros2_ws/build/task_2_interfaces -- -j6 -l6
[0.897s] [ 10%] Built target task_2_interfaces__rosidl_generator_c
[0.898s] [ 12%] Built target task_2_interfaces__cpp
[0.898s] [ 12%] Built target ament_cmake_python_copy_task_2_interfaces
[0.898s] [ 23%] Built target task_2_interfaces__rosidl_typesupport_fastrtps_c
[0.898s] [ 33%] Built target task_2_interfaces__rosidl_typesupport_introspection_c
[0.899s] [ 43%] Built target task_2_interfaces__rosidl_typesupport_c
[0.899s] [ 53%] Built target task_2_interfaces__rosidl_typesupport_cpp
[0.899s] [ 64%] Built target task_2_interfaces__rosidl_typesupport_introspection_cpp
[0.899s] [ 74%] Built target task_2_interfaces__rosidl_typesupport_fastrtps_cpp
[0.899s] [ 74%] Built target task_2_interfaces
[0.899s] [ 76%] Built target task_2_interfaces__py
[0.899s] [ 84%] Built target task_2_interfaces__rosidl_generator_py
[0.900s] [ 89%] Built target task_2_interfaces__rosidl_typesupport_introspection_c__pyext
[0.900s] [ 94%] Built target task_2_interfaces__rosidl_typesupport_c__pyext
[0.900s] [100%] Built target task_2_interfaces__rosidl_typesupport_fastrtps_c__pyext
[0.901s] running egg_info
[0.901s] writing task_2_interfaces.egg-info/PKG-INFO
[0.901s] writing dependency_links to task_2_interfaces.egg-info/dependency_links.txt
[0.901s] writing top-level names to task_2_interfaces.egg-info/top_level.txt
[0.901s] reading manifest file 'task_2_interfaces.egg-info/SOURCES.txt'
[0.903s] writing manifest file 'task_2_interfaces.egg-info/SOURCES.txt'
[0.903s] [100%] Built target ament_cmake_python_build_task_2_interfaces_egg
[0.904s] Invoked command in '/home/ubuntu-ros/ros2_ws/build/task_2_interfaces' returned '0': CMAKE_PREFIX_PATH=${CMAKE_PREFIX_PATH}:/home/ubuntu-ros/ros2_ws/install/task_2:/home/ubuntu-ros/ros2_ws/install/task_1:/home/ubuntu-ros/ros2_ws/install/py_pubsub:/home/ubuntu-ros/ros2_ws/install/my_package:/opt/ros/humble /usr/bin/cmake --build /home/ubuntu-ros/ros2_ws/build/task_2_interfaces -- -j6 -l6
[1.030s] Invoking command in '/home/ubuntu-ros/ros2_ws/build/task_2_interfaces': CMAKE_PREFIX_PATH=${CMAKE_PREFIX_PATH}:/home/ubuntu-ros/ros2_ws/install/task_2:/home/ubuntu-ros/ros2_ws/install/task_1:/home/ubuntu-ros/ros2_ws/install/py_pubsub:/home/ubuntu-ros/ros2_ws/install/my_package:/opt/ros/humble /usr/bin/cmake --install /home/ubuntu-ros/ros2_ws/build/task_2_interfaces
[1.037s] -- Install configuration: ""
[1.038s] -- Up-to-date: /home/ubuntu-ros/ros2_ws/install/task_2_interfaces/share/ament_index/resource_index/rosidl_interfaces/task_2_interfaces
[1.038s] -- Up-to-date: /home/ubuntu-ros/ros2_ws/install/task_2_interfaces/include/task_2_interfaces/task_2_interfaces
[1.038s] -- Up-to-date: /home/ubuntu-ros/ros2_ws/install/task_2_interfaces/include/task_2_interfaces/task_2_interfaces/srv
[1.038s] -- Up-to-date: /home/ubuntu-ros/ros2_ws/install/task_2_interfaces/include/task_2_interfaces/task_2_interfaces/srv/detail
[1.038s] -- Up-to-date: /home/ubuntu-ros/ros2_ws/install/task_2_interfaces/include/task_2_interfaces/task_2_interfaces/srv/detail/joint_state__functions.h
[1.039s] -- Up-to-date: /home/ubuntu-ros/ros2_ws/install/task_2_interfaces/include/task_2_interfaces/task_2_interfaces/srv/detail/joint_state__struct.h
[1.039s] -- Up-to-date: /home/ubuntu-ros/ros2_ws/install/task_2_interfaces/include/task_2_interfaces/task_2_interfaces/srv/detail/joint_state__type_support.h
[1.039s] -- Up-to-date: /home/ubuntu-ros/ros2_ws/install/task_2_interfaces/include/task_2_interfaces/task_2_interfaces/srv/detail/joint_state__functions.c
[1.039s] -- Up-to-date: /home/ubuntu-ros/ros2_ws/install/task_2_interfaces/include/task_2_interfaces/task_2_interfaces/srv/joint_state.h
[1.039s] -- Up-to-date: /home/ubuntu-ros/ros2_ws/install/task_2_interfaces/include/task_2_interfaces/task_2_interfaces/msg
[1.039s] -- Up-to-date: /home/ubuntu-ros/ros2_ws/install/task_2_interfaces/include/task_2_interfaces/task_2_interfaces/msg/detail
[1.039s] -- Up-to-date: /home/ubuntu-ros/ros2_ws/install/task_2_interfaces/include/task_2_interfaces/task_2_interfaces/msg/detail/joint_data__functions.c
[1.039s] -- Up-to-date: /home/ubuntu-ros/ros2_ws/install/task_2_interfaces/include/task_2_interfaces/task_2_interfaces/msg/detail/joint_data__functions.h
[1.039s] -- Up-to-date: /home/ubuntu-ros/ros2_ws/install/task_2_interfaces/include/task_2_interfaces/task_2_interfaces/msg/detail/joint_data__struct.h
[1.039s] -- Up-to-date: /home/ubuntu-ros/ros2_ws/install/task_2_interfaces/include/task_2_interfaces/task_2_interfaces/msg/detail/joint_data__type_support.h
[1.040s] -- Up-to-date: /home/ubuntu-ros/ros2_ws/install/task_2_interfaces/include/task_2_interfaces/task_2_interfaces/msg/joint_data.h
[1.040s] -- Up-to-date: /home/ubuntu-ros/ros2_ws/install/task_2_interfaces/include/task_2_interfaces/task_2_interfaces/msg/rosidl_generator_c__visibility_control.h
[1.040s] -- Up-to-date: /home/ubuntu-ros/ros2_ws/install/task_2_interfaces/share/task_2_interfaces/environment/library_path.sh
[1.040s] -- Up-to-date: /home/ubuntu-ros/ros2_ws/install/task_2_interfaces/share/task_2_interfaces/environment/library_path.dsv
[1.040s] -- Up-to-date: /home/ubuntu-ros/ros2_ws/install/task_2_interfaces/lib/libtask_2_interfaces__rosidl_generator_c.so
[1.041s] -- Up-to-date: /home/ubuntu-ros/ros2_ws/install/task_2_interfaces/include/task_2_interfaces/task_2_interfaces
[1.041s] -- Up-to-date: /home/ubuntu-ros/ros2_ws/install/task_2_interfaces/include/task_2_interfaces/task_2_interfaces/srv
[1.041s] -- Up-to-date: /home/ubuntu-ros/ros2_ws/install/task_2_interfaces/include/task_2_interfaces/task_2_interfaces/srv/detail
[1.043s] -- Up-to-date: /home/ubuntu-ros/ros2_ws/install/task_2_interfaces/include/task_2_interfaces/task_2_interfaces/srv/detail/joint_state__rosidl_typesupport_fastrtps_c.h
[1.043s] -- Up-to-date: /home/ubuntu-ros/ros2_ws/install/task_2_interfaces/include/task_2_interfaces/task_2_interfaces/msg
[1.043s] -- Up-to-date: /home/ubuntu-ros/ros2_ws/install/task_2_interfaces/include/task_2_interfaces/task_2_interfaces/msg/rosidl_typesupport_fastrtps_c__visibility_control.h
[1.043s] -- Up-to-date: /home/ubuntu-ros/ros2_ws/install/task_2_interfaces/include/task_2_interfaces/task_2_interfaces/msg/detail
[1.043s] -- Up-to-date: /home/ubuntu-ros/ros2_ws/install/task_2_interfaces/include/task_2_interfaces/task_2_interfaces/msg/detail/joint_data__rosidl_typesupport_fastrtps_c.h
[1.043s] -- Up-to-date: /home/ubuntu-ros/ros2_ws/install/task_2_interfaces/lib/libtask_2_interfaces__rosidl_typesupport_fastrtps_c.so
[1.044s] -- Up-to-date: /home/ubuntu-ros/ros2_ws/install/task_2_interfaces/include/task_2_interfaces/task_2_interfaces
[1.044s] -- Up-to-date: /home/ubuntu-ros/ros2_ws/install/task_2_interfaces/include/task_2_interfaces/task_2_interfaces/srv
[1.044s] -- Up-to-date: /home/ubuntu-ros/ros2_ws/install/task_2_interfaces/include/task_2_interfaces/task_2_interfaces/srv/detail
[1.044s] -- Up-to-date: /home/ubuntu-ros/ros2_ws/install/task_2_interfaces/include/task_2_interfaces/task_2_interfaces/srv/detail/joint_state__rosidl_typesupport_introspection_c.h
[1.044s] -- Up-to-date: /home/ubuntu-ros/ros2_ws/install/task_2_interfaces/include/task_2_interfaces/task_2_interfaces/srv/detail/joint_state__type_support.c
[1.044s] -- Up-to-date: /home/ubuntu-ros/ros2_ws/install/task_2_interfaces/include/task_2_interfaces/task_2_interfaces/msg
[1.044s] -- Up-to-date: /home/ubuntu-ros/ros2_ws/install/task_2_interfaces/include/task_2_interfaces/task_2_interfaces/msg/rosidl_typesupport_introspection_c__visibility_control.h
[1.045s] -- Up-to-date: /home/ubuntu-ros/ros2_ws/install/task_2_interfaces/include/task_2_interfaces/task_2_interfaces/msg/detail
[1.045s] -- Up-to-date: /home/ubuntu-ros/ros2_ws/install/task_2_interfaces/include/task_2_interfaces/task_2_interfaces/msg/detail/joint_data__rosidl_typesupport_introspection_c.h
[1.045s] -- Up-to-date: /home/ubuntu-ros/ros2_ws/install/task_2_interfaces/include/task_2_interfaces/task_2_interfaces/msg/detail/joint_data__type_support.c
[1.045s] -- Up-to-date: /home/ubuntu-ros/ros2_ws/install/task_2_interfaces/lib/libtask_2_interfaces__rosidl_typesupport_introspection_c.so
[1.045s] -- Up-to-date: /home/ubuntu-ros/ros2_ws/install/task_2_interfaces/lib/libtask_2_interfaces__rosidl_typesupport_c.so
[1.046s] -- Up-to-date: /home/ubuntu-ros/ros2_ws/install/task_2_interfaces/include/task_2_interfaces/task_2_interfaces
[1.046s] -- Up-to-date: /home/ubuntu-ros/ros2_ws/install/task_2_interfaces/include/task_2_interfaces/task_2_interfaces/srv
[1.047s] -- Up-to-date: /home/ubuntu-ros/ros2_ws/install/task_2_interfaces/include/task_2_interfaces/task_2_interfaces/srv/detail
[1.047s] -- Up-to-date: /home/ubuntu-ros/ros2_ws/install/task_2_interfaces/include/task_2_interfaces/task_2_interfaces/srv/detail/joint_state__struct.hpp
[1.047s] -- Up-to-date: /home/ubuntu-ros/ros2_ws/install/task_2_interfaces/include/task_2_interfaces/task_2_interfaces/srv/detail/joint_state__traits.hpp
[1.047s] -- Up-to-date: /home/ubuntu-ros/ros2_ws/install/task_2_interfaces/include/task_2_interfaces/task_2_interfaces/srv/detail/joint_state__builder.hpp
[1.047s] -- Up-to-date: /home/ubuntu-ros/ros2_ws/install/task_2_interfaces/include/task_2_interfaces/task_2_interfaces/srv/joint_state.hpp
[1.048s] -- Up-to-date: /home/ubuntu-ros/ros2_ws/install/task_2_interfaces/include/task_2_interfaces/task_2_interfaces/msg
[1.048s] -- Up-to-date: /home/ubuntu-ros/ros2_ws/install/task_2_interfaces/include/task_2_interfaces/task_2_interfaces/msg/detail
[1.048s] -- Up-to-date: /home/ubuntu-ros/ros2_ws/install/task_2_interfaces/include/task_2_interfaces/task_2_interfaces/msg/detail/joint_data__struct.hpp
[1.048s] -- Up-to-date: /home/ubuntu-ros/ros2_ws/install/task_2_interfaces/include/task_2_interfaces/task_2_interfaces/msg/detail/joint_data__builder.hpp
[1.048s] -- Up-to-date: /home/ubuntu-ros/ros2_ws/install/task_2_interfaces/include/task_2_interfaces/task_2_interfaces/msg/detail/joint_data__traits.hpp
[1.048s] -- Up-to-date: /home/ubuntu-ros/ros2_ws/install/task_2_interfaces/include/task_2_interfaces/task_2_interfaces/msg/joint_data.hpp
[1.049s] -- Up-to-date: /home/ubuntu-ros/ros2_ws/install/task_2_interfaces/include/task_2_interfaces/task_2_interfaces
[1.049s] -- Up-to-date: /home/ubuntu-ros/ros2_ws/install/task_2_interfaces/include/task_2_interfaces/task_2_interfaces/srv
[1.049s] -- Up-to-date: /home/ubuntu-ros/ros2_ws/install/task_2_interfaces/include/task_2_interfaces/task_2_interfaces/srv/detail
[1.049s] -- Up-to-date: /home/ubuntu-ros/ros2_ws/install/task_2_interfaces/include/task_2_interfaces/task_2_interfaces/srv/detail/joint_state__rosidl_typesupport_fastrtps_cpp.hpp
[1.049s] -- Up-to-date: /home/ubuntu-ros/ros2_ws/install/task_2_interfaces/include/task_2_interfaces/task_2_interfaces/srv/detail/dds_fastrtps
[1.049s] -- Up-to-date: /home/ubuntu-ros/ros2_ws/install/task_2_interfaces/include/task_2_interfaces/task_2_interfaces/msg
[1.049s] -- Up-to-date: /home/ubuntu-ros/ros2_ws/install/task_2_interfaces/include/task_2_interfaces/task_2_interfaces/msg/rosidl_typesupport_fastrtps_cpp__visibility_control.h
[1.050s] -- Up-to-date: /home/ubuntu-ros/ros2_ws/install/task_2_interfaces/include/task_2_interfaces/task_2_interfaces/msg/detail
[1.050s] -- Up-to-date: /home/ubuntu-ros/ros2_ws/install/task_2_interfaces/include/task_2_interfaces/task_2_interfaces/msg/detail/joint_data__rosidl_typesupport_fastrtps_cpp.hpp
[1.050s] -- Up-to-date: /home/ubuntu-ros/ros2_ws/install/task_2_interfaces/include/task_2_interfaces/task_2_interfaces/msg/detail/dds_fastrtps
[1.050s] -- Up-to-date: /home/ubuntu-ros/ros2_ws/install/task_2_interfaces/lib/libtask_2_interfaces__rosidl_typesupport_fastrtps_cpp.so
[1.051s] -- Up-to-date: /home/ubuntu-ros/ros2_ws/install/task_2_interfaces/include/task_2_interfaces/task_2_interfaces
[1.051s] -- Up-to-date: /home/ubuntu-ros/ros2_ws/install/task_2_interfaces/include/task_2_interfaces/task_2_interfaces/srv
[1.051s] -- Up-to-date: /home/ubuntu-ros/ros2_ws/install/task_2_interfaces/include/task_2_interfaces/task_2_interfaces/srv/detail
[1.051s] -- Up-to-date: /home/ubuntu-ros/ros2_ws/install/task_2_interfaces/include/task_2_interfaces/task_2_interfaces/srv/detail/joint_state__rosidl_typesupport_introspection_cpp.hpp
[1.051s] -- Up-to-date: /home/ubuntu-ros/ros2_ws/install/task_2_interfaces/include/task_2_interfaces/task_2_interfaces/srv/detail/joint_state__type_support.cpp
[1.051s] -- Up-to-date: /home/ubuntu-ros/ros2_ws/install/task_2_interfaces/include/task_2_interfaces/task_2_interfaces/msg
[1.052s] -- Up-to-date: /home/ubuntu-ros/ros2_ws/install/task_2_interfaces/include/task_2_interfaces/task_2_interfaces/msg/detail
[1.060s] -- Up-to-date: /home/ubuntu-ros/ros2_ws/install/task_2_interfaces/include/task_2_interfaces/task_2_interfaces/msg/detail/joint_data__rosidl_typesupport_introspection_cpp.hpp
[1.060s] -- Up-to-date: /home/ubuntu-ros/ros2_ws/install/task_2_interfaces/include/task_2_interfaces/task_2_interfaces/msg/detail/joint_data__type_support.cpp
[1.060s] -- Up-to-date: /home/ubuntu-ros/ros2_ws/install/task_2_interfaces/lib/libtask_2_interfaces__rosidl_typesupport_introspection_cpp.so
[1.061s] -- Up-to-date: /home/ubuntu-ros/ros2_ws/install/task_2_interfaces/lib/libtask_2_interfaces__rosidl_typesupport_cpp.so
[1.061s] -- Up-to-date: /home/ubuntu-ros/ros2_ws/install/task_2_interfaces/share/task_2_interfaces/environment/pythonpath.sh
[1.061s] -- Up-to-date: /home/ubuntu-ros/ros2_ws/install/task_2_interfaces/share/task_2_interfaces/environment/pythonpath.dsv
[1.061s] -- Up-to-date: /home/ubuntu-ros/ros2_ws/install/task_2_interfaces/local/lib/python3.10/dist-packages/task_2_interfaces-0.0.0-py3.10.egg-info
[1.061s] -- Installing: /home/ubuntu-ros/ros2_ws/install/task_2_interfaces/local/lib/python3.10/dist-packages/task_2_interfaces-0.0.0-py3.10.egg-info/top_level.txt
[1.061s] -- Installing: /home/ubuntu-ros/ros2_ws/install/task_2_interfaces/local/lib/python3.10/dist-packages/task_2_interfaces-0.0.0-py3.10.egg-info/SOURCES.txt
[1.061s] -- Installing: /home/ubuntu-ros/ros2_ws/install/task_2_interfaces/local/lib/python3.10/dist-packages/task_2_interfaces-0.0.0-py3.10.egg-info/dependency_links.txt
[1.062s] -- Installing: /home/ubuntu-ros/ros2_ws/install/task_2_interfaces/local/lib/python3.10/dist-packages/task_2_interfaces-0.0.0-py3.10.egg-info/PKG-INFO
[1.062s] -- Up-to-date: /home/ubuntu-ros/ros2_ws/install/task_2_interfaces/local/lib/python3.10/dist-packages/task_2_interfaces
[1.062s] -- Up-to-date: /home/ubuntu-ros/ros2_ws/install/task_2_interfaces/local/lib/python3.10/dist-packages/task_2_interfaces/srv
[1.062s] -- Up-to-date: /home/ubuntu-ros/ros2_ws/install/task_2_interfaces/local/lib/python3.10/dist-packages/task_2_interfaces/srv/__init__.py
[1.062s] -- Up-to-date: /home/ubuntu-ros/ros2_ws/install/task_2_interfaces/local/lib/python3.10/dist-packages/task_2_interfaces/srv/_joint_state_s.c
[1.062s] -- Up-to-date: /home/ubuntu-ros/ros2_ws/install/task_2_interfaces/local/lib/python3.10/dist-packages/task_2_interfaces/srv/_joint_state.py
[1.062s] -- Up-to-date: /home/ubuntu-ros/ros2_ws/install/task_2_interfaces/local/lib/python3.10/dist-packages/task_2_interfaces/libtask_2_interfaces__rosidl_generator_py.so
[1.062s] -- Up-to-date: /home/ubuntu-ros/ros2_ws/install/task_2_interfaces/local/lib/python3.10/dist-packages/task_2_interfaces/task_2_interfaces_s__rosidl_typesupport_introspection_c.cpython-310-aarch64-linux-gnu.so
[1.062s] -- Up-to-date: /home/ubuntu-ros/ros2_ws/install/task_2_interfaces/local/lib/python3.10/dist-packages/task_2_interfaces/__init__.py
[1.062s] -- Up-to-date: /home/ubuntu-ros/ros2_ws/install/task_2_interfaces/local/lib/python3.10/dist-packages/task_2_interfaces/task_2_interfaces_s__rosidl_typesupport_c.cpython-310-aarch64-linux-gnu.so
[1.063s] -- Up-to-date: /home/ubuntu-ros/ros2_ws/install/task_2_interfaces/local/lib/python3.10/dist-packages/task_2_interfaces/msg
[1.063s] -- Up-to-date: /home/ubuntu-ros/ros2_ws/install/task_2_interfaces/local/lib/python3.10/dist-packages/task_2_interfaces/msg/__init__.py
[1.063s] -- Up-to-date: /home/ubuntu-ros/ros2_ws/install/task_2_interfaces/local/lib/python3.10/dist-packages/task_2_interfaces/msg/_joint_data.py
[1.063s] -- Up-to-date: /home/ubuntu-ros/ros2_ws/install/task_2_interfaces/local/lib/python3.10/dist-packages/task_2_interfaces/msg/_joint_data_s.c
[1.063s] -- Up-to-date: /home/ubuntu-ros/ros2_ws/install/task_2_interfaces/local/lib/python3.10/dist-packages/task_2_interfaces/task_2_interfaces_s__rosidl_typesupport_fastrtps_c.cpython-310-aarch64-linux-gnu.so
[1.063s] -- Up-to-date: /home/ubuntu-ros/ros2_ws/install/task_2_interfaces/local/lib/python3.10/dist-packages/task_2_interfaces/_task_2_interfaces_s.ep.rosidl_typesupport_fastrtps_c.c
[1.063s] -- Up-to-date: /home/ubuntu-ros/ros2_ws/install/task_2_interfaces/local/lib/python3.10/dist-packages/task_2_interfaces/_task_2_interfaces_s.ep.rosidl_typesupport_c.c
[1.063s] -- Up-to-date: /home/ubuntu-ros/ros2_ws/install/task_2_interfaces/local/lib/python3.10/dist-packages/task_2_interfaces/_task_2_interfaces_s.ep.rosidl_typesupport_introspection_c.c
[1.122s] Listing '/home/ubuntu-ros/ros2_ws/install/task_2_interfaces/local/lib/python3.10/dist-packages/task_2_interfaces'...
[1.122s] Listing '/home/ubuntu-ros/ros2_ws/install/task_2_interfaces/local/lib/python3.10/dist-packages/task_2_interfaces/msg'...
[1.122s] Listing '/home/ubuntu-ros/ros2_ws/install/task_2_interfaces/local/lib/python3.10/dist-packages/task_2_interfaces/srv'...
[1.132s] -- Up-to-date: /home/ubuntu-ros/ros2_ws/install/task_2_interfaces/local/lib/python3.10/dist-packages/task_2_interfaces/task_2_interfaces_s__rosidl_typesupport_fastrtps_c.cpython-310-aarch64-linux-gnu.so
[1.132s] -- Up-to-date: /home/ubuntu-ros/ros2_ws/install/task_2_interfaces/local/lib/python3.10/dist-packages/task_2_interfaces/task_2_interfaces_s__rosidl_typesupport_introspection_c.cpython-310-aarch64-linux-gnu.so
[1.133s] -- Up-to-date: /home/ubuntu-ros/ros2_ws/install/task_2_interfaces/local/lib/python3.10/dist-packages/task_2_interfaces/task_2_interfaces_s__rosidl_typesupport_c.cpython-310-aarch64-linux-gnu.so
[1.136s] -- Up-to-date: /home/ubuntu-ros/ros2_ws/install/task_2_interfaces/lib/libtask_2_interfaces__rosidl_generator_py.so
[1.136s] -- Up-to-date: /home/ubuntu-ros/ros2_ws/install/task_2_interfaces/share/task_2_interfaces/msg/JointData.idl
[1.136s] -- Up-to-date: /home/ubuntu-ros/ros2_ws/install/task_2_interfaces/share/task_2_interfaces/srv/JointState.idl
[1.136s] -- Up-to-date: /home/ubuntu-ros/ros2_ws/install/task_2_interfaces/share/task_2_interfaces/msg/JointData.msg
[1.136s] -- Up-to-date: /home/ubuntu-ros/ros2_ws/install/task_2_interfaces/share/task_2_interfaces/srv/JointState.srv
[1.137s] -- Up-to-date: /home/ubuntu-ros/ros2_ws/install/task_2_interfaces/share/task_2_interfaces/srv/JointState_Request.msg
[1.137s] -- Up-to-date: /home/ubuntu-ros/ros2_ws/install/task_2_interfaces/share/task_2_interfaces/srv/JointState_Response.msg
[1.137s] -- Up-to-date: /home/ubuntu-ros/ros2_ws/install/task_2_interfaces/share/ament_index/resource_index/package_run_dependencies/task_2_interfaces
[1.137s] -- Up-to-date: /home/ubuntu-ros/ros2_ws/install/task_2_interfaces/share/ament_index/resource_index/parent_prefix_path/task_2_interfaces
[1.138s] -- Up-to-date: /home/ubuntu-ros/ros2_ws/install/task_2_interfaces/share/task_2_interfaces/environment/ament_prefix_path.sh
[1.138s] -- Up-to-date: /home/ubuntu-ros/ros2_ws/install/task_2_interfaces/share/task_2_interfaces/environment/ament_prefix_path.dsv
[1.138s] -- Up-to-date: /home/ubuntu-ros/ros2_ws/install/task_2_interfaces/share/task_2_interfaces/environment/path.sh
[1.138s] -- Up-to-date: /home/ubuntu-ros/ros2_ws/install/task_2_interfaces/share/task_2_interfaces/environment/path.dsv
[1.138s] -- Up-to-date: /home/ubuntu-ros/ros2_ws/install/task_2_interfaces/share/task_2_interfaces/local_setup.bash
[1.138s] -- Up-to-date: /home/ubuntu-ros/ros2_ws/install/task_2_interfaces/share/task_2_interfaces/local_setup.sh
[1.140s] -- Up-to-date: /home/ubuntu-ros/ros2_ws/install/task_2_interfaces/share/task_2_interfaces/local_setup.zsh
[1.141s] -- Up-to-date: /home/ubuntu-ros/ros2_ws/install/task_2_interfaces/share/task_2_interfaces/local_setup.dsv
[1.141s] -- Installing: /home/ubuntu-ros/ros2_ws/install/task_2_interfaces/share/task_2_interfaces/package.dsv
[1.141s] -- Up-to-date: /home/ubuntu-ros/ros2_ws/install/task_2_interfaces/share/ament_index/resource_index/packages/task_2_interfaces
[1.141s] -- Up-to-date: /home/ubuntu-ros/ros2_ws/install/task_2_interfaces/share/task_2_interfaces/cmake/export_task_2_interfaces__rosidl_generator_cExport.cmake
[1.141s] -- Up-to-date: /home/ubuntu-ros/ros2_ws/install/task_2_interfaces/share/task_2_interfaces/cmake/export_task_2_interfaces__rosidl_generator_cExport-noconfig.cmake
[1.141s] -- Up-to-date: /home/ubuntu-ros/ros2_ws/install/task_2_interfaces/share/task_2_interfaces/cmake/export_task_2_interfaces__rosidl_typesupport_fastrtps_cExport.cmake
[1.141s] -- Up-to-date: /home/ubuntu-ros/ros2_ws/install/task_2_interfaces/share/task_2_interfaces/cmake/export_task_2_interfaces__rosidl_typesupport_fastrtps_cExport-noconfig.cmake
[1.142s] -- Up-to-date: /home/ubuntu-ros/ros2_ws/install/task_2_interfaces/share/task_2_interfaces/cmake/task_2_interfaces__rosidl_typesupport_introspection_cExport.cmake
[1.142s] -- Up-to-date: /home/ubuntu-ros/ros2_ws/install/task_2_interfaces/share/task_2_interfaces/cmake/task_2_interfaces__rosidl_typesupport_introspection_cExport-noconfig.cmake
[1.142s] -- Up-to-date: /home/ubuntu-ros/ros2_ws/install/task_2_interfaces/share/task_2_interfaces/cmake/task_2_interfaces__rosidl_typesupport_cExport.cmake
[1.142s] -- Up-to-date: /home/ubuntu-ros/ros2_ws/install/task_2_interfaces/share/task_2_interfaces/cmake/task_2_interfaces__rosidl_typesupport_cExport-noconfig.cmake
[1.142s] -- Up-to-date: /home/ubuntu-ros/ros2_ws/install/task_2_interfaces/share/task_2_interfaces/cmake/export_task_2_interfaces__rosidl_generator_cppExport.cmake
[1.142s] -- Up-to-date: /home/ubuntu-ros/ros2_ws/install/task_2_interfaces/share/task_2_interfaces/cmake/export_task_2_interfaces__rosidl_typesupport_fastrtps_cppExport.cmake
[1.142s] -- Up-to-date: /home/ubuntu-ros/ros2_ws/install/task_2_interfaces/share/task_2_interfaces/cmake/export_task_2_interfaces__rosidl_typesupport_fastrtps_cppExport-noconfig.cmake
[1.142s] -- Up-to-date: /home/ubuntu-ros/ros2_ws/install/task_2_interfaces/share/task_2_interfaces/cmake/task_2_interfaces__rosidl_typesupport_introspection_cppExport.cmake
[1.142s] -- Up-to-date: /home/ubuntu-ros/ros2_ws/install/task_2_interfaces/share/task_2_interfaces/cmake/task_2_interfaces__rosidl_typesupport_introspection_cppExport-noconfig.cmake
[1.143s] -- Up-to-date: /home/ubuntu-ros/ros2_ws/install/task_2_interfaces/share/task_2_interfaces/cmake/task_2_interfaces__rosidl_typesupport_cppExport.cmake
[1.143s] -- Up-to-date: /home/ubuntu-ros/ros2_ws/install/task_2_interfaces/share/task_2_interfaces/cmake/task_2_interfaces__rosidl_typesupport_cppExport-noconfig.cmake
[1.143s] -- Up-to-date: /home/ubuntu-ros/ros2_ws/install/task_2_interfaces/share/task_2_interfaces/cmake/export_task_2_interfaces__rosidl_generator_pyExport.cmake
[1.143s] -- Up-to-date: /home/ubuntu-ros/ros2_ws/install/task_2_interfaces/share/task_2_interfaces/cmake/export_task_2_interfaces__rosidl_generator_pyExport-noconfig.cmake
[1.143s] -- Up-to-date: /home/ubuntu-ros/ros2_ws/install/task_2_interfaces/share/task_2_interfaces/cmake/rosidl_cmake-extras.cmake
[1.143s] -- Up-to-date: /home/ubuntu-ros/ros2_ws/install/task_2_interfaces/share/task_2_interfaces/cmake/ament_cmake_export_dependencies-extras.cmake
[1.143s] -- Up-to-date: /home/ubuntu-ros/ros2_ws/install/task_2_interfaces/share/task_2_interfaces/cmake/ament_cmake_export_include_directories-extras.cmake
[1.144s] -- Up-to-date: /home/ubuntu-ros/ros2_ws/install/task_2_interfaces/share/task_2_interfaces/cmake/ament_cmake_export_libraries-extras.cmake
[1.144s] -- Up-to-date: /home/ubuntu-ros/ros2_ws/install/task_2_interfaces/share/task_2_interfaces/cmake/ament_cmake_export_targets-extras.cmake
[1.144s] -- Up-to-date: /home/ubuntu-ros/ros2_ws/install/task_2_interfaces/share/task_2_interfaces/cmake/rosidl_cmake_export_typesupport_targets-extras.cmake
[1.145s] -- Up-to-date: /home/ubuntu-ros/ros2_ws/install/task_2_interfaces/share/task_2_interfaces/cmake/rosidl_cmake_export_typesupport_libraries-extras.cmake
[1.147s] -- Up-to-date: /home/ubuntu-ros/ros2_ws/install/task_2_interfaces/share/task_2_interfaces/cmake/task_2_interfacesConfig.cmake
[1.147s] -- Up-to-date: /home/ubuntu-ros/ros2_ws/install/task_2_interfaces/share/task_2_interfaces/cmake/task_2_interfacesConfig-version.cmake
[1.148s] -- Up-to-date: /home/ubuntu-ros/ros2_ws/install/task_2_interfaces/share/task_2_interfaces/package.xml
[1.148s] -- Up-to-date: /home/ubuntu-ros/ros2_ws/install/task_2_interfaces/share/task_2_interfaces
[1.154s] Invoked command in '/home/ubuntu-ros/ros2_ws/build/task_2_interfaces' returned '0': CMAKE_PREFIX_PATH=${CMAKE_PREFIX_PATH}:/home/ubuntu-ros/ros2_ws/install/task_2:/home/ubuntu-ros/ros2_ws/install/task_1:/home/ubuntu-ros/ros2_ws/install/py_pubsub:/home/ubuntu-ros/ros2_ws/install/my_package:/opt/ros/humble /usr/bin/cmake --install /home/ubuntu-ros/ros2_ws/build/task_2_interfaces
