[0.636s] Invoking command in '/home/ubuntu-ros/ros2_ws/build/task_2_interfaces': /usr/bin/cmake /home/ubuntu-ros/ros2_ws/src/task_2_interfaces -DCMAKE_INSTALL_PREFIX=/home/ubuntu-ros/ros2_ws/install/task_2_interfaces
[0.648s] -- Found ament_cmake: 1.3.10 (/opt/ros/humble/share/ament_cmake/cmake)
[0.754s] -- Found rosidl_default_generators: 1.2.0 (/opt/ros/humble/share/rosidl_default_generators/cmake)
[0.756s] -- Using all available rosidl_typesupport_c: rosidl_typesupport_fastrtps_c;rosidl_typesupport_introspection_c
[0.760s] -- Found rosidl_adapter: 3.1.5 (/opt/ros/humble/share/rosidl_adapter/cmake)
[0.794s] -- Using all available rosidl_typesupport_cpp: rosidl_typesupport_fastrtps_cpp;rosidl_typesupport_introspection_cpp
[0.832s] -- Found geometry_msgs: 4.2.4 (/opt/ros/humble/share/geometry_msgs/cmake)
[0.896s] -- Found ament_lint_auto: 0.12.11 (/opt/ros/humble/share/ament_lint_auto/cmake)
[0.965s] Error parsing '/home/ubuntu-ros/ros2_ws/src/task_2_interfaces/package.xml':
[1.025s] Traceback (most recent call last):
[1.026s]   File "/opt/ros/humble/share/ament_cmake_core/cmake/core/package_xml_2_cmake.py", line 150, in <module>
[1.026s]     main()
[1.026s]   File "/opt/ros/humble/share/ament_cmake_core/cmake/core/package_xml_2_cmake.py", line 53, in main
[1.026s]     raise e
[1.026s]   File "/opt/ros/humble/share/ament_cmake_core/cmake/core/package_xml_2_cmake.py", line 49, in main
[1.026s]     package = parse_package_string(
[1.026s]   File "/usr/lib/python3/dist-packages/catkin_pkg/package.py", line 786, in parse_package_string
[1.026s]     raise InvalidPackage('Error(s):%s' % (''.join(['\n- %s' % e for e in errors])), filename)
[1.026s] catkin_pkg.package.InvalidPackage: Error(s) in package '/home/ubuntu-ros/ros2_ws/src/task_2_interfaces/package.xml':
[1.026s] Error(s):
[1.026s] - The generic dependency on 'geometry_msgs' is redundant with: exec_depend
[1.047s] [31mCMake Error at /opt/ros/humble/share/ament_cmake_core/cmake/core/ament_package_xml.cmake:95 (message):
[1.047s]   execute_process(/usr/bin/python3
[1.048s]   /opt/ros/humble/share/ament_cmake_core/cmake/core/package_xml_2_cmake.py
[1.048s]   /home/ubuntu-ros/ros2_ws/src/task_2_interfaces/package.xml
[1.048s]   /home/ubuntu-ros/ros2_ws/build/task_2_interfaces/ament_cmake_core/package.cmake)
[1.048s]   returned error code 1
[1.048s] Call Stack (most recent call first):
[1.048s]   /opt/ros/humble/share/ament_cmake_core/cmake/core/ament_package_xml.cmake:49 (_ament_package_xml)
[1.048s]   /opt/ros/humble/share/ament_lint_auto/cmake/ament_lint_auto_find_test_dependencies.cmake:31 (ament_package_xml)
[1.048s]   CMakeLists.txt:22 (ament_lint_auto_find_test_dependencies)
[1.048s] 
[1.048s] [0m
[1.049s] -- Configuring incomplete, errors occurred!
[1.049s] See also "/home/ubuntu-ros/ros2_ws/build/task_2_interfaces/CMakeFiles/CMakeOutput.log".
[1.060s] Invoked command in '/home/ubuntu-ros/ros2_ws/build/task_2_interfaces' returned '1': /usr/bin/cmake /home/ubuntu-ros/ros2_ws/src/task_2_interfaces -DCMAKE_INSTALL_PREFIX=/home/ubuntu-ros/ros2_ws/install/task_2_interfaces
