[1.753s] Invoking command in '/home/ubuntu-ros/ros2_ws/src/my_package': PYTHONPATH=/home/ubuntu-ros/ros2_ws/build/my_package/prefix_override:/usr/lib/python3/dist-packages/colcon_core/task/python/colcon_distutils_commands:/home/ubuntu-ros/ros2_ws/install/my_package/lib/python3.10/site-packages:${PYTHONPATH} /usr/bin/python3 -W ignore:setup.py install is deprecated setup.py egg_info --egg-base ../../build/my_package build --build-base /home/ubuntu-ros/ros2_ws/build/my_package/build install --record /home/ubuntu-ros/ros2_ws/build/my_package/install.log --single-version-externally-managed install_data
[2.053s] running egg_info
[2.055s] writing ../../build/my_package/my_package.egg-info/PKG-INFO
[2.055s] writing dependency_links to ../../build/my_package/my_package.egg-info/dependency_links.txt
[2.055s] writing entry points to ../../build/my_package/my_package.egg-info/entry_points.txt
[2.056s] writing requirements to ../../build/my_package/my_package.egg-info/requires.txt
[2.056s] writing top-level names to ../../build/my_package/my_package.egg-info/top_level.txt
[2.056s] reading manifest file '../../build/my_package/my_package.egg-info/SOURCES.txt'
[2.056s] adding license file 'LICENSE'
[2.058s] writing manifest file '../../build/my_package/my_package.egg-info/SOURCES.txt'
[2.058s] running build
[2.058s] running build_py
[2.058s] running install
[2.059s] running install_lib
[2.060s] running install_data
[2.061s] running install_egg_info
[2.063s] removing '/home/ubuntu-ros/ros2_ws/install/my_package/lib/python3.10/site-packages/my_package-0.0.0-py3.10.egg-info' (and everything under it)
[2.064s] Copying ../../build/my_package/my_package.egg-info to /home/ubuntu-ros/ros2_ws/install/my_package/lib/python3.10/site-packages/my_package-0.0.0-py3.10.egg-info
[2.065s] running install_scripts
[2.102s] Installing my_node script to /home/ubuntu-ros/ros2_ws/install/my_package/lib/my_package
[2.103s] writing list of installed files to '/home/ubuntu-ros/ros2_ws/build/my_package/install.log'
[2.154s] Invoked command in '/home/ubuntu-ros/ros2_ws/src/my_package' returned '0': PYTHONPATH=/home/ubuntu-ros/ros2_ws/build/my_package/prefix_override:/usr/lib/python3/dist-packages/colcon_core/task/python/colcon_distutils_commands:/home/ubuntu-ros/ros2_ws/install/my_package/lib/python3.10/site-packages:${PYTHONPATH} /usr/bin/python3 -W ignore:setup.py install is deprecated setup.py egg_info --egg-base ../../build/my_package build --build-base /home/ubuntu-ros/ros2_ws/build/my_package/build install --record /home/ubuntu-ros/ros2_ws/build/my_package/install.log --single-version-externally-managed install_data
