[1.470s] Invoking command in '/home/ubuntu-ros/ros2_ws/src/py_pubsub': PYTHONPATH=/home/ubuntu-ros/ros2_ws/build/py_pubsub/prefix_override:/usr/lib/python3/dist-packages/colcon_core/task/python/colcon_distutils_commands:/home/ubuntu-ros/ros2_ws/install/py_pubsub/lib/python3.10/site-packages:${PYTHONPATH} /usr/bin/python3 -W ignore:setup.py install is deprecated setup.py egg_info --egg-base ../../build/py_pubsub build --build-base /home/ubuntu-ros/ros2_ws/build/py_pubsub/build install --record /home/ubuntu-ros/ros2_ws/build/py_pubsub/install.log --single-version-externally-managed install_data
[1.760s] running egg_info
[1.761s] writing ../../build/py_pubsub/py_pubsub.egg-info/PKG-INFO
[1.762s] writing dependency_links to ../../build/py_pubsub/py_pubsub.egg-info/dependency_links.txt
[1.762s] writing entry points to ../../build/py_pubsub/py_pubsub.egg-info/entry_points.txt
[1.762s] writing requirements to ../../build/py_pubsub/py_pubsub.egg-info/requires.txt
[1.763s] writing top-level names to ../../build/py_pubsub/py_pubsub.egg-info/top_level.txt
[1.766s] reading manifest file '../../build/py_pubsub/py_pubsub.egg-info/SOURCES.txt'
[1.767s] adding license file 'LICENSE'
[1.768s] writing manifest file '../../build/py_pubsub/py_pubsub.egg-info/SOURCES.txt'
[1.770s] running build
[1.770s] running build_py
[1.771s] running install
[1.772s] running install_lib
[1.772s] running install_data
[1.772s] running install_egg_info
[1.774s] removing '/home/ubuntu-ros/ros2_ws/install/py_pubsub/lib/python3.10/site-packages/py_pubsub-0.0.0-py3.10.egg-info' (and everything under it)
[1.775s] Copying ../../build/py_pubsub/py_pubsub.egg-info to /home/ubuntu-ros/ros2_ws/install/py_pubsub/lib/python3.10/site-packages/py_pubsub-0.0.0-py3.10.egg-info
[1.776s] running install_scripts
[1.816s] Installing listener script to /home/ubuntu-ros/ros2_ws/install/py_pubsub/lib/py_pubsub
[1.817s] Installing talker script to /home/ubuntu-ros/ros2_ws/install/py_pubsub/lib/py_pubsub
[1.818s] writing list of installed files to '/home/ubuntu-ros/ros2_ws/build/py_pubsub/install.log'
[1.871s] Invoked command in '/home/ubuntu-ros/ros2_ws/src/py_pubsub' returned '0': PYTHONPATH=/home/ubuntu-ros/ros2_ws/build/py_pubsub/prefix_override:/usr/lib/python3/dist-packages/colcon_core/task/python/colcon_distutils_commands:/home/ubuntu-ros/ros2_ws/install/py_pubsub/lib/python3.10/site-packages:${PYTHONPATH} /usr/bin/python3 -W ignore:setup.py install is deprecated setup.py egg_info --egg-base ../../build/py_pubsub build --build-base /home/ubuntu-ros/ros2_ws/build/py_pubsub/build install --record /home/ubuntu-ros/ros2_ws/build/py_pubsub/install.log --single-version-externally-managed install_data
