[0.924s] Invoking command in '/home/ubuntu-ros/ros2_ws/src/55/task_1': PYTHONPATH=/home/ubuntu-ros/ros2_ws/src/build/task_1/prefix_override:/usr/lib/python3/dist-packages/colcon_core/task/python/colcon_distutils_commands:/home/ubuntu-ros/ros2_ws/src/install/task_1/lib/python3.10/site-packages:${PYTHONPATH} /usr/bin/python3 -W ignore:setup.py install is deprecated setup.py egg_info --egg-base ../../build/task_1 build --build-base /home/ubuntu-ros/ros2_ws/src/build/task_1/build install --record /home/ubuntu-ros/ros2_ws/src/build/task_1/install.log --single-version-externally-managed install_data
[1.240s] running egg_info
[1.244s] writing ../../build/task_1/task_1.egg-info/PKG-INFO
[1.244s] writing dependency_links to ../../build/task_1/task_1.egg-info/dependency_links.txt
[1.245s] writing entry points to ../../build/task_1/task_1.egg-info/entry_points.txt
[1.245s] writing requirements to ../../build/task_1/task_1.egg-info/requires.txt
[1.245s] writing top-level names to ../../build/task_1/task_1.egg-info/top_level.txt
[1.251s] reading manifest file '../../build/task_1/task_1.egg-info/SOURCES.txt'
[1.251s] adding license file 'LICENSE'
[1.251s] writing manifest file '../../build/task_1/task_1.egg-info/SOURCES.txt'
[1.251s] running build
[1.252s] running build_py
[1.256s] running install
[1.256s] running install_lib
[1.257s] running install_data
[1.257s] running install_egg_info
[1.259s] removing '/home/ubuntu-ros/ros2_ws/src/install/task_1/lib/python3.10/site-packages/task_1-0.0.0-py3.10.egg-info' (and everything under it)
[1.259s] Copying ../../build/task_1/task_1.egg-info to /home/ubuntu-ros/ros2_ws/src/install/task_1/lib/python3.10/site-packages/task_1-0.0.0-py3.10.egg-info
[1.261s] running install_scripts
[1.308s] Installing listner script to /home/ubuntu-ros/ros2_ws/src/install/task_1/lib/task_1
[1.308s] Installing talker script to /home/ubuntu-ros/ros2_ws/src/install/task_1/lib/task_1
[1.308s] writing list of installed files to '/home/ubuntu-ros/ros2_ws/src/build/task_1/install.log'
[1.364s] Invoked command in '/home/ubuntu-ros/ros2_ws/src/55/task_1' returned '0': PYTHONPATH=/home/ubuntu-ros/ros2_ws/src/build/task_1/prefix_override:/usr/lib/python3/dist-packages/colcon_core/task/python/colcon_distutils_commands:/home/ubuntu-ros/ros2_ws/src/install/task_1/lib/python3.10/site-packages:${PYTHONPATH} /usr/bin/python3 -W ignore:setup.py install is deprecated setup.py egg_info --egg-base ../../build/task_1 build --build-base /home/ubuntu-ros/ros2_ws/src/build/task_1/build install --record /home/ubuntu-ros/ros2_ws/src/build/task_1/install.log --single-version-externally-managed install_data
