[0.083s] DEBUG:colcon:Command line arguments: ['/usr/bin/colcon', 'build']
[0.083s] DEBUG:colcon:Parsed command line arguments: Namespace(log_base=None, log_level=None, verb_name='build', build_base='build', install_base='install', merge_install=False, symlink_install=False, test_result_base=None, continue_on_error=False, executor='parallel', parallel_workers=6, event_handlers=None, ignore_user_meta=False, metas=['./colcon.meta'], base_paths=['.'], packages_ignore=None, packages_ignore_regex=None, paths=None, packages_up_to=None, packages_up_to_regex=None, packages_above=None, packages_above_and_dependencies=None, packages_above_depth=None, packages_select_by_dep=None, packages_skip_by_dep=None, packages_skip_up_to=None, packages_select_build_failed=False, packages_skip_build_finished=False, packages_select_test_failures=False, packages_skip_test_passed=False, packages_select=None, packages_skip=None, packages_select_regex=None, packages_skip_regex=None, packages_start=None, packages_end=None, allow_overriding=[], cmake_args=None, cmake_target=None, cmake_target_skip_unavailable=False, cmake_clean_cache=False, cmake_clean_first=False, cmake_force_configure=False, ament_cmake_args=None, catkin_cmake_args=None, catkin_skip_building_tests=False, verb_parser=<colcon_defaults.argument_parser.defaults.DefaultArgumentsDecorator object at 0xf4fc73de0310>, verb_extension=<colcon_core.verb.build.BuildVerb object at 0xf4fc73f18f40>, main=<bound method BuildVerb.main of <colcon_core.verb.build.BuildVerb object at 0xf4fc73f18f40>>)
[0.204s] Level 1:colcon.colcon_core.package_discovery:discover_packages(colcon_meta) check parameters
[0.205s] Level 1:colcon.colcon_core.package_discovery:discover_packages(recursive) check parameters
[0.205s] Level 1:colcon.colcon_core.package_discovery:discover_packages(ignore) check parameters
[0.205s] Level 1:colcon.colcon_core.package_discovery:discover_packages(path) check parameters
[0.205s] Level 1:colcon.colcon_core.package_discovery:discover_packages(colcon_meta) discover
[0.205s] Level 1:colcon.colcon_core.package_discovery:discover_packages(recursive) discover
[0.205s] INFO:colcon.colcon_core.package_discovery:Crawling recursively for packages in '/home/ubuntu-ros/ros2_ws/src'
[0.205s] Level 1:colcon.colcon_core.package_identification:_identify(.) by extensions ['ignore', 'ignore_ament_install']
[0.205s] Level 1:colcon.colcon_core.package_identification:_identify(.) by extension 'ignore'
[0.205s] Level 1:colcon.colcon_core.package_identification:_identify(.) by extension 'ignore_ament_install'
[0.205s] Level 1:colcon.colcon_core.package_identification:_identify(.) by extensions ['colcon_pkg']
[0.205s] Level 1:colcon.colcon_core.package_identification:_identify(.) by extension 'colcon_pkg'
[0.205s] Level 1:colcon.colcon_core.package_identification:_identify(.) by extensions ['colcon_meta']
[0.205s] Level 1:colcon.colcon_core.package_identification:_identify(.) by extension 'colcon_meta'
[0.205s] Level 1:colcon.colcon_core.package_identification:_identify(.) by extensions ['ros']
[0.205s] Level 1:colcon.colcon_core.package_identification:_identify(.) by extension 'ros'
[0.215s] Level 1:colcon.colcon_core.package_identification:_identify(.) by extensions ['cmake', 'python']
[0.215s] Level 1:colcon.colcon_core.package_identification:_identify(.) by extension 'cmake'
[0.215s] Level 1:colcon.colcon_core.package_identification:_identify(.) by extension 'python'
[0.215s] Level 1:colcon.colcon_core.package_identification:_identify(.) by extensions ['python_setup_py']
[0.215s] Level 1:colcon.colcon_core.package_identification:_identify(.) by extension 'python_setup_py'
[0.215s] Level 1:colcon.colcon_core.package_identification:_identify(55) by extensions ['ignore', 'ignore_ament_install']
[0.215s] Level 1:colcon.colcon_core.package_identification:_identify(55) by extension 'ignore'
[0.215s] Level 1:colcon.colcon_core.package_identification:_identify(55) by extension 'ignore_ament_install'
[0.215s] Level 1:colcon.colcon_core.package_identification:_identify(55) by extensions ['colcon_pkg']
[0.215s] Level 1:colcon.colcon_core.package_identification:_identify(55) by extension 'colcon_pkg'
[0.215s] Level 1:colcon.colcon_core.package_identification:_identify(55) by extensions ['colcon_meta']
[0.215s] Level 1:colcon.colcon_core.package_identification:_identify(55) by extension 'colcon_meta'
[0.215s] Level 1:colcon.colcon_core.package_identification:_identify(55) by extensions ['ros']
[0.215s] Level 1:colcon.colcon_core.package_identification:_identify(55) by extension 'ros'
[0.215s] Level 1:colcon.colcon_core.package_identification:_identify(55) by extensions ['cmake', 'python']
[0.215s] Level 1:colcon.colcon_core.package_identification:_identify(55) by extension 'cmake'
[0.215s] Level 1:colcon.colcon_core.package_identification:_identify(55) by extension 'python'
[0.215s] Level 1:colcon.colcon_core.package_identification:_identify(55) by extensions ['python_setup_py']
[0.215s] Level 1:colcon.colcon_core.package_identification:_identify(55) by extension 'python_setup_py'
[0.215s] Level 1:colcon.colcon_core.package_identification:_identify(55/bag_files) by extensions ['ignore', 'ignore_ament_install']
[0.215s] Level 1:colcon.colcon_core.package_identification:_identify(55/bag_files) by extension 'ignore'
[0.215s] Level 1:colcon.colcon_core.package_identification:_identify(55/bag_files) by extension 'ignore_ament_install'
[0.216s] Level 1:colcon.colcon_core.package_identification:_identify(55/bag_files) by extensions ['colcon_pkg']
[0.216s] Level 1:colcon.colcon_core.package_identification:_identify(55/bag_files) by extension 'colcon_pkg'
[0.216s] Level 1:colcon.colcon_core.package_identification:_identify(55/bag_files) by extensions ['colcon_meta']
[0.216s] Level 1:colcon.colcon_core.package_identification:_identify(55/bag_files) by extension 'colcon_meta'
[0.216s] Level 1:colcon.colcon_core.package_identification:_identify(55/bag_files) by extensions ['ros']
[0.216s] Level 1:colcon.colcon_core.package_identification:_identify(55/bag_files) by extension 'ros'
[0.216s] Level 1:colcon.colcon_core.package_identification:_identify(55/bag_files) by extensions ['cmake', 'python']
[0.216s] Level 1:colcon.colcon_core.package_identification:_identify(55/bag_files) by extension 'cmake'
[0.216s] Level 1:colcon.colcon_core.package_identification:_identify(55/bag_files) by extension 'python'
[0.216s] Level 1:colcon.colcon_core.package_identification:_identify(55/bag_files) by extensions ['python_setup_py']
[0.216s] Level 1:colcon.colcon_core.package_identification:_identify(55/bag_files) by extension 'python_setup_py'
[0.216s] Level 1:colcon.colcon_core.package_identification:_identify(55/bag_files/task_1) by extensions ['ignore', 'ignore_ament_install']
[0.216s] Level 1:colcon.colcon_core.package_identification:_identify(55/bag_files/task_1) by extension 'ignore'
[0.216s] Level 1:colcon.colcon_core.package_identification:_identify(55/bag_files/task_1) by extension 'ignore_ament_install'
[0.216s] Level 1:colcon.colcon_core.package_identification:_identify(55/bag_files/task_1) by extensions ['colcon_pkg']
[0.216s] Level 1:colcon.colcon_core.package_identification:_identify(55/bag_files/task_1) by extension 'colcon_pkg'
[0.216s] Level 1:colcon.colcon_core.package_identification:_identify(55/bag_files/task_1) by extensions ['colcon_meta']
[0.216s] Level 1:colcon.colcon_core.package_identification:_identify(55/bag_files/task_1) by extension 'colcon_meta'
[0.216s] Level 1:colcon.colcon_core.package_identification:_identify(55/bag_files/task_1) by extensions ['ros']
[0.216s] Level 1:colcon.colcon_core.package_identification:_identify(55/bag_files/task_1) by extension 'ros'
[0.216s] Level 1:colcon.colcon_core.package_identification:_identify(55/bag_files/task_1) by extensions ['cmake', 'python']
[0.216s] Level 1:colcon.colcon_core.package_identification:_identify(55/bag_files/task_1) by extension 'cmake'
[0.216s] Level 1:colcon.colcon_core.package_identification:_identify(55/bag_files/task_1) by extension 'python'
[0.216s] Level 1:colcon.colcon_core.package_identification:_identify(55/bag_files/task_1) by extensions ['python_setup_py']
[0.216s] Level 1:colcon.colcon_core.package_identification:_identify(55/bag_files/task_1) by extension 'python_setup_py'
[0.216s] Level 1:colcon.colcon_core.package_identification:_identify(55/bag_files/task_2) by extensions ['ignore', 'ignore_ament_install']
[0.216s] Level 1:colcon.colcon_core.package_identification:_identify(55/bag_files/task_2) by extension 'ignore'
[0.216s] Level 1:colcon.colcon_core.package_identification:_identify(55/bag_files/task_2) by extension 'ignore_ament_install'
[0.216s] Level 1:colcon.colcon_core.package_identification:_identify(55/bag_files/task_2) by extensions ['colcon_pkg']
[0.216s] Level 1:colcon.colcon_core.package_identification:_identify(55/bag_files/task_2) by extension 'colcon_pkg'
[0.216s] Level 1:colcon.colcon_core.package_identification:_identify(55/bag_files/task_2) by extensions ['colcon_meta']
[0.216s] Level 1:colcon.colcon_core.package_identification:_identify(55/bag_files/task_2) by extension 'colcon_meta'
[0.216s] Level 1:colcon.colcon_core.package_identification:_identify(55/bag_files/task_2) by extensions ['ros']
[0.217s] Level 1:colcon.colcon_core.package_identification:_identify(55/bag_files/task_2) by extension 'ros'
[0.217s] Level 1:colcon.colcon_core.package_identification:_identify(55/bag_files/task_2) by extensions ['cmake', 'python']
[0.217s] Level 1:colcon.colcon_core.package_identification:_identify(55/bag_files/task_2) by extension 'cmake'
[0.217s] Level 1:colcon.colcon_core.package_identification:_identify(55/bag_files/task_2) by extension 'python'
[0.217s] Level 1:colcon.colcon_core.package_identification:_identify(55/bag_files/task_2) by extensions ['python_setup_py']
[0.217s] Level 1:colcon.colcon_core.package_identification:_identify(55/bag_files/task_2) by extension 'python_setup_py'
[0.217s] Level 1:colcon.colcon_core.package_identification:_identify(55/build) by extensions ['ignore', 'ignore_ament_install']
[0.217s] Level 1:colcon.colcon_core.package_identification:_identify(55/build) by extension 'ignore'
[0.217s] Level 1:colcon.colcon_core.package_identification:_identify(55/build) ignored
[0.217s] Level 1:colcon.colcon_core.package_identification:_identify(55/install) by extensions ['ignore', 'ignore_ament_install']
[0.217s] Level 1:colcon.colcon_core.package_identification:_identify(55/install) by extension 'ignore'
[0.217s] Level 1:colcon.colcon_core.package_identification:_identify(55/install) ignored
[0.217s] Level 1:colcon.colcon_core.package_identification:_identify(55/log) by extensions ['ignore', 'ignore_ament_install']
[0.217s] Level 1:colcon.colcon_core.package_identification:_identify(55/log) by extension 'ignore'
[0.217s] Level 1:colcon.colcon_core.package_identification:_identify(55/log) ignored
[0.217s] Level 1:colcon.colcon_core.package_identification:_identify(55/task_1) by extensions ['ignore', 'ignore_ament_install']
[0.217s] Level 1:colcon.colcon_core.package_identification:_identify(55/task_1) by extension 'ignore'
[0.217s] Level 1:colcon.colcon_core.package_identification:_identify(55/task_1) by extension 'ignore_ament_install'
[0.217s] Level 1:colcon.colcon_core.package_identification:_identify(55/task_1) by extensions ['colcon_pkg']
[0.217s] Level 1:colcon.colcon_core.package_identification:_identify(55/task_1) by extension 'colcon_pkg'
[0.217s] Level 1:colcon.colcon_core.package_identification:_identify(55/task_1) by extensions ['colcon_meta']
[0.217s] Level 1:colcon.colcon_core.package_identification:_identify(55/task_1) by extension 'colcon_meta'
[0.217s] Level 1:colcon.colcon_core.package_identification:_identify(55/task_1) by extensions ['ros']
[0.217s] Level 1:colcon.colcon_core.package_identification:_identify(55/task_1) by extension 'ros'
[0.219s] DEBUG:colcon.colcon_core.package_identification:Package '55/task_1' with type 'ros.ament_python' and name 'task_1'
[0.219s] Level 1:colcon.colcon_core.package_identification:_identify(55/task_2) by extensions ['ignore', 'ignore_ament_install']
[0.220s] Level 1:colcon.colcon_core.package_identification:_identify(55/task_2) by extension 'ignore'
[0.220s] Level 1:colcon.colcon_core.package_identification:_identify(55/task_2) by extension 'ignore_ament_install'
[0.220s] Level 1:colcon.colcon_core.package_identification:_identify(55/task_2) by extensions ['colcon_pkg']
[0.220s] Level 1:colcon.colcon_core.package_identification:_identify(55/task_2) by extension 'colcon_pkg'
[0.220s] Level 1:colcon.colcon_core.package_identification:_identify(55/task_2) by extensions ['colcon_meta']
[0.220s] Level 1:colcon.colcon_core.package_identification:_identify(55/task_2) by extension 'colcon_meta'
[0.220s] Level 1:colcon.colcon_core.package_identification:_identify(55/task_2) by extensions ['ros']
[0.220s] Level 1:colcon.colcon_core.package_identification:_identify(55/task_2) by extension 'ros'
[0.220s] DEBUG:colcon.colcon_core.package_identification:Package '55/task_2' with type 'ros.ament_python' and name 'task_2'
[0.220s] Level 1:colcon.colcon_core.package_identification:_identify(55/task_2_interfaces) by extensions ['ignore', 'ignore_ament_install']
[0.220s] Level 1:colcon.colcon_core.package_identification:_identify(55/task_2_interfaces) by extension 'ignore'
[0.220s] Level 1:colcon.colcon_core.package_identification:_identify(55/task_2_interfaces) by extension 'ignore_ament_install'
[0.221s] Level 1:colcon.colcon_core.package_identification:_identify(55/task_2_interfaces) by extensions ['colcon_pkg']
[0.221s] Level 1:colcon.colcon_core.package_identification:_identify(55/task_2_interfaces) by extension 'colcon_pkg'
[0.221s] Level 1:colcon.colcon_core.package_identification:_identify(55/task_2_interfaces) by extensions ['colcon_meta']
[0.221s] Level 1:colcon.colcon_core.package_identification:_identify(55/task_2_interfaces) by extension 'colcon_meta'
[0.221s] Level 1:colcon.colcon_core.package_identification:_identify(55/task_2_interfaces) by extensions ['ros']
[0.221s] Level 1:colcon.colcon_core.package_identification:_identify(55/task_2_interfaces) by extension 'ros'
[0.221s] DEBUG:colcon.colcon_core.package_identification:Package '55/task_2_interfaces' with type 'ros.ament_cmake' and name 'task_2_interfaces'
[0.221s] Level 1:colcon.colcon_core.package_identification:_identify(build) by extensions ['ignore', 'ignore_ament_install']
[0.221s] Level 1:colcon.colcon_core.package_identification:_identify(build) by extension 'ignore'
[0.221s] Level 1:colcon.colcon_core.package_identification:_identify(build) ignored
[0.221s] Level 1:colcon.colcon_core.package_identification:_identify(install) by extensions ['ignore', 'ignore_ament_install']
[0.221s] Level 1:colcon.colcon_core.package_identification:_identify(install) by extension 'ignore'
[0.221s] Level 1:colcon.colcon_core.package_identification:_identify(install) ignored
[0.221s] Level 1:colcon.colcon_core.package_identification:_identify(log) by extensions ['ignore', 'ignore_ament_install']
[0.221s] Level 1:colcon.colcon_core.package_identification:_identify(log) by extension 'ignore'
[0.222s] Level 1:colcon.colcon_core.package_identification:_identify(log) ignored
[0.222s] Level 1:colcon.colcon_core.package_discovery:discover_packages(recursive) using defaults
[0.222s] Level 1:colcon.colcon_core.package_discovery:discover_packages(ignore) discover
[0.222s] Level 1:colcon.colcon_core.package_discovery:discover_packages(ignore) using defaults
[0.222s] Level 1:colcon.colcon_core.package_discovery:discover_packages(path) discover
[0.222s] Level 1:colcon.colcon_core.package_discovery:discover_packages(path) using defaults
[0.237s] Level 1:colcon.colcon_core.package_discovery:discover_packages(prefix_path) check parameters
[0.238s] Level 1:colcon.colcon_core.package_discovery:discover_packages(prefix_path) discover
[0.239s] DEBUG:colcon.colcon_installed_package_information.package_discovery:Found 293 installed packages in /opt/ros/humble
[0.241s] Level 1:colcon.colcon_core.package_discovery:discover_packages(prefix_path) using defaults
[0.285s] Level 5:colcon.colcon_core.verb:set package 'task_1' build argument 'cmake_args' from command line to 'None'
[0.285s] Level 5:colcon.colcon_core.verb:set package 'task_1' build argument 'cmake_target' from command line to 'None'
[0.285s] Level 5:colcon.colcon_core.verb:set package 'task_1' build argument 'cmake_target_skip_unavailable' from command line to 'False'
[0.285s] Level 5:colcon.colcon_core.verb:set package 'task_1' build argument 'cmake_clean_cache' from command line to 'False'
[0.285s] Level 5:colcon.colcon_core.verb:set package 'task_1' build argument 'cmake_clean_first' from command line to 'False'
[0.285s] Level 5:colcon.colcon_core.verb:set package 'task_1' build argument 'cmake_force_configure' from command line to 'False'
[0.285s] Level 5:colcon.colcon_core.verb:set package 'task_1' build argument 'ament_cmake_args' from command line to 'None'
[0.285s] Level 5:colcon.colcon_core.verb:set package 'task_1' build argument 'catkin_cmake_args' from command line to 'None'
[0.285s] Level 5:colcon.colcon_core.verb:set package 'task_1' build argument 'catkin_skip_building_tests' from command line to 'False'
[0.285s] DEBUG:colcon.colcon_core.verb:Building package 'task_1' with the following arguments: {'ament_cmake_args': None, 'build_base': '/home/ubuntu-ros/ros2_ws/src/build/task_1', 'catkin_cmake_args': None, 'catkin_skip_building_tests': False, 'cmake_args': None, 'cmake_clean_cache': False, 'cmake_clean_first': False, 'cmake_force_configure': False, 'cmake_target': None, 'cmake_target_skip_unavailable': False, 'install_base': '/home/ubuntu-ros/ros2_ws/src/install/task_1', 'merge_install': False, 'path': '/home/ubuntu-ros/ros2_ws/src/55/task_1', 'symlink_install': False, 'test_result_base': None}
[0.285s] Level 5:colcon.colcon_core.verb:set package 'task_2_interfaces' build argument 'cmake_args' from command line to 'None'
[0.285s] Level 5:colcon.colcon_core.verb:set package 'task_2_interfaces' build argument 'cmake_target' from command line to 'None'
[0.285s] Level 5:colcon.colcon_core.verb:set package 'task_2_interfaces' build argument 'cmake_target_skip_unavailable' from command line to 'False'
[0.285s] Level 5:colcon.colcon_core.verb:set package 'task_2_interfaces' build argument 'cmake_clean_cache' from command line to 'False'
[0.285s] Level 5:colcon.colcon_core.verb:set package 'task_2_interfaces' build argument 'cmake_clean_first' from command line to 'False'
[0.285s] Level 5:colcon.colcon_core.verb:set package 'task_2_interfaces' build argument 'cmake_force_configure' from command line to 'False'
[0.285s] Level 5:colcon.colcon_core.verb:set package 'task_2_interfaces' build argument 'ament_cmake_args' from command line to 'None'
[0.285s] Level 5:colcon.colcon_core.verb:set package 'task_2_interfaces' build argument 'catkin_cmake_args' from command line to 'None'
[0.286s] Level 5:colcon.colcon_core.verb:set package 'task_2_interfaces' build argument 'catkin_skip_building_tests' from command line to 'False'
[0.286s] DEBUG:colcon.colcon_core.verb:Building package 'task_2_interfaces' with the following arguments: {'ament_cmake_args': None, 'build_base': '/home/ubuntu-ros/ros2_ws/src/build/task_2_interfaces', 'catkin_cmake_args': None, 'catkin_skip_building_tests': False, 'cmake_args': None, 'cmake_clean_cache': False, 'cmake_clean_first': False, 'cmake_force_configure': False, 'cmake_target': None, 'cmake_target_skip_unavailable': False, 'install_base': '/home/ubuntu-ros/ros2_ws/src/install/task_2_interfaces', 'merge_install': False, 'path': '/home/ubuntu-ros/ros2_ws/src/55/task_2_interfaces', 'symlink_install': False, 'test_result_base': None}
[0.286s] Level 5:colcon.colcon_core.verb:set package 'task_2' build argument 'cmake_args' from command line to 'None'
[0.286s] Level 5:colcon.colcon_core.verb:set package 'task_2' build argument 'cmake_target' from command line to 'None'
[0.286s] Level 5:colcon.colcon_core.verb:set package 'task_2' build argument 'cmake_target_skip_unavailable' from command line to 'False'
[0.286s] Level 5:colcon.colcon_core.verb:set package 'task_2' build argument 'cmake_clean_cache' from command line to 'False'
[0.286s] Level 5:colcon.colcon_core.verb:set package 'task_2' build argument 'cmake_clean_first' from command line to 'False'
[0.286s] Level 5:colcon.colcon_core.verb:set package 'task_2' build argument 'cmake_force_configure' from command line to 'False'
[0.286s] Level 5:colcon.colcon_core.verb:set package 'task_2' build argument 'ament_cmake_args' from command line to 'None'
[0.286s] Level 5:colcon.colcon_core.verb:set package 'task_2' build argument 'catkin_cmake_args' from command line to 'None'
[0.286s] Level 5:colcon.colcon_core.verb:set package 'task_2' build argument 'catkin_skip_building_tests' from command line to 'False'
[0.286s] DEBUG:colcon.colcon_core.verb:Building package 'task_2' with the following arguments: {'ament_cmake_args': None, 'build_base': '/home/ubuntu-ros/ros2_ws/src/build/task_2', 'catkin_cmake_args': None, 'catkin_skip_building_tests': False, 'cmake_args': None, 'cmake_clean_cache': False, 'cmake_clean_first': False, 'cmake_force_configure': False, 'cmake_target': None, 'cmake_target_skip_unavailable': False, 'install_base': '/home/ubuntu-ros/ros2_ws/src/install/task_2', 'merge_install': False, 'path': '/home/ubuntu-ros/ros2_ws/src/55/task_2', 'symlink_install': False, 'test_result_base': None}
[0.286s] INFO:colcon.colcon_core.executor:Executing jobs using 'parallel' executor
[0.287s] DEBUG:colcon.colcon_parallel_executor.executor.parallel:run_until_complete
[0.287s] INFO:colcon.colcon_ros.task.ament_cmake.build:Building ROS package in '/home/ubuntu-ros/ros2_ws/src/55/task_2_interfaces' with build type 'ament_cmake'
[0.287s] INFO:colcon.colcon_cmake.task.cmake.build:Building CMake package in '/home/ubuntu-ros/ros2_ws/src/55/task_2_interfaces'
[0.289s] INFO:colcon.colcon_core.plugin_system:Skipping extension 'colcon_core.shell.bat': Not used on non-Windows systems
[0.289s] INFO:colcon.colcon_core.shell:Skip shell extension 'powershell' for command environment: Not usable outside of PowerShell
[0.289s] DEBUG:colcon.colcon_core.shell:Skip shell extension 'dsv' for command environment
[0.292s] INFO:colcon.colcon_ros.task.ament_python.build:Building ROS package in '/home/ubuntu-ros/ros2_ws/src/55/task_1' with build type 'ament_python'
[0.292s] Level 1:colcon.colcon_core.shell:create_environment_hook('task_1', 'ament_prefix_path')
[0.292s] INFO:colcon.colcon_core.shell:Creating environment hook '/home/ubuntu-ros/ros2_ws/src/install/task_1/share/task_1/hook/ament_prefix_path.ps1'
[0.293s] INFO:colcon.colcon_core.shell:Creating environment descriptor '/home/ubuntu-ros/ros2_ws/src/install/task_1/share/task_1/hook/ament_prefix_path.dsv'
[0.293s] INFO:colcon.colcon_core.shell:Creating environment hook '/home/ubuntu-ros/ros2_ws/src/install/task_1/share/task_1/hook/ament_prefix_path.sh'
[0.294s] INFO:colcon.colcon_core.shell:Skip shell extension 'powershell' for command environment: Not usable outside of PowerShell
[0.294s] DEBUG:colcon.colcon_core.shell:Skip shell extension 'dsv' for command environment
[0.300s] DEBUG:colcon.colcon_core.event_handler.log_command:Invoking command in '/home/ubuntu-ros/ros2_ws/src/build/task_2_interfaces': CMAKE_PREFIX_PATH=/opt/ros/humble /usr/bin/cmake /home/ubuntu-ros/ros2_ws/src/55/task_2_interfaces -DCMAKE_INSTALL_PREFIX=/home/ubuntu-ros/ros2_ws/src/install/task_2_interfaces
[0.537s] INFO:colcon.colcon_core.task.python.build:Building Python package in '/home/ubuntu-ros/ros2_ws/src/55/task_1'
[0.538s] INFO:colcon.colcon_core.shell:Skip shell extension 'powershell' for command environment: Not usable outside of PowerShell
[0.538s] DEBUG:colcon.colcon_core.shell:Skip shell extension 'dsv' for command environment
[0.951s] DEBUG:colcon.colcon_core.event_handler.log_command:Invoking command in '/home/ubuntu-ros/ros2_ws/src/55/task_1': PYTHONPATH=/home/ubuntu-ros/ros2_ws/src/build/task_1/prefix_override:/usr/lib/python3/dist-packages/colcon_core/task/python/colcon_distutils_commands:/home/ubuntu-ros/ros2_ws/src/install/task_1/lib/python3.10/site-packages:${PYTHONPATH} /usr/bin/python3 -W ignore:setup.py install is deprecated setup.py egg_info --egg-base ../../build/task_1 build --build-base /home/ubuntu-ros/ros2_ws/src/build/task_1/build install --record /home/ubuntu-ros/ros2_ws/src/build/task_1/install.log --single-version-externally-managed install_data
[1.264s] DEBUG:colcon.colcon_core.event_handler.log_command:Invoked command in '/home/ubuntu-ros/ros2_ws/src/55/task_1' returned '0': PYTHONPATH=/home/ubuntu-ros/ros2_ws/src/build/task_1/prefix_override:/usr/lib/python3/dist-packages/colcon_core/task/python/colcon_distutils_commands:/home/ubuntu-ros/ros2_ws/src/install/task_1/lib/python3.10/site-packages:${PYTHONPATH} /usr/bin/python3 -W ignore:setup.py install is deprecated setup.py egg_info --egg-base ../../build/task_1 build --build-base /home/ubuntu-ros/ros2_ws/src/build/task_1/build install --record /home/ubuntu-ros/ros2_ws/src/build/task_1/install.log --single-version-externally-managed install_data
[1.266s] Level 1:colcon.colcon_core.environment:checking '/home/ubuntu-ros/ros2_ws/src/install/task_1' for CMake module files
[1.267s] Level 1:colcon.colcon_core.environment:checking '/home/ubuntu-ros/ros2_ws/src/install/task_1' for CMake config files
[1.268s] Level 1:colcon.colcon_core.environment:checking '/home/ubuntu-ros/ros2_ws/src/install/task_1/lib'
[1.268s] Level 1:colcon.colcon_core.environment:checking '/home/ubuntu-ros/ros2_ws/src/install/task_1/bin'
[1.268s] Level 1:colcon.colcon_core.environment:checking '/home/ubuntu-ros/ros2_ws/src/install/task_1/lib/pkgconfig/task_1.pc'
[1.269s] Level 1:colcon.colcon_core.environment:checking '/home/ubuntu-ros/ros2_ws/src/install/task_1/lib/python3.10/site-packages'
[1.269s] Level 1:colcon.colcon_core.shell:create_environment_hook('task_1', 'pythonpath')
[1.269s] INFO:colcon.colcon_core.shell:Creating environment hook '/home/ubuntu-ros/ros2_ws/src/install/task_1/share/task_1/hook/pythonpath.ps1'
[1.269s] INFO:colcon.colcon_core.shell:Creating environment descriptor '/home/ubuntu-ros/ros2_ws/src/install/task_1/share/task_1/hook/pythonpath.dsv'
[1.270s] INFO:colcon.colcon_core.shell:Creating environment hook '/home/ubuntu-ros/ros2_ws/src/install/task_1/share/task_1/hook/pythonpath.sh'
[1.270s] Level 1:colcon.colcon_core.environment:checking '/home/ubuntu-ros/ros2_ws/src/install/task_1/bin'
[1.270s] Level 1:colcon.colcon_core.environment:create_environment_scripts_only(task_1)
[1.271s] INFO:colcon.colcon_core.shell:Creating package script '/home/ubuntu-ros/ros2_ws/src/install/task_1/share/task_1/package.ps1'
[1.272s] INFO:colcon.colcon_core.shell:Creating package descriptor '/home/ubuntu-ros/ros2_ws/src/install/task_1/share/task_1/package.dsv'
[1.272s] INFO:colcon.colcon_core.shell:Creating package script '/home/ubuntu-ros/ros2_ws/src/install/task_1/share/task_1/package.sh'
[1.273s] INFO:colcon.colcon_core.shell:Creating package script '/home/ubuntu-ros/ros2_ws/src/install/task_1/share/task_1/package.bash'
[1.274s] INFO:colcon.colcon_core.shell:Creating package script '/home/ubuntu-ros/ros2_ws/src/install/task_1/share/task_1/package.zsh'
[1.275s] Level 1:colcon.colcon_core.environment:create_file_with_runtime_dependencies(/home/ubuntu-ros/ros2_ws/src/install/task_1/share/colcon-core/packages/task_1)
[2.066s] DEBUG:colcon.colcon_core.event_handler.log_command:Invoked command in '/home/ubuntu-ros/ros2_ws/src/build/task_2_interfaces' returned '0': CMAKE_PREFIX_PATH=/opt/ros/humble /usr/bin/cmake /home/ubuntu-ros/ros2_ws/src/55/task_2_interfaces -DCMAKE_INSTALL_PREFIX=/home/ubuntu-ros/ros2_ws/src/install/task_2_interfaces
[2.069s] DEBUG:colcon.colcon_core.event_handler.log_command:Invoking command in '/home/ubuntu-ros/ros2_ws/src/build/task_2_interfaces': CMAKE_PREFIX_PATH=/opt/ros/humble /usr/bin/cmake --build /home/ubuntu-ros/ros2_ws/src/build/task_2_interfaces -- -j6 -l6
[5.059s] DEBUG:colcon.colcon_core.event_handler.log_command:Invoked command in '/home/ubuntu-ros/ros2_ws/src/build/task_2_interfaces' returned '0': CMAKE_PREFIX_PATH=/opt/ros/humble /usr/bin/cmake --build /home/ubuntu-ros/ros2_ws/src/build/task_2_interfaces -- -j6 -l6
[5.126s] DEBUG:colcon.colcon_core.event_handler.log_command:Invoking command in '/home/ubuntu-ros/ros2_ws/src/build/task_2_interfaces': CMAKE_PREFIX_PATH=/opt/ros/humble /usr/bin/cmake --install /home/ubuntu-ros/ros2_ws/src/build/task_2_interfaces
[5.207s] Level 1:colcon.colcon_core.environment:create_environment_scripts_only(task_2_interfaces)
[5.208s] Level 1:colcon.colcon_core.environment:checking '/home/ubuntu-ros/ros2_ws/src/install/task_2_interfaces' for CMake module files
[5.208s] DEBUG:colcon.colcon_core.event_handler.log_command:Invoked command in '/home/ubuntu-ros/ros2_ws/src/build/task_2_interfaces' returned '0': CMAKE_PREFIX_PATH=/opt/ros/humble /usr/bin/cmake --install /home/ubuntu-ros/ros2_ws/src/build/task_2_interfaces
[5.209s] Level 1:colcon.colcon_core.environment:checking '/home/ubuntu-ros/ros2_ws/src/install/task_2_interfaces' for CMake config files
[5.210s] Level 1:colcon.colcon_core.shell:create_environment_hook('task_2_interfaces', 'cmake_prefix_path')
[5.210s] INFO:colcon.colcon_core.shell:Creating environment hook '/home/ubuntu-ros/ros2_ws/src/install/task_2_interfaces/share/task_2_interfaces/hook/cmake_prefix_path.ps1'
[5.211s] INFO:colcon.colcon_core.shell:Creating environment descriptor '/home/ubuntu-ros/ros2_ws/src/install/task_2_interfaces/share/task_2_interfaces/hook/cmake_prefix_path.dsv'
[5.211s] INFO:colcon.colcon_core.shell:Creating environment hook '/home/ubuntu-ros/ros2_ws/src/install/task_2_interfaces/share/task_2_interfaces/hook/cmake_prefix_path.sh'
[5.211s] Level 1:colcon.colcon_core.environment:checking '/home/ubuntu-ros/ros2_ws/src/install/task_2_interfaces/lib'
[5.211s] Level 1:colcon.colcon_core.shell:create_environment_hook('task_2_interfaces', 'ld_library_path_lib')
[5.212s] INFO:colcon.colcon_core.shell:Creating environment hook '/home/ubuntu-ros/ros2_ws/src/install/task_2_interfaces/share/task_2_interfaces/hook/ld_library_path_lib.ps1'
[5.212s] INFO:colcon.colcon_core.shell:Creating environment descriptor '/home/ubuntu-ros/ros2_ws/src/install/task_2_interfaces/share/task_2_interfaces/hook/ld_library_path_lib.dsv'
[5.212s] INFO:colcon.colcon_core.shell:Creating environment hook '/home/ubuntu-ros/ros2_ws/src/install/task_2_interfaces/share/task_2_interfaces/hook/ld_library_path_lib.sh'
[5.213s] Level 1:colcon.colcon_core.environment:checking '/home/ubuntu-ros/ros2_ws/src/install/task_2_interfaces/bin'
[5.213s] Level 1:colcon.colcon_core.environment:checking '/home/ubuntu-ros/ros2_ws/src/install/task_2_interfaces/lib/pkgconfig/task_2_interfaces.pc'
[5.213s] Level 1:colcon.colcon_core.environment:checking '/home/ubuntu-ros/ros2_ws/src/install/task_2_interfaces/lib/python3.10/site-packages'
[5.213s] Level 1:colcon.colcon_core.environment:checking '/home/ubuntu-ros/ros2_ws/src/install/task_2_interfaces/bin'
[5.214s] INFO:colcon.colcon_core.shell:Creating package script '/home/ubuntu-ros/ros2_ws/src/install/task_2_interfaces/share/task_2_interfaces/package.ps1'
[5.214s] INFO:colcon.colcon_core.shell:Creating package descriptor '/home/ubuntu-ros/ros2_ws/src/install/task_2_interfaces/share/task_2_interfaces/package.dsv'
[5.214s] INFO:colcon.colcon_core.shell:Creating package script '/home/ubuntu-ros/ros2_ws/src/install/task_2_interfaces/share/task_2_interfaces/package.sh'
[5.215s] INFO:colcon.colcon_core.shell:Creating package script '/home/ubuntu-ros/ros2_ws/src/install/task_2_interfaces/share/task_2_interfaces/package.bash'
[5.215s] INFO:colcon.colcon_core.shell:Creating package script '/home/ubuntu-ros/ros2_ws/src/install/task_2_interfaces/share/task_2_interfaces/package.zsh'
[5.215s] Level 1:colcon.colcon_core.environment:create_file_with_runtime_dependencies(/home/ubuntu-ros/ros2_ws/src/install/task_2_interfaces/share/colcon-core/packages/task_2_interfaces)
[5.288s] Level 1:colcon.colcon_core.environment:create_environment_scripts_only(task_2_interfaces)
[5.288s] Level 1:colcon.colcon_core.environment:checking '/home/ubuntu-ros/ros2_ws/src/install/task_2_interfaces' for CMake module files
[5.289s] Level 1:colcon.colcon_core.environment:checking '/home/ubuntu-ros/ros2_ws/src/install/task_2_interfaces' for CMake config files
[5.290s] Level 1:colcon.colcon_core.shell:create_environment_hook('task_2_interfaces', 'cmake_prefix_path')
[5.290s] INFO:colcon.colcon_core.shell:Creating environment hook '/home/ubuntu-ros/ros2_ws/src/install/task_2_interfaces/share/task_2_interfaces/hook/cmake_prefix_path.ps1'
[5.290s] INFO:colcon.colcon_core.shell:Creating environment descriptor '/home/ubuntu-ros/ros2_ws/src/install/task_2_interfaces/share/task_2_interfaces/hook/cmake_prefix_path.dsv'
[5.291s] INFO:colcon.colcon_core.shell:Creating environment hook '/home/ubuntu-ros/ros2_ws/src/install/task_2_interfaces/share/task_2_interfaces/hook/cmake_prefix_path.sh'
[5.291s] Level 1:colcon.colcon_core.environment:checking '/home/ubuntu-ros/ros2_ws/src/install/task_2_interfaces/lib'
[5.291s] Level 1:colcon.colcon_core.shell:create_environment_hook('task_2_interfaces', 'ld_library_path_lib')
[5.292s] INFO:colcon.colcon_core.shell:Creating environment hook '/home/ubuntu-ros/ros2_ws/src/install/task_2_interfaces/share/task_2_interfaces/hook/ld_library_path_lib.ps1'
[5.292s] INFO:colcon.colcon_core.shell:Creating environment descriptor '/home/ubuntu-ros/ros2_ws/src/install/task_2_interfaces/share/task_2_interfaces/hook/ld_library_path_lib.dsv'
[5.292s] INFO:colcon.colcon_core.shell:Creating environment hook '/home/ubuntu-ros/ros2_ws/src/install/task_2_interfaces/share/task_2_interfaces/hook/ld_library_path_lib.sh'
[5.293s] Level 1:colcon.colcon_core.environment:checking '/home/ubuntu-ros/ros2_ws/src/install/task_2_interfaces/bin'
[5.293s] Level 1:colcon.colcon_core.environment:checking '/home/ubuntu-ros/ros2_ws/src/install/task_2_interfaces/lib/pkgconfig/task_2_interfaces.pc'
[5.293s] Level 1:colcon.colcon_core.environment:checking '/home/ubuntu-ros/ros2_ws/src/install/task_2_interfaces/lib/python3.10/site-packages'
[5.293s] Level 1:colcon.colcon_core.environment:checking '/home/ubuntu-ros/ros2_ws/src/install/task_2_interfaces/bin'
[5.294s] INFO:colcon.colcon_core.shell:Creating package script '/home/ubuntu-ros/ros2_ws/src/install/task_2_interfaces/share/task_2_interfaces/package.ps1'
[5.294s] INFO:colcon.colcon_core.shell:Creating package descriptor '/home/ubuntu-ros/ros2_ws/src/install/task_2_interfaces/share/task_2_interfaces/package.dsv'
[5.295s] INFO:colcon.colcon_core.shell:Creating package script '/home/ubuntu-ros/ros2_ws/src/install/task_2_interfaces/share/task_2_interfaces/package.sh'
[5.295s] INFO:colcon.colcon_core.shell:Creating package script '/home/ubuntu-ros/ros2_ws/src/install/task_2_interfaces/share/task_2_interfaces/package.bash'
[5.296s] INFO:colcon.colcon_core.shell:Creating package script '/home/ubuntu-ros/ros2_ws/src/install/task_2_interfaces/share/task_2_interfaces/package.zsh'
[5.296s] Level 1:colcon.colcon_core.environment:create_file_with_runtime_dependencies(/home/ubuntu-ros/ros2_ws/src/install/task_2_interfaces/share/colcon-core/packages/task_2_interfaces)
[5.297s] INFO:colcon.colcon_ros.task.ament_python.build:Building ROS package in '/home/ubuntu-ros/ros2_ws/src/55/task_2' with build type 'ament_python'
[5.297s] Level 1:colcon.colcon_core.shell:create_environment_hook('task_2', 'ament_prefix_path')
[5.297s] INFO:colcon.colcon_core.shell:Creating environment hook '/home/ubuntu-ros/ros2_ws/src/install/task_2/share/task_2/hook/ament_prefix_path.ps1'
[5.298s] INFO:colcon.colcon_core.shell:Creating environment descriptor '/home/ubuntu-ros/ros2_ws/src/install/task_2/share/task_2/hook/ament_prefix_path.dsv'
[5.298s] INFO:colcon.colcon_core.shell:Creating environment hook '/home/ubuntu-ros/ros2_ws/src/install/task_2/share/task_2/hook/ament_prefix_path.sh'
[5.299s] INFO:colcon.colcon_core.shell:Skip shell extension 'powershell' for command environment: Not usable outside of PowerShell
[5.299s] DEBUG:colcon.colcon_core.shell:Skip shell extension 'dsv' for command environment
[5.545s] INFO:colcon.colcon_core.task.python.build:Building Python package in '/home/ubuntu-ros/ros2_ws/src/55/task_2'
[5.545s] INFO:colcon.colcon_core.shell:Skip shell extension 'powershell' for command environment: Not usable outside of PowerShell
[5.545s] DEBUG:colcon.colcon_core.shell:Skip shell extension 'dsv' for command environment
[5.810s] DEBUG:colcon.colcon_core.event_handler.log_command:Invoking command in '/home/ubuntu-ros/ros2_ws/src/55/task_2': AMENT_PREFIX_PATH=/home/ubuntu-ros/ros2_ws/src/install/task_2_interfaces:${AMENT_PREFIX_PATH} CMAKE_PREFIX_PATH=/home/ubuntu-ros/ros2_ws/src/install/task_2_interfaces LD_LIBRARY_PATH=/home/ubuntu-ros/ros2_ws/src/install/task_2_interfaces/lib:${LD_LIBRARY_PATH} PYTHONPATH=/home/ubuntu-ros/ros2_ws/src/build/task_2/prefix_override:/usr/lib/python3/dist-packages/colcon_core/task/python/colcon_distutils_commands:/home/ubuntu-ros/ros2_ws/src/install/task_2/lib/python3.10/site-packages:/home/ubuntu-ros/ros2_ws/src/install/task_2_interfaces/local/lib/python3.10/dist-packages:${PYTHONPATH} /usr/bin/python3 -W ignore:setup.py install is deprecated setup.py egg_info --egg-base ../../build/task_2 build --build-base /home/ubuntu-ros/ros2_ws/src/build/task_2/build install --record /home/ubuntu-ros/ros2_ws/src/build/task_2/install.log --single-version-externally-managed install_data
[6.036s] Level 1:colcon.colcon_core.environment:checking '/home/ubuntu-ros/ros2_ws/src/install/task_2' for CMake module files
[6.036s] DEBUG:colcon.colcon_core.event_handler.log_command:Invoked command in '/home/ubuntu-ros/ros2_ws/src/55/task_2' returned '0': AMENT_PREFIX_PATH=/home/ubuntu-ros/ros2_ws/src/install/task_2_interfaces:${AMENT_PREFIX_PATH} CMAKE_PREFIX_PATH=/home/ubuntu-ros/ros2_ws/src/install/task_2_interfaces LD_LIBRARY_PATH=/home/ubuntu-ros/ros2_ws/src/install/task_2_interfaces/lib:${LD_LIBRARY_PATH} PYTHONPATH=/home/ubuntu-ros/ros2_ws/src/build/task_2/prefix_override:/usr/lib/python3/dist-packages/colcon_core/task/python/colcon_distutils_commands:/home/ubuntu-ros/ros2_ws/src/install/task_2/lib/python3.10/site-packages:/home/ubuntu-ros/ros2_ws/src/install/task_2_interfaces/local/lib/python3.10/dist-packages:${PYTHONPATH} /usr/bin/python3 -W ignore:setup.py install is deprecated setup.py egg_info --egg-base ../../build/task_2 build --build-base /home/ubuntu-ros/ros2_ws/src/build/task_2/build install --record /home/ubuntu-ros/ros2_ws/src/build/task_2/install.log --single-version-externally-managed install_data
[6.036s] Level 1:colcon.colcon_core.environment:checking '/home/ubuntu-ros/ros2_ws/src/install/task_2' for CMake config files
[6.037s] Level 1:colcon.colcon_core.environment:checking '/home/ubuntu-ros/ros2_ws/src/install/task_2/lib'
[6.037s] Level 1:colcon.colcon_core.environment:checking '/home/ubuntu-ros/ros2_ws/src/install/task_2/bin'
[6.037s] Level 1:colcon.colcon_core.environment:checking '/home/ubuntu-ros/ros2_ws/src/install/task_2/lib/pkgconfig/task_2.pc'
[6.037s] Level 1:colcon.colcon_core.environment:checking '/home/ubuntu-ros/ros2_ws/src/install/task_2/lib/python3.10/site-packages'
[6.037s] Level 1:colcon.colcon_core.shell:create_environment_hook('task_2', 'pythonpath')
[6.037s] INFO:colcon.colcon_core.shell:Creating environment hook '/home/ubuntu-ros/ros2_ws/src/install/task_2/share/task_2/hook/pythonpath.ps1'
[6.038s] INFO:colcon.colcon_core.shell:Creating environment descriptor '/home/ubuntu-ros/ros2_ws/src/install/task_2/share/task_2/hook/pythonpath.dsv'
[6.038s] INFO:colcon.colcon_core.shell:Creating environment hook '/home/ubuntu-ros/ros2_ws/src/install/task_2/share/task_2/hook/pythonpath.sh'
[6.038s] Level 1:colcon.colcon_core.environment:checking '/home/ubuntu-ros/ros2_ws/src/install/task_2/bin'
[6.038s] Level 1:colcon.colcon_core.environment:create_environment_scripts_only(task_2)
[6.038s] INFO:colcon.colcon_core.shell:Creating package script '/home/ubuntu-ros/ros2_ws/src/install/task_2/share/task_2/package.ps1'
[6.039s] INFO:colcon.colcon_core.shell:Creating package descriptor '/home/ubuntu-ros/ros2_ws/src/install/task_2/share/task_2/package.dsv'
[6.039s] INFO:colcon.colcon_core.shell:Creating package script '/home/ubuntu-ros/ros2_ws/src/install/task_2/share/task_2/package.sh'
[6.039s] INFO:colcon.colcon_core.shell:Creating package script '/home/ubuntu-ros/ros2_ws/src/install/task_2/share/task_2/package.bash'
[6.039s] INFO:colcon.colcon_core.shell:Creating package script '/home/ubuntu-ros/ros2_ws/src/install/task_2/share/task_2/package.zsh'
[6.040s] Level 1:colcon.colcon_core.environment:create_file_with_runtime_dependencies(/home/ubuntu-ros/ros2_ws/src/install/task_2/share/colcon-core/packages/task_2)
[6.040s] DEBUG:colcon.colcon_parallel_executor.executor.parallel:closing loop
[6.040s] DEBUG:colcon.colcon_parallel_executor.executor.parallel:loop closed
[6.040s] DEBUG:colcon.colcon_parallel_executor.executor.parallel:run_until_complete finished with '0'
[6.040s] DEBUG:colcon.colcon_core.event_reactor:joining thread
[6.045s] INFO:colcon.colcon_core.plugin_system:Skipping extension 'colcon_notification.desktop_notification.terminal_notifier': Not used on non-Darwin systems
[6.045s] INFO:colcon.colcon_core.plugin_system:Skipping extension 'colcon_notification.desktop_notification.win32': Not used on non-Windows systems
[6.045s] INFO:colcon.colcon_notification.desktop_notification:Sending desktop notification using 'notify2'
[6.060s] DEBUG:colcon.colcon_core.event_reactor:joined thread
[6.061s] INFO:colcon.colcon_core.shell:Creating prefix script '/home/ubuntu-ros/ros2_ws/src/install/local_setup.ps1'
[6.062s] INFO:colcon.colcon_core.shell:Creating prefix util module '/home/ubuntu-ros/ros2_ws/src/install/_local_setup_util_ps1.py'
[6.063s] INFO:colcon.colcon_core.shell:Creating prefix chain script '/home/ubuntu-ros/ros2_ws/src/install/setup.ps1'
[6.063s] INFO:colcon.colcon_core.shell:Creating prefix script '/home/ubuntu-ros/ros2_ws/src/install/local_setup.sh'
[6.064s] INFO:colcon.colcon_core.shell:Creating prefix util module '/home/ubuntu-ros/ros2_ws/src/install/_local_setup_util_sh.py'
[6.064s] INFO:colcon.colcon_core.shell:Creating prefix chain script '/home/ubuntu-ros/ros2_ws/src/install/setup.sh'
[6.065s] INFO:colcon.colcon_core.shell:Creating prefix script '/home/ubuntu-ros/ros2_ws/src/install/local_setup.bash'
[6.065s] INFO:colcon.colcon_core.shell:Creating prefix chain script '/home/ubuntu-ros/ros2_ws/src/install/setup.bash'
[6.066s] INFO:colcon.colcon_core.shell:Creating prefix script '/home/ubuntu-ros/ros2_ws/src/install/local_setup.zsh'
[6.066s] INFO:colcon.colcon_core.shell:Creating prefix chain script '/home/ubuntu-ros/ros2_ws/src/install/setup.zsh'
