[1.426s] Invoking command in '/home/ubuntu-ros/ros2_ws/src/py_pubsub': PYTHONPATH=/home/ubuntu-ros/ros2_ws/build/py_pubsub/prefix_override:/usr/lib/python3/dist-packages/colcon_core/task/python/colcon_distutils_commands:/home/ubuntu-ros/ros2_ws/install/py_pubsub/lib/python3.10/site-packages:${PYTHONPATH} /usr/bin/python3 -W ignore:setup.py install is deprecated setup.py egg_info --egg-base ../../build/py_pubsub build --build-base /home/ubuntu-ros/ros2_ws/build/py_pubsub/build install --record /home/ubuntu-ros/ros2_ws/build/py_pubsub/install.log --single-version-externally-managed install_data
[1.706s] running egg_info
[1.707s] writing ../../build/py_pubsub/py_pubsub.egg-info/PKG-INFO
[1.708s] writing dependency_links to ../../build/py_pubsub/py_pubsub.egg-info/dependency_links.txt
[1.710s] writing entry points to ../../build/py_pubsub/py_pubsub.egg-info/entry_points.txt
[1.711s] writing requirements to ../../build/py_pubsub/py_pubsub.egg-info/requires.txt
[1.711s] writing top-level names to ../../build/py_pubsub/py_pubsub.egg-info/top_level.txt
[1.712s] reading manifest file '../../build/py_pubsub/py_pubsub.egg-info/SOURCES.txt'
[1.712s] adding license file 'LICENSE'
[1.714s] writing manifest file '../../build/py_pubsub/py_pubsub.egg-info/SOURCES.txt'
[1.714s] running build
[1.714s] running build_py
[1.715s] running install
[1.715s] running install_lib
[1.716s] running install_data
[1.717s] running install_egg_info
[1.720s] removing '/home/ubuntu-ros/ros2_ws/install/py_pubsub/lib/python3.10/site-packages/py_pubsub-0.0.0-py3.10.egg-info' (and everything under it)
[1.720s] Copying ../../build/py_pubsub/py_pubsub.egg-info to /home/ubuntu-ros/ros2_ws/install/py_pubsub/lib/python3.10/site-packages/py_pubsub-0.0.0-py3.10.egg-info
[1.722s] running install_scripts
[1.760s] Installing listener script to /home/ubuntu-ros/ros2_ws/install/py_pubsub/lib/py_pubsub
[1.760s] Installing talker script to /home/ubuntu-ros/ros2_ws/install/py_pubsub/lib/py_pubsub
[1.761s] writing list of installed files to '/home/ubuntu-ros/ros2_ws/build/py_pubsub/install.log'
[1.807s] Invoked command in '/home/ubuntu-ros/ros2_ws/src/py_pubsub' returned '0': PYTHONPATH=/home/ubuntu-ros/ros2_ws/build/py_pubsub/prefix_override:/usr/lib/python3/dist-packages/colcon_core/task/python/colcon_distutils_commands:/home/ubuntu-ros/ros2_ws/install/py_pubsub/lib/python3.10/site-packages:${PYTHONPATH} /usr/bin/python3 -W ignore:setup.py install is deprecated setup.py egg_info --egg-base ../../build/py_pubsub build --build-base /home/ubuntu-ros/ros2_ws/build/py_pubsub/build install --record /home/ubuntu-ros/ros2_ws/build/py_pubsub/install.log --single-version-externally-managed install_data
