[1.668s] Invoking command in '/home/ubuntu-ros/ros2_ws/src/my_package': PYTHONPATH=/home/ubuntu-ros/ros2_ws/build/my_package/prefix_override:/usr/lib/python3/dist-packages/colcon_core/task/python/colcon_distutils_commands:/home/ubuntu-ros/ros2_ws/install/my_package/lib/python3.10/site-packages:${PYTHONPATH} /usr/bin/python3 -W ignore:setup.py install is deprecated setup.py egg_info --egg-base ../../build/my_package build --build-base /home/ubuntu-ros/ros2_ws/build/my_package/build install --record /home/ubuntu-ros/ros2_ws/build/my_package/install.log --single-version-externally-managed install_data
[2.137s] running egg_info
[2.140s] writing ../../build/my_package/my_package.egg-info/PKG-INFO
[2.146s] writing dependency_links to ../../build/my_package/my_package.egg-info/dependency_links.txt
[2.146s] writing entry points to ../../build/my_package/my_package.egg-info/entry_points.txt
[2.146s] writing requirements to ../../build/my_package/my_package.egg-info/requires.txt
[2.146s] writing top-level names to ../../build/my_package/my_package.egg-info/top_level.txt
[2.146s] reading manifest file '../../build/my_package/my_package.egg-info/SOURCES.txt'
[2.147s] adding license file 'LICENSE'
[2.151s] writing manifest file '../../build/my_package/my_package.egg-info/SOURCES.txt'
[2.152s] running build
[2.152s] running build_py
[2.153s] running install
[2.153s] running install_lib
[2.155s] running install_data
[2.156s] running install_egg_info
[2.163s] removing '/home/ubuntu-ros/ros2_ws/install/my_package/lib/python3.10/site-packages/my_package-0.0.0-py3.10.egg-info' (and everything under it)
[2.163s] Copying ../../build/my_package/my_package.egg-info to /home/ubuntu-ros/ros2_ws/install/my_package/lib/python3.10/site-packages/my_package-0.0.0-py3.10.egg-info
[2.164s] running install_scripts
[2.233s] Installing my_node script to /home/ubuntu-ros/ros2_ws/install/my_package/lib/my_package
[2.234s] writing list of installed files to '/home/ubuntu-ros/ros2_ws/build/my_package/install.log'
[2.329s] Invoked command in '/home/ubuntu-ros/ros2_ws/src/my_package' returned '0': PYTHONPATH=/home/ubuntu-ros/ros2_ws/build/my_package/prefix_override:/usr/lib/python3/dist-packages/colcon_core/task/python/colcon_distutils_commands:/home/ubuntu-ros/ros2_ws/install/my_package/lib/python3.10/site-packages:${PYTHONPATH} /usr/bin/python3 -W ignore:setup.py install is deprecated setup.py egg_info --egg-base ../../build/my_package build --build-base /home/ubuntu-ros/ros2_ws/build/my_package/build install --record /home/ubuntu-ros/ros2_ws/build/my_package/install.log --single-version-externally-managed install_data
