running egg_info
creating build/task_1/task_1.egg-info
writing build/task_1/task_1.egg-info/PKG-INFO
writing dependency_links to build/task_1/task_1.egg-info/dependency_links.txt
writing entry points to build/task_1/task_1.egg-info/entry_points.txt
writing requirements to build/task_1/task_1.egg-info/requires.txt
writing top-level names to build/task_1/task_1.egg-info/top_level.txt
writing manifest file 'build/task_1/task_1.egg-info/SOURCES.txt'
reading manifest file 'build/task_1/task_1.egg-info/SOURCES.txt'
adding license file 'LICENSE'
writing manifest file 'build/task_1/task_1.egg-info/SOURCES.txt'
running build
running build_py
creating /home/ubuntu-ros/ros2_ws/src/task_1/build/task_1/build
creating /home/ubuntu-ros/ros2_ws/src/task_1/build/task_1/build/lib
creating /home/ubuntu-ros/ros2_ws/src/task_1/build/task_1/build/lib/task_1
copying task_1/__init__.py -> /home/ubuntu-ros/ros2_ws/src/task_1/build/task_1/build/lib/task_1
copying task_1/time_subscriber.py -> /home/ubuntu-ros/ros2_ws/src/task_1/build/task_1/build/lib/task_1
copying task_1/time_publisher.py -> /home/ubuntu-ros/ros2_ws/src/task_1/build/task_1/build/lib/task_1
running install
running install_lib
creating /home/ubuntu-ros/ros2_ws/src/task_1/install/task_1/lib/python3.10/site-packages/task_1
copying /home/ubuntu-ros/ros2_ws/src/task_1/build/task_1/build/lib/task_1/__init__.py -> /home/ubuntu-ros/ros2_ws/src/task_1/install/task_1/lib/python3.10/site-packages/task_1
copying /home/ubuntu-ros/ros2_ws/src/task_1/build/task_1/build/lib/task_1/time_subscriber.py -> /home/ubuntu-ros/ros2_ws/src/task_1/install/task_1/lib/python3.10/site-packages/task_1
copying /home/ubuntu-ros/ros2_ws/src/task_1/build/task_1/build/lib/task_1/time_publisher.py -> /home/ubuntu-ros/ros2_ws/src/task_1/install/task_1/lib/python3.10/site-packages/task_1
byte-compiling /home/ubuntu-ros/ros2_ws/src/task_1/install/task_1/lib/python3.10/site-packages/task_1/__init__.py to __init__.cpython-310.pyc
byte-compiling /home/ubuntu-ros/ros2_ws/src/task_1/install/task_1/lib/python3.10/site-packages/task_1/time_subscriber.py to time_subscriber.cpython-310.pyc
byte-compiling /home/ubuntu-ros/ros2_ws/src/task_1/install/task_1/lib/python3.10/site-packages/task_1/time_publisher.py to time_publisher.cpython-310.pyc
running install_data
creating /home/ubuntu-ros/ros2_ws/src/task_1/install/task_1/share/ament_index
creating /home/ubuntu-ros/ros2_ws/src/task_1/install/task_1/share/ament_index/resource_index
creating /home/ubuntu-ros/ros2_ws/src/task_1/install/task_1/share/ament_index/resource_index/packages
copying resource/task_1 -> /home/ubuntu-ros/ros2_ws/src/task_1/install/task_1/share/ament_index/resource_index/packages
copying package.xml -> /home/ubuntu-ros/ros2_ws/src/task_1/install/task_1/share/task_1
running install_egg_info
Copying build/task_1/task_1.egg-info to /home/ubuntu-ros/ros2_ws/src/task_1/install/task_1/lib/python3.10/site-packages/task_1-0.0.0-py3.10.egg-info
running install_scripts
Installing listner script to /home/ubuntu-ros/ros2_ws/src/task_1/install/task_1/lib/task_1
Installing talker script to /home/ubuntu-ros/ros2_ws/src/task_1/install/task_1/lib/task_1
writing list of installed files to '/home/ubuntu-ros/ros2_ws/src/task_1/build/task_1/install.log'
