[0.513s] Invoking command in '/home/ubuntu-ros/ros2_ws/src/task_1': PYTHONPATH=/home/ubuntu-ros/ros2_ws/src/task_1/build/task_1/prefix_override:/usr/lib/python3/dist-packages/colcon_core/task/python/colcon_distutils_commands:/home/ubuntu-ros/ros2_ws/src/task_1/install/task_1/lib/python3.10/site-packages:${PYTHONPATH} /usr/bin/python3 -W ignore:setup.py install is deprecated setup.py egg_info --egg-base build/task_1 build --build-base /home/ubuntu-ros/ros2_ws/src/task_1/build/task_1/build install --record /home/ubuntu-ros/ros2_ws/src/task_1/build/task_1/install.log --single-version-externally-managed install_data
[0.722s] running egg_info
[0.724s] creating build/task_1/task_1.egg-info
[0.724s] writing build/task_1/task_1.egg-info/PKG-INFO
[0.724s] writing dependency_links to build/task_1/task_1.egg-info/dependency_links.txt
[0.725s] writing entry points to build/task_1/task_1.egg-info/entry_points.txt
[0.725s] writing requirements to build/task_1/task_1.egg-info/requires.txt
[0.725s] writing top-level names to build/task_1/task_1.egg-info/top_level.txt
[0.725s] writing manifest file 'build/task_1/task_1.egg-info/SOURCES.txt'
[0.727s] reading manifest file 'build/task_1/task_1.egg-info/SOURCES.txt'
[0.728s] adding license file 'LICENSE'
[0.728s] writing manifest file 'build/task_1/task_1.egg-info/SOURCES.txt'
[0.728s] running build
[0.729s] running build_py
[0.729s] creating /home/ubuntu-ros/ros2_ws/src/task_1/build/task_1/build
[0.729s] creating /home/ubuntu-ros/ros2_ws/src/task_1/build/task_1/build/lib
[0.730s] creating /home/ubuntu-ros/ros2_ws/src/task_1/build/task_1/build/lib/task_1
[0.730s] copying task_1/__init__.py -> /home/ubuntu-ros/ros2_ws/src/task_1/build/task_1/build/lib/task_1
[0.730s] copying task_1/time_subscriber.py -> /home/ubuntu-ros/ros2_ws/src/task_1/build/task_1/build/lib/task_1
[0.730s] copying task_1/time_publisher.py -> /home/ubuntu-ros/ros2_ws/src/task_1/build/task_1/build/lib/task_1
[0.731s] running install
[0.731s] running install_lib
[0.731s] creating /home/ubuntu-ros/ros2_ws/src/task_1/install/task_1/lib/python3.10/site-packages/task_1
[0.731s] copying /home/ubuntu-ros/ros2_ws/src/task_1/build/task_1/build/lib/task_1/__init__.py -> /home/ubuntu-ros/ros2_ws/src/task_1/install/task_1/lib/python3.10/site-packages/task_1
[0.732s] copying /home/ubuntu-ros/ros2_ws/src/task_1/build/task_1/build/lib/task_1/time_subscriber.py -> /home/ubuntu-ros/ros2_ws/src/task_1/install/task_1/lib/python3.10/site-packages/task_1
[0.732s] copying /home/ubuntu-ros/ros2_ws/src/task_1/build/task_1/build/lib/task_1/time_publisher.py -> /home/ubuntu-ros/ros2_ws/src/task_1/install/task_1/lib/python3.10/site-packages/task_1
[0.733s] byte-compiling /home/ubuntu-ros/ros2_ws/src/task_1/install/task_1/lib/python3.10/site-packages/task_1/__init__.py to __init__.cpython-310.pyc
[0.734s] byte-compiling /home/ubuntu-ros/ros2_ws/src/task_1/install/task_1/lib/python3.10/site-packages/task_1/time_subscriber.py to time_subscriber.cpython-310.pyc
[0.735s] byte-compiling /home/ubuntu-ros/ros2_ws/src/task_1/install/task_1/lib/python3.10/site-packages/task_1/time_publisher.py to time_publisher.cpython-310.pyc
[0.735s] running install_data
[0.736s] creating /home/ubuntu-ros/ros2_ws/src/task_1/install/task_1/share/ament_index
[0.736s] creating /home/ubuntu-ros/ros2_ws/src/task_1/install/task_1/share/ament_index/resource_index
[0.736s] creating /home/ubuntu-ros/ros2_ws/src/task_1/install/task_1/share/ament_index/resource_index/packages
[0.736s] copying resource/task_1 -> /home/ubuntu-ros/ros2_ws/src/task_1/install/task_1/share/ament_index/resource_index/packages
[0.736s] copying package.xml -> /home/ubuntu-ros/ros2_ws/src/task_1/install/task_1/share/task_1
[0.736s] running install_egg_info
[0.738s] Copying build/task_1/task_1.egg-info to /home/ubuntu-ros/ros2_ws/src/task_1/install/task_1/lib/python3.10/site-packages/task_1-0.0.0-py3.10.egg-info
[0.740s] running install_scripts
[0.767s] Installing listner script to /home/ubuntu-ros/ros2_ws/src/task_1/install/task_1/lib/task_1
[0.768s] Installing talker script to /home/ubuntu-ros/ros2_ws/src/task_1/install/task_1/lib/task_1
[0.768s] writing list of installed files to '/home/ubuntu-ros/ros2_ws/src/task_1/build/task_1/install.log'
[0.800s] Invoked command in '/home/ubuntu-ros/ros2_ws/src/task_1' returned '0': PYTHONPATH=/home/ubuntu-ros/ros2_ws/src/task_1/build/task_1/prefix_override:/usr/lib/python3/dist-packages/colcon_core/task/python/colcon_distutils_commands:/home/ubuntu-ros/ros2_ws/src/task_1/install/task_1/lib/python3.10/site-packages:${PYTHONPATH} /usr/bin/python3 -W ignore:setup.py install is deprecated setup.py egg_info --egg-base build/task_1 build --build-base /home/ubuntu-ros/ros2_ws/src/task_1/build/task_1/build install --record /home/ubuntu-ros/ros2_ws/src/task_1/build/task_1/install.log --single-version-externally-managed install_data
