[0.098s] DEBUG:colcon:Command line arguments: ['/usr/bin/colcon', 'build']
[0.098s] DEBUG:colcon:Parsed command line arguments: Namespace(log_base=None, log_level=None, verb_name='build', build_base='build', install_base='install', merge_install=False, symlink_install=False, test_result_base=None, continue_on_error=False, executor='parallel', parallel_workers=6, event_handlers=None, ignore_user_meta=False, metas=['./colcon.meta'], base_paths=['.'], packages_ignore=None, packages_ignore_regex=None, paths=None, packages_up_to=None, packages_up_to_regex=None, packages_above=None, packages_above_and_dependencies=None, packages_above_depth=None, packages_select_by_dep=None, packages_skip_by_dep=None, packages_skip_up_to=None, packages_select_build_failed=False, packages_skip_build_finished=False, packages_select_test_failures=False, packages_skip_test_passed=False, packages_select=None, packages_skip=None, packages_select_regex=None, packages_skip_regex=None, packages_start=None, packages_end=None, allow_overriding=[], cmake_args=None, cmake_target=None, cmake_target_skip_unavailable=False, cmake_clean_cache=False, cmake_clean_first=False, cmake_force_configure=False, ament_cmake_args=None, catkin_cmake_args=None, catkin_skip_building_tests=False, verb_parser=<colcon_defaults.argument_parser.defaults.DefaultArgumentsDecorator object at 0xfc404a490310>, verb_extension=<colcon_core.verb.build.BuildVerb object at 0xfc404a5c8f40>, main=<bound method BuildVerb.main of <colcon_core.verb.build.BuildVerb object at 0xfc404a5c8f40>>)
[0.230s] Level 1:colcon.colcon_core.package_discovery:discover_packages(colcon_meta) check parameters
[0.231s] Level 1:colcon.colcon_core.package_discovery:discover_packages(recursive) check parameters
[0.231s] Level 1:colcon.colcon_core.package_discovery:discover_packages(ignore) check parameters
[0.231s] Level 1:colcon.colcon_core.package_discovery:discover_packages(path) check parameters
[0.231s] Level 1:colcon.colcon_core.package_discovery:discover_packages(colcon_meta) discover
[0.231s] Level 1:colcon.colcon_core.package_discovery:discover_packages(recursive) discover
[0.231s] INFO:colcon.colcon_core.package_discovery:Crawling recursively for packages in '/home/ubuntu-ros/ros2_ws/src'
[0.231s] Level 1:colcon.colcon_core.package_identification:_identify(.) by extensions ['ignore', 'ignore_ament_install']
[0.231s] Level 1:colcon.colcon_core.package_identification:_identify(.) by extension 'ignore'
[0.231s] Level 1:colcon.colcon_core.package_identification:_identify(.) by extension 'ignore_ament_install'
[0.231s] Level 1:colcon.colcon_core.package_identification:_identify(.) by extensions ['colcon_pkg']
[0.231s] Level 1:colcon.colcon_core.package_identification:_identify(.) by extension 'colcon_pkg'
[0.231s] Level 1:colcon.colcon_core.package_identification:_identify(.) by extensions ['colcon_meta']
[0.231s] Level 1:colcon.colcon_core.package_identification:_identify(.) by extension 'colcon_meta'
[0.231s] Level 1:colcon.colcon_core.package_identification:_identify(.) by extensions ['ros']
[0.231s] Level 1:colcon.colcon_core.package_identification:_identify(.) by extension 'ros'
[0.242s] Level 1:colcon.colcon_core.package_identification:_identify(.) by extensions ['cmake', 'python']
[0.242s] Level 1:colcon.colcon_core.package_identification:_identify(.) by extension 'cmake'
[0.242s] Level 1:colcon.colcon_core.package_identification:_identify(.) by extension 'python'
[0.242s] Level 1:colcon.colcon_core.package_identification:_identify(.) by extensions ['python_setup_py']
[0.243s] Level 1:colcon.colcon_core.package_identification:_identify(.) by extension 'python_setup_py'
[0.243s] Level 1:colcon.colcon_core.package_identification:_identify(55) by extensions ['ignore', 'ignore_ament_install']
[0.243s] Level 1:colcon.colcon_core.package_identification:_identify(55) by extension 'ignore'
[0.243s] Level 1:colcon.colcon_core.package_identification:_identify(55) by extension 'ignore_ament_install'
[0.243s] Level 1:colcon.colcon_core.package_identification:_identify(55) by extensions ['colcon_pkg']
[0.243s] Level 1:colcon.colcon_core.package_identification:_identify(55) by extension 'colcon_pkg'
[0.243s] Level 1:colcon.colcon_core.package_identification:_identify(55) by extensions ['colcon_meta']
[0.243s] Level 1:colcon.colcon_core.package_identification:_identify(55) by extension 'colcon_meta'
[0.243s] Level 1:colcon.colcon_core.package_identification:_identify(55) by extensions ['ros']
[0.243s] Level 1:colcon.colcon_core.package_identification:_identify(55) by extension 'ros'
[0.243s] Level 1:colcon.colcon_core.package_identification:_identify(55) by extensions ['cmake', 'python']
[0.243s] Level 1:colcon.colcon_core.package_identification:_identify(55) by extension 'cmake'
[0.243s] Level 1:colcon.colcon_core.package_identification:_identify(55) by extension 'python'
[0.243s] Level 1:colcon.colcon_core.package_identification:_identify(55) by extensions ['python_setup_py']
[0.243s] Level 1:colcon.colcon_core.package_identification:_identify(55) by extension 'python_setup_py'
[0.243s] Level 1:colcon.colcon_core.package_identification:_identify(55/bag_files) by extensions ['ignore', 'ignore_ament_install']
[0.243s] Level 1:colcon.colcon_core.package_identification:_identify(55/bag_files) by extension 'ignore'
[0.243s] Level 1:colcon.colcon_core.package_identification:_identify(55/bag_files) by extension 'ignore_ament_install'
[0.243s] Level 1:colcon.colcon_core.package_identification:_identify(55/bag_files) by extensions ['colcon_pkg']
[0.243s] Level 1:colcon.colcon_core.package_identification:_identify(55/bag_files) by extension 'colcon_pkg'
[0.243s] Level 1:colcon.colcon_core.package_identification:_identify(55/bag_files) by extensions ['colcon_meta']
[0.243s] Level 1:colcon.colcon_core.package_identification:_identify(55/bag_files) by extension 'colcon_meta'
[0.243s] Level 1:colcon.colcon_core.package_identification:_identify(55/bag_files) by extensions ['ros']
[0.243s] Level 1:colcon.colcon_core.package_identification:_identify(55/bag_files) by extension 'ros'
[0.244s] Level 1:colcon.colcon_core.package_identification:_identify(55/bag_files) by extensions ['cmake', 'python']
[0.244s] Level 1:colcon.colcon_core.package_identification:_identify(55/bag_files) by extension 'cmake'
[0.244s] Level 1:colcon.colcon_core.package_identification:_identify(55/bag_files) by extension 'python'
[0.244s] Level 1:colcon.colcon_core.package_identification:_identify(55/bag_files) by extensions ['python_setup_py']
[0.244s] Level 1:colcon.colcon_core.package_identification:_identify(55/bag_files) by extension 'python_setup_py'
[0.244s] Level 1:colcon.colcon_core.package_identification:_identify(55/bag_files/task_1) by extensions ['ignore', 'ignore_ament_install']
[0.244s] Level 1:colcon.colcon_core.package_identification:_identify(55/bag_files/task_1) by extension 'ignore'
[0.244s] Level 1:colcon.colcon_core.package_identification:_identify(55/bag_files/task_1) by extension 'ignore_ament_install'
[0.244s] Level 1:colcon.colcon_core.package_identification:_identify(55/bag_files/task_1) by extensions ['colcon_pkg']
[0.244s] Level 1:colcon.colcon_core.package_identification:_identify(55/bag_files/task_1) by extension 'colcon_pkg'
[0.244s] Level 1:colcon.colcon_core.package_identification:_identify(55/bag_files/task_1) by extensions ['colcon_meta']
[0.244s] Level 1:colcon.colcon_core.package_identification:_identify(55/bag_files/task_1) by extension 'colcon_meta'
[0.244s] Level 1:colcon.colcon_core.package_identification:_identify(55/bag_files/task_1) by extensions ['ros']
[0.244s] Level 1:colcon.colcon_core.package_identification:_identify(55/bag_files/task_1) by extension 'ros'
[0.244s] Level 1:colcon.colcon_core.package_identification:_identify(55/bag_files/task_1) by extensions ['cmake', 'python']
[0.244s] Level 1:colcon.colcon_core.package_identification:_identify(55/bag_files/task_1) by extension 'cmake'
[0.244s] Level 1:colcon.colcon_core.package_identification:_identify(55/bag_files/task_1) by extension 'python'
[0.244s] Level 1:colcon.colcon_core.package_identification:_identify(55/bag_files/task_1) by extensions ['python_setup_py']
[0.244s] Level 1:colcon.colcon_core.package_identification:_identify(55/bag_files/task_1) by extension 'python_setup_py'
[0.244s] Level 1:colcon.colcon_core.package_identification:_identify(55/bag_files/task_2) by extensions ['ignore', 'ignore_ament_install']
[0.244s] Level 1:colcon.colcon_core.package_identification:_identify(55/bag_files/task_2) by extension 'ignore'
[0.244s] Level 1:colcon.colcon_core.package_identification:_identify(55/bag_files/task_2) by extension 'ignore_ament_install'
[0.244s] Level 1:colcon.colcon_core.package_identification:_identify(55/bag_files/task_2) by extensions ['colcon_pkg']
[0.244s] Level 1:colcon.colcon_core.package_identification:_identify(55/bag_files/task_2) by extension 'colcon_pkg'
[0.244s] Level 1:colcon.colcon_core.package_identification:_identify(55/bag_files/task_2) by extensions ['colcon_meta']
[0.244s] Level 1:colcon.colcon_core.package_identification:_identify(55/bag_files/task_2) by extension 'colcon_meta'
[0.244s] Level 1:colcon.colcon_core.package_identification:_identify(55/bag_files/task_2) by extensions ['ros']
[0.245s] Level 1:colcon.colcon_core.package_identification:_identify(55/bag_files/task_2) by extension 'ros'
[0.245s] Level 1:colcon.colcon_core.package_identification:_identify(55/bag_files/task_2) by extensions ['cmake', 'python']
[0.245s] Level 1:colcon.colcon_core.package_identification:_identify(55/bag_files/task_2) by extension 'cmake'
[0.245s] Level 1:colcon.colcon_core.package_identification:_identify(55/bag_files/task_2) by extension 'python'
[0.245s] Level 1:colcon.colcon_core.package_identification:_identify(55/bag_files/task_2) by extensions ['python_setup_py']
[0.245s] Level 1:colcon.colcon_core.package_identification:_identify(55/bag_files/task_2) by extension 'python_setup_py'
[0.245s] Level 1:colcon.colcon_core.package_identification:_identify(55/build) by extensions ['ignore', 'ignore_ament_install']
[0.245s] Level 1:colcon.colcon_core.package_identification:_identify(55/build) by extension 'ignore'
[0.245s] Level 1:colcon.colcon_core.package_identification:_identify(55/build) ignored
[0.245s] Level 1:colcon.colcon_core.package_identification:_identify(55/install) by extensions ['ignore', 'ignore_ament_install']
[0.245s] Level 1:colcon.colcon_core.package_identification:_identify(55/install) by extension 'ignore'
[0.245s] Level 1:colcon.colcon_core.package_identification:_identify(55/install) ignored
[0.245s] Level 1:colcon.colcon_core.package_identification:_identify(55/log) by extensions ['ignore', 'ignore_ament_install']
[0.245s] Level 1:colcon.colcon_core.package_identification:_identify(55/log) by extension 'ignore'
[0.245s] Level 1:colcon.colcon_core.package_identification:_identify(55/log) ignored
[0.246s] Level 1:colcon.colcon_core.package_identification:_identify(55/task_1) by extensions ['ignore', 'ignore_ament_install']
[0.246s] Level 1:colcon.colcon_core.package_identification:_identify(55/task_1) by extension 'ignore'
[0.246s] Level 1:colcon.colcon_core.package_identification:_identify(55/task_1) by extension 'ignore_ament_install'
[0.246s] Level 1:colcon.colcon_core.package_identification:_identify(55/task_1) by extensions ['colcon_pkg']
[0.246s] Level 1:colcon.colcon_core.package_identification:_identify(55/task_1) by extension 'colcon_pkg'
[0.246s] Level 1:colcon.colcon_core.package_identification:_identify(55/task_1) by extensions ['colcon_meta']
[0.246s] Level 1:colcon.colcon_core.package_identification:_identify(55/task_1) by extension 'colcon_meta'
[0.246s] Level 1:colcon.colcon_core.package_identification:_identify(55/task_1) by extensions ['ros']
[0.246s] Level 1:colcon.colcon_core.package_identification:_identify(55/task_1) by extension 'ros'
[0.248s] DEBUG:colcon.colcon_core.package_identification:Package '55/task_1' with type 'ros.ament_python' and name 'task_1'
[0.248s] Level 1:colcon.colcon_core.package_identification:_identify(55/task_2) by extensions ['ignore', 'ignore_ament_install']
[0.248s] Level 1:colcon.colcon_core.package_identification:_identify(55/task_2) by extension 'ignore'
[0.248s] Level 1:colcon.colcon_core.package_identification:_identify(55/task_2) by extension 'ignore_ament_install'
[0.248s] Level 1:colcon.colcon_core.package_identification:_identify(55/task_2) by extensions ['colcon_pkg']
[0.248s] Level 1:colcon.colcon_core.package_identification:_identify(55/task_2) by extension 'colcon_pkg'
[0.248s] Level 1:colcon.colcon_core.package_identification:_identify(55/task_2) by extensions ['colcon_meta']
[0.248s] Level 1:colcon.colcon_core.package_identification:_identify(55/task_2) by extension 'colcon_meta'
[0.249s] Level 1:colcon.colcon_core.package_identification:_identify(55/task_2) by extensions ['ros']
[0.249s] Level 1:colcon.colcon_core.package_identification:_identify(55/task_2) by extension 'ros'
[0.249s] DEBUG:colcon.colcon_core.package_identification:Package '55/task_2' with type 'ros.ament_python' and name 'task_2'
[0.249s] Level 1:colcon.colcon_core.package_identification:_identify(55/task_2_interfaces) by extensions ['ignore', 'ignore_ament_install']
[0.249s] Level 1:colcon.colcon_core.package_identification:_identify(55/task_2_interfaces) by extension 'ignore'
[0.249s] Level 1:colcon.colcon_core.package_identification:_identify(55/task_2_interfaces) by extension 'ignore_ament_install'
[0.249s] Level 1:colcon.colcon_core.package_identification:_identify(55/task_2_interfaces) by extensions ['colcon_pkg']
[0.249s] Level 1:colcon.colcon_core.package_identification:_identify(55/task_2_interfaces) by extension 'colcon_pkg'
[0.249s] Level 1:colcon.colcon_core.package_identification:_identify(55/task_2_interfaces) by extensions ['colcon_meta']
[0.249s] Level 1:colcon.colcon_core.package_identification:_identify(55/task_2_interfaces) by extension 'colcon_meta'
[0.250s] Level 1:colcon.colcon_core.package_identification:_identify(55/task_2_interfaces) by extensions ['ros']
[0.250s] Level 1:colcon.colcon_core.package_identification:_identify(55/task_2_interfaces) by extension 'ros'
[0.250s] DEBUG:colcon.colcon_core.package_identification:Package '55/task_2_interfaces' with type 'ros.ament_cmake' and name 'task_2_interfaces'
[0.250s] Level 1:colcon.colcon_core.package_identification:_identify(build) by extensions ['ignore', 'ignore_ament_install']
[0.250s] Level 1:colcon.colcon_core.package_identification:_identify(build) by extension 'ignore'
[0.250s] Level 1:colcon.colcon_core.package_identification:_identify(build) ignored
[0.250s] Level 1:colcon.colcon_core.package_identification:_identify(install) by extensions ['ignore', 'ignore_ament_install']
[0.250s] Level 1:colcon.colcon_core.package_identification:_identify(install) by extension 'ignore'
[0.250s] Level 1:colcon.colcon_core.package_identification:_identify(install) ignored
[0.250s] Level 1:colcon.colcon_core.package_identification:_identify(log) by extensions ['ignore', 'ignore_ament_install']
[0.251s] Level 1:colcon.colcon_core.package_identification:_identify(log) by extension 'ignore'
[0.251s] Level 1:colcon.colcon_core.package_identification:_identify(log) ignored
[0.251s] Level 1:colcon.colcon_core.package_discovery:discover_packages(recursive) using defaults
[0.251s] Level 1:colcon.colcon_core.package_discovery:discover_packages(ignore) discover
[0.251s] Level 1:colcon.colcon_core.package_discovery:discover_packages(ignore) using defaults
[0.251s] Level 1:colcon.colcon_core.package_discovery:discover_packages(path) discover
[0.251s] Level 1:colcon.colcon_core.package_discovery:discover_packages(path) using defaults
[0.269s] Level 1:colcon.colcon_core.package_discovery:discover_packages(prefix_path) check parameters
[0.269s] Level 1:colcon.colcon_core.package_discovery:discover_packages(prefix_path) discover
[0.271s] DEBUG:colcon.colcon_installed_package_information.package_discovery:Found 293 installed packages in /opt/ros/humble
[0.272s] Level 1:colcon.colcon_core.package_discovery:discover_packages(prefix_path) using defaults
[0.320s] Level 5:colcon.colcon_core.verb:set package 'task_1' build argument 'cmake_args' from command line to 'None'
[0.320s] Level 5:colcon.colcon_core.verb:set package 'task_1' build argument 'cmake_target' from command line to 'None'
[0.320s] Level 5:colcon.colcon_core.verb:set package 'task_1' build argument 'cmake_target_skip_unavailable' from command line to 'False'
[0.320s] Level 5:colcon.colcon_core.verb:set package 'task_1' build argument 'cmake_clean_cache' from command line to 'False'
[0.320s] Level 5:colcon.colcon_core.verb:set package 'task_1' build argument 'cmake_clean_first' from command line to 'False'
[0.320s] Level 5:colcon.colcon_core.verb:set package 'task_1' build argument 'cmake_force_configure' from command line to 'False'
[0.320s] Level 5:colcon.colcon_core.verb:set package 'task_1' build argument 'ament_cmake_args' from command line to 'None'
[0.320s] Level 5:colcon.colcon_core.verb:set package 'task_1' build argument 'catkin_cmake_args' from command line to 'None'
[0.320s] Level 5:colcon.colcon_core.verb:set package 'task_1' build argument 'catkin_skip_building_tests' from command line to 'False'
[0.320s] DEBUG:colcon.colcon_core.verb:Building package 'task_1' with the following arguments: {'ament_cmake_args': None, 'build_base': '/home/ubuntu-ros/ros2_ws/src/build/task_1', 'catkin_cmake_args': None, 'catkin_skip_building_tests': False, 'cmake_args': None, 'cmake_clean_cache': False, 'cmake_clean_first': False, 'cmake_force_configure': False, 'cmake_target': None, 'cmake_target_skip_unavailable': False, 'install_base': '/home/ubuntu-ros/ros2_ws/src/install/task_1', 'merge_install': False, 'path': '/home/ubuntu-ros/ros2_ws/src/55/task_1', 'symlink_install': False, 'test_result_base': None}
[0.321s] Level 5:colcon.colcon_core.verb:set package 'task_2_interfaces' build argument 'cmake_args' from command line to 'None'
[0.321s] Level 5:colcon.colcon_core.verb:set package 'task_2_interfaces' build argument 'cmake_target' from command line to 'None'
[0.321s] Level 5:colcon.colcon_core.verb:set package 'task_2_interfaces' build argument 'cmake_target_skip_unavailable' from command line to 'False'
[0.321s] Level 5:colcon.colcon_core.verb:set package 'task_2_interfaces' build argument 'cmake_clean_cache' from command line to 'False'
[0.321s] Level 5:colcon.colcon_core.verb:set package 'task_2_interfaces' build argument 'cmake_clean_first' from command line to 'False'
[0.321s] Level 5:colcon.colcon_core.verb:set package 'task_2_interfaces' build argument 'cmake_force_configure' from command line to 'False'
[0.321s] Level 5:colcon.colcon_core.verb:set package 'task_2_interfaces' build argument 'ament_cmake_args' from command line to 'None'
[0.321s] Level 5:colcon.colcon_core.verb:set package 'task_2_interfaces' build argument 'catkin_cmake_args' from command line to 'None'
[0.321s] Level 5:colcon.colcon_core.verb:set package 'task_2_interfaces' build argument 'catkin_skip_building_tests' from command line to 'False'
[0.321s] DEBUG:colcon.colcon_core.verb:Building package 'task_2_interfaces' with the following arguments: {'ament_cmake_args': None, 'build_base': '/home/ubuntu-ros/ros2_ws/src/build/task_2_interfaces', 'catkin_cmake_args': None, 'catkin_skip_building_tests': False, 'cmake_args': None, 'cmake_clean_cache': False, 'cmake_clean_first': False, 'cmake_force_configure': False, 'cmake_target': None, 'cmake_target_skip_unavailable': False, 'install_base': '/home/ubuntu-ros/ros2_ws/src/install/task_2_interfaces', 'merge_install': False, 'path': '/home/ubuntu-ros/ros2_ws/src/55/task_2_interfaces', 'symlink_install': False, 'test_result_base': None}
[0.321s] Level 5:colcon.colcon_core.verb:set package 'task_2' build argument 'cmake_args' from command line to 'None'
[0.321s] Level 5:colcon.colcon_core.verb:set package 'task_2' build argument 'cmake_target' from command line to 'None'
[0.321s] Level 5:colcon.colcon_core.verb:set package 'task_2' build argument 'cmake_target_skip_unavailable' from command line to 'False'
[0.321s] Level 5:colcon.colcon_core.verb:set package 'task_2' build argument 'cmake_clean_cache' from command line to 'False'
[0.321s] Level 5:colcon.colcon_core.verb:set package 'task_2' build argument 'cmake_clean_first' from command line to 'False'
[0.321s] Level 5:colcon.colcon_core.verb:set package 'task_2' build argument 'cmake_force_configure' from command line to 'False'
[0.321s] Level 5:colcon.colcon_core.verb:set package 'task_2' build argument 'ament_cmake_args' from command line to 'None'
[0.321s] Level 5:colcon.colcon_core.verb:set package 'task_2' build argument 'catkin_cmake_args' from command line to 'None'
[0.321s] Level 5:colcon.colcon_core.verb:set package 'task_2' build argument 'catkin_skip_building_tests' from command line to 'False'
[0.321s] DEBUG:colcon.colcon_core.verb:Building package 'task_2' with the following arguments: {'ament_cmake_args': None, 'build_base': '/home/ubuntu-ros/ros2_ws/src/build/task_2', 'catkin_cmake_args': None, 'catkin_skip_building_tests': False, 'cmake_args': None, 'cmake_clean_cache': False, 'cmake_clean_first': False, 'cmake_force_configure': False, 'cmake_target': None, 'cmake_target_skip_unavailable': False, 'install_base': '/home/ubuntu-ros/ros2_ws/src/install/task_2', 'merge_install': False, 'path': '/home/ubuntu-ros/ros2_ws/src/55/task_2', 'symlink_install': False, 'test_result_base': None}
[0.321s] INFO:colcon.colcon_core.executor:Executing jobs using 'parallel' executor
[0.322s] DEBUG:colcon.colcon_parallel_executor.executor.parallel:run_until_complete
[0.323s] INFO:colcon.colcon_ros.task.ament_cmake.build:Building ROS package in '/home/ubuntu-ros/ros2_ws/src/55/task_2_interfaces' with build type 'ament_cmake'
[0.323s] INFO:colcon.colcon_cmake.task.cmake.build:Building CMake package in '/home/ubuntu-ros/ros2_ws/src/55/task_2_interfaces'
[0.325s] INFO:colcon.colcon_core.plugin_system:Skipping extension 'colcon_core.shell.bat': Not used on non-Windows systems
[0.325s] INFO:colcon.colcon_core.shell:Skip shell extension 'powershell' for command environment: Not usable outside of PowerShell
[0.325s] DEBUG:colcon.colcon_core.shell:Skip shell extension 'dsv' for command environment
[0.328s] INFO:colcon.colcon_ros.task.ament_python.build:Building ROS package in '/home/ubuntu-ros/ros2_ws/src/55/task_1' with build type 'ament_python'
[0.328s] Level 1:colcon.colcon_core.shell:create_environment_hook('task_1', 'ament_prefix_path')
[0.328s] INFO:colcon.colcon_core.shell:Creating environment hook '/home/ubuntu-ros/ros2_ws/src/install/task_1/share/task_1/hook/ament_prefix_path.ps1'
[0.329s] INFO:colcon.colcon_core.shell:Creating environment descriptor '/home/ubuntu-ros/ros2_ws/src/install/task_1/share/task_1/hook/ament_prefix_path.dsv'
[0.330s] INFO:colcon.colcon_core.shell:Creating environment hook '/home/ubuntu-ros/ros2_ws/src/install/task_1/share/task_1/hook/ament_prefix_path.sh'
[0.330s] INFO:colcon.colcon_core.shell:Skip shell extension 'powershell' for command environment: Not usable outside of PowerShell
[0.330s] DEBUG:colcon.colcon_core.shell:Skip shell extension 'dsv' for command environment
[0.340s] DEBUG:colcon.colcon_core.event_handler.log_command:Invoking command in '/home/ubuntu-ros/ros2_ws/src/build/task_2_interfaces': CMAKE_PREFIX_PATH=/opt/ros/humble /usr/bin/cmake --build /home/ubuntu-ros/ros2_ws/src/build/task_2_interfaces -- -j6 -l6
[0.647s] INFO:colcon.colcon_core.task.python.build:Building Python package in '/home/ubuntu-ros/ros2_ws/src/55/task_1'
[0.647s] INFO:colcon.colcon_core.shell:Skip shell extension 'powershell' for command environment: Not usable outside of PowerShell
[0.647s] DEBUG:colcon.colcon_core.shell:Skip shell extension 'dsv' for command environment
[0.712s] DEBUG:colcon.colcon_core.event_handler.log_command:Invoked command in '/home/ubuntu-ros/ros2_ws/src/build/task_2_interfaces' returned '0': CMAKE_PREFIX_PATH=/opt/ros/humble /usr/bin/cmake --build /home/ubuntu-ros/ros2_ws/src/build/task_2_interfaces -- -j6 -l6
[0.789s] DEBUG:colcon.colcon_core.event_handler.log_command:Invoking command in '/home/ubuntu-ros/ros2_ws/src/build/task_2_interfaces': CMAKE_PREFIX_PATH=/opt/ros/humble /usr/bin/cmake --install /home/ubuntu-ros/ros2_ws/src/build/task_2_interfaces
[0.846s] Level 1:colcon.colcon_core.environment:create_environment_scripts_only(task_2_interfaces)
[0.847s] DEBUG:colcon.colcon_core.event_handler.log_command:Invoked command in '/home/ubuntu-ros/ros2_ws/src/build/task_2_interfaces' returned '0': CMAKE_PREFIX_PATH=/opt/ros/humble /usr/bin/cmake --install /home/ubuntu-ros/ros2_ws/src/build/task_2_interfaces
[0.849s] Level 1:colcon.colcon_core.environment:checking '/home/ubuntu-ros/ros2_ws/src/install/task_2_interfaces' for CMake module files
[0.849s] Level 1:colcon.colcon_core.environment:checking '/home/ubuntu-ros/ros2_ws/src/install/task_2_interfaces' for CMake config files
[0.850s] Level 1:colcon.colcon_core.shell:create_environment_hook('task_2_interfaces', 'cmake_prefix_path')
[0.851s] INFO:colcon.colcon_core.shell:Creating environment hook '/home/ubuntu-ros/ros2_ws/src/install/task_2_interfaces/share/task_2_interfaces/hook/cmake_prefix_path.ps1'
[0.852s] INFO:colcon.colcon_core.shell:Creating environment descriptor '/home/ubuntu-ros/ros2_ws/src/install/task_2_interfaces/share/task_2_interfaces/hook/cmake_prefix_path.dsv'
[0.853s] INFO:colcon.colcon_core.shell:Creating environment hook '/home/ubuntu-ros/ros2_ws/src/install/task_2_interfaces/share/task_2_interfaces/hook/cmake_prefix_path.sh'
[0.855s] Level 1:colcon.colcon_core.environment:checking '/home/ubuntu-ros/ros2_ws/src/install/task_2_interfaces/lib'
[0.855s] Level 1:colcon.colcon_core.shell:create_environment_hook('task_2_interfaces', 'ld_library_path_lib')
[0.856s] INFO:colcon.colcon_core.shell:Creating environment hook '/home/ubuntu-ros/ros2_ws/src/install/task_2_interfaces/share/task_2_interfaces/hook/ld_library_path_lib.ps1'
[0.857s] INFO:colcon.colcon_core.shell:Creating environment descriptor '/home/ubuntu-ros/ros2_ws/src/install/task_2_interfaces/share/task_2_interfaces/hook/ld_library_path_lib.dsv'
[0.857s] INFO:colcon.colcon_core.shell:Creating environment hook '/home/ubuntu-ros/ros2_ws/src/install/task_2_interfaces/share/task_2_interfaces/hook/ld_library_path_lib.sh'
[0.859s] Level 1:colcon.colcon_core.environment:checking '/home/ubuntu-ros/ros2_ws/src/install/task_2_interfaces/bin'
[0.859s] Level 1:colcon.colcon_core.environment:checking '/home/ubuntu-ros/ros2_ws/src/install/task_2_interfaces/lib/pkgconfig/task_2_interfaces.pc'
[0.859s] Level 1:colcon.colcon_core.environment:checking '/home/ubuntu-ros/ros2_ws/src/install/task_2_interfaces/lib/python3.10/site-packages'
[0.859s] Level 1:colcon.colcon_core.environment:checking '/home/ubuntu-ros/ros2_ws/src/install/task_2_interfaces/bin'
[0.860s] INFO:colcon.colcon_core.shell:Creating package script '/home/ubuntu-ros/ros2_ws/src/install/task_2_interfaces/share/task_2_interfaces/package.ps1'
[0.861s] INFO:colcon.colcon_core.shell:Creating package descriptor '/home/ubuntu-ros/ros2_ws/src/install/task_2_interfaces/share/task_2_interfaces/package.dsv'
[0.862s] INFO:colcon.colcon_core.shell:Creating package script '/home/ubuntu-ros/ros2_ws/src/install/task_2_interfaces/share/task_2_interfaces/package.sh'
[0.863s] INFO:colcon.colcon_core.shell:Creating package script '/home/ubuntu-ros/ros2_ws/src/install/task_2_interfaces/share/task_2_interfaces/package.bash'
[0.864s] INFO:colcon.colcon_core.shell:Creating package script '/home/ubuntu-ros/ros2_ws/src/install/task_2_interfaces/share/task_2_interfaces/package.zsh'
[0.865s] Level 1:colcon.colcon_core.environment:create_file_with_runtime_dependencies(/home/ubuntu-ros/ros2_ws/src/install/task_2_interfaces/share/colcon-core/packages/task_2_interfaces)
[0.948s] Level 1:colcon.colcon_core.environment:create_environment_scripts_only(task_2_interfaces)
[0.948s] Level 1:colcon.colcon_core.environment:checking '/home/ubuntu-ros/ros2_ws/src/install/task_2_interfaces' for CMake module files
[0.949s] Level 1:colcon.colcon_core.environment:checking '/home/ubuntu-ros/ros2_ws/src/install/task_2_interfaces' for CMake config files
[0.950s] Level 1:colcon.colcon_core.shell:create_environment_hook('task_2_interfaces', 'cmake_prefix_path')
[0.951s] INFO:colcon.colcon_core.shell:Creating environment hook '/home/ubuntu-ros/ros2_ws/src/install/task_2_interfaces/share/task_2_interfaces/hook/cmake_prefix_path.ps1'
[0.952s] INFO:colcon.colcon_core.shell:Creating environment descriptor '/home/ubuntu-ros/ros2_ws/src/install/task_2_interfaces/share/task_2_interfaces/hook/cmake_prefix_path.dsv'
[0.952s] INFO:colcon.colcon_core.shell:Creating environment hook '/home/ubuntu-ros/ros2_ws/src/install/task_2_interfaces/share/task_2_interfaces/hook/cmake_prefix_path.sh'
[0.953s] Level 1:colcon.colcon_core.environment:checking '/home/ubuntu-ros/ros2_ws/src/install/task_2_interfaces/lib'
[0.953s] Level 1:colcon.colcon_core.shell:create_environment_hook('task_2_interfaces', 'ld_library_path_lib')
[0.953s] INFO:colcon.colcon_core.shell:Creating environment hook '/home/ubuntu-ros/ros2_ws/src/install/task_2_interfaces/share/task_2_interfaces/hook/ld_library_path_lib.ps1'
[0.954s] INFO:colcon.colcon_core.shell:Creating environment descriptor '/home/ubuntu-ros/ros2_ws/src/install/task_2_interfaces/share/task_2_interfaces/hook/ld_library_path_lib.dsv'
[0.954s] INFO:colcon.colcon_core.shell:Creating environment hook '/home/ubuntu-ros/ros2_ws/src/install/task_2_interfaces/share/task_2_interfaces/hook/ld_library_path_lib.sh'
[0.954s] Level 1:colcon.colcon_core.environment:checking '/home/ubuntu-ros/ros2_ws/src/install/task_2_interfaces/bin'
[0.955s] Level 1:colcon.colcon_core.environment:checking '/home/ubuntu-ros/ros2_ws/src/install/task_2_interfaces/lib/pkgconfig/task_2_interfaces.pc'
[0.955s] Level 1:colcon.colcon_core.environment:checking '/home/ubuntu-ros/ros2_ws/src/install/task_2_interfaces/lib/python3.10/site-packages'
[0.955s] Level 1:colcon.colcon_core.environment:checking '/home/ubuntu-ros/ros2_ws/src/install/task_2_interfaces/bin'
[0.955s] INFO:colcon.colcon_core.shell:Creating package script '/home/ubuntu-ros/ros2_ws/src/install/task_2_interfaces/share/task_2_interfaces/package.ps1'
[0.956s] INFO:colcon.colcon_core.shell:Creating package descriptor '/home/ubuntu-ros/ros2_ws/src/install/task_2_interfaces/share/task_2_interfaces/package.dsv'
[0.956s] INFO:colcon.colcon_core.shell:Creating package script '/home/ubuntu-ros/ros2_ws/src/install/task_2_interfaces/share/task_2_interfaces/package.sh'
[0.957s] INFO:colcon.colcon_core.shell:Creating package script '/home/ubuntu-ros/ros2_ws/src/install/task_2_interfaces/share/task_2_interfaces/package.bash'
[0.957s] INFO:colcon.colcon_core.shell:Creating package script '/home/ubuntu-ros/ros2_ws/src/install/task_2_interfaces/share/task_2_interfaces/package.zsh'
[0.958s] Level 1:colcon.colcon_core.environment:create_file_with_runtime_dependencies(/home/ubuntu-ros/ros2_ws/src/install/task_2_interfaces/share/colcon-core/packages/task_2_interfaces)
[0.959s] INFO:colcon.colcon_ros.task.ament_python.build:Building ROS package in '/home/ubuntu-ros/ros2_ws/src/55/task_2' with build type 'ament_python'
[0.959s] Level 1:colcon.colcon_core.shell:create_environment_hook('task_2', 'ament_prefix_path')
[0.959s] INFO:colcon.colcon_core.shell:Creating environment hook '/home/ubuntu-ros/ros2_ws/src/install/task_2/share/task_2/hook/ament_prefix_path.ps1'
[0.960s] INFO:colcon.colcon_core.shell:Creating environment descriptor '/home/ubuntu-ros/ros2_ws/src/install/task_2/share/task_2/hook/ament_prefix_path.dsv'
[0.961s] INFO:colcon.colcon_core.shell:Creating environment hook '/home/ubuntu-ros/ros2_ws/src/install/task_2/share/task_2/hook/ament_prefix_path.sh'
[0.961s] INFO:colcon.colcon_core.shell:Skip shell extension 'powershell' for command environment: Not usable outside of PowerShell
[0.961s] DEBUG:colcon.colcon_core.shell:Skip shell extension 'dsv' for command environment
[1.241s] INFO:colcon.colcon_core.task.python.build:Building Python package in '/home/ubuntu-ros/ros2_ws/src/55/task_2'
[1.242s] INFO:colcon.colcon_core.shell:Skip shell extension 'powershell' for command environment: Not usable outside of PowerShell
[1.242s] DEBUG:colcon.colcon_core.shell:Skip shell extension 'dsv' for command environment
[1.253s] DEBUG:colcon.colcon_core.event_handler.log_command:Invoking command in '/home/ubuntu-ros/ros2_ws/src/55/task_1': PYTHONPATH=/home/ubuntu-ros/ros2_ws/src/build/task_1/prefix_override:/usr/lib/python3/dist-packages/colcon_core/task/python/colcon_distutils_commands:/home/ubuntu-ros/ros2_ws/src/install/task_1/lib/python3.10/site-packages:${PYTHONPATH} /usr/bin/python3 -W ignore:setup.py install is deprecated setup.py egg_info --egg-base ../../build/task_1 build --build-base /home/ubuntu-ros/ros2_ws/src/build/task_1/build install --record /home/ubuntu-ros/ros2_ws/src/build/task_1/install.log --single-version-externally-managed install_data
[1.691s] Level 1:colcon.colcon_core.environment:checking '/home/ubuntu-ros/ros2_ws/src/install/task_1' for CMake module files
[1.693s] DEBUG:colcon.colcon_core.event_handler.log_command:Invoked command in '/home/ubuntu-ros/ros2_ws/src/55/task_1' returned '0': PYTHONPATH=/home/ubuntu-ros/ros2_ws/src/build/task_1/prefix_override:/usr/lib/python3/dist-packages/colcon_core/task/python/colcon_distutils_commands:/home/ubuntu-ros/ros2_ws/src/install/task_1/lib/python3.10/site-packages:${PYTHONPATH} /usr/bin/python3 -W ignore:setup.py install is deprecated setup.py egg_info --egg-base ../../build/task_1 build --build-base /home/ubuntu-ros/ros2_ws/src/build/task_1/build install --record /home/ubuntu-ros/ros2_ws/src/build/task_1/install.log --single-version-externally-managed install_data
[1.694s] Level 1:colcon.colcon_core.environment:checking '/home/ubuntu-ros/ros2_ws/src/install/task_1' for CMake config files
[1.695s] Level 1:colcon.colcon_core.environment:checking '/home/ubuntu-ros/ros2_ws/src/install/task_1/lib'
[1.695s] Level 1:colcon.colcon_core.environment:checking '/home/ubuntu-ros/ros2_ws/src/install/task_1/bin'
[1.695s] Level 1:colcon.colcon_core.environment:checking '/home/ubuntu-ros/ros2_ws/src/install/task_1/lib/pkgconfig/task_1.pc'
[1.695s] Level 1:colcon.colcon_core.environment:checking '/home/ubuntu-ros/ros2_ws/src/install/task_1/lib/python3.10/site-packages'
[1.696s] Level 1:colcon.colcon_core.shell:create_environment_hook('task_1', 'pythonpath')
[1.696s] INFO:colcon.colcon_core.shell:Creating environment hook '/home/ubuntu-ros/ros2_ws/src/install/task_1/share/task_1/hook/pythonpath.ps1'
[1.697s] INFO:colcon.colcon_core.shell:Creating environment descriptor '/home/ubuntu-ros/ros2_ws/src/install/task_1/share/task_1/hook/pythonpath.dsv'
[1.697s] INFO:colcon.colcon_core.shell:Creating environment hook '/home/ubuntu-ros/ros2_ws/src/install/task_1/share/task_1/hook/pythonpath.sh'
[1.698s] Level 1:colcon.colcon_core.environment:checking '/home/ubuntu-ros/ros2_ws/src/install/task_1/bin'
[1.698s] Level 1:colcon.colcon_core.environment:create_environment_scripts_only(task_1)
[1.699s] INFO:colcon.colcon_core.shell:Creating package script '/home/ubuntu-ros/ros2_ws/src/install/task_1/share/task_1/package.ps1'
[1.699s] INFO:colcon.colcon_core.shell:Creating package descriptor '/home/ubuntu-ros/ros2_ws/src/install/task_1/share/task_1/package.dsv'
[1.700s] INFO:colcon.colcon_core.shell:Creating package script '/home/ubuntu-ros/ros2_ws/src/install/task_1/share/task_1/package.sh'
[1.702s] INFO:colcon.colcon_core.shell:Creating package script '/home/ubuntu-ros/ros2_ws/src/install/task_1/share/task_1/package.bash'
[1.702s] INFO:colcon.colcon_core.shell:Creating package script '/home/ubuntu-ros/ros2_ws/src/install/task_1/share/task_1/package.zsh'
[1.703s] Level 1:colcon.colcon_core.environment:create_file_with_runtime_dependencies(/home/ubuntu-ros/ros2_ws/src/install/task_1/share/colcon-core/packages/task_1)
[1.770s] DEBUG:colcon.colcon_core.event_handler.log_command:Invoking command in '/home/ubuntu-ros/ros2_ws/src/55/task_2': AMENT_PREFIX_PATH=/home/ubuntu-ros/ros2_ws/src/install/task_2_interfaces:${AMENT_PREFIX_PATH} CMAKE_PREFIX_PATH=/home/ubuntu-ros/ros2_ws/src/install/task_2_interfaces LD_LIBRARY_PATH=/home/ubuntu-ros/ros2_ws/src/install/task_2_interfaces/lib:${LD_LIBRARY_PATH} PYTHONPATH=/home/ubuntu-ros/ros2_ws/src/build/task_2/prefix_override:/usr/lib/python3/dist-packages/colcon_core/task/python/colcon_distutils_commands:/home/ubuntu-ros/ros2_ws/src/install/task_2/lib/python3.10/site-packages:/home/ubuntu-ros/ros2_ws/src/install/task_2_interfaces/local/lib/python3.10/dist-packages:${PYTHONPATH} /usr/bin/python3 -W ignore:setup.py install is deprecated setup.py egg_info --egg-base ../../build/task_2 build --build-base /home/ubuntu-ros/ros2_ws/src/build/task_2/build install --record /home/ubuntu-ros/ros2_ws/src/build/task_2/install.log --single-version-externally-managed install_data
[2.185s] Level 1:colcon.colcon_core.environment:checking '/home/ubuntu-ros/ros2_ws/src/install/task_2' for CMake module files
[2.185s] DEBUG:colcon.colcon_core.event_handler.log_command:Invoked command in '/home/ubuntu-ros/ros2_ws/src/55/task_2' returned '0': AMENT_PREFIX_PATH=/home/ubuntu-ros/ros2_ws/src/install/task_2_interfaces:${AMENT_PREFIX_PATH} CMAKE_PREFIX_PATH=/home/ubuntu-ros/ros2_ws/src/install/task_2_interfaces LD_LIBRARY_PATH=/home/ubuntu-ros/ros2_ws/src/install/task_2_interfaces/lib:${LD_LIBRARY_PATH} PYTHONPATH=/home/ubuntu-ros/ros2_ws/src/build/task_2/prefix_override:/usr/lib/python3/dist-packages/colcon_core/task/python/colcon_distutils_commands:/home/ubuntu-ros/ros2_ws/src/install/task_2/lib/python3.10/site-packages:/home/ubuntu-ros/ros2_ws/src/install/task_2_interfaces/local/lib/python3.10/dist-packages:${PYTHONPATH} /usr/bin/python3 -W ignore:setup.py install is deprecated setup.py egg_info --egg-base ../../build/task_2 build --build-base /home/ubuntu-ros/ros2_ws/src/build/task_2/build install --record /home/ubuntu-ros/ros2_ws/src/build/task_2/install.log --single-version-externally-managed install_data
[2.186s] Level 1:colcon.colcon_core.environment:checking '/home/ubuntu-ros/ros2_ws/src/install/task_2' for CMake config files
[2.187s] Level 1:colcon.colcon_core.environment:checking '/home/ubuntu-ros/ros2_ws/src/install/task_2/lib'
[2.188s] Level 1:colcon.colcon_core.environment:checking '/home/ubuntu-ros/ros2_ws/src/install/task_2/bin'
[2.188s] Level 1:colcon.colcon_core.environment:checking '/home/ubuntu-ros/ros2_ws/src/install/task_2/lib/pkgconfig/task_2.pc'
[2.188s] Level 1:colcon.colcon_core.environment:checking '/home/ubuntu-ros/ros2_ws/src/install/task_2/lib/python3.10/site-packages'
[2.188s] Level 1:colcon.colcon_core.shell:create_environment_hook('task_2', 'pythonpath')
[2.188s] INFO:colcon.colcon_core.shell:Creating environment hook '/home/ubuntu-ros/ros2_ws/src/install/task_2/share/task_2/hook/pythonpath.ps1'
[2.189s] INFO:colcon.colcon_core.shell:Creating environment descriptor '/home/ubuntu-ros/ros2_ws/src/install/task_2/share/task_2/hook/pythonpath.dsv'
[2.189s] INFO:colcon.colcon_core.shell:Creating environment hook '/home/ubuntu-ros/ros2_ws/src/install/task_2/share/task_2/hook/pythonpath.sh'
[2.190s] Level 1:colcon.colcon_core.environment:checking '/home/ubuntu-ros/ros2_ws/src/install/task_2/bin'
[2.190s] Level 1:colcon.colcon_core.environment:create_environment_scripts_only(task_2)
[2.190s] INFO:colcon.colcon_core.shell:Creating package script '/home/ubuntu-ros/ros2_ws/src/install/task_2/share/task_2/package.ps1'
[2.191s] INFO:colcon.colcon_core.shell:Creating package descriptor '/home/ubuntu-ros/ros2_ws/src/install/task_2/share/task_2/package.dsv'
[2.191s] INFO:colcon.colcon_core.shell:Creating package script '/home/ubuntu-ros/ros2_ws/src/install/task_2/share/task_2/package.sh'
[2.192s] INFO:colcon.colcon_core.shell:Creating package script '/home/ubuntu-ros/ros2_ws/src/install/task_2/share/task_2/package.bash'
[2.192s] INFO:colcon.colcon_core.shell:Creating package script '/home/ubuntu-ros/ros2_ws/src/install/task_2/share/task_2/package.zsh'
[2.193s] Level 1:colcon.colcon_core.environment:create_file_with_runtime_dependencies(/home/ubuntu-ros/ros2_ws/src/install/task_2/share/colcon-core/packages/task_2)
[2.193s] DEBUG:colcon.colcon_parallel_executor.executor.parallel:closing loop
[2.193s] DEBUG:colcon.colcon_parallel_executor.executor.parallel:loop closed
[2.193s] DEBUG:colcon.colcon_parallel_executor.executor.parallel:run_until_complete finished with '0'
[2.193s] DEBUG:colcon.colcon_core.event_reactor:joining thread
[2.201s] INFO:colcon.colcon_core.plugin_system:Skipping extension 'colcon_notification.desktop_notification.terminal_notifier': Not used on non-Darwin systems
[2.201s] INFO:colcon.colcon_core.plugin_system:Skipping extension 'colcon_notification.desktop_notification.win32': Not used on non-Windows systems
[2.201s] INFO:colcon.colcon_notification.desktop_notification:Sending desktop notification using 'notify2'
[2.223s] DEBUG:colcon.colcon_core.event_reactor:joined thread
[2.223s] INFO:colcon.colcon_core.shell:Creating prefix script '/home/ubuntu-ros/ros2_ws/src/install/local_setup.ps1'
[2.224s] INFO:colcon.colcon_core.shell:Creating prefix util module '/home/ubuntu-ros/ros2_ws/src/install/_local_setup_util_ps1.py'
[2.226s] INFO:colcon.colcon_core.shell:Creating prefix chain script '/home/ubuntu-ros/ros2_ws/src/install/setup.ps1'
[2.227s] INFO:colcon.colcon_core.shell:Creating prefix script '/home/ubuntu-ros/ros2_ws/src/install/local_setup.sh'
[2.228s] INFO:colcon.colcon_core.shell:Creating prefix util module '/home/ubuntu-ros/ros2_ws/src/install/_local_setup_util_sh.py'
[2.229s] INFO:colcon.colcon_core.shell:Creating prefix chain script '/home/ubuntu-ros/ros2_ws/src/install/setup.sh'
[2.230s] INFO:colcon.colcon_core.shell:Creating prefix script '/home/ubuntu-ros/ros2_ws/src/install/local_setup.bash'
[2.231s] INFO:colcon.colcon_core.shell:Creating prefix chain script '/home/ubuntu-ros/ros2_ws/src/install/setup.bash'
[2.232s] INFO:colcon.colcon_core.shell:Creating prefix script '/home/ubuntu-ros/ros2_ws/src/install/local_setup.zsh'
[2.233s] INFO:colcon.colcon_core.shell:Creating prefix chain script '/home/ubuntu-ros/ros2_ws/src/install/setup.zsh'
