/home/ubuntu-ros/ros2_ws/install/task_2/lib/python3.10/site-packages/task_2/subscriber_node.py
/home/ubuntu-ros/ros2_ws/install/task_2/lib/python3.10/site-packages/task_2/__init__.py
/home/ubuntu-ros/ros2_ws/install/task_2/lib/python3.10/site-packages/task_2/publisher_node.py
/home/ubuntu-ros/ros2_ws/install/task_2/lib/python3.10/site-packages/task_2/service_server_node.py
/home/ubuntu-ros/ros2_ws/install/task_2/lib/python3.10/site-packages/task_2/service_client_node.py
/home/ubuntu-ros/ros2_ws/install/task_2/lib/python3.10/site-packages/task_2/__pycache__/subscriber_node.cpython-310.pyc
/home/ubuntu-ros/ros2_ws/install/task_2/lib/python3.10/site-packages/task_2/__pycache__/__init__.cpython-310.pyc
/home/ubuntu-ros/ros2_ws/install/task_2/lib/python3.10/site-packages/task_2/__pycache__/publisher_node.cpython-310.pyc
/home/ubuntu-ros/ros2_ws/install/task_2/lib/python3.10/site-packages/task_2/__pycache__/service_server_node.cpython-310.pyc
/home/ubuntu-ros/ros2_ws/install/task_2/lib/python3.10/site-packages/task_2/__pycache__/service_client_node.cpython-310.pyc
/home/ubuntu-ros/ros2_ws/install/task_2/share/ament_index/resource_index/packages/task_2
/home/ubuntu-ros/ros2_ws/install/task_2/share/task_2/package.xml
/home/ubuntu-ros/ros2_ws/install/task_2/share/task_2/launch/service_launch.py
/home/ubuntu-ros/ros2_ws/install/task_2/lib/python3.10/site-packages/task_2-0.0.0-py3.10.egg-info/requires.txt
/home/ubuntu-ros/ros2_ws/install/task_2/lib/python3.10/site-packages/task_2-0.0.0-py3.10.egg-info/top_level.txt
/home/ubuntu-ros/ros2_ws/install/task_2/lib/python3.10/site-packages/task_2-0.0.0-py3.10.egg-info/SOURCES.txt
/home/ubuntu-ros/ros2_ws/install/task_2/lib/python3.10/site-packages/task_2-0.0.0-py3.10.egg-info/dependency_links.txt
/home/ubuntu-ros/ros2_ws/install/task_2/lib/python3.10/site-packages/task_2-0.0.0-py3.10.egg-info/PKG-INFO
/home/ubuntu-ros/ros2_ws/install/task_2/lib/python3.10/site-packages/task_2-0.0.0-py3.10.egg-info/zip-safe
/home/ubuntu-ros/ros2_ws/install/task_2/lib/python3.10/site-packages/task_2-0.0.0-py3.10.egg-info/entry_points.txt
/home/ubuntu-ros/ros2_ws/install/task_2/lib/task_2/publisher_node
/home/ubuntu-ros/ros2_ws/install/task_2/lib/task_2/service_client_node
/home/ubuntu-ros/ros2_ws/install/task_2/lib/task_2/service_server_node
/home/ubuntu-ros/ros2_ws/install/task_2/lib/task_2/subscriber_node
