[0.596s] Invoking command in '/home/ubuntu-ros/ros2_ws/build/task_2_interfaces': CMAKE_PREFIX_PATH=/home/ubuntu-ros/ros2_ws/install/task_1:/home/ubuntu-ros/ros2_ws/install/py_pubsub:/home/ubuntu-ros/ros2_ws/install/my_package:/opt/ros/humble /usr/bin/cmake --build /home/ubuntu-ros/ros2_ws/build/task_2_interfaces -- -j6 -l6
[0.615s] -- Found ament_cmake: 1.3.10 (/opt/ros/humble/share/ament_cmake/cmake)
[0.712s] -- Found rosidl_default_generators: 1.2.0 (/opt/ros/humble/share/rosidl_default_generators/cmake)
[0.714s] -- Using all available rosidl_typesupport_c: rosidl_typesupport_fastrtps_c;rosidl_typesupport_introspection_c
[0.717s] -- Found rosidl_adapter: 3.1.5 (/opt/ros/humble/share/rosidl_adapter/cmake)
[0.763s] -- Using all available rosidl_typesupport_cpp: rosidl_typesupport_fastrtps_cpp;rosidl_typesupport_introspection_cpp
[0.803s] -- Found geometry_msgs: 4.2.4 (/opt/ros/humble/share/geometry_msgs/cmake)
[0.897s] -- Found ament_lint_auto: 0.12.11 (/opt/ros/humble/share/ament_lint_auto/cmake)
[1.328s] -- Found ament_cmake_ros: 0.10.0 (/opt/ros/humble/share/ament_cmake_ros/cmake)
[1.557s] -- Using all available rosidl_typesupport_c: rosidl_typesupport_fastrtps_c;rosidl_typesupport_introspection_c
[1.776s] -- Using all available rosidl_typesupport_cpp: rosidl_typesupport_fastrtps_cpp;rosidl_typesupport_introspection_cpp
[1.795s] -- Found python_cmake_module: 0.10.0 (/opt/ros/humble/share/python_cmake_module/cmake)
[1.816s] -- Using PYTHON_EXECUTABLE: /usr/bin/python3
[1.816s] -- Using PYTHON_INCLUDE_DIRS: /usr/include/python3.10
[1.816s] -- Using PYTHON_LIBRARIES: /usr/lib/aarch64-linux-gnu/libpython3.10.so
[1.860s] -- Added test 'lint_cmake' to check CMake code style
[1.861s] -- Added test 'xmllint' to check XML markup files
[1.864s] -- Configuring done
[1.902s] -- Generating done
[1.906s] -- Build files have been written to: /home/ubuntu-ros/ros2_ws/build/task_2_interfaces
[1.928s] [  2%] Built target task_2_interfaces__cpp
[1.930s] [ 12%] Built target task_2_interfaces__rosidl_generator_c
[1.934s] [ 12%] Built target ament_cmake_python_copy_task_2_interfaces
[1.944s] [ 23%] Built target task_2_interfaces__rosidl_typesupport_introspection_cpp
[1.945s] [ 33%] Built target task_2_interfaces__rosidl_typesupport_cpp
[1.948s] [ 43%] Built target task_2_interfaces__rosidl_typesupport_fastrtps_cpp
[1.948s] [ 53%] Built target task_2_interfaces__rosidl_typesupport_c
[1.949s] [ 64%] Built target task_2_interfaces__rosidl_typesupport_introspection_c
[1.950s] [ 74%] Built target task_2_interfaces__rosidl_typesupport_fastrtps_c
[1.958s] [ 74%] Built target task_2_interfaces
[1.967s] [ 76%] Built target task_2_interfaces__py
[1.980s] [ 84%] Built target task_2_interfaces__rosidl_generator_py
[1.993s] [ 89%] Built target task_2_interfaces__rosidl_typesupport_introspection_c__pyext
[1.993s] [ 94%] Built target task_2_interfaces__rosidl_typesupport_c__pyext
[1.993s] [100%] Built target task_2_interfaces__rosidl_typesupport_fastrtps_c__pyext
[2.130s] running egg_info
[2.131s] writing task_2_interfaces.egg-info/PKG-INFO
[2.131s] writing dependency_links to task_2_interfaces.egg-info/dependency_links.txt
[2.131s] writing top-level names to task_2_interfaces.egg-info/top_level.txt
[2.133s] reading manifest file 'task_2_interfaces.egg-info/SOURCES.txt'
[2.133s] writing manifest file 'task_2_interfaces.egg-info/SOURCES.txt'
[2.151s] [100%] Built target ament_cmake_python_build_task_2_interfaces_egg
[2.156s] Invoked command in '/home/ubuntu-ros/ros2_ws/build/task_2_interfaces' returned '0': CMAKE_PREFIX_PATH=/home/ubuntu-ros/ros2_ws/install/task_1:/home/ubuntu-ros/ros2_ws/install/py_pubsub:/home/ubuntu-ros/ros2_ws/install/my_package:/opt/ros/humble /usr/bin/cmake --build /home/ubuntu-ros/ros2_ws/build/task_2_interfaces -- -j6 -l6
[2.205s] Invoking command in '/home/ubuntu-ros/ros2_ws/build/task_2_interfaces': CMAKE_PREFIX_PATH=/home/ubuntu-ros/ros2_ws/install/task_1:/home/ubuntu-ros/ros2_ws/install/py_pubsub:/home/ubuntu-ros/ros2_ws/install/my_package:/opt/ros/humble /usr/bin/cmake --install /home/ubuntu-ros/ros2_ws/build/task_2_interfaces
[2.207s] -- Install configuration: ""
[2.208s] -- Up-to-date: /home/ubuntu-ros/ros2_ws/install/task_2_interfaces/share/ament_index/resource_index/rosidl_interfaces/task_2_interfaces
[2.208s] -- Up-to-date: /home/ubuntu-ros/ros2_ws/install/task_2_interfaces/include/task_2_interfaces/task_2_interfaces
[2.208s] -- Up-to-date: /home/ubuntu-ros/ros2_ws/install/task_2_interfaces/include/task_2_interfaces/task_2_interfaces/srv
[2.208s] -- Up-to-date: /home/ubuntu-ros/ros2_ws/install/task_2_interfaces/include/task_2_interfaces/task_2_interfaces/srv/detail
[2.208s] -- Up-to-date: /home/ubuntu-ros/ros2_ws/install/task_2_interfaces/include/task_2_interfaces/task_2_interfaces/srv/detail/joint_state__functions.h
[2.208s] -- Up-to-date: /home/ubuntu-ros/ros2_ws/install/task_2_interfaces/include/task_2_interfaces/task_2_interfaces/srv/detail/joint_state__struct.h
[2.208s] -- Up-to-date: /home/ubuntu-ros/ros2_ws/install/task_2_interfaces/include/task_2_interfaces/task_2_interfaces/srv/detail/joint_state__type_support.h
[2.208s] -- Up-to-date: /home/ubuntu-ros/ros2_ws/install/task_2_interfaces/include/task_2_interfaces/task_2_interfaces/srv/detail/joint_state__functions.c
[2.208s] -- Up-to-date: /home/ubuntu-ros/ros2_ws/install/task_2_interfaces/include/task_2_interfaces/task_2_interfaces/srv/joint_state.h
[2.208s] -- Up-to-date: /home/ubuntu-ros/ros2_ws/install/task_2_interfaces/include/task_2_interfaces/task_2_interfaces/msg
[2.208s] -- Up-to-date: /home/ubuntu-ros/ros2_ws/install/task_2_interfaces/include/task_2_interfaces/task_2_interfaces/msg/detail
[2.208s] -- Up-to-date: /home/ubuntu-ros/ros2_ws/install/task_2_interfaces/include/task_2_interfaces/task_2_interfaces/msg/detail/joint_data__functions.c
[2.208s] -- Up-to-date: /home/ubuntu-ros/ros2_ws/install/task_2_interfaces/include/task_2_interfaces/task_2_interfaces/msg/detail/joint_data__functions.h
[2.208s] -- Up-to-date: /home/ubuntu-ros/ros2_ws/install/task_2_interfaces/include/task_2_interfaces/task_2_interfaces/msg/detail/joint_data__struct.h
[2.209s] -- Up-to-date: /home/ubuntu-ros/ros2_ws/install/task_2_interfaces/include/task_2_interfaces/task_2_interfaces/msg/detail/joint_data__type_support.h
[2.209s] -- Up-to-date: /home/ubuntu-ros/ros2_ws/install/task_2_interfaces/include/task_2_interfaces/task_2_interfaces/msg/joint_data.h
[2.209s] -- Up-to-date: /home/ubuntu-ros/ros2_ws/install/task_2_interfaces/include/task_2_interfaces/task_2_interfaces/msg/rosidl_generator_c__visibility_control.h
[2.209s] -- Up-to-date: /home/ubuntu-ros/ros2_ws/install/task_2_interfaces/share/task_2_interfaces/environment/library_path.sh
[2.209s] -- Installing: /home/ubuntu-ros/ros2_ws/install/task_2_interfaces/share/task_2_interfaces/environment/library_path.dsv
[2.209s] -- Up-to-date: /home/ubuntu-ros/ros2_ws/install/task_2_interfaces/lib/libtask_2_interfaces__rosidl_generator_c.so
[2.209s] -- Up-to-date: /home/ubuntu-ros/ros2_ws/install/task_2_interfaces/include/task_2_interfaces/task_2_interfaces
[2.209s] -- Up-to-date: /home/ubuntu-ros/ros2_ws/install/task_2_interfaces/include/task_2_interfaces/task_2_interfaces/srv
[2.209s] -- Up-to-date: /home/ubuntu-ros/ros2_ws/install/task_2_interfaces/include/task_2_interfaces/task_2_interfaces/srv/detail
[2.209s] -- Up-to-date: /home/ubuntu-ros/ros2_ws/install/task_2_interfaces/include/task_2_interfaces/task_2_interfaces/srv/detail/joint_state__rosidl_typesupport_fastrtps_c.h
[2.209s] -- Up-to-date: /home/ubuntu-ros/ros2_ws/install/task_2_interfaces/include/task_2_interfaces/task_2_interfaces/msg
[2.209s] -- Up-to-date: /home/ubuntu-ros/ros2_ws/install/task_2_interfaces/include/task_2_interfaces/task_2_interfaces/msg/rosidl_typesupport_fastrtps_c__visibility_control.h
[2.209s] -- Up-to-date: /home/ubuntu-ros/ros2_ws/install/task_2_interfaces/include/task_2_interfaces/task_2_interfaces/msg/detail
[2.209s] -- Up-to-date: /home/ubuntu-ros/ros2_ws/install/task_2_interfaces/include/task_2_interfaces/task_2_interfaces/msg/detail/joint_data__rosidl_typesupport_fastrtps_c.h
[2.210s] -- Up-to-date: /home/ubuntu-ros/ros2_ws/install/task_2_interfaces/lib/libtask_2_interfaces__rosidl_typesupport_fastrtps_c.so
[2.210s] -- Up-to-date: /home/ubuntu-ros/ros2_ws/install/task_2_interfaces/include/task_2_interfaces/task_2_interfaces
[2.210s] -- Up-to-date: /home/ubuntu-ros/ros2_ws/install/task_2_interfaces/include/task_2_interfaces/task_2_interfaces/srv
[2.210s] -- Up-to-date: /home/ubuntu-ros/ros2_ws/install/task_2_interfaces/include/task_2_interfaces/task_2_interfaces/srv/detail
[2.210s] -- Up-to-date: /home/ubuntu-ros/ros2_ws/install/task_2_interfaces/include/task_2_interfaces/task_2_interfaces/srv/detail/joint_state__rosidl_typesupport_introspection_c.h
[2.210s] -- Up-to-date: /home/ubuntu-ros/ros2_ws/install/task_2_interfaces/include/task_2_interfaces/task_2_interfaces/srv/detail/joint_state__type_support.c
[2.210s] -- Up-to-date: /home/ubuntu-ros/ros2_ws/install/task_2_interfaces/include/task_2_interfaces/task_2_interfaces/msg
[2.210s] -- Up-to-date: /home/ubuntu-ros/ros2_ws/install/task_2_interfaces/include/task_2_interfaces/task_2_interfaces/msg/rosidl_typesupport_introspection_c__visibility_control.h
[2.210s] -- Up-to-date: /home/ubuntu-ros/ros2_ws/install/task_2_interfaces/include/task_2_interfaces/task_2_interfaces/msg/detail
[2.210s] -- Up-to-date: /home/ubuntu-ros/ros2_ws/install/task_2_interfaces/include/task_2_interfaces/task_2_interfaces/msg/detail/joint_data__rosidl_typesupport_introspection_c.h
[2.210s] -- Up-to-date: /home/ubuntu-ros/ros2_ws/install/task_2_interfaces/include/task_2_interfaces/task_2_interfaces/msg/detail/joint_data__type_support.c
[2.210s] -- Up-to-date: /home/ubuntu-ros/ros2_ws/install/task_2_interfaces/lib/libtask_2_interfaces__rosidl_typesupport_introspection_c.so
[2.210s] -- Up-to-date: /home/ubuntu-ros/ros2_ws/install/task_2_interfaces/lib/libtask_2_interfaces__rosidl_typesupport_c.so
[2.210s] -- Up-to-date: /home/ubuntu-ros/ros2_ws/install/task_2_interfaces/include/task_2_interfaces/task_2_interfaces
[2.210s] -- Up-to-date: /home/ubuntu-ros/ros2_ws/install/task_2_interfaces/include/task_2_interfaces/task_2_interfaces/srv
[2.210s] -- Up-to-date: /home/ubuntu-ros/ros2_ws/install/task_2_interfaces/include/task_2_interfaces/task_2_interfaces/srv/detail
[2.210s] -- Up-to-date: /home/ubuntu-ros/ros2_ws/install/task_2_interfaces/include/task_2_interfaces/task_2_interfaces/srv/detail/joint_state__struct.hpp
[2.211s] -- Up-to-date: /home/ubuntu-ros/ros2_ws/install/task_2_interfaces/include/task_2_interfaces/task_2_interfaces/srv/detail/joint_state__traits.hpp
[2.211s] -- Up-to-date: /home/ubuntu-ros/ros2_ws/install/task_2_interfaces/include/task_2_interfaces/task_2_interfaces/srv/detail/joint_state__builder.hpp
[2.211s] -- Up-to-date: /home/ubuntu-ros/ros2_ws/install/task_2_interfaces/include/task_2_interfaces/task_2_interfaces/srv/joint_state.hpp
[2.211s] -- Up-to-date: /home/ubuntu-ros/ros2_ws/install/task_2_interfaces/include/task_2_interfaces/task_2_interfaces/msg
[2.211s] -- Up-to-date: /home/ubuntu-ros/ros2_ws/install/task_2_interfaces/include/task_2_interfaces/task_2_interfaces/msg/detail
[2.211s] -- Up-to-date: /home/ubuntu-ros/ros2_ws/install/task_2_interfaces/include/task_2_interfaces/task_2_interfaces/msg/detail/joint_data__struct.hpp
[2.211s] -- Up-to-date: /home/ubuntu-ros/ros2_ws/install/task_2_interfaces/include/task_2_interfaces/task_2_interfaces/msg/detail/joint_data__builder.hpp
[2.211s] -- Up-to-date: /home/ubuntu-ros/ros2_ws/install/task_2_interfaces/include/task_2_interfaces/task_2_interfaces/msg/detail/joint_data__traits.hpp
[2.211s] -- Up-to-date: /home/ubuntu-ros/ros2_ws/install/task_2_interfaces/include/task_2_interfaces/task_2_interfaces/msg/joint_data.hpp
[2.211s] -- Up-to-date: /home/ubuntu-ros/ros2_ws/install/task_2_interfaces/include/task_2_interfaces/task_2_interfaces
[2.211s] -- Up-to-date: /home/ubuntu-ros/ros2_ws/install/task_2_interfaces/include/task_2_interfaces/task_2_interfaces/srv
[2.211s] -- Up-to-date: /home/ubuntu-ros/ros2_ws/install/task_2_interfaces/include/task_2_interfaces/task_2_interfaces/srv/detail
[2.211s] -- Up-to-date: /home/ubuntu-ros/ros2_ws/install/task_2_interfaces/include/task_2_interfaces/task_2_interfaces/srv/detail/joint_state__rosidl_typesupport_fastrtps_cpp.hpp
[2.211s] -- Up-to-date: /home/ubuntu-ros/ros2_ws/install/task_2_interfaces/include/task_2_interfaces/task_2_interfaces/srv/detail/dds_fastrtps
[2.211s] -- Up-to-date: /home/ubuntu-ros/ros2_ws/install/task_2_interfaces/include/task_2_interfaces/task_2_interfaces/msg
[2.211s] -- Up-to-date: /home/ubuntu-ros/ros2_ws/install/task_2_interfaces/include/task_2_interfaces/task_2_interfaces/msg/rosidl_typesupport_fastrtps_cpp__visibility_control.h
[2.211s] -- Up-to-date: /home/ubuntu-ros/ros2_ws/install/task_2_interfaces/include/task_2_interfaces/task_2_interfaces/msg/detail
[2.212s] -- Up-to-date: /home/ubuntu-ros/ros2_ws/install/task_2_interfaces/include/task_2_interfaces/task_2_interfaces/msg/detail/joint_data__rosidl_typesupport_fastrtps_cpp.hpp
[2.212s] -- Up-to-date: /home/ubuntu-ros/ros2_ws/install/task_2_interfaces/include/task_2_interfaces/task_2_interfaces/msg/detail/dds_fastrtps
[2.212s] -- Up-to-date: /home/ubuntu-ros/ros2_ws/install/task_2_interfaces/lib/libtask_2_interfaces__rosidl_typesupport_fastrtps_cpp.so
[2.212s] -- Up-to-date: /home/ubuntu-ros/ros2_ws/install/task_2_interfaces/include/task_2_interfaces/task_2_interfaces
[2.212s] -- Up-to-date: /home/ubuntu-ros/ros2_ws/install/task_2_interfaces/include/task_2_interfaces/task_2_interfaces/srv
[2.212s] -- Up-to-date: /home/ubuntu-ros/ros2_ws/install/task_2_interfaces/include/task_2_interfaces/task_2_interfaces/srv/detail
[2.212s] -- Up-to-date: /home/ubuntu-ros/ros2_ws/install/task_2_interfaces/include/task_2_interfaces/task_2_interfaces/srv/detail/joint_state__rosidl_typesupport_introspection_cpp.hpp
[2.212s] -- Up-to-date: /home/ubuntu-ros/ros2_ws/install/task_2_interfaces/include/task_2_interfaces/task_2_interfaces/srv/detail/joint_state__type_support.cpp
[2.212s] -- Up-to-date: /home/ubuntu-ros/ros2_ws/install/task_2_interfaces/include/task_2_interfaces/task_2_interfaces/msg
[2.212s] -- Up-to-date: /home/ubuntu-ros/ros2_ws/install/task_2_interfaces/include/task_2_interfaces/task_2_interfaces/msg/detail
[2.212s] -- Up-to-date: /home/ubuntu-ros/ros2_ws/install/task_2_interfaces/include/task_2_interfaces/task_2_interfaces/msg/detail/joint_data__rosidl_typesupport_introspection_cpp.hpp
[2.212s] -- Up-to-date: /home/ubuntu-ros/ros2_ws/install/task_2_interfaces/include/task_2_interfaces/task_2_interfaces/msg/detail/joint_data__type_support.cpp
[2.212s] -- Up-to-date: /home/ubuntu-ros/ros2_ws/install/task_2_interfaces/lib/libtask_2_interfaces__rosidl_typesupport_introspection_cpp.so
[2.212s] -- Up-to-date: /home/ubuntu-ros/ros2_ws/install/task_2_interfaces/lib/libtask_2_interfaces__rosidl_typesupport_cpp.so
[2.212s] -- Up-to-date: /home/ubuntu-ros/ros2_ws/install/task_2_interfaces/share/task_2_interfaces/environment/pythonpath.sh
[2.212s] -- Installing: /home/ubuntu-ros/ros2_ws/install/task_2_interfaces/share/task_2_interfaces/environment/pythonpath.dsv
[2.212s] -- Up-to-date: /home/ubuntu-ros/ros2_ws/install/task_2_interfaces/local/lib/python3.10/dist-packages/task_2_interfaces-0.0.0-py3.10.egg-info
[2.213s] -- Installing: /home/ubuntu-ros/ros2_ws/install/task_2_interfaces/local/lib/python3.10/dist-packages/task_2_interfaces-0.0.0-py3.10.egg-info/top_level.txt
[2.213s] -- Installing: /home/ubuntu-ros/ros2_ws/install/task_2_interfaces/local/lib/python3.10/dist-packages/task_2_interfaces-0.0.0-py3.10.egg-info/SOURCES.txt
[2.213s] -- Installing: /home/ubuntu-ros/ros2_ws/install/task_2_interfaces/local/lib/python3.10/dist-packages/task_2_interfaces-0.0.0-py3.10.egg-info/dependency_links.txt
[2.213s] -- Installing: /home/ubuntu-ros/ros2_ws/install/task_2_interfaces/local/lib/python3.10/dist-packages/task_2_interfaces-0.0.0-py3.10.egg-info/PKG-INFO
[2.213s] -- Up-to-date: /home/ubuntu-ros/ros2_ws/install/task_2_interfaces/local/lib/python3.10/dist-packages/task_2_interfaces
[2.213s] -- Up-to-date: /home/ubuntu-ros/ros2_ws/install/task_2_interfaces/local/lib/python3.10/dist-packages/task_2_interfaces/srv
[2.213s] -- Up-to-date: /home/ubuntu-ros/ros2_ws/install/task_2_interfaces/local/lib/python3.10/dist-packages/task_2_interfaces/srv/__init__.py
[2.213s] -- Up-to-date: /home/ubuntu-ros/ros2_ws/install/task_2_interfaces/local/lib/python3.10/dist-packages/task_2_interfaces/srv/_joint_state_s.c
[2.213s] -- Up-to-date: /home/ubuntu-ros/ros2_ws/install/task_2_interfaces/local/lib/python3.10/dist-packages/task_2_interfaces/srv/_joint_state.py
[2.213s] -- Up-to-date: /home/ubuntu-ros/ros2_ws/install/task_2_interfaces/local/lib/python3.10/dist-packages/task_2_interfaces/libtask_2_interfaces__rosidl_generator_py.so
[2.213s] -- Up-to-date: /home/ubuntu-ros/ros2_ws/install/task_2_interfaces/local/lib/python3.10/dist-packages/task_2_interfaces/task_2_interfaces_s__rosidl_typesupport_introspection_c.cpython-310-aarch64-linux-gnu.so
[2.213s] -- Installing: /home/ubuntu-ros/ros2_ws/install/task_2_interfaces/local/lib/python3.10/dist-packages/task_2_interfaces/__init__.py
[2.213s] -- Up-to-date: /home/ubuntu-ros/ros2_ws/install/task_2_interfaces/local/lib/python3.10/dist-packages/task_2_interfaces/task_2_interfaces_s__rosidl_typesupport_c.cpython-310-aarch64-linux-gnu.so
[2.213s] -- Up-to-date: /home/ubuntu-ros/ros2_ws/install/task_2_interfaces/local/lib/python3.10/dist-packages/task_2_interfaces/msg
[2.213s] -- Up-to-date: /home/ubuntu-ros/ros2_ws/install/task_2_interfaces/local/lib/python3.10/dist-packages/task_2_interfaces/msg/__init__.py
[2.213s] -- Up-to-date: /home/ubuntu-ros/ros2_ws/install/task_2_interfaces/local/lib/python3.10/dist-packages/task_2_interfaces/msg/_joint_data.py
[2.213s] -- Up-to-date: /home/ubuntu-ros/ros2_ws/install/task_2_interfaces/local/lib/python3.10/dist-packages/task_2_interfaces/msg/_joint_data_s.c
[2.213s] -- Up-to-date: /home/ubuntu-ros/ros2_ws/install/task_2_interfaces/local/lib/python3.10/dist-packages/task_2_interfaces/task_2_interfaces_s__rosidl_typesupport_fastrtps_c.cpython-310-aarch64-linux-gnu.so
[2.213s] -- Up-to-date: /home/ubuntu-ros/ros2_ws/install/task_2_interfaces/local/lib/python3.10/dist-packages/task_2_interfaces/_task_2_interfaces_s.ep.rosidl_typesupport_fastrtps_c.c
[2.213s] -- Up-to-date: /home/ubuntu-ros/ros2_ws/install/task_2_interfaces/local/lib/python3.10/dist-packages/task_2_interfaces/_task_2_interfaces_s.ep.rosidl_typesupport_c.c
[2.213s] -- Up-to-date: /home/ubuntu-ros/ros2_ws/install/task_2_interfaces/local/lib/python3.10/dist-packages/task_2_interfaces/_task_2_interfaces_s.ep.rosidl_typesupport_introspection_c.c
[2.240s] Listing '/home/ubuntu-ros/ros2_ws/install/task_2_interfaces/local/lib/python3.10/dist-packages/task_2_interfaces'...
[2.240s] Compiling '/home/ubuntu-ros/ros2_ws/install/task_2_interfaces/local/lib/python3.10/dist-packages/task_2_interfaces/__init__.py'...
[2.240s] Listing '/home/ubuntu-ros/ros2_ws/install/task_2_interfaces/local/lib/python3.10/dist-packages/task_2_interfaces/msg'...
[2.240s] Listing '/home/ubuntu-ros/ros2_ws/install/task_2_interfaces/local/lib/python3.10/dist-packages/task_2_interfaces/srv'...
[2.245s] -- Up-to-date: /home/ubuntu-ros/ros2_ws/install/task_2_interfaces/local/lib/python3.10/dist-packages/task_2_interfaces/task_2_interfaces_s__rosidl_typesupport_fastrtps_c.cpython-310-aarch64-linux-gnu.so
[2.245s] -- Up-to-date: /home/ubuntu-ros/ros2_ws/install/task_2_interfaces/local/lib/python3.10/dist-packages/task_2_interfaces/task_2_interfaces_s__rosidl_typesupport_introspection_c.cpython-310-aarch64-linux-gnu.so
[2.245s] -- Up-to-date: /home/ubuntu-ros/ros2_ws/install/task_2_interfaces/local/lib/python3.10/dist-packages/task_2_interfaces/task_2_interfaces_s__rosidl_typesupport_c.cpython-310-aarch64-linux-gnu.so
[2.246s] -- Up-to-date: /home/ubuntu-ros/ros2_ws/install/task_2_interfaces/lib/libtask_2_interfaces__rosidl_generator_py.so
[2.246s] -- Up-to-date: /home/ubuntu-ros/ros2_ws/install/task_2_interfaces/share/task_2_interfaces/msg/JointData.idl
[2.246s] -- Up-to-date: /home/ubuntu-ros/ros2_ws/install/task_2_interfaces/share/task_2_interfaces/srv/JointState.idl
[2.246s] -- Up-to-date: /home/ubuntu-ros/ros2_ws/install/task_2_interfaces/share/task_2_interfaces/msg/JointData.msg
[2.246s] -- Up-to-date: /home/ubuntu-ros/ros2_ws/install/task_2_interfaces/share/task_2_interfaces/srv/JointState.srv
[2.246s] -- Up-to-date: /home/ubuntu-ros/ros2_ws/install/task_2_interfaces/share/task_2_interfaces/srv/JointState_Request.msg
[2.246s] -- Up-to-date: /home/ubuntu-ros/ros2_ws/install/task_2_interfaces/share/task_2_interfaces/srv/JointState_Response.msg
[2.246s] -- Up-to-date: /home/ubuntu-ros/ros2_ws/install/task_2_interfaces/share/ament_index/resource_index/package_run_dependencies/task_2_interfaces
[2.246s] -- Up-to-date: /home/ubuntu-ros/ros2_ws/install/task_2_interfaces/share/ament_index/resource_index/parent_prefix_path/task_2_interfaces
[2.246s] -- Up-to-date: /home/ubuntu-ros/ros2_ws/install/task_2_interfaces/share/task_2_interfaces/environment/ament_prefix_path.sh
[2.246s] -- Installing: /home/ubuntu-ros/ros2_ws/install/task_2_interfaces/share/task_2_interfaces/environment/ament_prefix_path.dsv
[2.247s] -- Up-to-date: /home/ubuntu-ros/ros2_ws/install/task_2_interfaces/share/task_2_interfaces/environment/path.sh
[2.247s] -- Installing: /home/ubuntu-ros/ros2_ws/install/task_2_interfaces/share/task_2_interfaces/environment/path.dsv
[2.247s] -- Up-to-date: /home/ubuntu-ros/ros2_ws/install/task_2_interfaces/share/task_2_interfaces/local_setup.bash
[2.247s] -- Up-to-date: /home/ubuntu-ros/ros2_ws/install/task_2_interfaces/share/task_2_interfaces/local_setup.sh
[2.247s] -- Up-to-date: /home/ubuntu-ros/ros2_ws/install/task_2_interfaces/share/task_2_interfaces/local_setup.zsh
[2.247s] -- Installing: /home/ubuntu-ros/ros2_ws/install/task_2_interfaces/share/task_2_interfaces/local_setup.dsv
[2.247s] -- Installing: /home/ubuntu-ros/ros2_ws/install/task_2_interfaces/share/task_2_interfaces/package.dsv
[2.247s] -- Up-to-date: /home/ubuntu-ros/ros2_ws/install/task_2_interfaces/share/ament_index/resource_index/packages/task_2_interfaces
[2.247s] -- Up-to-date: /home/ubuntu-ros/ros2_ws/install/task_2_interfaces/share/task_2_interfaces/cmake/export_task_2_interfaces__rosidl_generator_cExport.cmake
[2.247s] -- Up-to-date: /home/ubuntu-ros/ros2_ws/install/task_2_interfaces/share/task_2_interfaces/cmake/export_task_2_interfaces__rosidl_generator_cExport-noconfig.cmake
[2.247s] -- Up-to-date: /home/ubuntu-ros/ros2_ws/install/task_2_interfaces/share/task_2_interfaces/cmake/export_task_2_interfaces__rosidl_typesupport_fastrtps_cExport.cmake
[2.247s] -- Up-to-date: /home/ubuntu-ros/ros2_ws/install/task_2_interfaces/share/task_2_interfaces/cmake/export_task_2_interfaces__rosidl_typesupport_fastrtps_cExport-noconfig.cmake
[2.247s] -- Up-to-date: /home/ubuntu-ros/ros2_ws/install/task_2_interfaces/share/task_2_interfaces/cmake/task_2_interfaces__rosidl_typesupport_introspection_cExport.cmake
[2.247s] -- Up-to-date: /home/ubuntu-ros/ros2_ws/install/task_2_interfaces/share/task_2_interfaces/cmake/task_2_interfaces__rosidl_typesupport_introspection_cExport-noconfig.cmake
[2.247s] -- Up-to-date: /home/ubuntu-ros/ros2_ws/install/task_2_interfaces/share/task_2_interfaces/cmake/task_2_interfaces__rosidl_typesupport_cExport.cmake
[2.248s] -- Up-to-date: /home/ubuntu-ros/ros2_ws/install/task_2_interfaces/share/task_2_interfaces/cmake/task_2_interfaces__rosidl_typesupport_cExport-noconfig.cmake
[2.248s] -- Up-to-date: /home/ubuntu-ros/ros2_ws/install/task_2_interfaces/share/task_2_interfaces/cmake/export_task_2_interfaces__rosidl_generator_cppExport.cmake
[2.248s] -- Up-to-date: /home/ubuntu-ros/ros2_ws/install/task_2_interfaces/share/task_2_interfaces/cmake/export_task_2_interfaces__rosidl_typesupport_fastrtps_cppExport.cmake
[2.248s] -- Up-to-date: /home/ubuntu-ros/ros2_ws/install/task_2_interfaces/share/task_2_interfaces/cmake/export_task_2_interfaces__rosidl_typesupport_fastrtps_cppExport-noconfig.cmake
[2.248s] -- Up-to-date: /home/ubuntu-ros/ros2_ws/install/task_2_interfaces/share/task_2_interfaces/cmake/task_2_interfaces__rosidl_typesupport_introspection_cppExport.cmake
[2.248s] -- Up-to-date: /home/ubuntu-ros/ros2_ws/install/task_2_interfaces/share/task_2_interfaces/cmake/task_2_interfaces__rosidl_typesupport_introspection_cppExport-noconfig.cmake
[2.248s] -- Up-to-date: /home/ubuntu-ros/ros2_ws/install/task_2_interfaces/share/task_2_interfaces/cmake/task_2_interfaces__rosidl_typesupport_cppExport.cmake
[2.248s] -- Up-to-date: /home/ubuntu-ros/ros2_ws/install/task_2_interfaces/share/task_2_interfaces/cmake/task_2_interfaces__rosidl_typesupport_cppExport-noconfig.cmake
[2.248s] -- Up-to-date: /home/ubuntu-ros/ros2_ws/install/task_2_interfaces/share/task_2_interfaces/cmake/export_task_2_interfaces__rosidl_generator_pyExport.cmake
[2.248s] -- Up-to-date: /home/ubuntu-ros/ros2_ws/install/task_2_interfaces/share/task_2_interfaces/cmake/export_task_2_interfaces__rosidl_generator_pyExport-noconfig.cmake
[2.248s] -- Up-to-date: /home/ubuntu-ros/ros2_ws/install/task_2_interfaces/share/task_2_interfaces/cmake/rosidl_cmake-extras.cmake
[2.248s] -- Up-to-date: /home/ubuntu-ros/ros2_ws/install/task_2_interfaces/share/task_2_interfaces/cmake/ament_cmake_export_dependencies-extras.cmake
[2.248s] -- Up-to-date: /home/ubuntu-ros/ros2_ws/install/task_2_interfaces/share/task_2_interfaces/cmake/ament_cmake_export_include_directories-extras.cmake
[2.248s] -- Up-to-date: /home/ubuntu-ros/ros2_ws/install/task_2_interfaces/share/task_2_interfaces/cmake/ament_cmake_export_libraries-extras.cmake
[2.248s] -- Up-to-date: /home/ubuntu-ros/ros2_ws/install/task_2_interfaces/share/task_2_interfaces/cmake/ament_cmake_export_targets-extras.cmake
[2.248s] -- Up-to-date: /home/ubuntu-ros/ros2_ws/install/task_2_interfaces/share/task_2_interfaces/cmake/rosidl_cmake_export_typesupport_targets-extras.cmake
[2.248s] -- Up-to-date: /home/ubuntu-ros/ros2_ws/install/task_2_interfaces/share/task_2_interfaces/cmake/rosidl_cmake_export_typesupport_libraries-extras.cmake
[2.248s] -- Up-to-date: /home/ubuntu-ros/ros2_ws/install/task_2_interfaces/share/task_2_interfaces/cmake/task_2_interfacesConfig.cmake
[2.248s] -- Up-to-date: /home/ubuntu-ros/ros2_ws/install/task_2_interfaces/share/task_2_interfaces/cmake/task_2_interfacesConfig-version.cmake
[2.249s] -- Up-to-date: /home/ubuntu-ros/ros2_ws/install/task_2_interfaces/share/task_2_interfaces/package.xml
[2.249s] -- Up-to-date: /home/ubuntu-ros/ros2_ws/install/task_2_interfaces/share/task_2_interfaces
[2.250s] Invoked command in '/home/ubuntu-ros/ros2_ws/build/task_2_interfaces' returned '0': CMAKE_PREFIX_PATH=/home/ubuntu-ros/ros2_ws/install/task_1:/home/ubuntu-ros/ros2_ws/install/py_pubsub:/home/ubuntu-ros/ros2_ws/install/my_package:/opt/ros/humble /usr/bin/cmake --install /home/ubuntu-ros/ros2_ws/build/task_2_interfaces
