[1.476s] Invoking command in '/home/ubuntu-ros/ros2_ws/src/my_package': PYTHONPATH=/home/ubuntu-ros/ros2_ws/build/my_package/prefix_override:/usr/lib/python3/dist-packages/colcon_core/task/python/colcon_distutils_commands:/home/ubuntu-ros/ros2_ws/install/my_package/lib/python3.10/site-packages:${PYTHONPATH} /usr/bin/python3 -W ignore:setup.py install is deprecated setup.py egg_info --egg-base ../../build/my_package build --build-base /home/ubuntu-ros/ros2_ws/build/my_package/build install --record /home/ubuntu-ros/ros2_ws/build/my_package/install.log --single-version-externally-managed install_data
[1.835s] running egg_info
[1.840s] writing ../../build/my_package/my_package.egg-info/PKG-INFO
[1.840s] writing dependency_links to ../../build/my_package/my_package.egg-info/dependency_links.txt
[1.840s] writing entry points to ../../build/my_package/my_package.egg-info/entry_points.txt
[1.840s] writing requirements to ../../build/my_package/my_package.egg-info/requires.txt
[1.840s] writing top-level names to ../../build/my_package/my_package.egg-info/top_level.txt
[1.845s] reading manifest file '../../build/my_package/my_package.egg-info/SOURCES.txt'
[1.846s] adding license file 'LICENSE'
[1.847s] writing manifest file '../../build/my_package/my_package.egg-info/SOURCES.txt'
[1.847s] running build
[1.847s] running build_py
[1.848s] running install
[1.849s] running install_lib
[1.851s] running install_data
[1.851s] running install_egg_info
[1.854s] removing '/home/ubuntu-ros/ros2_ws/install/my_package/lib/python3.10/site-packages/my_package-0.0.0-py3.10.egg-info' (and everything under it)
[1.855s] Copying ../../build/my_package/my_package.egg-info to /home/ubuntu-ros/ros2_ws/install/my_package/lib/python3.10/site-packages/my_package-0.0.0-py3.10.egg-info
[1.856s] running install_scripts
[1.891s] Installing my_node script to /home/ubuntu-ros/ros2_ws/install/my_package/lib/my_package
[1.892s] writing list of installed files to '/home/ubuntu-ros/ros2_ws/build/my_package/install.log'
[1.935s] Invoked command in '/home/ubuntu-ros/ros2_ws/src/my_package' returned '0': PYTHONPATH=/home/ubuntu-ros/ros2_ws/build/my_package/prefix_override:/usr/lib/python3/dist-packages/colcon_core/task/python/colcon_distutils_commands:/home/ubuntu-ros/ros2_ws/install/my_package/lib/python3.10/site-packages:${PYTHONPATH} /usr/bin/python3 -W ignore:setup.py install is deprecated setup.py egg_info --egg-base ../../build/my_package build --build-base /home/ubuntu-ros/ros2_ws/build/my_package/build install --record /home/ubuntu-ros/ros2_ws/build/my_package/install.log --single-version-externally-managed install_data
