[0.491s] Invoking command in '/home/ubuntu-ros/ros2_ws/src/my_package': PYTHONPATH=/home/ubuntu-ros/ros2_ws/build/my_package/prefix_override:/usr/lib/python3/dist-packages/colcon_core/task/python/colcon_distutils_commands:/home/ubuntu-ros/ros2_ws/install/my_package/lib/python3.10/site-packages:${PYTHONPATH} /usr/bin/python3 -W ignore:setup.py install is deprecated setup.py egg_info --egg-base ../../build/my_package build --build-base /home/ubuntu-ros/ros2_ws/build/my_package/build install --record /home/ubuntu-ros/ros2_ws/build/my_package/install.log --single-version-externally-managed install_data
[0.670s] running egg_info
[0.670s] creating ../../build/my_package/my_package.egg-info
[0.671s] writing ../../build/my_package/my_package.egg-info/PKG-INFO
[0.671s] writing dependency_links to ../../build/my_package/my_package.egg-info/dependency_links.txt
[0.671s] writing entry points to ../../build/my_package/my_package.egg-info/entry_points.txt
[0.671s] writing requirements to ../../build/my_package/my_package.egg-info/requires.txt
[0.671s] writing top-level names to ../../build/my_package/my_package.egg-info/top_level.txt
[0.671s] writing manifest file '../../build/my_package/my_package.egg-info/SOURCES.txt'
[0.673s] reading manifest file '../../build/my_package/my_package.egg-info/SOURCES.txt'
[0.673s] adding license file 'LICENSE'
[0.673s] writing manifest file '../../build/my_package/my_package.egg-info/SOURCES.txt'
[0.674s] running build
[0.674s] running build_py
[0.674s] creating /home/ubuntu-ros/ros2_ws/build/my_package/build
[0.674s] creating /home/ubuntu-ros/ros2_ws/build/my_package/build/lib
[0.674s] creating /home/ubuntu-ros/ros2_ws/build/my_package/build/lib/my_package
[0.674s] copying my_package/__init__.py -> /home/ubuntu-ros/ros2_ws/build/my_package/build/lib/my_package
[0.674s] copying my_package/my_node.py -> /home/ubuntu-ros/ros2_ws/build/my_package/build/lib/my_package
[0.674s] running install
[0.675s] running install_lib
[0.676s] creating /home/ubuntu-ros/ros2_ws/install/my_package/lib/python3.10/site-packages/my_package
[0.676s] copying /home/ubuntu-ros/ros2_ws/build/my_package/build/lib/my_package/__init__.py -> /home/ubuntu-ros/ros2_ws/install/my_package/lib/python3.10/site-packages/my_package
[0.676s] copying /home/ubuntu-ros/ros2_ws/build/my_package/build/lib/my_package/my_node.py -> /home/ubuntu-ros/ros2_ws/install/my_package/lib/python3.10/site-packages/my_package
[0.676s] byte-compiling /home/ubuntu-ros/ros2_ws/install/my_package/lib/python3.10/site-packages/my_package/__init__.py to __init__.cpython-310.pyc
[0.676s] byte-compiling /home/ubuntu-ros/ros2_ws/install/my_package/lib/python3.10/site-packages/my_package/my_node.py to my_node.cpython-310.pyc
[0.676s] running install_data
[0.677s] creating /home/ubuntu-ros/ros2_ws/install/my_package/share/ament_index
[0.677s] creating /home/ubuntu-ros/ros2_ws/install/my_package/share/ament_index/resource_index
[0.677s] creating /home/ubuntu-ros/ros2_ws/install/my_package/share/ament_index/resource_index/packages
[0.677s] copying resource/my_package -> /home/ubuntu-ros/ros2_ws/install/my_package/share/ament_index/resource_index/packages
[0.677s] copying package.xml -> /home/ubuntu-ros/ros2_ws/install/my_package/share/my_package
[0.677s] running install_egg_info
[0.678s] Copying ../../build/my_package/my_package.egg-info to /home/ubuntu-ros/ros2_ws/install/my_package/lib/python3.10/site-packages/my_package-0.0.0-py3.10.egg-info
[0.679s] running install_scripts
[0.696s] Installing my_node script to /home/ubuntu-ros/ros2_ws/install/my_package/lib/my_package
[0.696s] writing list of installed files to '/home/ubuntu-ros/ros2_ws/build/my_package/install.log'
[0.716s] Invoked command in '/home/ubuntu-ros/ros2_ws/src/my_package' returned '0': PYTHONPATH=/home/ubuntu-ros/ros2_ws/build/my_package/prefix_override:/usr/lib/python3/dist-packages/colcon_core/task/python/colcon_distutils_commands:/home/ubuntu-ros/ros2_ws/install/my_package/lib/python3.10/site-packages:${PYTHONPATH} /usr/bin/python3 -W ignore:setup.py install is deprecated setup.py egg_info --egg-base ../../build/my_package build --build-base /home/ubuntu-ros/ros2_ws/build/my_package/build install --record /home/ubuntu-ros/ros2_ws/build/my_package/install.log --single-version-externally-managed install_data
