[0.944s] Invoking command in '/home/ubuntu-ros/ros2_ws/src/task_2': AMENT_PREFIX_PATH=/home/ubuntu-ros/ros2_ws/install/task_2_interfaces:${AMENT_PREFIX_PATH} CMAKE_PREFIX_PATH=/home/ubuntu-ros/ros2_ws/install/task_2_interfaces LD_LIBRARY_PATH=/home/ubuntu-ros/ros2_ws/install/task_2_interfaces/lib:${LD_LIBRARY_PATH} PYTHONPATH=/home/ubuntu-ros/ros2_ws/build/task_2/prefix_override:/usr/lib/python3/dist-packages/colcon_core/task/python/colcon_distutils_commands:/home/ubuntu-ros/ros2_ws/install/task_2/lib/python3.10/site-packages:/home/ubuntu-ros/ros2_ws/install/task_2_interfaces/local/lib/python3.10/dist-packages:${PYTHONPATH} /usr/bin/python3 -W ignore:setup.py install is deprecated setup.py egg_info --egg-base ../../build/task_2 build --build-base /home/ubuntu-ros/ros2_ws/build/task_2/build install --record /home/ubuntu-ros/ros2_ws/build/task_2/install.log --single-version-externally-managed install_data
[1.154s] running egg_info
[1.155s] writing ../../build/task_2/task_2.egg-info/PKG-INFO
[1.155s] writing dependency_links to ../../build/task_2/task_2.egg-info/dependency_links.txt
[1.155s] writing entry points to ../../build/task_2/task_2.egg-info/entry_points.txt
[1.155s] writing requirements to ../../build/task_2/task_2.egg-info/requires.txt
[1.155s] writing top-level names to ../../build/task_2/task_2.egg-info/top_level.txt
[1.157s] reading manifest file '../../build/task_2/task_2.egg-info/SOURCES.txt'
[1.158s] writing manifest file '../../build/task_2/task_2.egg-info/SOURCES.txt'
[1.158s] running build
[1.158s] running build_py
[1.158s] running install
[1.158s] running install_lib
[1.159s] running install_data
[1.160s] copying launch/service_launch.py -> /home/ubuntu-ros/ros2_ws/install/task_2/share/task_2/launch
[1.160s] running install_egg_info
[1.161s] removing '/home/ubuntu-ros/ros2_ws/install/task_2/lib/python3.10/site-packages/task_2-0.0.0-py3.10.egg-info' (and everything under it)
[1.161s] Copying ../../build/task_2/task_2.egg-info to /home/ubuntu-ros/ros2_ws/install/task_2/lib/python3.10/site-packages/task_2-0.0.0-py3.10.egg-info
[1.162s] running install_scripts
[1.180s] Installing publisher_node script to /home/ubuntu-ros/ros2_ws/install/task_2/lib/task_2
[1.181s] Installing service_client_node script to /home/ubuntu-ros/ros2_ws/install/task_2/lib/task_2
[1.181s] Installing service_server_node script to /home/ubuntu-ros/ros2_ws/install/task_2/lib/task_2
[1.181s] Installing subscriber_node script to /home/ubuntu-ros/ros2_ws/install/task_2/lib/task_2
[1.181s] writing list of installed files to '/home/ubuntu-ros/ros2_ws/build/task_2/install.log'
[1.207s] Invoked command in '/home/ubuntu-ros/ros2_ws/src/task_2' returned '0': AMENT_PREFIX_PATH=/home/ubuntu-ros/ros2_ws/install/task_2_interfaces:${AMENT_PREFIX_PATH} CMAKE_PREFIX_PATH=/home/ubuntu-ros/ros2_ws/install/task_2_interfaces LD_LIBRARY_PATH=/home/ubuntu-ros/ros2_ws/install/task_2_interfaces/lib:${LD_LIBRARY_PATH} PYTHONPATH=/home/ubuntu-ros/ros2_ws/build/task_2/prefix_override:/usr/lib/python3/dist-packages/colcon_core/task/python/colcon_distutils_commands:/home/ubuntu-ros/ros2_ws/install/task_2/lib/python3.10/site-packages:/home/ubuntu-ros/ros2_ws/install/task_2_interfaces/local/lib/python3.10/dist-packages:${PYTHONPATH} /usr/bin/python3 -W ignore:setup.py install is deprecated setup.py egg_info --egg-base ../../build/task_2 build --build-base /home/ubuntu-ros/ros2_ws/build/task_2/build install --record /home/ubuntu-ros/ros2_ws/build/task_2/install.log --single-version-externally-managed install_data
