[0.658s] Invoking command in '/home/ubuntu-ros/ros2_ws/src/55/task_1': PYTHONPATH=/home/ubuntu-ros/ros2_ws/src/build/task_1/prefix_override:/usr/lib/python3/dist-packages/colcon_core/task/python/colcon_distutils_commands:/home/ubuntu-ros/ros2_ws/src/install/task_1/lib/python3.10/site-packages:${PYTHONPATH} /usr/bin/python3 -W ignore:setup.py install is deprecated setup.py egg_info --egg-base ../../build/task_1 build --build-base /home/ubuntu-ros/ros2_ws/src/build/task_1/build install --record /home/ubuntu-ros/ros2_ws/src/build/task_1/install.log --single-version-externally-managed install_data
[0.905s] running egg_info
[0.906s] creating ../../build/task_1/task_1.egg-info
[0.906s] writing ../../build/task_1/task_1.egg-info/PKG-INFO
[0.906s] writing dependency_links to ../../build/task_1/task_1.egg-info/dependency_links.txt
[0.906s] writing entry points to ../../build/task_1/task_1.egg-info/entry_points.txt
[0.907s] writing requirements to ../../build/task_1/task_1.egg-info/requires.txt
[0.907s] writing top-level names to ../../build/task_1/task_1.egg-info/top_level.txt
[0.907s] writing manifest file '../../build/task_1/task_1.egg-info/SOURCES.txt'
[0.908s] reading manifest file '../../build/task_1/task_1.egg-info/SOURCES.txt'
[0.909s] adding license file 'LICENSE'
[0.909s] writing manifest file '../../build/task_1/task_1.egg-info/SOURCES.txt'
[0.910s] running build
[0.910s] running build_py
[0.910s] creating /home/ubuntu-ros/ros2_ws/src/build/task_1/build
[0.910s] creating /home/ubuntu-ros/ros2_ws/src/build/task_1/build/lib
[0.910s] creating /home/ubuntu-ros/ros2_ws/src/build/task_1/build/lib/task_1
[0.910s] copying task_1/__init__.py -> /home/ubuntu-ros/ros2_ws/src/build/task_1/build/lib/task_1
[0.910s] copying task_1/time_subscriber.py -> /home/ubuntu-ros/ros2_ws/src/build/task_1/build/lib/task_1
[0.910s] copying task_1/time_publisher.py -> /home/ubuntu-ros/ros2_ws/src/build/task_1/build/lib/task_1
[0.911s] running install
[0.911s] running install_lib
[0.912s] creating /home/ubuntu-ros/ros2_ws/src/install/task_1/lib/python3.10/site-packages/task_1
[0.912s] copying /home/ubuntu-ros/ros2_ws/src/build/task_1/build/lib/task_1/__init__.py -> /home/ubuntu-ros/ros2_ws/src/install/task_1/lib/python3.10/site-packages/task_1
[0.912s] copying /home/ubuntu-ros/ros2_ws/src/build/task_1/build/lib/task_1/time_subscriber.py -> /home/ubuntu-ros/ros2_ws/src/install/task_1/lib/python3.10/site-packages/task_1
[0.912s] copying /home/ubuntu-ros/ros2_ws/src/build/task_1/build/lib/task_1/time_publisher.py -> /home/ubuntu-ros/ros2_ws/src/install/task_1/lib/python3.10/site-packages/task_1
[0.913s] byte-compiling /home/ubuntu-ros/ros2_ws/src/install/task_1/lib/python3.10/site-packages/task_1/__init__.py to __init__.cpython-310.pyc
[0.913s] byte-compiling /home/ubuntu-ros/ros2_ws/src/install/task_1/lib/python3.10/site-packages/task_1/time_subscriber.py to time_subscriber.cpython-310.pyc
[0.913s] byte-compiling /home/ubuntu-ros/ros2_ws/src/install/task_1/lib/python3.10/site-packages/task_1/time_publisher.py to time_publisher.cpython-310.pyc
[0.914s] running install_data
[0.914s] creating /home/ubuntu-ros/ros2_ws/src/install/task_1/share/ament_index
[0.914s] creating /home/ubuntu-ros/ros2_ws/src/install/task_1/share/ament_index/resource_index
[0.914s] creating /home/ubuntu-ros/ros2_ws/src/install/task_1/share/ament_index/resource_index/packages
[0.914s] copying resource/task_1 -> /home/ubuntu-ros/ros2_ws/src/install/task_1/share/ament_index/resource_index/packages
[0.915s] copying package.xml -> /home/ubuntu-ros/ros2_ws/src/install/task_1/share/task_1
[0.915s] running install_egg_info
[0.917s] Copying ../../build/task_1/task_1.egg-info to /home/ubuntu-ros/ros2_ws/src/install/task_1/lib/python3.10/site-packages/task_1-0.0.0-py3.10.egg-info
[0.917s] running install_scripts
[0.943s] Installing listner script to /home/ubuntu-ros/ros2_ws/src/install/task_1/lib/task_1
[0.943s] Installing talker script to /home/ubuntu-ros/ros2_ws/src/install/task_1/lib/task_1
[0.943s] writing list of installed files to '/home/ubuntu-ros/ros2_ws/src/build/task_1/install.log'
[0.972s] Invoked command in '/home/ubuntu-ros/ros2_ws/src/55/task_1' returned '0': PYTHONPATH=/home/ubuntu-ros/ros2_ws/src/build/task_1/prefix_override:/usr/lib/python3/dist-packages/colcon_core/task/python/colcon_distutils_commands:/home/ubuntu-ros/ros2_ws/src/install/task_1/lib/python3.10/site-packages:${PYTHONPATH} /usr/bin/python3 -W ignore:setup.py install is deprecated setup.py egg_info --egg-base ../../build/task_1 build --build-base /home/ubuntu-ros/ros2_ws/src/build/task_1/build install --record /home/ubuntu-ros/ros2_ws/src/build/task_1/install.log --single-version-externally-managed install_data
