[0.884s] Invoking command in '/home/ubuntu-ros/ros2_ws/src/task_2': PYTHONPATH=/home/ubuntu-ros/ros2_ws/build/task_2/prefix_override:/usr/lib/python3/dist-packages/colcon_core/task/python/colcon_distutils_commands:/home/ubuntu-ros/ros2_ws/install/task_2/lib/python3.10/site-packages:${PYTHONPATH} /usr/bin/python3 -W ignore:setup.py install is deprecated setup.py egg_info --egg-base ../../build/task_2 build --build-base /home/ubuntu-ros/ros2_ws/build/task_2/build install --record /home/ubuntu-ros/ros2_ws/build/task_2/install.log --single-version-externally-managed install_data
[1.098s] running egg_info
[1.099s] writing ../../build/task_2/task_2.egg-info/PKG-INFO
[1.099s] writing dependency_links to ../../build/task_2/task_2.egg-info/dependency_links.txt
[1.100s] writing entry points to ../../build/task_2/task_2.egg-info/entry_points.txt
[1.100s] writing requirements to ../../build/task_2/task_2.egg-info/requires.txt
[1.100s] writing top-level names to ../../build/task_2/task_2.egg-info/top_level.txt
[1.102s] reading manifest file '../../build/task_2/task_2.egg-info/SOURCES.txt'
[1.102s] writing manifest file '../../build/task_2/task_2.egg-info/SOURCES.txt'
[1.103s] running build
[1.103s] running build_py
[1.103s] copying task_2/subscriber_node.py -> /home/ubuntu-ros/ros2_ws/build/task_2/build/lib/task_2
[1.103s] copying task_2/publisher_node.py -> /home/ubuntu-ros/ros2_ws/build/task_2/build/lib/task_2
[1.103s] running install
[1.104s] running install_lib
[1.104s] copying /home/ubuntu-ros/ros2_ws/build/task_2/build/lib/task_2/subscriber_node.py -> /home/ubuntu-ros/ros2_ws/install/task_2/lib/python3.10/site-packages/task_2
[1.104s] copying /home/ubuntu-ros/ros2_ws/build/task_2/build/lib/task_2/publisher_node.py -> /home/ubuntu-ros/ros2_ws/install/task_2/lib/python3.10/site-packages/task_2
[1.105s] byte-compiling /home/ubuntu-ros/ros2_ws/install/task_2/lib/python3.10/site-packages/task_2/subscriber_node.py to subscriber_node.cpython-310.pyc
[1.106s] byte-compiling /home/ubuntu-ros/ros2_ws/install/task_2/lib/python3.10/site-packages/task_2/publisher_node.py to publisher_node.cpython-310.pyc
[1.106s] running install_data
[1.107s] running install_egg_info
[1.109s] removing '/home/ubuntu-ros/ros2_ws/install/task_2/lib/python3.10/site-packages/task_2-0.0.0-py3.10.egg-info' (and everything under it)
[1.109s] Copying ../../build/task_2/task_2.egg-info to /home/ubuntu-ros/ros2_ws/install/task_2/lib/python3.10/site-packages/task_2-0.0.0-py3.10.egg-info
[1.110s] running install_scripts
[1.132s] Installing publisher_node script to /home/ubuntu-ros/ros2_ws/install/task_2/lib/task_2
[1.132s] Installing subscriber_node script to /home/ubuntu-ros/ros2_ws/install/task_2/lib/task_2
[1.132s] writing list of installed files to '/home/ubuntu-ros/ros2_ws/build/task_2/install.log'
[1.154s] Invoked command in '/home/ubuntu-ros/ros2_ws/src/task_2' returned '0': PYTHONPATH=/home/ubuntu-ros/ros2_ws/build/task_2/prefix_override:/usr/lib/python3/dist-packages/colcon_core/task/python/colcon_distutils_commands:/home/ubuntu-ros/ros2_ws/install/task_2/lib/python3.10/site-packages:${PYTHONPATH} /usr/bin/python3 -W ignore:setup.py install is deprecated setup.py egg_info --egg-base ../../build/task_2 build --build-base /home/ubuntu-ros/ros2_ws/build/task_2/build install --record /home/ubuntu-ros/ros2_ws/build/task_2/install.log --single-version-externally-managed install_data
