[0.083s] DEBUG:colcon:Command line arguments: ['/usr/bin/colcon', 'build']
[0.083s] DEBUG:colcon:Parsed command line arguments: Namespace(log_base=None, log_level=None, verb_name='build', build_base='build', install_base='install', merge_install=False, symlink_install=False, test_result_base=None, continue_on_error=False, executor='parallel', parallel_workers=6, event_handlers=None, ignore_user_meta=False, metas=['./colcon.meta'], base_paths=['.'], packages_ignore=None, packages_ignore_regex=None, paths=None, packages_up_to=None, packages_up_to_regex=None, packages_above=None, packages_above_and_dependencies=None, packages_above_depth=None, packages_select_by_dep=None, packages_skip_by_dep=None, packages_skip_up_to=None, packages_select_build_failed=False, packages_skip_build_finished=False, packages_select_test_failures=False, packages_skip_test_passed=False, packages_select=None, packages_skip=None, packages_select_regex=None, packages_skip_regex=None, packages_start=None, packages_end=None, allow_overriding=[], cmake_args=None, cmake_target=None, cmake_target_skip_unavailable=False, cmake_clean_cache=False, cmake_clean_first=False, cmake_force_configure=False, ament_cmake_args=None, catkin_cmake_args=None, catkin_skip_building_tests=False, verb_parser=<colcon_defaults.argument_parser.defaults.DefaultArgumentsDecorator object at 0xf19c52190310>, verb_extension=<colcon_core.verb.build.BuildVerb object at 0xf19c522c8f40>, main=<bound method BuildVerb.main of <colcon_core.verb.build.BuildVerb object at 0xf19c522c8f40>>)
[0.206s] Level 1:colcon.colcon_core.package_discovery:discover_packages(colcon_meta) check parameters
[0.206s] Level 1:colcon.colcon_core.package_discovery:discover_packages(recursive) check parameters
[0.206s] Level 1:colcon.colcon_core.package_discovery:discover_packages(ignore) check parameters
[0.206s] Level 1:colcon.colcon_core.package_discovery:discover_packages(path) check parameters
[0.206s] Level 1:colcon.colcon_core.package_discovery:discover_packages(colcon_meta) discover
[0.206s] Level 1:colcon.colcon_core.package_discovery:discover_packages(recursive) discover
[0.206s] INFO:colcon.colcon_core.package_discovery:Crawling recursively for packages in '/home/ubuntu-ros/ros2_ws'
[0.206s] Level 1:colcon.colcon_core.package_identification:_identify(.) by extensions ['ignore', 'ignore_ament_install']
[0.206s] Level 1:colcon.colcon_core.package_identification:_identify(.) by extension 'ignore'
[0.206s] Level 1:colcon.colcon_core.package_identification:_identify(.) by extension 'ignore_ament_install'
[0.206s] Level 1:colcon.colcon_core.package_identification:_identify(.) by extensions ['colcon_pkg']
[0.206s] Level 1:colcon.colcon_core.package_identification:_identify(.) by extension 'colcon_pkg'
[0.206s] Level 1:colcon.colcon_core.package_identification:_identify(.) by extensions ['colcon_meta']
[0.206s] Level 1:colcon.colcon_core.package_identification:_identify(.) by extension 'colcon_meta'
[0.206s] Level 1:colcon.colcon_core.package_identification:_identify(.) by extensions ['ros']
[0.207s] Level 1:colcon.colcon_core.package_identification:_identify(.) by extension 'ros'
[0.216s] Level 1:colcon.colcon_core.package_identification:_identify(.) by extensions ['cmake', 'python']
[0.217s] Level 1:colcon.colcon_core.package_identification:_identify(.) by extension 'cmake'
[0.217s] Level 1:colcon.colcon_core.package_identification:_identify(.) by extension 'python'
[0.217s] Level 1:colcon.colcon_core.package_identification:_identify(.) by extensions ['python_setup_py']
[0.217s] Level 1:colcon.colcon_core.package_identification:_identify(.) by extension 'python_setup_py'
[0.217s] Level 1:colcon.colcon_core.package_identification:_identify(build) by extensions ['ignore', 'ignore_ament_install']
[0.217s] Level 1:colcon.colcon_core.package_identification:_identify(build) by extension 'ignore'
[0.217s] Level 1:colcon.colcon_core.package_identification:_identify(build) ignored
[0.217s] Level 1:colcon.colcon_core.package_identification:_identify(install) by extensions ['ignore', 'ignore_ament_install']
[0.217s] Level 1:colcon.colcon_core.package_identification:_identify(install) by extension 'ignore'
[0.217s] Level 1:colcon.colcon_core.package_identification:_identify(install) ignored
[0.217s] Level 1:colcon.colcon_core.package_identification:_identify(log) by extensions ['ignore', 'ignore_ament_install']
[0.217s] Level 1:colcon.colcon_core.package_identification:_identify(log) by extension 'ignore'
[0.217s] Level 1:colcon.colcon_core.package_identification:_identify(log) ignored
[0.217s] Level 1:colcon.colcon_core.package_identification:_identify(src) by extensions ['ignore', 'ignore_ament_install']
[0.217s] Level 1:colcon.colcon_core.package_identification:_identify(src) by extension 'ignore'
[0.217s] Level 1:colcon.colcon_core.package_identification:_identify(src) by extension 'ignore_ament_install'
[0.217s] Level 1:colcon.colcon_core.package_identification:_identify(src) by extensions ['colcon_pkg']
[0.217s] Level 1:colcon.colcon_core.package_identification:_identify(src) by extension 'colcon_pkg'
[0.217s] Level 1:colcon.colcon_core.package_identification:_identify(src) by extensions ['colcon_meta']
[0.217s] Level 1:colcon.colcon_core.package_identification:_identify(src) by extension 'colcon_meta'
[0.217s] Level 1:colcon.colcon_core.package_identification:_identify(src) by extensions ['ros']
[0.217s] Level 1:colcon.colcon_core.package_identification:_identify(src) by extension 'ros'
[0.218s] Level 1:colcon.colcon_core.package_identification:_identify(src) by extensions ['cmake', 'python']
[0.218s] Level 1:colcon.colcon_core.package_identification:_identify(src) by extension 'cmake'
[0.218s] Level 1:colcon.colcon_core.package_identification:_identify(src) by extension 'python'
[0.218s] Level 1:colcon.colcon_core.package_identification:_identify(src) by extensions ['python_setup_py']
[0.218s] Level 1:colcon.colcon_core.package_identification:_identify(src) by extension 'python_setup_py'
[0.218s] Level 1:colcon.colcon_core.package_identification:_identify(src/build) by extensions ['ignore', 'ignore_ament_install']
[0.218s] Level 1:colcon.colcon_core.package_identification:_identify(src/build) by extension 'ignore'
[0.218s] Level 1:colcon.colcon_core.package_identification:_identify(src/build) ignored
[0.218s] Level 1:colcon.colcon_core.package_identification:_identify(src/install) by extensions ['ignore', 'ignore_ament_install']
[0.218s] Level 1:colcon.colcon_core.package_identification:_identify(src/install) by extension 'ignore'
[0.218s] Level 1:colcon.colcon_core.package_identification:_identify(src/install) ignored
[0.218s] Level 1:colcon.colcon_core.package_identification:_identify(src/log) by extensions ['ignore', 'ignore_ament_install']
[0.218s] Level 1:colcon.colcon_core.package_identification:_identify(src/log) by extension 'ignore'
[0.218s] Level 1:colcon.colcon_core.package_identification:_identify(src/log) ignored
[0.218s] Level 1:colcon.colcon_core.package_identification:_identify(src/my_package) by extensions ['ignore', 'ignore_ament_install']
[0.218s] Level 1:colcon.colcon_core.package_identification:_identify(src/my_package) by extension 'ignore'
[0.218s] Level 1:colcon.colcon_core.package_identification:_identify(src/my_package) by extension 'ignore_ament_install'
[0.218s] Level 1:colcon.colcon_core.package_identification:_identify(src/my_package) by extensions ['colcon_pkg']
[0.218s] Level 1:colcon.colcon_core.package_identification:_identify(src/my_package) by extension 'colcon_pkg'
[0.218s] Level 1:colcon.colcon_core.package_identification:_identify(src/my_package) by extensions ['colcon_meta']
[0.218s] Level 1:colcon.colcon_core.package_identification:_identify(src/my_package) by extension 'colcon_meta'
[0.218s] Level 1:colcon.colcon_core.package_identification:_identify(src/my_package) by extensions ['ros']
[0.218s] Level 1:colcon.colcon_core.package_identification:_identify(src/my_package) by extension 'ros'
[0.220s] DEBUG:colcon.colcon_core.package_identification:Package 'src/my_package' with type 'ros.ament_python' and name 'my_package'
[0.220s] Level 1:colcon.colcon_core.package_identification:_identify(src/py_pubsub) by extensions ['ignore', 'ignore_ament_install']
[0.221s] Level 1:colcon.colcon_core.package_identification:_identify(src/py_pubsub) by extension 'ignore'
[0.221s] Level 1:colcon.colcon_core.package_identification:_identify(src/py_pubsub) by extension 'ignore_ament_install'
[0.221s] Level 1:colcon.colcon_core.package_identification:_identify(src/py_pubsub) by extensions ['colcon_pkg']
[0.221s] Level 1:colcon.colcon_core.package_identification:_identify(src/py_pubsub) by extension 'colcon_pkg'
[0.221s] Level 1:colcon.colcon_core.package_identification:_identify(src/py_pubsub) by extensions ['colcon_meta']
[0.221s] Level 1:colcon.colcon_core.package_identification:_identify(src/py_pubsub) by extension 'colcon_meta'
[0.221s] Level 1:colcon.colcon_core.package_identification:_identify(src/py_pubsub) by extensions ['ros']
[0.221s] Level 1:colcon.colcon_core.package_identification:_identify(src/py_pubsub) by extension 'ros'
[0.221s] DEBUG:colcon.colcon_core.package_identification:Package 'src/py_pubsub' with type 'ros.ament_python' and name 'py_pubsub'
[0.221s] Level 1:colcon.colcon_core.package_identification:_identify(src/task_1) by extensions ['ignore', 'ignore_ament_install']
[0.221s] Level 1:colcon.colcon_core.package_identification:_identify(src/task_1) by extension 'ignore'
[0.221s] Level 1:colcon.colcon_core.package_identification:_identify(src/task_1) by extension 'ignore_ament_install'
[0.221s] Level 1:colcon.colcon_core.package_identification:_identify(src/task_1) by extensions ['colcon_pkg']
[0.221s] Level 1:colcon.colcon_core.package_identification:_identify(src/task_1) by extension 'colcon_pkg'
[0.221s] Level 1:colcon.colcon_core.package_identification:_identify(src/task_1) by extensions ['colcon_meta']
[0.221s] Level 1:colcon.colcon_core.package_identification:_identify(src/task_1) by extension 'colcon_meta'
[0.221s] Level 1:colcon.colcon_core.package_identification:_identify(src/task_1) by extensions ['ros']
[0.221s] Level 1:colcon.colcon_core.package_identification:_identify(src/task_1) by extension 'ros'
[0.222s] DEBUG:colcon.colcon_core.package_identification:Package 'src/task_1' with type 'ros.ament_python' and name 'task_1'
[0.222s] Level 1:colcon.colcon_core.package_identification:_identify(src/task_2) by extensions ['ignore', 'ignore_ament_install']
[0.222s] Level 1:colcon.colcon_core.package_identification:_identify(src/task_2) by extension 'ignore'
[0.222s] Level 1:colcon.colcon_core.package_identification:_identify(src/task_2) by extension 'ignore_ament_install'
[0.222s] Level 1:colcon.colcon_core.package_identification:_identify(src/task_2) by extensions ['colcon_pkg']
[0.222s] Level 1:colcon.colcon_core.package_identification:_identify(src/task_2) by extension 'colcon_pkg'
[0.222s] Level 1:colcon.colcon_core.package_identification:_identify(src/task_2) by extensions ['colcon_meta']
[0.222s] Level 1:colcon.colcon_core.package_identification:_identify(src/task_2) by extension 'colcon_meta'
[0.222s] Level 1:colcon.colcon_core.package_identification:_identify(src/task_2) by extensions ['ros']
[0.222s] Level 1:colcon.colcon_core.package_identification:_identify(src/task_2) by extension 'ros'
[0.223s] DEBUG:colcon.colcon_core.package_identification:Package 'src/task_2' with type 'ros.ament_python' and name 'task_2'
[0.223s] Level 1:colcon.colcon_core.package_identification:_identify(src/task_2_interfaces) by extensions ['ignore', 'ignore_ament_install']
[0.223s] Level 1:colcon.colcon_core.package_identification:_identify(src/task_2_interfaces) by extension 'ignore'
[0.223s] Level 1:colcon.colcon_core.package_identification:_identify(src/task_2_interfaces) by extension 'ignore_ament_install'
[0.223s] Level 1:colcon.colcon_core.package_identification:_identify(src/task_2_interfaces) by extensions ['colcon_pkg']
[0.223s] Level 1:colcon.colcon_core.package_identification:_identify(src/task_2_interfaces) by extension 'colcon_pkg'
[0.223s] Level 1:colcon.colcon_core.package_identification:_identify(src/task_2_interfaces) by extensions ['colcon_meta']
[0.223s] Level 1:colcon.colcon_core.package_identification:_identify(src/task_2_interfaces) by extension 'colcon_meta'
[0.223s] Level 1:colcon.colcon_core.package_identification:_identify(src/task_2_interfaces) by extensions ['ros']
[0.223s] Level 1:colcon.colcon_core.package_identification:_identify(src/task_2_interfaces) by extension 'ros'
[0.223s] DEBUG:colcon.colcon_core.package_identification:Package 'src/task_2_interfaces' with type 'ros.ament_cmake' and name 'task_2_interfaces'
[0.223s] Level 1:colcon.colcon_core.package_discovery:discover_packages(recursive) using defaults
[0.223s] Level 1:colcon.colcon_core.package_discovery:discover_packages(ignore) discover
[0.224s] Level 1:colcon.colcon_core.package_discovery:discover_packages(ignore) using defaults
[0.224s] Level 1:colcon.colcon_core.package_discovery:discover_packages(path) discover
[0.224s] Level 1:colcon.colcon_core.package_discovery:discover_packages(path) using defaults
[0.240s] Level 1:colcon.colcon_core.package_discovery:discover_packages(prefix_path) check parameters
[0.241s] Level 1:colcon.colcon_core.package_discovery:discover_packages(prefix_path) discover
[0.242s] DEBUG:colcon.colcon_installed_package_information.package_discovery:Found 293 installed packages in /opt/ros/humble
[0.244s] Level 1:colcon.colcon_core.package_discovery:discover_packages(prefix_path) using defaults
[0.288s] Level 5:colcon.colcon_core.verb:set package 'my_package' build argument 'cmake_args' from command line to 'None'
[0.288s] Level 5:colcon.colcon_core.verb:set package 'my_package' build argument 'cmake_target' from command line to 'None'
[0.288s] Level 5:colcon.colcon_core.verb:set package 'my_package' build argument 'cmake_target_skip_unavailable' from command line to 'False'
[0.288s] Level 5:colcon.colcon_core.verb:set package 'my_package' build argument 'cmake_clean_cache' from command line to 'False'
[0.288s] Level 5:colcon.colcon_core.verb:set package 'my_package' build argument 'cmake_clean_first' from command line to 'False'
[0.288s] Level 5:colcon.colcon_core.verb:set package 'my_package' build argument 'cmake_force_configure' from command line to 'False'
[0.288s] Level 5:colcon.colcon_core.verb:set package 'my_package' build argument 'ament_cmake_args' from command line to 'None'
[0.288s] Level 5:colcon.colcon_core.verb:set package 'my_package' build argument 'catkin_cmake_args' from command line to 'None'
[0.288s] Level 5:colcon.colcon_core.verb:set package 'my_package' build argument 'catkin_skip_building_tests' from command line to 'False'
[0.288s] DEBUG:colcon.colcon_core.verb:Building package 'my_package' with the following arguments: {'ament_cmake_args': None, 'build_base': '/home/ubuntu-ros/ros2_ws/build/my_package', 'catkin_cmake_args': None, 'catkin_skip_building_tests': False, 'cmake_args': None, 'cmake_clean_cache': False, 'cmake_clean_first': False, 'cmake_force_configure': False, 'cmake_target': None, 'cmake_target_skip_unavailable': False, 'install_base': '/home/ubuntu-ros/ros2_ws/install/my_package', 'merge_install': False, 'path': '/home/ubuntu-ros/ros2_ws/src/my_package', 'symlink_install': False, 'test_result_base': None}
[0.288s] Level 5:colcon.colcon_core.verb:set package 'py_pubsub' build argument 'cmake_args' from command line to 'None'
[0.288s] Level 5:colcon.colcon_core.verb:set package 'py_pubsub' build argument 'cmake_target' from command line to 'None'
[0.288s] Level 5:colcon.colcon_core.verb:set package 'py_pubsub' build argument 'cmake_target_skip_unavailable' from command line to 'False'
[0.288s] Level 5:colcon.colcon_core.verb:set package 'py_pubsub' build argument 'cmake_clean_cache' from command line to 'False'
[0.288s] Level 5:colcon.colcon_core.verb:set package 'py_pubsub' build argument 'cmake_clean_first' from command line to 'False'
[0.288s] Level 5:colcon.colcon_core.verb:set package 'py_pubsub' build argument 'cmake_force_configure' from command line to 'False'
[0.289s] Level 5:colcon.colcon_core.verb:set package 'py_pubsub' build argument 'ament_cmake_args' from command line to 'None'
[0.289s] Level 5:colcon.colcon_core.verb:set package 'py_pubsub' build argument 'catkin_cmake_args' from command line to 'None'
[0.289s] Level 5:colcon.colcon_core.verb:set package 'py_pubsub' build argument 'catkin_skip_building_tests' from command line to 'False'
[0.289s] DEBUG:colcon.colcon_core.verb:Building package 'py_pubsub' with the following arguments: {'ament_cmake_args': None, 'build_base': '/home/ubuntu-ros/ros2_ws/build/py_pubsub', 'catkin_cmake_args': None, 'catkin_skip_building_tests': False, 'cmake_args': None, 'cmake_clean_cache': False, 'cmake_clean_first': False, 'cmake_force_configure': False, 'cmake_target': None, 'cmake_target_skip_unavailable': False, 'install_base': '/home/ubuntu-ros/ros2_ws/install/py_pubsub', 'merge_install': False, 'path': '/home/ubuntu-ros/ros2_ws/src/py_pubsub', 'symlink_install': False, 'test_result_base': None}
[0.289s] Level 5:colcon.colcon_core.verb:set package 'task_1' build argument 'cmake_args' from command line to 'None'
[0.289s] Level 5:colcon.colcon_core.verb:set package 'task_1' build argument 'cmake_target' from command line to 'None'
[0.289s] Level 5:colcon.colcon_core.verb:set package 'task_1' build argument 'cmake_target_skip_unavailable' from command line to 'False'
[0.289s] Level 5:colcon.colcon_core.verb:set package 'task_1' build argument 'cmake_clean_cache' from command line to 'False'
[0.289s] Level 5:colcon.colcon_core.verb:set package 'task_1' build argument 'cmake_clean_first' from command line to 'False'
[0.289s] Level 5:colcon.colcon_core.verb:set package 'task_1' build argument 'cmake_force_configure' from command line to 'False'
[0.289s] Level 5:colcon.colcon_core.verb:set package 'task_1' build argument 'ament_cmake_args' from command line to 'None'
[0.289s] Level 5:colcon.colcon_core.verb:set package 'task_1' build argument 'catkin_cmake_args' from command line to 'None'
[0.289s] Level 5:colcon.colcon_core.verb:set package 'task_1' build argument 'catkin_skip_building_tests' from command line to 'False'
[0.289s] DEBUG:colcon.colcon_core.verb:Building package 'task_1' with the following arguments: {'ament_cmake_args': None, 'build_base': '/home/ubuntu-ros/ros2_ws/build/task_1', 'catkin_cmake_args': None, 'catkin_skip_building_tests': False, 'cmake_args': None, 'cmake_clean_cache': False, 'cmake_clean_first': False, 'cmake_force_configure': False, 'cmake_target': None, 'cmake_target_skip_unavailable': False, 'install_base': '/home/ubuntu-ros/ros2_ws/install/task_1', 'merge_install': False, 'path': '/home/ubuntu-ros/ros2_ws/src/task_1', 'symlink_install': False, 'test_result_base': None}
[0.289s] Level 5:colcon.colcon_core.verb:set package 'task_2_interfaces' build argument 'cmake_args' from command line to 'None'
[0.289s] Level 5:colcon.colcon_core.verb:set package 'task_2_interfaces' build argument 'cmake_target' from command line to 'None'
[0.289s] Level 5:colcon.colcon_core.verb:set package 'task_2_interfaces' build argument 'cmake_target_skip_unavailable' from command line to 'False'
[0.289s] Level 5:colcon.colcon_core.verb:set package 'task_2_interfaces' build argument 'cmake_clean_cache' from command line to 'False'
[0.289s] Level 5:colcon.colcon_core.verb:set package 'task_2_interfaces' build argument 'cmake_clean_first' from command line to 'False'
[0.289s] Level 5:colcon.colcon_core.verb:set package 'task_2_interfaces' build argument 'cmake_force_configure' from command line to 'False'
[0.289s] Level 5:colcon.colcon_core.verb:set package 'task_2_interfaces' build argument 'ament_cmake_args' from command line to 'None'
[0.289s] Level 5:colcon.colcon_core.verb:set package 'task_2_interfaces' build argument 'catkin_cmake_args' from command line to 'None'
[0.289s] Level 5:colcon.colcon_core.verb:set package 'task_2_interfaces' build argument 'catkin_skip_building_tests' from command line to 'False'
[0.289s] DEBUG:colcon.colcon_core.verb:Building package 'task_2_interfaces' with the following arguments: {'ament_cmake_args': None, 'build_base': '/home/ubuntu-ros/ros2_ws/build/task_2_interfaces', 'catkin_cmake_args': None, 'catkin_skip_building_tests': False, 'cmake_args': None, 'cmake_clean_cache': False, 'cmake_clean_first': False, 'cmake_force_configure': False, 'cmake_target': None, 'cmake_target_skip_unavailable': False, 'install_base': '/home/ubuntu-ros/ros2_ws/install/task_2_interfaces', 'merge_install': False, 'path': '/home/ubuntu-ros/ros2_ws/src/task_2_interfaces', 'symlink_install': False, 'test_result_base': None}
[0.290s] Level 5:colcon.colcon_core.verb:set package 'task_2' build argument 'cmake_args' from command line to 'None'
[0.290s] Level 5:colcon.colcon_core.verb:set package 'task_2' build argument 'cmake_target' from command line to 'None'
[0.290s] Level 5:colcon.colcon_core.verb:set package 'task_2' build argument 'cmake_target_skip_unavailable' from command line to 'False'
[0.290s] Level 5:colcon.colcon_core.verb:set package 'task_2' build argument 'cmake_clean_cache' from command line to 'False'
[0.290s] Level 5:colcon.colcon_core.verb:set package 'task_2' build argument 'cmake_clean_first' from command line to 'False'
[0.290s] Level 5:colcon.colcon_core.verb:set package 'task_2' build argument 'cmake_force_configure' from command line to 'False'
[0.290s] Level 5:colcon.colcon_core.verb:set package 'task_2' build argument 'ament_cmake_args' from command line to 'None'
[0.290s] Level 5:colcon.colcon_core.verb:set package 'task_2' build argument 'catkin_cmake_args' from command line to 'None'
[0.290s] Level 5:colcon.colcon_core.verb:set package 'task_2' build argument 'catkin_skip_building_tests' from command line to 'False'
[0.290s] DEBUG:colcon.colcon_core.verb:Building package 'task_2' with the following arguments: {'ament_cmake_args': None, 'build_base': '/home/ubuntu-ros/ros2_ws/build/task_2', 'catkin_cmake_args': None, 'catkin_skip_building_tests': False, 'cmake_args': None, 'cmake_clean_cache': False, 'cmake_clean_first': False, 'cmake_force_configure': False, 'cmake_target': None, 'cmake_target_skip_unavailable': False, 'install_base': '/home/ubuntu-ros/ros2_ws/install/task_2', 'merge_install': False, 'path': '/home/ubuntu-ros/ros2_ws/src/task_2', 'symlink_install': False, 'test_result_base': None}
[0.290s] INFO:colcon.colcon_core.executor:Executing jobs using 'parallel' executor
[0.291s] DEBUG:colcon.colcon_parallel_executor.executor.parallel:run_until_complete
[0.291s] INFO:colcon.colcon_ros.task.ament_cmake.build:Building ROS package in '/home/ubuntu-ros/ros2_ws/src/task_2_interfaces' with build type 'ament_cmake'
[0.291s] INFO:colcon.colcon_cmake.task.cmake.build:Building CMake package in '/home/ubuntu-ros/ros2_ws/src/task_2_interfaces'
[0.293s] INFO:colcon.colcon_core.plugin_system:Skipping extension 'colcon_core.shell.bat': Not used on non-Windows systems
[0.293s] INFO:colcon.colcon_core.shell:Skip shell extension 'powershell' for command environment: Not usable outside of PowerShell
[0.293s] DEBUG:colcon.colcon_core.shell:Skip shell extension 'dsv' for command environment
[0.295s] INFO:colcon.colcon_ros.task.ament_python.build:Building ROS package in '/home/ubuntu-ros/ros2_ws/src/my_package' with build type 'ament_python'
[0.296s] Level 1:colcon.colcon_core.shell:create_environment_hook('my_package', 'ament_prefix_path')
[0.296s] INFO:colcon.colcon_core.shell:Creating environment hook '/home/ubuntu-ros/ros2_ws/install/my_package/share/my_package/hook/ament_prefix_path.ps1'
[0.297s] INFO:colcon.colcon_core.shell:Creating environment descriptor '/home/ubuntu-ros/ros2_ws/install/my_package/share/my_package/hook/ament_prefix_path.dsv'
[0.297s] INFO:colcon.colcon_core.shell:Creating environment hook '/home/ubuntu-ros/ros2_ws/install/my_package/share/my_package/hook/ament_prefix_path.sh'
[0.298s] INFO:colcon.colcon_core.shell:Skip shell extension 'powershell' for command environment: Not usable outside of PowerShell
[0.298s] DEBUG:colcon.colcon_core.shell:Skip shell extension 'dsv' for command environment
[0.300s] INFO:colcon.colcon_ros.task.ament_python.build:Building ROS package in '/home/ubuntu-ros/ros2_ws/src/py_pubsub' with build type 'ament_python'
[0.300s] Level 1:colcon.colcon_core.shell:create_environment_hook('py_pubsub', 'ament_prefix_path')
[0.300s] INFO:colcon.colcon_core.shell:Creating environment hook '/home/ubuntu-ros/ros2_ws/install/py_pubsub/share/py_pubsub/hook/ament_prefix_path.ps1'
[0.300s] INFO:colcon.colcon_core.shell:Creating environment descriptor '/home/ubuntu-ros/ros2_ws/install/py_pubsub/share/py_pubsub/hook/ament_prefix_path.dsv'
[0.300s] INFO:colcon.colcon_core.shell:Creating environment hook '/home/ubuntu-ros/ros2_ws/install/py_pubsub/share/py_pubsub/hook/ament_prefix_path.sh'
[0.301s] INFO:colcon.colcon_core.shell:Skip shell extension 'powershell' for command environment: Not usable outside of PowerShell
[0.301s] DEBUG:colcon.colcon_core.shell:Skip shell extension 'dsv' for command environment
[0.303s] INFO:colcon.colcon_ros.task.ament_python.build:Building ROS package in '/home/ubuntu-ros/ros2_ws/src/task_1' with build type 'ament_python'
[0.304s] Level 1:colcon.colcon_core.shell:create_environment_hook('task_1', 'ament_prefix_path')
[0.304s] INFO:colcon.colcon_core.shell:Creating environment hook '/home/ubuntu-ros/ros2_ws/install/task_1/share/task_1/hook/ament_prefix_path.ps1'
[0.304s] INFO:colcon.colcon_core.shell:Creating environment descriptor '/home/ubuntu-ros/ros2_ws/install/task_1/share/task_1/hook/ament_prefix_path.dsv'
[0.305s] INFO:colcon.colcon_core.shell:Creating environment hook '/home/ubuntu-ros/ros2_ws/install/task_1/share/task_1/hook/ament_prefix_path.sh'
[0.305s] INFO:colcon.colcon_core.shell:Skip shell extension 'powershell' for command environment: Not usable outside of PowerShell
[0.305s] DEBUG:colcon.colcon_core.shell:Skip shell extension 'dsv' for command environment
[0.315s] DEBUG:colcon.colcon_core.event_handler.log_command:Invoking command in '/home/ubuntu-ros/ros2_ws/build/task_2_interfaces': CMAKE_PREFIX_PATH=/opt/ros/humble /usr/bin/cmake --build /home/ubuntu-ros/ros2_ws/build/task_2_interfaces -- -j6 -l6
[0.525s] INFO:colcon.colcon_core.task.python.build:Building Python package in '/home/ubuntu-ros/ros2_ws/src/my_package'
[0.526s] INFO:colcon.colcon_core.shell:Skip shell extension 'powershell' for command environment: Not usable outside of PowerShell
[0.526s] DEBUG:colcon.colcon_core.shell:Skip shell extension 'dsv' for command environment
[0.759s] INFO:colcon.colcon_core.task.python.build:Building Python package in '/home/ubuntu-ros/ros2_ws/src/py_pubsub'
[0.759s] INFO:colcon.colcon_core.shell:Skip shell extension 'powershell' for command environment: Not usable outside of PowerShell
[0.759s] DEBUG:colcon.colcon_core.shell:Skip shell extension 'dsv' for command environment
[0.996s] INFO:colcon.colcon_core.task.python.build:Building Python package in '/home/ubuntu-ros/ros2_ws/src/task_1'
[0.997s] INFO:colcon.colcon_core.shell:Skip shell extension 'powershell' for command environment: Not usable outside of PowerShell
[0.997s] DEBUG:colcon.colcon_core.shell:Skip shell extension 'dsv' for command environment
[1.001s] DEBUG:colcon.colcon_core.event_handler.log_command:Invoked command in '/home/ubuntu-ros/ros2_ws/build/task_2_interfaces' returned '0': CMAKE_PREFIX_PATH=/opt/ros/humble /usr/bin/cmake --build /home/ubuntu-ros/ros2_ws/build/task_2_interfaces -- -j6 -l6
[1.100s] DEBUG:colcon.colcon_core.event_handler.log_command:Invoking command in '/home/ubuntu-ros/ros2_ws/build/task_2_interfaces': CMAKE_PREFIX_PATH=/opt/ros/humble /usr/bin/cmake --install /home/ubuntu-ros/ros2_ws/build/task_2_interfaces
[1.173s] Level 1:colcon.colcon_core.environment:create_environment_scripts_only(task_2_interfaces)
[1.174s] DEBUG:colcon.colcon_core.event_handler.log_command:Invoked command in '/home/ubuntu-ros/ros2_ws/build/task_2_interfaces' returned '0': CMAKE_PREFIX_PATH=/opt/ros/humble /usr/bin/cmake --install /home/ubuntu-ros/ros2_ws/build/task_2_interfaces
[1.179s] Level 1:colcon.colcon_core.environment:checking '/home/ubuntu-ros/ros2_ws/install/task_2_interfaces' for CMake module files
[1.180s] Level 1:colcon.colcon_core.environment:checking '/home/ubuntu-ros/ros2_ws/install/task_2_interfaces' for CMake config files
[1.181s] Level 1:colcon.colcon_core.shell:create_environment_hook('task_2_interfaces', 'cmake_prefix_path')
[1.181s] INFO:colcon.colcon_core.shell:Creating environment hook '/home/ubuntu-ros/ros2_ws/install/task_2_interfaces/share/task_2_interfaces/hook/cmake_prefix_path.ps1'
[1.182s] INFO:colcon.colcon_core.shell:Creating environment descriptor '/home/ubuntu-ros/ros2_ws/install/task_2_interfaces/share/task_2_interfaces/hook/cmake_prefix_path.dsv'
[1.182s] INFO:colcon.colcon_core.shell:Creating environment hook '/home/ubuntu-ros/ros2_ws/install/task_2_interfaces/share/task_2_interfaces/hook/cmake_prefix_path.sh'
[1.184s] Level 1:colcon.colcon_core.environment:checking '/home/ubuntu-ros/ros2_ws/install/task_2_interfaces/lib'
[1.184s] Level 1:colcon.colcon_core.shell:create_environment_hook('task_2_interfaces', 'ld_library_path_lib')
[1.184s] INFO:colcon.colcon_core.shell:Creating environment hook '/home/ubuntu-ros/ros2_ws/install/task_2_interfaces/share/task_2_interfaces/hook/ld_library_path_lib.ps1'
[1.185s] INFO:colcon.colcon_core.shell:Creating environment descriptor '/home/ubuntu-ros/ros2_ws/install/task_2_interfaces/share/task_2_interfaces/hook/ld_library_path_lib.dsv'
[1.186s] INFO:colcon.colcon_core.shell:Creating environment hook '/home/ubuntu-ros/ros2_ws/install/task_2_interfaces/share/task_2_interfaces/hook/ld_library_path_lib.sh'
[1.187s] Level 1:colcon.colcon_core.environment:checking '/home/ubuntu-ros/ros2_ws/install/task_2_interfaces/bin'
[1.187s] Level 1:colcon.colcon_core.environment:checking '/home/ubuntu-ros/ros2_ws/install/task_2_interfaces/lib/pkgconfig/task_2_interfaces.pc'
[1.187s] Level 1:colcon.colcon_core.environment:checking '/home/ubuntu-ros/ros2_ws/install/task_2_interfaces/lib/python3.10/site-packages'
[1.188s] Level 1:colcon.colcon_core.environment:checking '/home/ubuntu-ros/ros2_ws/install/task_2_interfaces/bin'
[1.188s] INFO:colcon.colcon_core.shell:Creating package script '/home/ubuntu-ros/ros2_ws/install/task_2_interfaces/share/task_2_interfaces/package.ps1'
[1.190s] INFO:colcon.colcon_core.shell:Creating package descriptor '/home/ubuntu-ros/ros2_ws/install/task_2_interfaces/share/task_2_interfaces/package.dsv'
[1.190s] INFO:colcon.colcon_core.shell:Creating package script '/home/ubuntu-ros/ros2_ws/install/task_2_interfaces/share/task_2_interfaces/package.sh'
[1.191s] INFO:colcon.colcon_core.shell:Creating package script '/home/ubuntu-ros/ros2_ws/install/task_2_interfaces/share/task_2_interfaces/package.bash'
[1.192s] INFO:colcon.colcon_core.shell:Creating package script '/home/ubuntu-ros/ros2_ws/install/task_2_interfaces/share/task_2_interfaces/package.zsh'
[1.193s] Level 1:colcon.colcon_core.environment:create_file_with_runtime_dependencies(/home/ubuntu-ros/ros2_ws/install/task_2_interfaces/share/colcon-core/packages/task_2_interfaces)
[1.322s] Level 1:colcon.colcon_core.environment:create_environment_scripts_only(task_2_interfaces)
[1.323s] Level 1:colcon.colcon_core.environment:checking '/home/ubuntu-ros/ros2_ws/install/task_2_interfaces' for CMake module files
[1.325s] Level 1:colcon.colcon_core.environment:checking '/home/ubuntu-ros/ros2_ws/install/task_2_interfaces' for CMake config files
[1.329s] Level 1:colcon.colcon_core.shell:create_environment_hook('task_2_interfaces', 'cmake_prefix_path')
[1.330s] INFO:colcon.colcon_core.shell:Creating environment hook '/home/ubuntu-ros/ros2_ws/install/task_2_interfaces/share/task_2_interfaces/hook/cmake_prefix_path.ps1'
[1.333s] INFO:colcon.colcon_core.shell:Creating environment descriptor '/home/ubuntu-ros/ros2_ws/install/task_2_interfaces/share/task_2_interfaces/hook/cmake_prefix_path.dsv'
[1.333s] INFO:colcon.colcon_core.shell:Creating environment hook '/home/ubuntu-ros/ros2_ws/install/task_2_interfaces/share/task_2_interfaces/hook/cmake_prefix_path.sh'
[1.335s] Level 1:colcon.colcon_core.environment:checking '/home/ubuntu-ros/ros2_ws/install/task_2_interfaces/lib'
[1.335s] Level 1:colcon.colcon_core.shell:create_environment_hook('task_2_interfaces', 'ld_library_path_lib')
[1.335s] INFO:colcon.colcon_core.shell:Creating environment hook '/home/ubuntu-ros/ros2_ws/install/task_2_interfaces/share/task_2_interfaces/hook/ld_library_path_lib.ps1'
[1.336s] INFO:colcon.colcon_core.shell:Creating environment descriptor '/home/ubuntu-ros/ros2_ws/install/task_2_interfaces/share/task_2_interfaces/hook/ld_library_path_lib.dsv'
[1.336s] INFO:colcon.colcon_core.shell:Creating environment hook '/home/ubuntu-ros/ros2_ws/install/task_2_interfaces/share/task_2_interfaces/hook/ld_library_path_lib.sh'
[1.337s] Level 1:colcon.colcon_core.environment:checking '/home/ubuntu-ros/ros2_ws/install/task_2_interfaces/bin'
[1.337s] Level 1:colcon.colcon_core.environment:checking '/home/ubuntu-ros/ros2_ws/install/task_2_interfaces/lib/pkgconfig/task_2_interfaces.pc'
[1.337s] Level 1:colcon.colcon_core.environment:checking '/home/ubuntu-ros/ros2_ws/install/task_2_interfaces/lib/python3.10/site-packages'
[1.338s] Level 1:colcon.colcon_core.environment:checking '/home/ubuntu-ros/ros2_ws/install/task_2_interfaces/bin'
[1.339s] INFO:colcon.colcon_core.shell:Creating package script '/home/ubuntu-ros/ros2_ws/install/task_2_interfaces/share/task_2_interfaces/package.ps1'
[1.341s] INFO:colcon.colcon_core.shell:Creating package descriptor '/home/ubuntu-ros/ros2_ws/install/task_2_interfaces/share/task_2_interfaces/package.dsv'
[1.342s] INFO:colcon.colcon_core.shell:Creating package script '/home/ubuntu-ros/ros2_ws/install/task_2_interfaces/share/task_2_interfaces/package.sh'
[1.344s] INFO:colcon.colcon_core.shell:Creating package script '/home/ubuntu-ros/ros2_ws/install/task_2_interfaces/share/task_2_interfaces/package.bash'
[1.344s] INFO:colcon.colcon_core.shell:Creating package script '/home/ubuntu-ros/ros2_ws/install/task_2_interfaces/share/task_2_interfaces/package.zsh'
[1.345s] Level 1:colcon.colcon_core.environment:create_file_with_runtime_dependencies(/home/ubuntu-ros/ros2_ws/install/task_2_interfaces/share/colcon-core/packages/task_2_interfaces)
[1.346s] INFO:colcon.colcon_ros.task.ament_python.build:Building ROS package in '/home/ubuntu-ros/ros2_ws/src/task_2' with build type 'ament_python'
[1.347s] Level 1:colcon.colcon_core.shell:create_environment_hook('task_2', 'ament_prefix_path')
[1.347s] INFO:colcon.colcon_core.shell:Creating environment hook '/home/ubuntu-ros/ros2_ws/install/task_2/share/task_2/hook/ament_prefix_path.ps1'
[1.349s] INFO:colcon.colcon_core.shell:Creating environment descriptor '/home/ubuntu-ros/ros2_ws/install/task_2/share/task_2/hook/ament_prefix_path.dsv'
[1.351s] INFO:colcon.colcon_core.shell:Creating environment hook '/home/ubuntu-ros/ros2_ws/install/task_2/share/task_2/hook/ament_prefix_path.sh'
[1.352s] INFO:colcon.colcon_core.shell:Skip shell extension 'powershell' for command environment: Not usable outside of PowerShell
[1.352s] DEBUG:colcon.colcon_core.shell:Skip shell extension 'dsv' for command environment
[1.765s] INFO:colcon.colcon_core.task.python.build:Building Python package in '/home/ubuntu-ros/ros2_ws/src/task_2'
[1.765s] INFO:colcon.colcon_core.shell:Skip shell extension 'powershell' for command environment: Not usable outside of PowerShell
[1.765s] DEBUG:colcon.colcon_core.shell:Skip shell extension 'dsv' for command environment
[1.775s] DEBUG:colcon.colcon_core.event_handler.log_command:Invoking command in '/home/ubuntu-ros/ros2_ws/src/my_package': PYTHONPATH=/home/ubuntu-ros/ros2_ws/build/my_package/prefix_override:/usr/lib/python3/dist-packages/colcon_core/task/python/colcon_distutils_commands:/home/ubuntu-ros/ros2_ws/install/my_package/lib/python3.10/site-packages:${PYTHONPATH} /usr/bin/python3 -W ignore:setup.py install is deprecated setup.py egg_info --egg-base ../../build/my_package build --build-base /home/ubuntu-ros/ros2_ws/build/my_package/build install --record /home/ubuntu-ros/ros2_ws/build/my_package/install.log --single-version-externally-managed install_data
[1.777s] DEBUG:colcon.colcon_core.event_handler.log_command:Invoking command in '/home/ubuntu-ros/ros2_ws/src/py_pubsub': PYTHONPATH=/home/ubuntu-ros/ros2_ws/build/py_pubsub/prefix_override:/usr/lib/python3/dist-packages/colcon_core/task/python/colcon_distutils_commands:/home/ubuntu-ros/ros2_ws/install/py_pubsub/lib/python3.10/site-packages:${PYTHONPATH} /usr/bin/python3 -W ignore:setup.py install is deprecated setup.py egg_info --egg-base ../../build/py_pubsub build --build-base /home/ubuntu-ros/ros2_ws/build/py_pubsub/build install --record /home/ubuntu-ros/ros2_ws/build/py_pubsub/install.log --single-version-externally-managed install_data
[1.783s] DEBUG:colcon.colcon_core.event_handler.log_command:Invoking command in '/home/ubuntu-ros/ros2_ws/src/task_1': PYTHONPATH=/home/ubuntu-ros/ros2_ws/build/task_1/prefix_override:/usr/lib/python3/dist-packages/colcon_core/task/python/colcon_distutils_commands:/home/ubuntu-ros/ros2_ws/install/task_1/lib/python3.10/site-packages:${PYTHONPATH} /usr/bin/python3 -W ignore:setup.py install is deprecated setup.py egg_info --egg-base ../../build/task_1 build --build-base /home/ubuntu-ros/ros2_ws/build/task_1/build install --record /home/ubuntu-ros/ros2_ws/build/task_1/install.log --single-version-externally-managed install_data
[2.229s] Level 1:colcon.colcon_core.environment:checking '/home/ubuntu-ros/ros2_ws/install/my_package' for CMake module files
[2.230s] Level 1:colcon.colcon_core.environment:checking '/home/ubuntu-ros/ros2_ws/install/my_package' for CMake config files
[2.231s] DEBUG:colcon.colcon_core.event_handler.log_command:Invoked command in '/home/ubuntu-ros/ros2_ws/src/my_package' returned '0': PYTHONPATH=/home/ubuntu-ros/ros2_ws/build/my_package/prefix_override:/usr/lib/python3/dist-packages/colcon_core/task/python/colcon_distutils_commands:/home/ubuntu-ros/ros2_ws/install/my_package/lib/python3.10/site-packages:${PYTHONPATH} /usr/bin/python3 -W ignore:setup.py install is deprecated setup.py egg_info --egg-base ../../build/my_package build --build-base /home/ubuntu-ros/ros2_ws/build/my_package/build install --record /home/ubuntu-ros/ros2_ws/build/my_package/install.log --single-version-externally-managed install_data
[2.234s] Level 1:colcon.colcon_core.environment:checking '/home/ubuntu-ros/ros2_ws/install/my_package/lib'
[2.234s] Level 1:colcon.colcon_core.environment:checking '/home/ubuntu-ros/ros2_ws/install/my_package/bin'
[2.234s] Level 1:colcon.colcon_core.environment:checking '/home/ubuntu-ros/ros2_ws/install/my_package/lib/pkgconfig/my_package.pc'
[2.235s] Level 1:colcon.colcon_core.environment:checking '/home/ubuntu-ros/ros2_ws/install/my_package/lib/python3.10/site-packages'
[2.235s] Level 1:colcon.colcon_core.shell:create_environment_hook('my_package', 'pythonpath')
[2.238s] INFO:colcon.colcon_core.shell:Creating environment hook '/home/ubuntu-ros/ros2_ws/install/my_package/share/my_package/hook/pythonpath.ps1'
[2.239s] INFO:colcon.colcon_core.shell:Creating environment descriptor '/home/ubuntu-ros/ros2_ws/install/my_package/share/my_package/hook/pythonpath.dsv'
[2.240s] INFO:colcon.colcon_core.shell:Creating environment hook '/home/ubuntu-ros/ros2_ws/install/my_package/share/my_package/hook/pythonpath.sh'
[2.241s] Level 1:colcon.colcon_core.environment:checking '/home/ubuntu-ros/ros2_ws/install/my_package/bin'
[2.241s] Level 1:colcon.colcon_core.environment:create_environment_scripts_only(my_package)
[2.242s] INFO:colcon.colcon_core.shell:Creating package script '/home/ubuntu-ros/ros2_ws/install/my_package/share/my_package/package.ps1'
[2.243s] INFO:colcon.colcon_core.shell:Creating package descriptor '/home/ubuntu-ros/ros2_ws/install/my_package/share/my_package/package.dsv'
[2.244s] INFO:colcon.colcon_core.shell:Creating package script '/home/ubuntu-ros/ros2_ws/install/my_package/share/my_package/package.sh'
[2.244s] INFO:colcon.colcon_core.shell:Creating package script '/home/ubuntu-ros/ros2_ws/install/my_package/share/my_package/package.bash'
[2.245s] INFO:colcon.colcon_core.shell:Creating package script '/home/ubuntu-ros/ros2_ws/install/my_package/share/my_package/package.zsh'
[2.245s] Level 1:colcon.colcon_core.environment:create_file_with_runtime_dependencies(/home/ubuntu-ros/ros2_ws/install/my_package/share/colcon-core/packages/my_package)
[2.248s] Level 1:colcon.colcon_core.environment:checking '/home/ubuntu-ros/ros2_ws/install/py_pubsub' for CMake module files
[2.249s] DEBUG:colcon.colcon_core.event_handler.log_command:Invoked command in '/home/ubuntu-ros/ros2_ws/src/py_pubsub' returned '0': PYTHONPATH=/home/ubuntu-ros/ros2_ws/build/py_pubsub/prefix_override:/usr/lib/python3/dist-packages/colcon_core/task/python/colcon_distutils_commands:/home/ubuntu-ros/ros2_ws/install/py_pubsub/lib/python3.10/site-packages:${PYTHONPATH} /usr/bin/python3 -W ignore:setup.py install is deprecated setup.py egg_info --egg-base ../../build/py_pubsub build --build-base /home/ubuntu-ros/ros2_ws/build/py_pubsub/build install --record /home/ubuntu-ros/ros2_ws/build/py_pubsub/install.log --single-version-externally-managed install_data
[2.250s] Level 1:colcon.colcon_core.environment:checking '/home/ubuntu-ros/ros2_ws/install/py_pubsub' for CMake config files
[2.251s] Level 1:colcon.colcon_core.environment:checking '/home/ubuntu-ros/ros2_ws/install/py_pubsub/lib'
[2.251s] Level 1:colcon.colcon_core.environment:checking '/home/ubuntu-ros/ros2_ws/install/py_pubsub/bin'
[2.251s] Level 1:colcon.colcon_core.environment:checking '/home/ubuntu-ros/ros2_ws/install/py_pubsub/lib/pkgconfig/py_pubsub.pc'
[2.251s] Level 1:colcon.colcon_core.environment:checking '/home/ubuntu-ros/ros2_ws/install/py_pubsub/lib/python3.10/site-packages'
[2.251s] Level 1:colcon.colcon_core.shell:create_environment_hook('py_pubsub', 'pythonpath')
[2.252s] INFO:colcon.colcon_core.shell:Creating environment hook '/home/ubuntu-ros/ros2_ws/install/py_pubsub/share/py_pubsub/hook/pythonpath.ps1'
[2.252s] INFO:colcon.colcon_core.shell:Creating environment descriptor '/home/ubuntu-ros/ros2_ws/install/py_pubsub/share/py_pubsub/hook/pythonpath.dsv'
[2.252s] INFO:colcon.colcon_core.shell:Creating environment hook '/home/ubuntu-ros/ros2_ws/install/py_pubsub/share/py_pubsub/hook/pythonpath.sh'
[2.253s] Level 1:colcon.colcon_core.environment:checking '/home/ubuntu-ros/ros2_ws/install/py_pubsub/bin'
[2.253s] Level 1:colcon.colcon_core.environment:create_environment_scripts_only(py_pubsub)
[2.254s] INFO:colcon.colcon_core.shell:Creating package script '/home/ubuntu-ros/ros2_ws/install/py_pubsub/share/py_pubsub/package.ps1'
[2.254s] INFO:colcon.colcon_core.shell:Creating package descriptor '/home/ubuntu-ros/ros2_ws/install/py_pubsub/share/py_pubsub/package.dsv'
[2.255s] INFO:colcon.colcon_core.shell:Creating package script '/home/ubuntu-ros/ros2_ws/install/py_pubsub/share/py_pubsub/package.sh'
[2.255s] INFO:colcon.colcon_core.shell:Creating package script '/home/ubuntu-ros/ros2_ws/install/py_pubsub/share/py_pubsub/package.bash'
[2.255s] INFO:colcon.colcon_core.shell:Creating package script '/home/ubuntu-ros/ros2_ws/install/py_pubsub/share/py_pubsub/package.zsh'
[2.256s] Level 1:colcon.colcon_core.environment:create_file_with_runtime_dependencies(/home/ubuntu-ros/ros2_ws/install/py_pubsub/share/colcon-core/packages/py_pubsub)
[2.257s] Level 1:colcon.colcon_core.environment:checking '/home/ubuntu-ros/ros2_ws/install/task_1' for CMake module files
[2.258s] DEBUG:colcon.colcon_core.event_handler.log_command:Invoked command in '/home/ubuntu-ros/ros2_ws/src/task_1' returned '0': PYTHONPATH=/home/ubuntu-ros/ros2_ws/build/task_1/prefix_override:/usr/lib/python3/dist-packages/colcon_core/task/python/colcon_distutils_commands:/home/ubuntu-ros/ros2_ws/install/task_1/lib/python3.10/site-packages:${PYTHONPATH} /usr/bin/python3 -W ignore:setup.py install is deprecated setup.py egg_info --egg-base ../../build/task_1 build --build-base /home/ubuntu-ros/ros2_ws/build/task_1/build install --record /home/ubuntu-ros/ros2_ws/build/task_1/install.log --single-version-externally-managed install_data
[2.258s] Level 1:colcon.colcon_core.environment:checking '/home/ubuntu-ros/ros2_ws/install/task_1' for CMake config files
[2.259s] Level 1:colcon.colcon_core.environment:checking '/home/ubuntu-ros/ros2_ws/install/task_1/lib'
[2.259s] Level 1:colcon.colcon_core.environment:checking '/home/ubuntu-ros/ros2_ws/install/task_1/bin'
[2.259s] Level 1:colcon.colcon_core.environment:checking '/home/ubuntu-ros/ros2_ws/install/task_1/lib/pkgconfig/task_1.pc'
[2.259s] Level 1:colcon.colcon_core.environment:checking '/home/ubuntu-ros/ros2_ws/install/task_1/lib/python3.10/site-packages'
[2.259s] Level 1:colcon.colcon_core.shell:create_environment_hook('task_1', 'pythonpath')
[2.260s] INFO:colcon.colcon_core.shell:Creating environment hook '/home/ubuntu-ros/ros2_ws/install/task_1/share/task_1/hook/pythonpath.ps1'
[2.260s] INFO:colcon.colcon_core.shell:Creating environment descriptor '/home/ubuntu-ros/ros2_ws/install/task_1/share/task_1/hook/pythonpath.dsv'
[2.261s] INFO:colcon.colcon_core.shell:Creating environment hook '/home/ubuntu-ros/ros2_ws/install/task_1/share/task_1/hook/pythonpath.sh'
[2.262s] Level 1:colcon.colcon_core.environment:checking '/home/ubuntu-ros/ros2_ws/install/task_1/bin'
[2.262s] Level 1:colcon.colcon_core.environment:create_environment_scripts_only(task_1)
[2.262s] INFO:colcon.colcon_core.shell:Creating package script '/home/ubuntu-ros/ros2_ws/install/task_1/share/task_1/package.ps1'
[2.263s] INFO:colcon.colcon_core.shell:Creating package descriptor '/home/ubuntu-ros/ros2_ws/install/task_1/share/task_1/package.dsv'
[2.263s] INFO:colcon.colcon_core.shell:Creating package script '/home/ubuntu-ros/ros2_ws/install/task_1/share/task_1/package.sh'
[2.264s] INFO:colcon.colcon_core.shell:Creating package script '/home/ubuntu-ros/ros2_ws/install/task_1/share/task_1/package.bash'
[2.264s] INFO:colcon.colcon_core.shell:Creating package script '/home/ubuntu-ros/ros2_ws/install/task_1/share/task_1/package.zsh'
[2.265s] Level 1:colcon.colcon_core.environment:create_file_with_runtime_dependencies(/home/ubuntu-ros/ros2_ws/install/task_1/share/colcon-core/packages/task_1)
[2.294s] DEBUG:colcon.colcon_core.event_handler.log_command:Invoking command in '/home/ubuntu-ros/ros2_ws/src/task_2': AMENT_PREFIX_PATH=/home/ubuntu-ros/ros2_ws/install/task_2_interfaces:${AMENT_PREFIX_PATH} CMAKE_PREFIX_PATH=/home/ubuntu-ros/ros2_ws/install/task_2_interfaces LD_LIBRARY_PATH=/home/ubuntu-ros/ros2_ws/install/task_2_interfaces/lib:${LD_LIBRARY_PATH} PYTHONPATH=/home/ubuntu-ros/ros2_ws/build/task_2/prefix_override:/usr/lib/python3/dist-packages/colcon_core/task/python/colcon_distutils_commands:/home/ubuntu-ros/ros2_ws/install/task_2/lib/python3.10/site-packages:/home/ubuntu-ros/ros2_ws/install/task_2_interfaces/local/lib/python3.10/dist-packages:${PYTHONPATH} /usr/bin/python3 -W ignore:setup.py install is deprecated setup.py egg_info --egg-base ../../build/task_2 build --build-base /home/ubuntu-ros/ros2_ws/build/task_2/build install --record /home/ubuntu-ros/ros2_ws/build/task_2/install.log --single-version-externally-managed install_data
[2.557s] Level 1:colcon.colcon_core.environment:checking '/home/ubuntu-ros/ros2_ws/install/task_2' for CMake module files
[2.558s] DEBUG:colcon.colcon_core.event_handler.log_command:Invoked command in '/home/ubuntu-ros/ros2_ws/src/task_2' returned '0': AMENT_PREFIX_PATH=/home/ubuntu-ros/ros2_ws/install/task_2_interfaces:${AMENT_PREFIX_PATH} CMAKE_PREFIX_PATH=/home/ubuntu-ros/ros2_ws/install/task_2_interfaces LD_LIBRARY_PATH=/home/ubuntu-ros/ros2_ws/install/task_2_interfaces/lib:${LD_LIBRARY_PATH} PYTHONPATH=/home/ubuntu-ros/ros2_ws/build/task_2/prefix_override:/usr/lib/python3/dist-packages/colcon_core/task/python/colcon_distutils_commands:/home/ubuntu-ros/ros2_ws/install/task_2/lib/python3.10/site-packages:/home/ubuntu-ros/ros2_ws/install/task_2_interfaces/local/lib/python3.10/dist-packages:${PYTHONPATH} /usr/bin/python3 -W ignore:setup.py install is deprecated setup.py egg_info --egg-base ../../build/task_2 build --build-base /home/ubuntu-ros/ros2_ws/build/task_2/build install --record /home/ubuntu-ros/ros2_ws/build/task_2/install.log --single-version-externally-managed install_data
[2.558s] Level 1:colcon.colcon_core.environment:checking '/home/ubuntu-ros/ros2_ws/install/task_2' for CMake config files
[2.558s] Level 1:colcon.colcon_core.environment:checking '/home/ubuntu-ros/ros2_ws/install/task_2/lib'
[2.558s] Level 1:colcon.colcon_core.environment:checking '/home/ubuntu-ros/ros2_ws/install/task_2/bin'
[2.559s] Level 1:colcon.colcon_core.environment:checking '/home/ubuntu-ros/ros2_ws/install/task_2/lib/pkgconfig/task_2.pc'
[2.559s] Level 1:colcon.colcon_core.environment:checking '/home/ubuntu-ros/ros2_ws/install/task_2/lib/python3.10/site-packages'
[2.559s] Level 1:colcon.colcon_core.shell:create_environment_hook('task_2', 'pythonpath')
[2.559s] INFO:colcon.colcon_core.shell:Creating environment hook '/home/ubuntu-ros/ros2_ws/install/task_2/share/task_2/hook/pythonpath.ps1'
[2.559s] INFO:colcon.colcon_core.shell:Creating environment descriptor '/home/ubuntu-ros/ros2_ws/install/task_2/share/task_2/hook/pythonpath.dsv'
[2.560s] INFO:colcon.colcon_core.shell:Creating environment hook '/home/ubuntu-ros/ros2_ws/install/task_2/share/task_2/hook/pythonpath.sh'
[2.560s] Level 1:colcon.colcon_core.environment:checking '/home/ubuntu-ros/ros2_ws/install/task_2/bin'
[2.560s] Level 1:colcon.colcon_core.environment:create_environment_scripts_only(task_2)
[2.560s] INFO:colcon.colcon_core.shell:Creating package script '/home/ubuntu-ros/ros2_ws/install/task_2/share/task_2/package.ps1'
[2.561s] INFO:colcon.colcon_core.shell:Creating package descriptor '/home/ubuntu-ros/ros2_ws/install/task_2/share/task_2/package.dsv'
[2.561s] INFO:colcon.colcon_core.shell:Creating package script '/home/ubuntu-ros/ros2_ws/install/task_2/share/task_2/package.sh'
[2.561s] INFO:colcon.colcon_core.shell:Creating package script '/home/ubuntu-ros/ros2_ws/install/task_2/share/task_2/package.bash'
[2.561s] INFO:colcon.colcon_core.shell:Creating package script '/home/ubuntu-ros/ros2_ws/install/task_2/share/task_2/package.zsh'
[2.562s] Level 1:colcon.colcon_core.environment:create_file_with_runtime_dependencies(/home/ubuntu-ros/ros2_ws/install/task_2/share/colcon-core/packages/task_2)
[2.562s] DEBUG:colcon.colcon_parallel_executor.executor.parallel:closing loop
[2.562s] DEBUG:colcon.colcon_parallel_executor.executor.parallel:loop closed
[2.562s] DEBUG:colcon.colcon_parallel_executor.executor.parallel:run_until_complete finished with '0'
[2.562s] DEBUG:colcon.colcon_core.event_reactor:joining thread
[2.568s] INFO:colcon.colcon_core.plugin_system:Skipping extension 'colcon_notification.desktop_notification.terminal_notifier': Not used on non-Darwin systems
[2.568s] INFO:colcon.colcon_core.plugin_system:Skipping extension 'colcon_notification.desktop_notification.win32': Not used on non-Windows systems
[2.568s] INFO:colcon.colcon_notification.desktop_notification:Sending desktop notification using 'notify2'
[2.578s] DEBUG:colcon.colcon_core.event_reactor:joined thread
[2.579s] INFO:colcon.colcon_core.shell:Creating prefix script '/home/ubuntu-ros/ros2_ws/install/local_setup.ps1'
[2.580s] INFO:colcon.colcon_core.shell:Creating prefix util module '/home/ubuntu-ros/ros2_ws/install/_local_setup_util_ps1.py'
[2.582s] INFO:colcon.colcon_core.shell:Creating prefix chain script '/home/ubuntu-ros/ros2_ws/install/setup.ps1'
[2.584s] INFO:colcon.colcon_core.shell:Creating prefix script '/home/ubuntu-ros/ros2_ws/install/local_setup.sh'
[2.584s] INFO:colcon.colcon_core.shell:Creating prefix util module '/home/ubuntu-ros/ros2_ws/install/_local_setup_util_sh.py'
[2.585s] INFO:colcon.colcon_core.shell:Creating prefix chain script '/home/ubuntu-ros/ros2_ws/install/setup.sh'
[2.591s] INFO:colcon.colcon_core.shell:Creating prefix script '/home/ubuntu-ros/ros2_ws/install/local_setup.bash'
[2.591s] INFO:colcon.colcon_core.shell:Creating prefix chain script '/home/ubuntu-ros/ros2_ws/install/setup.bash'
[2.592s] INFO:colcon.colcon_core.shell:Creating prefix script '/home/ubuntu-ros/ros2_ws/install/local_setup.zsh'
[2.593s] INFO:colcon.colcon_core.shell:Creating prefix chain script '/home/ubuntu-ros/ros2_ws/install/setup.zsh'
