[1.478s] Invoking command in '/home/ubuntu-ros/ros2_ws/src/my_package': PYTHONPATH=/home/ubuntu-ros/ros2_ws/build/my_package/prefix_override:/usr/lib/python3/dist-packages/colcon_core/task/python/colcon_distutils_commands:/home/ubuntu-ros/ros2_ws/install/my_package/lib/python3.10/site-packages:${PYTHONPATH} /usr/bin/python3 -W ignore:setup.py install is deprecated setup.py egg_info --egg-base ../../build/my_package build --build-base /home/ubuntu-ros/ros2_ws/build/my_package/build install --record /home/ubuntu-ros/ros2_ws/build/my_package/install.log --single-version-externally-managed install_data
[1.740s] running egg_info
[1.741s] writing ../../build/my_package/my_package.egg-info/PKG-INFO
[1.742s] writing dependency_links to ../../build/my_package/my_package.egg-info/dependency_links.txt
[1.742s] writing entry points to ../../build/my_package/my_package.egg-info/entry_points.txt
[1.742s] writing requirements to ../../build/my_package/my_package.egg-info/requires.txt
[1.742s] writing top-level names to ../../build/my_package/my_package.egg-info/top_level.txt
[1.746s] reading manifest file '../../build/my_package/my_package.egg-info/SOURCES.txt'
[1.746s] adding license file 'LICENSE'
[1.747s] writing manifest file '../../build/my_package/my_package.egg-info/SOURCES.txt'
[1.748s] running build
[1.748s] running build_py
[1.749s] running install
[1.750s] running install_lib
[1.751s] running install_data
[1.752s] running install_egg_info
[1.754s] removing '/home/ubuntu-ros/ros2_ws/install/my_package/lib/python3.10/site-packages/my_package-0.0.0-py3.10.egg-info' (and everything under it)
[1.755s] Copying ../../build/my_package/my_package.egg-info to /home/ubuntu-ros/ros2_ws/install/my_package/lib/python3.10/site-packages/my_package-0.0.0-py3.10.egg-info
[1.756s] running install_scripts
[1.795s] Installing my_node script to /home/ubuntu-ros/ros2_ws/install/my_package/lib/my_package
[1.796s] writing list of installed files to '/home/ubuntu-ros/ros2_ws/build/my_package/install.log'
[1.844s] Invoked command in '/home/ubuntu-ros/ros2_ws/src/my_package' returned '0': PYTHONPATH=/home/ubuntu-ros/ros2_ws/build/my_package/prefix_override:/usr/lib/python3/dist-packages/colcon_core/task/python/colcon_distutils_commands:/home/ubuntu-ros/ros2_ws/install/my_package/lib/python3.10/site-packages:${PYTHONPATH} /usr/bin/python3 -W ignore:setup.py install is deprecated setup.py egg_info --egg-base ../../build/my_package build --build-base /home/ubuntu-ros/ros2_ws/build/my_package/build install --record /home/ubuntu-ros/ros2_ws/build/my_package/install.log --single-version-externally-managed install_data
