[1.759s] Invoking command in '/home/ubuntu-ros/ros2_ws/src/py_pubsub': PYTHONPATH=/home/ubuntu-ros/ros2_ws/build/py_pubsub/prefix_override:/usr/lib/python3/dist-packages/colcon_core/task/python/colcon_distutils_commands:/home/ubuntu-ros/ros2_ws/install/py_pubsub/lib/python3.10/site-packages:${PYTHONPATH} /usr/bin/python3 -W ignore:setup.py install is deprecated setup.py egg_info --egg-base ../../build/py_pubsub build --build-base /home/ubuntu-ros/ros2_ws/build/py_pubsub/build install --record /home/ubuntu-ros/ros2_ws/build/py_pubsub/install.log --single-version-externally-managed install_data
[2.049s] running egg_info
[2.051s] writing ../../build/py_pubsub/py_pubsub.egg-info/PKG-INFO
[2.051s] writing dependency_links to ../../build/py_pubsub/py_pubsub.egg-info/dependency_links.txt
[2.051s] writing entry points to ../../build/py_pubsub/py_pubsub.egg-info/entry_points.txt
[2.051s] writing requirements to ../../build/py_pubsub/py_pubsub.egg-info/requires.txt
[2.052s] writing top-level names to ../../build/py_pubsub/py_pubsub.egg-info/top_level.txt
[2.055s] reading manifest file '../../build/py_pubsub/py_pubsub.egg-info/SOURCES.txt'
[2.056s] adding license file 'LICENSE'
[2.057s] writing manifest file '../../build/py_pubsub/py_pubsub.egg-info/SOURCES.txt'
[2.057s] running build
[2.057s] running build_py
[2.057s] running install
[2.058s] running install_lib
[2.060s] running install_data
[2.060s] running install_egg_info
[2.063s] removing '/home/ubuntu-ros/ros2_ws/install/py_pubsub/lib/python3.10/site-packages/py_pubsub-0.0.0-py3.10.egg-info' (and everything under it)
[2.063s] Copying ../../build/py_pubsub/py_pubsub.egg-info to /home/ubuntu-ros/ros2_ws/install/py_pubsub/lib/python3.10/site-packages/py_pubsub-0.0.0-py3.10.egg-info
[2.064s] running install_scripts
[2.100s] Installing listener script to /home/ubuntu-ros/ros2_ws/install/py_pubsub/lib/py_pubsub
[2.101s] Installing talker script to /home/ubuntu-ros/ros2_ws/install/py_pubsub/lib/py_pubsub
[2.102s] writing list of installed files to '/home/ubuntu-ros/ros2_ws/build/py_pubsub/install.log'
[2.163s] Invoked command in '/home/ubuntu-ros/ros2_ws/src/py_pubsub' returned '0': PYTHONPATH=/home/ubuntu-ros/ros2_ws/build/py_pubsub/prefix_override:/usr/lib/python3/dist-packages/colcon_core/task/python/colcon_distutils_commands:/home/ubuntu-ros/ros2_ws/install/py_pubsub/lib/python3.10/site-packages:${PYTHONPATH} /usr/bin/python3 -W ignore:setup.py install is deprecated setup.py egg_info --egg-base ../../build/py_pubsub build --build-base /home/ubuntu-ros/ros2_ws/build/py_pubsub/build install --record /home/ubuntu-ros/ros2_ws/build/py_pubsub/install.log --single-version-externally-managed install_data
