[0.023s] Invoking command in '/home/ubuntu-ros/ros2_ws/build/task_2_interfaces': CMAKE_PREFIX_PATH=/opt/ros/humble /usr/bin/cmake --build /home/ubuntu-ros/ros2_ws/build/task_2_interfaces -- -j6 -l6
[0.855s] -- Found ament_cmake: 1.3.10 (/opt/ros/humble/share/ament_cmake/cmake)
[0.856s] -- Found rosidl_default_generators: 1.2.0 (/opt/ros/humble/share/rosidl_default_generators/cmake)
[0.856s] -- Using all available rosidl_typesupport_c: rosidl_typesupport_fastrtps_c;rosidl_typesupport_introspection_c
[0.856s] -- Found rosidl_adapter: 3.1.5 (/opt/ros/humble/share/rosidl_adapter/cmake)
[0.856s] -- Using all available rosidl_typesupport_cpp: rosidl_typesupport_fastrtps_cpp;rosidl_typesupport_introspection_cpp
[0.856s] -- Found geometry_msgs: 4.2.4 (/opt/ros/humble/share/geometry_msgs/cmake)
[0.856s] -- Found ament_lint_auto: 0.12.11 (/opt/ros/humble/share/ament_lint_auto/cmake)
[0.856s] -- Found ament_cmake_ros: 0.10.0 (/opt/ros/humble/share/ament_cmake_ros/cmake)
[0.857s] -- Using all available rosidl_typesupport_c: rosidl_typesupport_fastrtps_c;rosidl_typesupport_introspection_c
[1.142s] -- Using all available rosidl_typesupport_cpp: rosidl_typesupport_fastrtps_cpp;rosidl_typesupport_introspection_cpp
[1.179s] -- Found python_cmake_module: 0.10.0 (/opt/ros/humble/share/python_cmake_module/cmake)
[1.217s] -- Using PYTHON_EXECUTABLE: /usr/bin/python3
[1.217s] -- Using PYTHON_INCLUDE_DIRS: /usr/include/python3.10
[1.217s] -- Using PYTHON_LIBRARIES: /usr/lib/aarch64-linux-gnu/libpython3.10.so
[1.298s] -- Added test 'lint_cmake' to check CMake code style
[1.300s] -- Added test 'xmllint' to check XML markup files
[1.306s] -- Configuring done
[1.385s] -- Generating done
[1.393s] -- Build files have been written to: /home/ubuntu-ros/ros2_ws/build/task_2_interfaces
[1.429s] [  2%] Built target task_2_interfaces__cpp
[1.439s] [ 12%] Built target task_2_interfaces__rosidl_generator_c
[1.439s] [ 12%] Built target ament_cmake_python_copy_task_2_interfaces
[1.476s] [ 23%] Built target task_2_interfaces__rosidl_typesupport_cpp
[1.477s] [ 33%] Built target task_2_interfaces__rosidl_typesupport_fastrtps_cpp
[1.485s] [ 43%] Built target task_2_interfaces__rosidl_typesupport_introspection_cpp
[1.493s] [ 53%] Built target task_2_interfaces__rosidl_typesupport_introspection_c
[1.494s] [ 64%] Built target task_2_interfaces__rosidl_typesupport_fastrtps_c
[1.505s] [ 74%] Built target task_2_interfaces__rosidl_typesupport_c
[1.523s] [ 74%] Built target task_2_interfaces
[1.554s] [ 76%] Built target task_2_interfaces__py
[1.583s] [ 84%] Built target task_2_interfaces__rosidl_generator_py
[1.611s] [ 89%] Built target task_2_interfaces__rosidl_typesupport_fastrtps_c__pyext
[1.612s] [ 94%] Built target task_2_interfaces__rosidl_typesupport_c__pyext
[1.616s] [100%] Built target task_2_interfaces__rosidl_typesupport_introspection_c__pyext
[1.848s] running egg_info
[1.849s] writing task_2_interfaces.egg-info/PKG-INFO
[1.849s] writing dependency_links to task_2_interfaces.egg-info/dependency_links.txt
[1.849s] writing top-level names to task_2_interfaces.egg-info/top_level.txt
[1.851s] reading manifest file 'task_2_interfaces.egg-info/SOURCES.txt'
[1.851s] writing manifest file 'task_2_interfaces.egg-info/SOURCES.txt'
[1.883s] [100%] Built target ament_cmake_python_build_task_2_interfaces_egg
[1.889s] Invoked command in '/home/ubuntu-ros/ros2_ws/build/task_2_interfaces' returned '0': CMAKE_PREFIX_PATH=/opt/ros/humble /usr/bin/cmake --build /home/ubuntu-ros/ros2_ws/build/task_2_interfaces -- -j6 -l6
[1.958s] Invoking command in '/home/ubuntu-ros/ros2_ws/build/task_2_interfaces': CMAKE_PREFIX_PATH=/opt/ros/humble /usr/bin/cmake --install /home/ubuntu-ros/ros2_ws/build/task_2_interfaces
[1.962s] -- Install configuration: ""
[1.962s] -- Up-to-date: /home/ubuntu-ros/ros2_ws/install/task_2_interfaces/share/ament_index/resource_index/rosidl_interfaces/task_2_interfaces
[1.962s] -- Up-to-date: /home/ubuntu-ros/ros2_ws/install/task_2_interfaces/include/task_2_interfaces/task_2_interfaces
[1.962s] -- Up-to-date: /home/ubuntu-ros/ros2_ws/install/task_2_interfaces/include/task_2_interfaces/task_2_interfaces/srv
[1.963s] -- Up-to-date: /home/ubuntu-ros/ros2_ws/install/task_2_interfaces/include/task_2_interfaces/task_2_interfaces/srv/detail
[1.963s] -- Up-to-date: /home/ubuntu-ros/ros2_ws/install/task_2_interfaces/include/task_2_interfaces/task_2_interfaces/srv/detail/joint_state__functions.h
[1.963s] -- Up-to-date: /home/ubuntu-ros/ros2_ws/install/task_2_interfaces/include/task_2_interfaces/task_2_interfaces/srv/detail/joint_state__struct.h
[1.963s] -- Up-to-date: /home/ubuntu-ros/ros2_ws/install/task_2_interfaces/include/task_2_interfaces/task_2_interfaces/srv/detail/joint_state__type_support.h
[1.963s] -- Up-to-date: /home/ubuntu-ros/ros2_ws/install/task_2_interfaces/include/task_2_interfaces/task_2_interfaces/srv/detail/joint_state__functions.c
[1.963s] -- Up-to-date: /home/ubuntu-ros/ros2_ws/install/task_2_interfaces/include/task_2_interfaces/task_2_interfaces/srv/joint_state.h
[1.963s] -- Up-to-date: /home/ubuntu-ros/ros2_ws/install/task_2_interfaces/include/task_2_interfaces/task_2_interfaces/msg
[1.963s] -- Up-to-date: /home/ubuntu-ros/ros2_ws/install/task_2_interfaces/include/task_2_interfaces/task_2_interfaces/msg/detail
[1.963s] -- Up-to-date: /home/ubuntu-ros/ros2_ws/install/task_2_interfaces/include/task_2_interfaces/task_2_interfaces/msg/detail/joint_data__functions.c
[1.963s] -- Up-to-date: /home/ubuntu-ros/ros2_ws/install/task_2_interfaces/include/task_2_interfaces/task_2_interfaces/msg/detail/joint_data__functions.h
[1.963s] -- Up-to-date: /home/ubuntu-ros/ros2_ws/install/task_2_interfaces/include/task_2_interfaces/task_2_interfaces/msg/detail/joint_data__struct.h
[1.963s] -- Up-to-date: /home/ubuntu-ros/ros2_ws/install/task_2_interfaces/include/task_2_interfaces/task_2_interfaces/msg/detail/joint_data__type_support.h
[1.963s] -- Up-to-date: /home/ubuntu-ros/ros2_ws/install/task_2_interfaces/include/task_2_interfaces/task_2_interfaces/msg/joint_data.h
[1.963s] -- Up-to-date: /home/ubuntu-ros/ros2_ws/install/task_2_interfaces/include/task_2_interfaces/task_2_interfaces/msg/rosidl_generator_c__visibility_control.h
[1.963s] -- Up-to-date: /home/ubuntu-ros/ros2_ws/install/task_2_interfaces/share/task_2_interfaces/environment/library_path.sh
[1.964s] -- Installing: /home/ubuntu-ros/ros2_ws/install/task_2_interfaces/share/task_2_interfaces/environment/library_path.dsv
[1.964s] -- Up-to-date: /home/ubuntu-ros/ros2_ws/install/task_2_interfaces/lib/libtask_2_interfaces__rosidl_generator_c.so
[1.964s] -- Up-to-date: /home/ubuntu-ros/ros2_ws/install/task_2_interfaces/include/task_2_interfaces/task_2_interfaces
[1.964s] -- Up-to-date: /home/ubuntu-ros/ros2_ws/install/task_2_interfaces/include/task_2_interfaces/task_2_interfaces/srv
[1.964s] -- Up-to-date: /home/ubuntu-ros/ros2_ws/install/task_2_interfaces/include/task_2_interfaces/task_2_interfaces/srv/detail
[1.964s] -- Up-to-date: /home/ubuntu-ros/ros2_ws/install/task_2_interfaces/include/task_2_interfaces/task_2_interfaces/srv/detail/joint_state__rosidl_typesupport_fastrtps_c.h
[1.964s] -- Up-to-date: /home/ubuntu-ros/ros2_ws/install/task_2_interfaces/include/task_2_interfaces/task_2_interfaces/msg
[1.964s] -- Up-to-date: /home/ubuntu-ros/ros2_ws/install/task_2_interfaces/include/task_2_interfaces/task_2_interfaces/msg/rosidl_typesupport_fastrtps_c__visibility_control.h
[1.964s] -- Up-to-date: /home/ubuntu-ros/ros2_ws/install/task_2_interfaces/include/task_2_interfaces/task_2_interfaces/msg/detail
[1.964s] -- Up-to-date: /home/ubuntu-ros/ros2_ws/install/task_2_interfaces/include/task_2_interfaces/task_2_interfaces/msg/detail/joint_data__rosidl_typesupport_fastrtps_c.h
[1.964s] -- Up-to-date: /home/ubuntu-ros/ros2_ws/install/task_2_interfaces/lib/libtask_2_interfaces__rosidl_typesupport_fastrtps_c.so
[1.964s] -- Up-to-date: /home/ubuntu-ros/ros2_ws/install/task_2_interfaces/include/task_2_interfaces/task_2_interfaces
[1.964s] -- Up-to-date: /home/ubuntu-ros/ros2_ws/install/task_2_interfaces/include/task_2_interfaces/task_2_interfaces/srv
[1.965s] -- Up-to-date: /home/ubuntu-ros/ros2_ws/install/task_2_interfaces/include/task_2_interfaces/task_2_interfaces/srv/detail
[1.965s] -- Up-to-date: /home/ubuntu-ros/ros2_ws/install/task_2_interfaces/include/task_2_interfaces/task_2_interfaces/srv/detail/joint_state__rosidl_typesupport_introspection_c.h
[1.965s] -- Up-to-date: /home/ubuntu-ros/ros2_ws/install/task_2_interfaces/include/task_2_interfaces/task_2_interfaces/srv/detail/joint_state__type_support.c
[1.965s] -- Up-to-date: /home/ubuntu-ros/ros2_ws/install/task_2_interfaces/include/task_2_interfaces/task_2_interfaces/msg
[1.965s] -- Up-to-date: /home/ubuntu-ros/ros2_ws/install/task_2_interfaces/include/task_2_interfaces/task_2_interfaces/msg/rosidl_typesupport_introspection_c__visibility_control.h
[1.965s] -- Up-to-date: /home/ubuntu-ros/ros2_ws/install/task_2_interfaces/include/task_2_interfaces/task_2_interfaces/msg/detail
[1.965s] -- Up-to-date: /home/ubuntu-ros/ros2_ws/install/task_2_interfaces/include/task_2_interfaces/task_2_interfaces/msg/detail/joint_data__rosidl_typesupport_introspection_c.h
[1.965s] -- Up-to-date: /home/ubuntu-ros/ros2_ws/install/task_2_interfaces/include/task_2_interfaces/task_2_interfaces/msg/detail/joint_data__type_support.c
[1.965s] -- Up-to-date: /home/ubuntu-ros/ros2_ws/install/task_2_interfaces/lib/libtask_2_interfaces__rosidl_typesupport_introspection_c.so
[1.965s] -- Up-to-date: /home/ubuntu-ros/ros2_ws/install/task_2_interfaces/lib/libtask_2_interfaces__rosidl_typesupport_c.so
[1.965s] -- Up-to-date: /home/ubuntu-ros/ros2_ws/install/task_2_interfaces/include/task_2_interfaces/task_2_interfaces
[1.965s] -- Up-to-date: /home/ubuntu-ros/ros2_ws/install/task_2_interfaces/include/task_2_interfaces/task_2_interfaces/srv
[1.966s] -- Up-to-date: /home/ubuntu-ros/ros2_ws/install/task_2_interfaces/include/task_2_interfaces/task_2_interfaces/srv/detail
[1.966s] -- Up-to-date: /home/ubuntu-ros/ros2_ws/install/task_2_interfaces/include/task_2_interfaces/task_2_interfaces/srv/detail/joint_state__struct.hpp
[1.966s] -- Up-to-date: /home/ubuntu-ros/ros2_ws/install/task_2_interfaces/include/task_2_interfaces/task_2_interfaces/srv/detail/joint_state__traits.hpp
[1.966s] -- Up-to-date: /home/ubuntu-ros/ros2_ws/install/task_2_interfaces/include/task_2_interfaces/task_2_interfaces/srv/detail/joint_state__builder.hpp
[1.966s] -- Up-to-date: /home/ubuntu-ros/ros2_ws/install/task_2_interfaces/include/task_2_interfaces/task_2_interfaces/srv/joint_state.hpp
[1.966s] -- Up-to-date: /home/ubuntu-ros/ros2_ws/install/task_2_interfaces/include/task_2_interfaces/task_2_interfaces/msg
[1.966s] -- Up-to-date: /home/ubuntu-ros/ros2_ws/install/task_2_interfaces/include/task_2_interfaces/task_2_interfaces/msg/detail
[1.966s] -- Up-to-date: /home/ubuntu-ros/ros2_ws/install/task_2_interfaces/include/task_2_interfaces/task_2_interfaces/msg/detail/joint_data__struct.hpp
[1.966s] -- Up-to-date: /home/ubuntu-ros/ros2_ws/install/task_2_interfaces/include/task_2_interfaces/task_2_interfaces/msg/detail/joint_data__builder.hpp
[1.966s] -- Up-to-date: /home/ubuntu-ros/ros2_ws/install/task_2_interfaces/include/task_2_interfaces/task_2_interfaces/msg/detail/joint_data__traits.hpp
[1.966s] -- Up-to-date: /home/ubuntu-ros/ros2_ws/install/task_2_interfaces/include/task_2_interfaces/task_2_interfaces/msg/joint_data.hpp
[1.966s] -- Up-to-date: /home/ubuntu-ros/ros2_ws/install/task_2_interfaces/include/task_2_interfaces/task_2_interfaces
[1.966s] -- Up-to-date: /home/ubuntu-ros/ros2_ws/install/task_2_interfaces/include/task_2_interfaces/task_2_interfaces/srv
[1.967s] -- Up-to-date: /home/ubuntu-ros/ros2_ws/install/task_2_interfaces/include/task_2_interfaces/task_2_interfaces/srv/detail
[1.967s] -- Up-to-date: /home/ubuntu-ros/ros2_ws/install/task_2_interfaces/include/task_2_interfaces/task_2_interfaces/srv/detail/joint_state__rosidl_typesupport_fastrtps_cpp.hpp
[1.967s] -- Up-to-date: /home/ubuntu-ros/ros2_ws/install/task_2_interfaces/include/task_2_interfaces/task_2_interfaces/srv/detail/dds_fastrtps
[1.967s] -- Up-to-date: /home/ubuntu-ros/ros2_ws/install/task_2_interfaces/include/task_2_interfaces/task_2_interfaces/msg
[1.967s] -- Up-to-date: /home/ubuntu-ros/ros2_ws/install/task_2_interfaces/include/task_2_interfaces/task_2_interfaces/msg/rosidl_typesupport_fastrtps_cpp__visibility_control.h
[1.967s] -- Up-to-date: /home/ubuntu-ros/ros2_ws/install/task_2_interfaces/include/task_2_interfaces/task_2_interfaces/msg/detail
[1.967s] -- Up-to-date: /home/ubuntu-ros/ros2_ws/install/task_2_interfaces/include/task_2_interfaces/task_2_interfaces/msg/detail/joint_data__rosidl_typesupport_fastrtps_cpp.hpp
[1.967s] -- Up-to-date: /home/ubuntu-ros/ros2_ws/install/task_2_interfaces/include/task_2_interfaces/task_2_interfaces/msg/detail/dds_fastrtps
[1.967s] -- Up-to-date: /home/ubuntu-ros/ros2_ws/install/task_2_interfaces/lib/libtask_2_interfaces__rosidl_typesupport_fastrtps_cpp.so
[1.967s] -- Up-to-date: /home/ubuntu-ros/ros2_ws/install/task_2_interfaces/include/task_2_interfaces/task_2_interfaces
[1.967s] -- Up-to-date: /home/ubuntu-ros/ros2_ws/install/task_2_interfaces/include/task_2_interfaces/task_2_interfaces/srv
[1.968s] -- Up-to-date: /home/ubuntu-ros/ros2_ws/install/task_2_interfaces/include/task_2_interfaces/task_2_interfaces/srv/detail
[1.968s] -- Up-to-date: /home/ubuntu-ros/ros2_ws/install/task_2_interfaces/include/task_2_interfaces/task_2_interfaces/srv/detail/joint_state__rosidl_typesupport_introspection_cpp.hpp
[1.968s] -- Up-to-date: /home/ubuntu-ros/ros2_ws/install/task_2_interfaces/include/task_2_interfaces/task_2_interfaces/srv/detail/joint_state__type_support.cpp
[1.968s] -- Up-to-date: /home/ubuntu-ros/ros2_ws/install/task_2_interfaces/include/task_2_interfaces/task_2_interfaces/msg
[1.968s] -- Up-to-date: /home/ubuntu-ros/ros2_ws/install/task_2_interfaces/include/task_2_interfaces/task_2_interfaces/msg/detail
[1.968s] -- Up-to-date: /home/ubuntu-ros/ros2_ws/install/task_2_interfaces/include/task_2_interfaces/task_2_interfaces/msg/detail/joint_data__rosidl_typesupport_introspection_cpp.hpp
[1.968s] -- Up-to-date: /home/ubuntu-ros/ros2_ws/install/task_2_interfaces/include/task_2_interfaces/task_2_interfaces/msg/detail/joint_data__type_support.cpp
[1.968s] -- Up-to-date: /home/ubuntu-ros/ros2_ws/install/task_2_interfaces/lib/libtask_2_interfaces__rosidl_typesupport_introspection_cpp.so
[1.968s] -- Up-to-date: /home/ubuntu-ros/ros2_ws/install/task_2_interfaces/lib/libtask_2_interfaces__rosidl_typesupport_cpp.so
[1.968s] -- Up-to-date: /home/ubuntu-ros/ros2_ws/install/task_2_interfaces/share/task_2_interfaces/environment/pythonpath.sh
[1.968s] -- Installing: /home/ubuntu-ros/ros2_ws/install/task_2_interfaces/share/task_2_interfaces/environment/pythonpath.dsv
[1.968s] -- Up-to-date: /home/ubuntu-ros/ros2_ws/install/task_2_interfaces/local/lib/python3.10/dist-packages/task_2_interfaces-0.0.0-py3.10.egg-info
[1.968s] -- Installing: /home/ubuntu-ros/ros2_ws/install/task_2_interfaces/local/lib/python3.10/dist-packages/task_2_interfaces-0.0.0-py3.10.egg-info/top_level.txt
[1.968s] -- Installing: /home/ubuntu-ros/ros2_ws/install/task_2_interfaces/local/lib/python3.10/dist-packages/task_2_interfaces-0.0.0-py3.10.egg-info/SOURCES.txt
[1.968s] -- Installing: /home/ubuntu-ros/ros2_ws/install/task_2_interfaces/local/lib/python3.10/dist-packages/task_2_interfaces-0.0.0-py3.10.egg-info/dependency_links.txt
[1.968s] -- Installing: /home/ubuntu-ros/ros2_ws/install/task_2_interfaces/local/lib/python3.10/dist-packages/task_2_interfaces-0.0.0-py3.10.egg-info/PKG-INFO
[1.968s] -- Up-to-date: /home/ubuntu-ros/ros2_ws/install/task_2_interfaces/local/lib/python3.10/dist-packages/task_2_interfaces
[1.968s] -- Up-to-date: /home/ubuntu-ros/ros2_ws/install/task_2_interfaces/local/lib/python3.10/dist-packages/task_2_interfaces/srv
[1.968s] -- Up-to-date: /home/ubuntu-ros/ros2_ws/install/task_2_interfaces/local/lib/python3.10/dist-packages/task_2_interfaces/srv/__init__.py
[1.969s] -- Up-to-date: /home/ubuntu-ros/ros2_ws/install/task_2_interfaces/local/lib/python3.10/dist-packages/task_2_interfaces/srv/_joint_state_s.c
[1.969s] -- Up-to-date: /home/ubuntu-ros/ros2_ws/install/task_2_interfaces/local/lib/python3.10/dist-packages/task_2_interfaces/srv/_joint_state.py
[1.969s] -- Up-to-date: /home/ubuntu-ros/ros2_ws/install/task_2_interfaces/local/lib/python3.10/dist-packages/task_2_interfaces/libtask_2_interfaces__rosidl_generator_py.so
[1.969s] -- Up-to-date: /home/ubuntu-ros/ros2_ws/install/task_2_interfaces/local/lib/python3.10/dist-packages/task_2_interfaces/task_2_interfaces_s__rosidl_typesupport_introspection_c.cpython-310-aarch64-linux-gnu.so
[1.969s] -- Installing: /home/ubuntu-ros/ros2_ws/install/task_2_interfaces/local/lib/python3.10/dist-packages/task_2_interfaces/__init__.py
[1.969s] -- Up-to-date: /home/ubuntu-ros/ros2_ws/install/task_2_interfaces/local/lib/python3.10/dist-packages/task_2_interfaces/task_2_interfaces_s__rosidl_typesupport_c.cpython-310-aarch64-linux-gnu.so
[1.969s] -- Up-to-date: /home/ubuntu-ros/ros2_ws/install/task_2_interfaces/local/lib/python3.10/dist-packages/task_2_interfaces/msg
[1.969s] -- Up-to-date: /home/ubuntu-ros/ros2_ws/install/task_2_interfaces/local/lib/python3.10/dist-packages/task_2_interfaces/msg/__init__.py
[1.969s] -- Up-to-date: /home/ubuntu-ros/ros2_ws/install/task_2_interfaces/local/lib/python3.10/dist-packages/task_2_interfaces/msg/_joint_data.py
[1.969s] -- Up-to-date: /home/ubuntu-ros/ros2_ws/install/task_2_interfaces/local/lib/python3.10/dist-packages/task_2_interfaces/msg/_joint_data_s.c
[1.969s] -- Up-to-date: /home/ubuntu-ros/ros2_ws/install/task_2_interfaces/local/lib/python3.10/dist-packages/task_2_interfaces/task_2_interfaces_s__rosidl_typesupport_fastrtps_c.cpython-310-aarch64-linux-gnu.so
[1.969s] -- Up-to-date: /home/ubuntu-ros/ros2_ws/install/task_2_interfaces/local/lib/python3.10/dist-packages/task_2_interfaces/_task_2_interfaces_s.ep.rosidl_typesupport_fastrtps_c.c
[1.969s] -- Up-to-date: /home/ubuntu-ros/ros2_ws/install/task_2_interfaces/local/lib/python3.10/dist-packages/task_2_interfaces/_task_2_interfaces_s.ep.rosidl_typesupport_c.c
[1.969s] -- Up-to-date: /home/ubuntu-ros/ros2_ws/install/task_2_interfaces/local/lib/python3.10/dist-packages/task_2_interfaces/_task_2_interfaces_s.ep.rosidl_typesupport_introspection_c.c
[1.997s] Listing '/home/ubuntu-ros/ros2_ws/install/task_2_interfaces/local/lib/python3.10/dist-packages/task_2_interfaces'...
[1.997s] Compiling '/home/ubuntu-ros/ros2_ws/install/task_2_interfaces/local/lib/python3.10/dist-packages/task_2_interfaces/__init__.py'...
[1.997s] Listing '/home/ubuntu-ros/ros2_ws/install/task_2_interfaces/local/lib/python3.10/dist-packages/task_2_interfaces/msg'...
[1.997s] Listing '/home/ubuntu-ros/ros2_ws/install/task_2_interfaces/local/lib/python3.10/dist-packages/task_2_interfaces/srv'...
[2.002s] -- Up-to-date: /home/ubuntu-ros/ros2_ws/install/task_2_interfaces/local/lib/python3.10/dist-packages/task_2_interfaces/task_2_interfaces_s__rosidl_typesupport_fastrtps_c.cpython-310-aarch64-linux-gnu.so
[2.003s] -- Up-to-date: /home/ubuntu-ros/ros2_ws/install/task_2_interfaces/local/lib/python3.10/dist-packages/task_2_interfaces/task_2_interfaces_s__rosidl_typesupport_introspection_c.cpython-310-aarch64-linux-gnu.so
[2.003s] -- Up-to-date: /home/ubuntu-ros/ros2_ws/install/task_2_interfaces/local/lib/python3.10/dist-packages/task_2_interfaces/task_2_interfaces_s__rosidl_typesupport_c.cpython-310-aarch64-linux-gnu.so
[2.003s] -- Up-to-date: /home/ubuntu-ros/ros2_ws/install/task_2_interfaces/lib/libtask_2_interfaces__rosidl_generator_py.so
[2.003s] -- Up-to-date: /home/ubuntu-ros/ros2_ws/install/task_2_interfaces/share/task_2_interfaces/msg/JointData.idl
[2.003s] -- Up-to-date: /home/ubuntu-ros/ros2_ws/install/task_2_interfaces/share/task_2_interfaces/srv/JointState.idl
[2.003s] -- Up-to-date: /home/ubuntu-ros/ros2_ws/install/task_2_interfaces/share/task_2_interfaces/msg/JointData.msg
[2.004s] -- Up-to-date: /home/ubuntu-ros/ros2_ws/install/task_2_interfaces/share/task_2_interfaces/srv/JointState.srv
[2.004s] -- Up-to-date: /home/ubuntu-ros/ros2_ws/install/task_2_interfaces/share/task_2_interfaces/srv/JointState_Request.msg
[2.004s] -- Up-to-date: /home/ubuntu-ros/ros2_ws/install/task_2_interfaces/share/task_2_interfaces/srv/JointState_Response.msg
[2.004s] -- Up-to-date: /home/ubuntu-ros/ros2_ws/install/task_2_interfaces/share/ament_index/resource_index/package_run_dependencies/task_2_interfaces
[2.004s] -- Installing: /home/ubuntu-ros/ros2_ws/install/task_2_interfaces/share/ament_index/resource_index/parent_prefix_path/task_2_interfaces
[2.004s] -- Up-to-date: /home/ubuntu-ros/ros2_ws/install/task_2_interfaces/share/task_2_interfaces/environment/ament_prefix_path.sh
[2.004s] -- Installing: /home/ubuntu-ros/ros2_ws/install/task_2_interfaces/share/task_2_interfaces/environment/ament_prefix_path.dsv
[2.004s] -- Up-to-date: /home/ubuntu-ros/ros2_ws/install/task_2_interfaces/share/task_2_interfaces/environment/path.sh
[2.004s] -- Installing: /home/ubuntu-ros/ros2_ws/install/task_2_interfaces/share/task_2_interfaces/environment/path.dsv
[2.004s] -- Up-to-date: /home/ubuntu-ros/ros2_ws/install/task_2_interfaces/share/task_2_interfaces/local_setup.bash
[2.004s] -- Up-to-date: /home/ubuntu-ros/ros2_ws/install/task_2_interfaces/share/task_2_interfaces/local_setup.sh
[2.004s] -- Up-to-date: /home/ubuntu-ros/ros2_ws/install/task_2_interfaces/share/task_2_interfaces/local_setup.zsh
[2.005s] -- Installing: /home/ubuntu-ros/ros2_ws/install/task_2_interfaces/share/task_2_interfaces/local_setup.dsv
[2.005s] -- Installing: /home/ubuntu-ros/ros2_ws/install/task_2_interfaces/share/task_2_interfaces/package.dsv
[2.005s] -- Up-to-date: /home/ubuntu-ros/ros2_ws/install/task_2_interfaces/share/ament_index/resource_index/packages/task_2_interfaces
[2.005s] -- Up-to-date: /home/ubuntu-ros/ros2_ws/install/task_2_interfaces/share/task_2_interfaces/cmake/export_task_2_interfaces__rosidl_generator_cExport.cmake
[2.005s] -- Up-to-date: /home/ubuntu-ros/ros2_ws/install/task_2_interfaces/share/task_2_interfaces/cmake/export_task_2_interfaces__rosidl_generator_cExport-noconfig.cmake
[2.005s] -- Up-to-date: /home/ubuntu-ros/ros2_ws/install/task_2_interfaces/share/task_2_interfaces/cmake/export_task_2_interfaces__rosidl_typesupport_fastrtps_cExport.cmake
[2.005s] -- Up-to-date: /home/ubuntu-ros/ros2_ws/install/task_2_interfaces/share/task_2_interfaces/cmake/export_task_2_interfaces__rosidl_typesupport_fastrtps_cExport-noconfig.cmake
[2.005s] -- Up-to-date: /home/ubuntu-ros/ros2_ws/install/task_2_interfaces/share/task_2_interfaces/cmake/task_2_interfaces__rosidl_typesupport_introspection_cExport.cmake
[2.005s] -- Up-to-date: /home/ubuntu-ros/ros2_ws/install/task_2_interfaces/share/task_2_interfaces/cmake/task_2_interfaces__rosidl_typesupport_introspection_cExport-noconfig.cmake
[2.005s] -- Up-to-date: /home/ubuntu-ros/ros2_ws/install/task_2_interfaces/share/task_2_interfaces/cmake/task_2_interfaces__rosidl_typesupport_cExport.cmake
[2.006s] -- Up-to-date: /home/ubuntu-ros/ros2_ws/install/task_2_interfaces/share/task_2_interfaces/cmake/task_2_interfaces__rosidl_typesupport_cExport-noconfig.cmake
[2.006s] -- Up-to-date: /home/ubuntu-ros/ros2_ws/install/task_2_interfaces/share/task_2_interfaces/cmake/export_task_2_interfaces__rosidl_generator_cppExport.cmake
[2.006s] -- Up-to-date: /home/ubuntu-ros/ros2_ws/install/task_2_interfaces/share/task_2_interfaces/cmake/export_task_2_interfaces__rosidl_typesupport_fastrtps_cppExport.cmake
[2.006s] -- Up-to-date: /home/ubuntu-ros/ros2_ws/install/task_2_interfaces/share/task_2_interfaces/cmake/export_task_2_interfaces__rosidl_typesupport_fastrtps_cppExport-noconfig.cmake
[2.006s] -- Up-to-date: /home/ubuntu-ros/ros2_ws/install/task_2_interfaces/share/task_2_interfaces/cmake/task_2_interfaces__rosidl_typesupport_introspection_cppExport.cmake
[2.006s] -- Up-to-date: /home/ubuntu-ros/ros2_ws/install/task_2_interfaces/share/task_2_interfaces/cmake/task_2_interfaces__rosidl_typesupport_introspection_cppExport-noconfig.cmake
[2.006s] -- Up-to-date: /home/ubuntu-ros/ros2_ws/install/task_2_interfaces/share/task_2_interfaces/cmake/task_2_interfaces__rosidl_typesupport_cppExport.cmake
[2.006s] -- Up-to-date: /home/ubuntu-ros/ros2_ws/install/task_2_interfaces/share/task_2_interfaces/cmake/task_2_interfaces__rosidl_typesupport_cppExport-noconfig.cmake
[2.006s] -- Up-to-date: /home/ubuntu-ros/ros2_ws/install/task_2_interfaces/share/task_2_interfaces/cmake/export_task_2_interfaces__rosidl_generator_pyExport.cmake
[2.007s] -- Up-to-date: /home/ubuntu-ros/ros2_ws/install/task_2_interfaces/share/task_2_interfaces/cmake/export_task_2_interfaces__rosidl_generator_pyExport-noconfig.cmake
[2.007s] -- Up-to-date: /home/ubuntu-ros/ros2_ws/install/task_2_interfaces/share/task_2_interfaces/cmake/rosidl_cmake-extras.cmake
[2.007s] -- Up-to-date: /home/ubuntu-ros/ros2_ws/install/task_2_interfaces/share/task_2_interfaces/cmake/ament_cmake_export_dependencies-extras.cmake
[2.007s] -- Up-to-date: /home/ubuntu-ros/ros2_ws/install/task_2_interfaces/share/task_2_interfaces/cmake/ament_cmake_export_include_directories-extras.cmake
[2.007s] -- Up-to-date: /home/ubuntu-ros/ros2_ws/install/task_2_interfaces/share/task_2_interfaces/cmake/ament_cmake_export_libraries-extras.cmake
[2.007s] -- Up-to-date: /home/ubuntu-ros/ros2_ws/install/task_2_interfaces/share/task_2_interfaces/cmake/ament_cmake_export_targets-extras.cmake
[2.007s] -- Up-to-date: /home/ubuntu-ros/ros2_ws/install/task_2_interfaces/share/task_2_interfaces/cmake/rosidl_cmake_export_typesupport_targets-extras.cmake
[2.007s] -- Up-to-date: /home/ubuntu-ros/ros2_ws/install/task_2_interfaces/share/task_2_interfaces/cmake/rosidl_cmake_export_typesupport_libraries-extras.cmake
[2.007s] -- Up-to-date: /home/ubuntu-ros/ros2_ws/install/task_2_interfaces/share/task_2_interfaces/cmake/task_2_interfacesConfig.cmake
[2.007s] -- Up-to-date: /home/ubuntu-ros/ros2_ws/install/task_2_interfaces/share/task_2_interfaces/cmake/task_2_interfacesConfig-version.cmake
[2.007s] -- Installing: /home/ubuntu-ros/ros2_ws/install/task_2_interfaces/share/task_2_interfaces/package.xml
[2.007s] -- Up-to-date: /home/ubuntu-ros/ros2_ws/install/task_2_interfaces/share/task_2_interfaces
[2.009s] Invoked command in '/home/ubuntu-ros/ros2_ws/build/task_2_interfaces' returned '0': CMAKE_PREFIX_PATH=/opt/ros/humble /usr/bin/cmake --install /home/ubuntu-ros/ros2_ws/build/task_2_interfaces
