[0.491s] Invoking command in '/home/ubuntu-ros/ros2_ws/src/task_1': PYTHONPATH=/home/ubuntu-ros/ros2_ws/build/task_1/prefix_override:/usr/lib/python3/dist-packages/colcon_core/task/python/colcon_distutils_commands:/home/ubuntu-ros/ros2_ws/install/task_1/lib/python3.10/site-packages:${PYTHONPATH} /usr/bin/python3 -W ignore:setup.py install is deprecated setup.py egg_info --egg-base ../../build/task_1 build --build-base /home/ubuntu-ros/ros2_ws/build/task_1/build install --record /home/ubuntu-ros/ros2_ws/build/task_1/install.log --single-version-externally-managed install_data
[0.673s] running egg_info
[0.673s] creating ../../build/task_1/task_1.egg-info
[0.673s] writing ../../build/task_1/task_1.egg-info/PKG-INFO
[0.674s] writing dependency_links to ../../build/task_1/task_1.egg-info/dependency_links.txt
[0.674s] writing entry points to ../../build/task_1/task_1.egg-info/entry_points.txt
[0.674s] writing requirements to ../../build/task_1/task_1.egg-info/requires.txt
[0.674s] writing top-level names to ../../build/task_1/task_1.egg-info/top_level.txt
[0.674s] writing manifest file '../../build/task_1/task_1.egg-info/SOURCES.txt'
[0.676s] reading manifest file '../../build/task_1/task_1.egg-info/SOURCES.txt'
[0.676s] adding license file 'LICENSE'
[0.676s] writing manifest file '../../build/task_1/task_1.egg-info/SOURCES.txt'
[0.676s] running build
[0.677s] running build_py
[0.677s] creating /home/ubuntu-ros/ros2_ws/build/task_1/build
[0.677s] creating /home/ubuntu-ros/ros2_ws/build/task_1/build/lib
[0.677s] creating /home/ubuntu-ros/ros2_ws/build/task_1/build/lib/task_1
[0.677s] copying task_1/__init__.py -> /home/ubuntu-ros/ros2_ws/build/task_1/build/lib/task_1
[0.677s] copying task_1/time_subscriber.py -> /home/ubuntu-ros/ros2_ws/build/task_1/build/lib/task_1
[0.677s] copying task_1/time_publisher.py -> /home/ubuntu-ros/ros2_ws/build/task_1/build/lib/task_1
[0.677s] running install
[0.678s] running install_lib
[0.678s] creating /home/ubuntu-ros/ros2_ws/install/task_1/lib/python3.10/site-packages/task_1
[0.678s] copying /home/ubuntu-ros/ros2_ws/build/task_1/build/lib/task_1/__init__.py -> /home/ubuntu-ros/ros2_ws/install/task_1/lib/python3.10/site-packages/task_1
[0.678s] copying /home/ubuntu-ros/ros2_ws/build/task_1/build/lib/task_1/time_subscriber.py -> /home/ubuntu-ros/ros2_ws/install/task_1/lib/python3.10/site-packages/task_1
[0.678s] copying /home/ubuntu-ros/ros2_ws/build/task_1/build/lib/task_1/time_publisher.py -> /home/ubuntu-ros/ros2_ws/install/task_1/lib/python3.10/site-packages/task_1
[0.679s] byte-compiling /home/ubuntu-ros/ros2_ws/install/task_1/lib/python3.10/site-packages/task_1/__init__.py to __init__.cpython-310.pyc
[0.679s] byte-compiling /home/ubuntu-ros/ros2_ws/install/task_1/lib/python3.10/site-packages/task_1/time_subscriber.py to time_subscriber.cpython-310.pyc
[0.679s] byte-compiling /home/ubuntu-ros/ros2_ws/install/task_1/lib/python3.10/site-packages/task_1/time_publisher.py to time_publisher.cpython-310.pyc
[0.680s] running install_data
[0.680s] creating /home/ubuntu-ros/ros2_ws/install/task_1/share/ament_index
[0.680s] creating /home/ubuntu-ros/ros2_ws/install/task_1/share/ament_index/resource_index
[0.680s] creating /home/ubuntu-ros/ros2_ws/install/task_1/share/ament_index/resource_index/packages
[0.680s] copying resource/task_1 -> /home/ubuntu-ros/ros2_ws/install/task_1/share/ament_index/resource_index/packages
[0.680s] copying package.xml -> /home/ubuntu-ros/ros2_ws/install/task_1/share/task_1
[0.680s] running install_egg_info
[0.681s] Copying ../../build/task_1/task_1.egg-info to /home/ubuntu-ros/ros2_ws/install/task_1/lib/python3.10/site-packages/task_1-0.0.0-py3.10.egg-info
[0.682s] running install_scripts
[0.699s] Installing time_publisher script to /home/ubuntu-ros/ros2_ws/install/task_1/lib/task_1
[0.699s] Installing time_subscriber script to /home/ubuntu-ros/ros2_ws/install/task_1/lib/task_1
[0.699s] writing list of installed files to '/home/ubuntu-ros/ros2_ws/build/task_1/install.log'
[0.719s] Invoked command in '/home/ubuntu-ros/ros2_ws/src/task_1' returned '0': PYTHONPATH=/home/ubuntu-ros/ros2_ws/build/task_1/prefix_override:/usr/lib/python3/dist-packages/colcon_core/task/python/colcon_distutils_commands:/home/ubuntu-ros/ros2_ws/install/task_1/lib/python3.10/site-packages:${PYTHONPATH} /usr/bin/python3 -W ignore:setup.py install is deprecated setup.py egg_info --egg-base ../../build/task_1 build --build-base /home/ubuntu-ros/ros2_ws/build/task_1/build install --record /home/ubuntu-ros/ros2_ws/build/task_1/install.log --single-version-externally-managed install_data
