[0.810s] Invoking command in '/home/ubuntu-ros/ros2_ws/src/task_2': PYTHONPATH=/home/ubuntu-ros/ros2_ws/build/task_2/prefix_override:/usr/lib/python3/dist-packages/colcon_core/task/python/colcon_distutils_commands:/home/ubuntu-ros/ros2_ws/install/task_2/lib/python3.10/site-packages:${PYTHONPATH} /usr/bin/python3 -W ignore:setup.py install is deprecated setup.py egg_info --egg-base ../../build/task_2 build --build-base /home/ubuntu-ros/ros2_ws/build/task_2/build install --record /home/ubuntu-ros/ros2_ws/build/task_2/install.log --single-version-externally-managed install_data
[1.029s] running egg_info
[1.030s] writing ../../build/task_2/task_2.egg-info/PKG-INFO
[1.030s] writing dependency_links to ../../build/task_2/task_2.egg-info/dependency_links.txt
[1.030s] writing entry points to ../../build/task_2/task_2.egg-info/entry_points.txt
[1.031s] writing requirements to ../../build/task_2/task_2.egg-info/requires.txt
[1.031s] writing top-level names to ../../build/task_2/task_2.egg-info/top_level.txt
[1.032s] reading manifest file '../../build/task_2/task_2.egg-info/SOURCES.txt'
[1.033s] writing manifest file '../../build/task_2/task_2.egg-info/SOURCES.txt'
[1.033s] running build
[1.033s] running build_py
[1.033s] copying task_2/service_server_node.py -> /home/ubuntu-ros/ros2_ws/build/task_2/build/lib/task_2
[1.033s] copying task_2/service_client_node.py -> /home/ubuntu-ros/ros2_ws/build/task_2/build/lib/task_2
[1.034s] running install
[1.034s] running install_lib
[1.035s] copying /home/ubuntu-ros/ros2_ws/build/task_2/build/lib/task_2/service_server_node.py -> /home/ubuntu-ros/ros2_ws/install/task_2/lib/python3.10/site-packages/task_2
[1.035s] copying /home/ubuntu-ros/ros2_ws/build/task_2/build/lib/task_2/service_client_node.py -> /home/ubuntu-ros/ros2_ws/install/task_2/lib/python3.10/site-packages/task_2
[1.035s] byte-compiling /home/ubuntu-ros/ros2_ws/install/task_2/lib/python3.10/site-packages/task_2/service_server_node.py to service_server_node.cpython-310.pyc
[1.036s] byte-compiling /home/ubuntu-ros/ros2_ws/install/task_2/lib/python3.10/site-packages/task_2/service_client_node.py to service_client_node.cpython-310.pyc
[1.036s] running install_data
[1.036s] copying package.xml -> /home/ubuntu-ros/ros2_ws/install/task_2/share/task_2
[1.036s] running install_egg_info
[1.038s] removing '/home/ubuntu-ros/ros2_ws/install/task_2/lib/python3.10/site-packages/task_2-0.0.0-py3.10.egg-info' (and everything under it)
[1.038s] Copying ../../build/task_2/task_2.egg-info to /home/ubuntu-ros/ros2_ws/install/task_2/lib/python3.10/site-packages/task_2-0.0.0-py3.10.egg-info
[1.039s] running install_scripts
[1.058s] Installing publisher_node script to /home/ubuntu-ros/ros2_ws/install/task_2/lib/task_2
[1.059s] Installing service_client_node script to /home/ubuntu-ros/ros2_ws/install/task_2/lib/task_2
[1.059s] Installing service_server_node script to /home/ubuntu-ros/ros2_ws/install/task_2/lib/task_2
[1.059s] Installing subscriber_node script to /home/ubuntu-ros/ros2_ws/install/task_2/lib/task_2
[1.059s] writing list of installed files to '/home/ubuntu-ros/ros2_ws/build/task_2/install.log'
[1.078s] Invoked command in '/home/ubuntu-ros/ros2_ws/src/task_2' returned '0': PYTHONPATH=/home/ubuntu-ros/ros2_ws/build/task_2/prefix_override:/usr/lib/python3/dist-packages/colcon_core/task/python/colcon_distutils_commands:/home/ubuntu-ros/ros2_ws/install/task_2/lib/python3.10/site-packages:${PYTHONPATH} /usr/bin/python3 -W ignore:setup.py install is deprecated setup.py egg_info --egg-base ../../build/task_2 build --build-base /home/ubuntu-ros/ros2_ws/build/task_2/build install --record /home/ubuntu-ros/ros2_ws/build/task_2/install.log --single-version-externally-managed install_data
