[1.052s] Invoking command in '/home/ubuntu-ros/ros2_ws/src/task_1': PYTHONPATH=/home/ubuntu-ros/ros2_ws/build/task_1/prefix_override:/usr/lib/python3/dist-packages/colcon_core/task/python/colcon_distutils_commands:/home/ubuntu-ros/ros2_ws/install/task_1/lib/python3.10/site-packages:${PYTHONPATH} /usr/bin/python3 -W ignore:setup.py install is deprecated setup.py egg_info --egg-base ../../build/task_1 build --build-base /home/ubuntu-ros/ros2_ws/build/task_1/build install --record /home/ubuntu-ros/ros2_ws/build/task_1/install.log --single-version-externally-managed install_data
[1.329s] running egg_info
[1.330s] writing ../../build/task_1/task_1.egg-info/PKG-INFO
[1.331s] writing dependency_links to ../../build/task_1/task_1.egg-info/dependency_links.txt
[1.331s] writing entry points to ../../build/task_1/task_1.egg-info/entry_points.txt
[1.331s] writing requirements to ../../build/task_1/task_1.egg-info/requires.txt
[1.331s] writing top-level names to ../../build/task_1/task_1.egg-info/top_level.txt
[1.334s] reading manifest file '../../build/task_1/task_1.egg-info/SOURCES.txt'
[1.334s] adding license file 'LICENSE'
[1.335s] writing manifest file '../../build/task_1/task_1.egg-info/SOURCES.txt'
[1.335s] running build
[1.335s] running build_py
[1.335s] copying task_1/time_subscriber.py -> /home/ubuntu-ros/ros2_ws/build/task_1/build/lib/task_1
[1.336s] running install
[1.336s] running install_lib
[1.337s] copying /home/ubuntu-ros/ros2_ws/build/task_1/build/lib/task_1/time_subscriber.py -> /home/ubuntu-ros/ros2_ws/install/task_1/lib/python3.10/site-packages/task_1
[1.338s] byte-compiling /home/ubuntu-ros/ros2_ws/install/task_1/lib/python3.10/site-packages/task_1/time_subscriber.py to time_subscriber.cpython-310.pyc
[1.339s] running install_data
[1.339s] running install_egg_info
[1.341s] removing '/home/ubuntu-ros/ros2_ws/install/task_1/lib/python3.10/site-packages/task_1-0.0.0-py3.10.egg-info' (and everything under it)
[1.342s] Copying ../../build/task_1/task_1.egg-info to /home/ubuntu-ros/ros2_ws/install/task_1/lib/python3.10/site-packages/task_1-0.0.0-py3.10.egg-info
[1.343s] running install_scripts
[1.370s] Installing time_publisher script to /home/ubuntu-ros/ros2_ws/install/task_1/lib/task_1
[1.371s] Installing time_subscriber script to /home/ubuntu-ros/ros2_ws/install/task_1/lib/task_1
[1.371s] writing list of installed files to '/home/ubuntu-ros/ros2_ws/build/task_1/install.log'
[1.419s] Invoked command in '/home/ubuntu-ros/ros2_ws/src/task_1' returned '0': PYTHONPATH=/home/ubuntu-ros/ros2_ws/build/task_1/prefix_override:/usr/lib/python3/dist-packages/colcon_core/task/python/colcon_distutils_commands:/home/ubuntu-ros/ros2_ws/install/task_1/lib/python3.10/site-packages:${PYTHONPATH} /usr/bin/python3 -W ignore:setup.py install is deprecated setup.py egg_info --egg-base ../../build/task_1 build --build-base /home/ubuntu-ros/ros2_ws/build/task_1/build install --record /home/ubuntu-ros/ros2_ws/build/task_1/install.log --single-version-externally-managed install_data
