[1.663s] Invoking command in '/home/ubuntu-ros/ros2_ws/src/task_1': PYTHONPATH=/home/ubuntu-ros/ros2_ws/build/task_1/prefix_override:/usr/lib/python3/dist-packages/colcon_core/task/python/colcon_distutils_commands:/home/ubuntu-ros/ros2_ws/install/task_1/lib/python3.10/site-packages:${PYTHONPATH} /usr/bin/python3 -W ignore:setup.py install is deprecated setup.py egg_info --egg-base ../../build/task_1 build --build-base /home/ubuntu-ros/ros2_ws/build/task_1/build install --record /home/ubuntu-ros/ros2_ws/build/task_1/install.log --single-version-externally-managed install_data
[2.195s] running egg_info
[2.199s] writing ../../build/task_1/task_1.egg-info/PKG-INFO
[2.199s] writing dependency_links to ../../build/task_1/task_1.egg-info/dependency_links.txt
[2.199s] writing entry points to ../../build/task_1/task_1.egg-info/entry_points.txt
[2.199s] writing requirements to ../../build/task_1/task_1.egg-info/requires.txt
[2.199s] writing top-level names to ../../build/task_1/task_1.egg-info/top_level.txt
[2.204s] reading manifest file '../../build/task_1/task_1.egg-info/SOURCES.txt'
[2.207s] adding license file 'LICENSE'
[2.208s] writing manifest file '../../build/task_1/task_1.egg-info/SOURCES.txt'
[2.208s] running build
[2.208s] running build_py
[2.208s] running install
[2.209s] running install_lib
[2.216s] running install_data
[2.216s] running install_egg_info
[2.218s] removing '/home/ubuntu-ros/ros2_ws/install/task_1/lib/python3.10/site-packages/task_1-0.0.0-py3.10.egg-info' (and everything under it)
[2.219s] Copying ../../build/task_1/task_1.egg-info to /home/ubuntu-ros/ros2_ws/install/task_1/lib/python3.10/site-packages/task_1-0.0.0-py3.10.egg-info
[2.221s] running install_scripts
[2.281s] Installing listner script to /home/ubuntu-ros/ros2_ws/install/task_1/lib/task_1
[2.282s] Installing talker script to /home/ubuntu-ros/ros2_ws/install/task_1/lib/task_1
[2.288s] writing list of installed files to '/home/ubuntu-ros/ros2_ws/build/task_1/install.log'
[2.355s] Invoked command in '/home/ubuntu-ros/ros2_ws/src/task_1' returned '0': PYTHONPATH=/home/ubuntu-ros/ros2_ws/build/task_1/prefix_override:/usr/lib/python3/dist-packages/colcon_core/task/python/colcon_distutils_commands:/home/ubuntu-ros/ros2_ws/install/task_1/lib/python3.10/site-packages:${PYTHONPATH} /usr/bin/python3 -W ignore:setup.py install is deprecated setup.py egg_info --egg-base ../../build/task_1 build --build-base /home/ubuntu-ros/ros2_ws/build/task_1/build install --record /home/ubuntu-ros/ros2_ws/build/task_1/install.log --single-version-externally-managed install_data
