[0.012s] Invoking command in '/home/ubuntu-ros/ros2_ws/src/build/task_2_interfaces': CMAKE_PREFIX_PATH=/opt/ros/humble /usr/bin/cmake /home/ubuntu-ros/ros2_ws/src/55/task_2_interfaces -DCMAKE_INSTALL_PREFIX=/home/ubuntu-ros/ros2_ws/src/install/task_2_interfaces
[0.069s] -- The C compiler identification is GNU 11.4.0
[0.137s] -- The CXX compiler identification is GNU 11.4.0
[0.150s] -- Detecting C compiler ABI info
[0.206s] -- Detecting C compiler ABI info - done
[0.216s] -- Check for working C compiler: /usr/bin/cc - skipped
[0.216s] -- Detecting C compile features
[0.218s] -- Detecting C compile features - done
[0.220s] -- Detecting CXX compiler ABI info
[0.298s] -- Detecting CXX compiler ABI info - done
[0.312s] -- Check for working CXX compiler: /usr/bin/c++ - skipped
[0.312s] -- Detecting CXX compile features
[0.314s] -- Detecting CXX compile features - done
[0.317s] -- Found ament_cmake: 1.3.10 (/opt/ros/humble/share/ament_cmake/cmake)
[0.490s] -- Found Python3: /usr/bin/python3 (found version "3.10.12") found components: Interpreter 
[0.602s] -- Found rosidl_default_generators: 1.2.0 (/opt/ros/humble/share/rosidl_default_generators/cmake)
[0.606s] -- Using all available rosidl_typesupport_c: rosidl_typesupport_fastrtps_c;rosidl_typesupport_introspection_c
[0.614s] -- Found rosidl_adapter: 3.1.5 (/opt/ros/humble/share/rosidl_adapter/cmake)
[0.680s] -- Using all available rosidl_typesupport_cpp: rosidl_typesupport_fastrtps_cpp;rosidl_typesupport_introspection_cpp
[0.731s] -- Found geometry_msgs: 4.2.4 (/opt/ros/humble/share/geometry_msgs/cmake)
[0.796s] -- Found ament_lint_auto: 0.12.11 (/opt/ros/humble/share/ament_lint_auto/cmake)
[1.084s] -- Found ament_cmake_ros: 0.10.0 (/opt/ros/humble/share/ament_cmake_ros/cmake)
[1.262s] -- Using all available rosidl_typesupport_c: rosidl_typesupport_fastrtps_c;rosidl_typesupport_introspection_c
[1.579s] -- Using all available rosidl_typesupport_cpp: rosidl_typesupport_fastrtps_cpp;rosidl_typesupport_introspection_cpp
[1.601s] -- Found PythonInterp: /usr/bin/python3 (found suitable version "3.10.12", minimum required is "3.6") 
[1.602s] -- Found python_cmake_module: 0.10.0 (/opt/ros/humble/share/python_cmake_module/cmake)
[1.628s] -- Found PythonLibs: /usr/lib/aarch64-linux-gnu/libpython3.10.so (found suitable version "3.10.12", minimum required is "3.5") 
[1.628s] -- Using PYTHON_EXECUTABLE: /usr/bin/python3
[1.628s] -- Using PYTHON_INCLUDE_DIRS: /usr/include/python3.10
[1.628s] -- Using PYTHON_LIBRARIES: /usr/lib/aarch64-linux-gnu/libpython3.10.so
[1.648s] -- Found PythonExtra: .so  
[1.717s] -- Added test 'lint_cmake' to check CMake code style
[1.719s] -- Added test 'xmllint' to check XML markup files
[1.724s] -- Configuring done
[1.766s] -- Generating done
[1.769s] -- Build files have been written to: /home/ubuntu-ros/ros2_ws/src/build/task_2_interfaces
[1.778s] Invoked command in '/home/ubuntu-ros/ros2_ws/src/build/task_2_interfaces' returned '0': CMAKE_PREFIX_PATH=/opt/ros/humble /usr/bin/cmake /home/ubuntu-ros/ros2_ws/src/55/task_2_interfaces -DCMAKE_INSTALL_PREFIX=/home/ubuntu-ros/ros2_ws/src/install/task_2_interfaces
[1.781s] Invoking command in '/home/ubuntu-ros/ros2_ws/src/build/task_2_interfaces': CMAKE_PREFIX_PATH=/opt/ros/humble /usr/bin/cmake --build /home/ubuntu-ros/ros2_ws/src/build/task_2_interfaces -- -j6 -l6
[1.801s] [  2%] [34m[1mGenerating C code for ROS interfaces[0m
[1.805s] [  5%] [34m[1mGenerating C++ code for ROS interfaces[0m
[1.808s] [  5%] Built target ament_cmake_python_copy_task_2_interfaces
[2.042s] running egg_info
[2.043s] creating task_2_interfaces.egg-info
[2.043s] writing task_2_interfaces.egg-info/PKG-INFO
[2.044s] writing dependency_links to task_2_interfaces.egg-info/dependency_links.txt
[2.044s] writing top-level names to task_2_interfaces.egg-info/top_level.txt
[2.044s] writing manifest file 'task_2_interfaces.egg-info/SOURCES.txt'
[2.047s] reading manifest file 'task_2_interfaces.egg-info/SOURCES.txt'
[2.047s] writing manifest file 'task_2_interfaces.egg-info/SOURCES.txt'
[2.084s] [  5%] Built target ament_cmake_python_build_task_2_interfaces_egg
[2.220s] [  5%] Built target task_2_interfaces__cpp
[2.226s] [  7%] [34m[1mGenerating C++ type support dispatch for ROS interfaces[0m
[2.228s] [ 10%] [34m[1mGenerating C++ introspection for ROS interfaces[0m
[2.228s] [ 12%] [34m[1mGenerating C++ type support for eProsima Fast-RTPS[0m
[2.237s] [ 15%] [32mBuilding C object CMakeFiles/task_2_interfaces__rosidl_generator_c.dir/rosidl_generator_c/task_2_interfaces/msg/detail/joint_data__functions.c.o[0m
[2.238s] [ 17%] [32mBuilding C object CMakeFiles/task_2_interfaces__rosidl_generator_c.dir/rosidl_generator_c/task_2_interfaces/srv/detail/joint_state__functions.c.o[0m
[2.332s] [ 20%] [32m[1mLinking C shared library libtask_2_interfaces__rosidl_generator_c.so[0m
[2.371s] [ 20%] Built target task_2_interfaces__rosidl_generator_c
[2.379s] [ 23%] [34m[1mGenerating C type support for eProsima Fast-RTPS[0m
[2.388s] [ 28%] [34m[1mGenerating C type support dispatch for ROS interfaces[0m
[2.388s] [ 28%] [34m[1mGenerating C introspection for ROS interfaces[0m
[2.675s] [ 30%] [32mBuilding CXX object CMakeFiles/task_2_interfaces__rosidl_typesupport_cpp.dir/rosidl_typesupport_cpp/task_2_interfaces/msg/joint_data__type_support.cpp.o[0m
[2.772s] [ 33%] [32mBuilding CXX object CMakeFiles/task_2_interfaces__rosidl_typesupport_introspection_cpp.dir/rosidl_typesupport_introspection_cpp/task_2_interfaces/msg/detail/joint_data__type_support.cpp.o[0m
[2.858s] [ 35%] [32mBuilding CXX object CMakeFiles/task_2_interfaces__rosidl_typesupport_fastrtps_cpp.dir/rosidl_typesupport_fastrtps_cpp/task_2_interfaces/msg/detail/dds_fastrtps/joint_data__type_support.cpp.o[0m
[2.929s] [ 38%] [32mBuilding CXX object CMakeFiles/task_2_interfaces__rosidl_typesupport_c.dir/rosidl_typesupport_c/task_2_interfaces/msg/joint_data__type_support.cpp.o[0m
[2.977s] [ 41%] [32mBuilding C object CMakeFiles/task_2_interfaces__rosidl_typesupport_introspection_c.dir/rosidl_typesupport_introspection_c/task_2_interfaces/msg/detail/joint_data__type_support.c.o[0m
[2.978s] [ 43%] [32mBuilding CXX object CMakeFiles/task_2_interfaces__rosidl_typesupport_fastrtps_c.dir/rosidl_typesupport_fastrtps_c/task_2_interfaces/msg/detail/joint_data__type_support_c.cpp.o[0m
[2.987s] [ 46%] [32mBuilding CXX object CMakeFiles/task_2_interfaces__rosidl_typesupport_c.dir/rosidl_typesupport_c/task_2_interfaces/srv/joint_state__type_support.cpp.o[0m
[3.027s] [ 48%] [32mBuilding C object CMakeFiles/task_2_interfaces__rosidl_typesupport_introspection_c.dir/rosidl_typesupport_introspection_c/task_2_interfaces/srv/detail/joint_state__type_support.c.o[0m
[3.038s] [ 51%] [32m[1mLinking CXX shared library libtask_2_interfaces__rosidl_typesupport_c.so[0m
[3.103s] [ 53%] [32m[1mLinking C shared library libtask_2_interfaces__rosidl_typesupport_introspection_c.so[0m
[3.107s] [ 53%] Built target task_2_interfaces__rosidl_typesupport_c
[3.113s] [ 56%] [32mBuilding CXX object CMakeFiles/task_2_interfaces__rosidl_typesupport_introspection_cpp.dir/rosidl_typesupport_introspection_cpp/task_2_interfaces/srv/detail/joint_state__type_support.cpp.o[0m
[3.137s] [ 56%] Built target task_2_interfaces__rosidl_typesupport_introspection_c
[3.144s] [ 58%] [32mBuilding CXX object CMakeFiles/task_2_interfaces__rosidl_typesupport_cpp.dir/rosidl_typesupport_cpp/task_2_interfaces/srv/joint_state__type_support.cpp.o[0m
[3.154s] [ 61%] [32mBuilding CXX object CMakeFiles/task_2_interfaces__rosidl_typesupport_fastrtps_cpp.dir/rosidl_typesupport_fastrtps_cpp/task_2_interfaces/srv/detail/dds_fastrtps/joint_state__type_support.cpp.o[0m
[3.505s] [ 64%] [32mBuilding CXX object CMakeFiles/task_2_interfaces__rosidl_typesupport_fastrtps_c.dir/rosidl_typesupport_fastrtps_c/task_2_interfaces/srv/detail/joint_state__type_support_c.cpp.o[0m
[3.659s] [ 66%] [32m[1mLinking CXX shared library libtask_2_interfaces__rosidl_typesupport_cpp.so[0m
[3.709s] [ 66%] Built target task_2_interfaces__rosidl_typesupport_cpp
[3.818s] [ 69%] [32m[1mLinking CXX shared library libtask_2_interfaces__rosidl_typesupport_introspection_cpp.so[0m
[3.889s] [ 69%] Built target task_2_interfaces__rosidl_typesupport_introspection_cpp
[3.898s] [ 71%] [32m[1mLinking CXX shared library libtask_2_interfaces__rosidl_typesupport_fastrtps_cpp.so[0m
[3.967s] [ 71%] Built target task_2_interfaces__rosidl_typesupport_fastrtps_cpp
[4.021s] [ 74%] [32m[1mLinking CXX shared library libtask_2_interfaces__rosidl_typesupport_fastrtps_c.so[0m
[4.078s] [ 74%] Built target task_2_interfaces__rosidl_typesupport_fastrtps_c
[4.088s] [ 74%] Built target task_2_interfaces
[4.097s] [ 76%] [34m[1mGenerating Python code for ROS interfaces[0m
[4.506s] [ 76%] Built target task_2_interfaces__py
[4.515s] [ 82%] [32mBuilding C object CMakeFiles/task_2_interfaces__rosidl_generator_py.dir/rosidl_generator_py/task_2_interfaces/srv/_joint_state_s.c.o[0m
[4.515s] [ 82%] [32mBuilding C object CMakeFiles/task_2_interfaces__rosidl_generator_py.dir/rosidl_generator_py/task_2_interfaces/msg/_joint_data_s.c.o[0m
[4.611s] [ 84%] [32m[1mLinking C shared library rosidl_generator_py/task_2_interfaces/libtask_2_interfaces__rosidl_generator_py.so[0m
[4.636s] [ 84%] Built target task_2_interfaces__rosidl_generator_py
[4.646s] [ 87%] [32mBuilding C object CMakeFiles/task_2_interfaces__rosidl_typesupport_introspection_c__pyext.dir/rosidl_generator_py/task_2_interfaces/_task_2_interfaces_s.ep.rosidl_typesupport_introspection_c.c.o[0m
[4.646s] [ 92%] [32mBuilding C object CMakeFiles/task_2_interfaces__rosidl_typesupport_c__pyext.dir/rosidl_generator_py/task_2_interfaces/_task_2_interfaces_s.ep.rosidl_typesupport_c.c.o[0m
[4.646s] [ 92%] [32mBuilding C object CMakeFiles/task_2_interfaces__rosidl_typesupport_fastrtps_c__pyext.dir/rosidl_generator_py/task_2_interfaces/_task_2_interfaces_s.ep.rosidl_typesupport_fastrtps_c.c.o[0m
[4.737s] [ 97%] [32m[1mLinking C shared library rosidl_generator_py/task_2_interfaces/task_2_interfaces_s__rosidl_typesupport_introspection_c.cpython-310-aarch64-linux-gnu.so[0m
[4.738s] [100%] [32m[1mLinking C shared library rosidl_generator_py/task_2_interfaces/task_2_interfaces_s__rosidl_typesupport_c.cpython-310-aarch64-linux-gnu.so[0m
[4.738s] [100%] [32m[1mLinking C shared library rosidl_generator_py/task_2_interfaces/task_2_interfaces_s__rosidl_typesupport_fastrtps_c.cpython-310-aarch64-linux-gnu.so[0m
[4.767s] [100%] Built target task_2_interfaces__rosidl_typesupport_introspection_c__pyext
[4.767s] [100%] Built target task_2_interfaces__rosidl_typesupport_fastrtps_c__pyext
[4.767s] [100%] Built target task_2_interfaces__rosidl_typesupport_c__pyext
[4.772s] Invoked command in '/home/ubuntu-ros/ros2_ws/src/build/task_2_interfaces' returned '0': CMAKE_PREFIX_PATH=/opt/ros/humble /usr/bin/cmake --build /home/ubuntu-ros/ros2_ws/src/build/task_2_interfaces -- -j6 -l6
[4.839s] Invoking command in '/home/ubuntu-ros/ros2_ws/src/build/task_2_interfaces': CMAKE_PREFIX_PATH=/opt/ros/humble /usr/bin/cmake --install /home/ubuntu-ros/ros2_ws/src/build/task_2_interfaces
[4.843s] -- Install configuration: ""
[4.843s] -- Installing: /home/ubuntu-ros/ros2_ws/src/install/task_2_interfaces/share/ament_index/resource_index/rosidl_interfaces/task_2_interfaces
[4.843s] -- Installing: /home/ubuntu-ros/ros2_ws/src/install/task_2_interfaces/include/task_2_interfaces/task_2_interfaces
[4.844s] -- Installing: /home/ubuntu-ros/ros2_ws/src/install/task_2_interfaces/include/task_2_interfaces/task_2_interfaces/srv
[4.844s] -- Installing: /home/ubuntu-ros/ros2_ws/src/install/task_2_interfaces/include/task_2_interfaces/task_2_interfaces/srv/detail
[4.844s] -- Installing: /home/ubuntu-ros/ros2_ws/src/install/task_2_interfaces/include/task_2_interfaces/task_2_interfaces/srv/detail/joint_state__functions.h
[4.844s] -- Installing: /home/ubuntu-ros/ros2_ws/src/install/task_2_interfaces/include/task_2_interfaces/task_2_interfaces/srv/detail/joint_state__struct.h
[4.844s] -- Installing: /home/ubuntu-ros/ros2_ws/src/install/task_2_interfaces/include/task_2_interfaces/task_2_interfaces/srv/detail/joint_state__type_support.h
[4.844s] -- Installing: /home/ubuntu-ros/ros2_ws/src/install/task_2_interfaces/include/task_2_interfaces/task_2_interfaces/srv/detail/joint_state__functions.c
[4.845s] -- Installing: /home/ubuntu-ros/ros2_ws/src/install/task_2_interfaces/include/task_2_interfaces/task_2_interfaces/srv/joint_state.h
[4.845s] -- Installing: /home/ubuntu-ros/ros2_ws/src/install/task_2_interfaces/include/task_2_interfaces/task_2_interfaces/msg
[4.845s] -- Installing: /home/ubuntu-ros/ros2_ws/src/install/task_2_interfaces/include/task_2_interfaces/task_2_interfaces/msg/detail
[4.845s] -- Installing: /home/ubuntu-ros/ros2_ws/src/install/task_2_interfaces/include/task_2_interfaces/task_2_interfaces/msg/detail/joint_data__functions.c
[4.845s] -- Installing: /home/ubuntu-ros/ros2_ws/src/install/task_2_interfaces/include/task_2_interfaces/task_2_interfaces/msg/detail/joint_data__functions.h
[4.845s] -- Installing: /home/ubuntu-ros/ros2_ws/src/install/task_2_interfaces/include/task_2_interfaces/task_2_interfaces/msg/detail/joint_data__struct.h
[4.845s] -- Installing: /home/ubuntu-ros/ros2_ws/src/install/task_2_interfaces/include/task_2_interfaces/task_2_interfaces/msg/detail/joint_data__type_support.h
[4.845s] -- Installing: /home/ubuntu-ros/ros2_ws/src/install/task_2_interfaces/include/task_2_interfaces/task_2_interfaces/msg/joint_data.h
[4.846s] -- Installing: /home/ubuntu-ros/ros2_ws/src/install/task_2_interfaces/include/task_2_interfaces/task_2_interfaces/msg/rosidl_generator_c__visibility_control.h
[4.846s] -- Installing: /home/ubuntu-ros/ros2_ws/src/install/task_2_interfaces/share/task_2_interfaces/environment/library_path.sh
[4.846s] -- Installing: /home/ubuntu-ros/ros2_ws/src/install/task_2_interfaces/share/task_2_interfaces/environment/library_path.dsv
[4.846s] -- Installing: /home/ubuntu-ros/ros2_ws/src/install/task_2_interfaces/lib/libtask_2_interfaces__rosidl_generator_c.so
[4.846s] -- Set runtime path of "/home/ubuntu-ros/ros2_ws/src/install/task_2_interfaces/lib/libtask_2_interfaces__rosidl_generator_c.so" to ""
[4.846s] -- Up-to-date: /home/ubuntu-ros/ros2_ws/src/install/task_2_interfaces/include/task_2_interfaces/task_2_interfaces
[4.847s] -- Up-to-date: /home/ubuntu-ros/ros2_ws/src/install/task_2_interfaces/include/task_2_interfaces/task_2_interfaces/srv
[4.847s] -- Up-to-date: /home/ubuntu-ros/ros2_ws/src/install/task_2_interfaces/include/task_2_interfaces/task_2_interfaces/srv/detail
[4.847s] -- Installing: /home/ubuntu-ros/ros2_ws/src/install/task_2_interfaces/include/task_2_interfaces/task_2_interfaces/srv/detail/joint_state__rosidl_typesupport_fastrtps_c.h
[4.847s] -- Up-to-date: /home/ubuntu-ros/ros2_ws/src/install/task_2_interfaces/include/task_2_interfaces/task_2_interfaces/msg
[4.847s] -- Installing: /home/ubuntu-ros/ros2_ws/src/install/task_2_interfaces/include/task_2_interfaces/task_2_interfaces/msg/rosidl_typesupport_fastrtps_c__visibility_control.h
[4.847s] -- Up-to-date: /home/ubuntu-ros/ros2_ws/src/install/task_2_interfaces/include/task_2_interfaces/task_2_interfaces/msg/detail
[4.847s] -- Installing: /home/ubuntu-ros/ros2_ws/src/install/task_2_interfaces/include/task_2_interfaces/task_2_interfaces/msg/detail/joint_data__rosidl_typesupport_fastrtps_c.h
[4.848s] -- Installing: /home/ubuntu-ros/ros2_ws/src/install/task_2_interfaces/lib/libtask_2_interfaces__rosidl_typesupport_fastrtps_c.so
[4.848s] -- Set runtime path of "/home/ubuntu-ros/ros2_ws/src/install/task_2_interfaces/lib/libtask_2_interfaces__rosidl_typesupport_fastrtps_c.so" to ""
[4.848s] -- Up-to-date: /home/ubuntu-ros/ros2_ws/src/install/task_2_interfaces/include/task_2_interfaces/task_2_interfaces
[4.848s] -- Up-to-date: /home/ubuntu-ros/ros2_ws/src/install/task_2_interfaces/include/task_2_interfaces/task_2_interfaces/srv
[4.848s] -- Up-to-date: /home/ubuntu-ros/ros2_ws/src/install/task_2_interfaces/include/task_2_interfaces/task_2_interfaces/srv/detail
[4.848s] -- Installing: /home/ubuntu-ros/ros2_ws/src/install/task_2_interfaces/include/task_2_interfaces/task_2_interfaces/srv/detail/joint_state__rosidl_typesupport_introspection_c.h
[4.849s] -- Installing: /home/ubuntu-ros/ros2_ws/src/install/task_2_interfaces/include/task_2_interfaces/task_2_interfaces/srv/detail/joint_state__type_support.c
[4.849s] -- Up-to-date: /home/ubuntu-ros/ros2_ws/src/install/task_2_interfaces/include/task_2_interfaces/task_2_interfaces/msg
[4.849s] -- Installing: /home/ubuntu-ros/ros2_ws/src/install/task_2_interfaces/include/task_2_interfaces/task_2_interfaces/msg/rosidl_typesupport_introspection_c__visibility_control.h
[4.849s] -- Up-to-date: /home/ubuntu-ros/ros2_ws/src/install/task_2_interfaces/include/task_2_interfaces/task_2_interfaces/msg/detail
[4.849s] -- Installing: /home/ubuntu-ros/ros2_ws/src/install/task_2_interfaces/include/task_2_interfaces/task_2_interfaces/msg/detail/joint_data__rosidl_typesupport_introspection_c.h
[4.849s] -- Installing: /home/ubuntu-ros/ros2_ws/src/install/task_2_interfaces/include/task_2_interfaces/task_2_interfaces/msg/detail/joint_data__type_support.c
[4.850s] -- Installing: /home/ubuntu-ros/ros2_ws/src/install/task_2_interfaces/lib/libtask_2_interfaces__rosidl_typesupport_introspection_c.so
[4.850s] -- Set runtime path of "/home/ubuntu-ros/ros2_ws/src/install/task_2_interfaces/lib/libtask_2_interfaces__rosidl_typesupport_introspection_c.so" to ""
[4.850s] -- Installing: /home/ubuntu-ros/ros2_ws/src/install/task_2_interfaces/lib/libtask_2_interfaces__rosidl_typesupport_c.so
[4.850s] -- Set runtime path of "/home/ubuntu-ros/ros2_ws/src/install/task_2_interfaces/lib/libtask_2_interfaces__rosidl_typesupport_c.so" to ""
[4.850s] -- Up-to-date: /home/ubuntu-ros/ros2_ws/src/install/task_2_interfaces/include/task_2_interfaces/task_2_interfaces
[4.850s] -- Up-to-date: /home/ubuntu-ros/ros2_ws/src/install/task_2_interfaces/include/task_2_interfaces/task_2_interfaces/srv
[4.850s] -- Up-to-date: /home/ubuntu-ros/ros2_ws/src/install/task_2_interfaces/include/task_2_interfaces/task_2_interfaces/srv/detail
[4.850s] -- Installing: /home/ubuntu-ros/ros2_ws/src/install/task_2_interfaces/include/task_2_interfaces/task_2_interfaces/srv/detail/joint_state__struct.hpp
[4.851s] -- Installing: /home/ubuntu-ros/ros2_ws/src/install/task_2_interfaces/include/task_2_interfaces/task_2_interfaces/srv/detail/joint_state__traits.hpp
[4.851s] -- Installing: /home/ubuntu-ros/ros2_ws/src/install/task_2_interfaces/include/task_2_interfaces/task_2_interfaces/srv/detail/joint_state__builder.hpp
[4.851s] -- Installing: /home/ubuntu-ros/ros2_ws/src/install/task_2_interfaces/include/task_2_interfaces/task_2_interfaces/srv/joint_state.hpp
[4.851s] -- Up-to-date: /home/ubuntu-ros/ros2_ws/src/install/task_2_interfaces/include/task_2_interfaces/task_2_interfaces/msg
[4.851s] -- Up-to-date: /home/ubuntu-ros/ros2_ws/src/install/task_2_interfaces/include/task_2_interfaces/task_2_interfaces/msg/detail
[4.851s] -- Installing: /home/ubuntu-ros/ros2_ws/src/install/task_2_interfaces/include/task_2_interfaces/task_2_interfaces/msg/detail/joint_data__struct.hpp
[4.852s] -- Installing: /home/ubuntu-ros/ros2_ws/src/install/task_2_interfaces/include/task_2_interfaces/task_2_interfaces/msg/detail/joint_data__builder.hpp
[4.852s] -- Installing: /home/ubuntu-ros/ros2_ws/src/install/task_2_interfaces/include/task_2_interfaces/task_2_interfaces/msg/detail/joint_data__traits.hpp
[4.852s] -- Installing: /home/ubuntu-ros/ros2_ws/src/install/task_2_interfaces/include/task_2_interfaces/task_2_interfaces/msg/joint_data.hpp
[4.852s] -- Up-to-date: /home/ubuntu-ros/ros2_ws/src/install/task_2_interfaces/include/task_2_interfaces/task_2_interfaces
[4.852s] -- Up-to-date: /home/ubuntu-ros/ros2_ws/src/install/task_2_interfaces/include/task_2_interfaces/task_2_interfaces/srv
[4.852s] -- Up-to-date: /home/ubuntu-ros/ros2_ws/src/install/task_2_interfaces/include/task_2_interfaces/task_2_interfaces/srv/detail
[4.852s] -- Installing: /home/ubuntu-ros/ros2_ws/src/install/task_2_interfaces/include/task_2_interfaces/task_2_interfaces/srv/detail/joint_state__rosidl_typesupport_fastrtps_cpp.hpp
[4.852s] -- Installing: /home/ubuntu-ros/ros2_ws/src/install/task_2_interfaces/include/task_2_interfaces/task_2_interfaces/srv/detail/dds_fastrtps
[4.852s] -- Up-to-date: /home/ubuntu-ros/ros2_ws/src/install/task_2_interfaces/include/task_2_interfaces/task_2_interfaces/msg
[4.853s] -- Installing: /home/ubuntu-ros/ros2_ws/src/install/task_2_interfaces/include/task_2_interfaces/task_2_interfaces/msg/rosidl_typesupport_fastrtps_cpp__visibility_control.h
[4.853s] -- Up-to-date: /home/ubuntu-ros/ros2_ws/src/install/task_2_interfaces/include/task_2_interfaces/task_2_interfaces/msg/detail
[4.853s] -- Installing: /home/ubuntu-ros/ros2_ws/src/install/task_2_interfaces/include/task_2_interfaces/task_2_interfaces/msg/detail/joint_data__rosidl_typesupport_fastrtps_cpp.hpp
[4.853s] -- Installing: /home/ubuntu-ros/ros2_ws/src/install/task_2_interfaces/include/task_2_interfaces/task_2_interfaces/msg/detail/dds_fastrtps
[4.853s] -- Installing: /home/ubuntu-ros/ros2_ws/src/install/task_2_interfaces/lib/libtask_2_interfaces__rosidl_typesupport_fastrtps_cpp.so
[4.853s] -- Set runtime path of "/home/ubuntu-ros/ros2_ws/src/install/task_2_interfaces/lib/libtask_2_interfaces__rosidl_typesupport_fastrtps_cpp.so" to ""
[4.853s] -- Up-to-date: /home/ubuntu-ros/ros2_ws/src/install/task_2_interfaces/include/task_2_interfaces/task_2_interfaces
[4.853s] -- Up-to-date: /home/ubuntu-ros/ros2_ws/src/install/task_2_interfaces/include/task_2_interfaces/task_2_interfaces/srv
[4.853s] -- Up-to-date: /home/ubuntu-ros/ros2_ws/src/install/task_2_interfaces/include/task_2_interfaces/task_2_interfaces/srv/detail
[4.853s] -- Installing: /home/ubuntu-ros/ros2_ws/src/install/task_2_interfaces/include/task_2_interfaces/task_2_interfaces/srv/detail/joint_state__rosidl_typesupport_introspection_cpp.hpp
[4.854s] -- Installing: /home/ubuntu-ros/ros2_ws/src/install/task_2_interfaces/include/task_2_interfaces/task_2_interfaces/srv/detail/joint_state__type_support.cpp
[4.854s] -- Up-to-date: /home/ubuntu-ros/ros2_ws/src/install/task_2_interfaces/include/task_2_interfaces/task_2_interfaces/msg
[4.854s] -- Up-to-date: /home/ubuntu-ros/ros2_ws/src/install/task_2_interfaces/include/task_2_interfaces/task_2_interfaces/msg/detail
[4.854s] -- Installing: /home/ubuntu-ros/ros2_ws/src/install/task_2_interfaces/include/task_2_interfaces/task_2_interfaces/msg/detail/joint_data__rosidl_typesupport_introspection_cpp.hpp
[4.854s] -- Installing: /home/ubuntu-ros/ros2_ws/src/install/task_2_interfaces/include/task_2_interfaces/task_2_interfaces/msg/detail/joint_data__type_support.cpp
[4.854s] -- Installing: /home/ubuntu-ros/ros2_ws/src/install/task_2_interfaces/lib/libtask_2_interfaces__rosidl_typesupport_introspection_cpp.so
[4.854s] -- Set runtime path of "/home/ubuntu-ros/ros2_ws/src/install/task_2_interfaces/lib/libtask_2_interfaces__rosidl_typesupport_introspection_cpp.so" to ""
[4.855s] -- Installing: /home/ubuntu-ros/ros2_ws/src/install/task_2_interfaces/lib/libtask_2_interfaces__rosidl_typesupport_cpp.so
[4.855s] -- Set runtime path of "/home/ubuntu-ros/ros2_ws/src/install/task_2_interfaces/lib/libtask_2_interfaces__rosidl_typesupport_cpp.so" to ""
[4.855s] -- Installing: /home/ubuntu-ros/ros2_ws/src/install/task_2_interfaces/share/task_2_interfaces/environment/pythonpath.sh
[4.855s] -- Installing: /home/ubuntu-ros/ros2_ws/src/install/task_2_interfaces/share/task_2_interfaces/environment/pythonpath.dsv
[4.855s] -- Installing: /home/ubuntu-ros/ros2_ws/src/install/task_2_interfaces/local/lib/python3.10/dist-packages/task_2_interfaces-0.0.0-py3.10.egg-info
[4.855s] -- Installing: /home/ubuntu-ros/ros2_ws/src/install/task_2_interfaces/local/lib/python3.10/dist-packages/task_2_interfaces-0.0.0-py3.10.egg-info/top_level.txt
[4.855s] -- Installing: /home/ubuntu-ros/ros2_ws/src/install/task_2_interfaces/local/lib/python3.10/dist-packages/task_2_interfaces-0.0.0-py3.10.egg-info/SOURCES.txt
[4.855s] -- Installing: /home/ubuntu-ros/ros2_ws/src/install/task_2_interfaces/local/lib/python3.10/dist-packages/task_2_interfaces-0.0.0-py3.10.egg-info/dependency_links.txt
[4.856s] -- Installing: /home/ubuntu-ros/ros2_ws/src/install/task_2_interfaces/local/lib/python3.10/dist-packages/task_2_interfaces-0.0.0-py3.10.egg-info/PKG-INFO
[4.856s] -- Installing: /home/ubuntu-ros/ros2_ws/src/install/task_2_interfaces/local/lib/python3.10/dist-packages/task_2_interfaces
[4.856s] -- Installing: /home/ubuntu-ros/ros2_ws/src/install/task_2_interfaces/local/lib/python3.10/dist-packages/task_2_interfaces/srv
[4.856s] -- Installing: /home/ubuntu-ros/ros2_ws/src/install/task_2_interfaces/local/lib/python3.10/dist-packages/task_2_interfaces/srv/__init__.py
[4.856s] -- Installing: /home/ubuntu-ros/ros2_ws/src/install/task_2_interfaces/local/lib/python3.10/dist-packages/task_2_interfaces/srv/_joint_state_s.c
[4.856s] -- Installing: /home/ubuntu-ros/ros2_ws/src/install/task_2_interfaces/local/lib/python3.10/dist-packages/task_2_interfaces/srv/_joint_state.py
[4.856s] -- Installing: /home/ubuntu-ros/ros2_ws/src/install/task_2_interfaces/local/lib/python3.10/dist-packages/task_2_interfaces/libtask_2_interfaces__rosidl_generator_py.so
[4.857s] -- Installing: /home/ubuntu-ros/ros2_ws/src/install/task_2_interfaces/local/lib/python3.10/dist-packages/task_2_interfaces/task_2_interfaces_s__rosidl_typesupport_introspection_c.cpython-310-aarch64-linux-gnu.so
[4.857s] -- Installing: /home/ubuntu-ros/ros2_ws/src/install/task_2_interfaces/local/lib/python3.10/dist-packages/task_2_interfaces/__init__.py
[4.857s] -- Installing: /home/ubuntu-ros/ros2_ws/src/install/task_2_interfaces/local/lib/python3.10/dist-packages/task_2_interfaces/task_2_interfaces_s__rosidl_typesupport_c.cpython-310-aarch64-linux-gnu.so
[4.857s] -- Installing: /home/ubuntu-ros/ros2_ws/src/install/task_2_interfaces/local/lib/python3.10/dist-packages/task_2_interfaces/msg
[4.857s] -- Installing: /home/ubuntu-ros/ros2_ws/src/install/task_2_interfaces/local/lib/python3.10/dist-packages/task_2_interfaces/msg/__init__.py
[4.857s] -- Installing: /home/ubuntu-ros/ros2_ws/src/install/task_2_interfaces/local/lib/python3.10/dist-packages/task_2_interfaces/msg/_joint_data.py
[4.857s] -- Installing: /home/ubuntu-ros/ros2_ws/src/install/task_2_interfaces/local/lib/python3.10/dist-packages/task_2_interfaces/msg/_joint_data_s.c
[4.857s] -- Installing: /home/ubuntu-ros/ros2_ws/src/install/task_2_interfaces/local/lib/python3.10/dist-packages/task_2_interfaces/task_2_interfaces_s__rosidl_typesupport_fastrtps_c.cpython-310-aarch64-linux-gnu.so
[4.857s] -- Installing: /home/ubuntu-ros/ros2_ws/src/install/task_2_interfaces/local/lib/python3.10/dist-packages/task_2_interfaces/_task_2_interfaces_s.ep.rosidl_typesupport_fastrtps_c.c
[4.857s] -- Installing: /home/ubuntu-ros/ros2_ws/src/install/task_2_interfaces/local/lib/python3.10/dist-packages/task_2_interfaces/_task_2_interfaces_s.ep.rosidl_typesupport_c.c
[4.857s] -- Installing: /home/ubuntu-ros/ros2_ws/src/install/task_2_interfaces/local/lib/python3.10/dist-packages/task_2_interfaces/_task_2_interfaces_s.ep.rosidl_typesupport_introspection_c.c
[4.901s] Listing '/home/ubuntu-ros/ros2_ws/src/install/task_2_interfaces/local/lib/python3.10/dist-packages/task_2_interfaces'...
[4.901s] Compiling '/home/ubuntu-ros/ros2_ws/src/install/task_2_interfaces/local/lib/python3.10/dist-packages/task_2_interfaces/__init__.py'...
[4.901s] Listing '/home/ubuntu-ros/ros2_ws/src/install/task_2_interfaces/local/lib/python3.10/dist-packages/task_2_interfaces/msg'...
[4.901s] Compiling '/home/ubuntu-ros/ros2_ws/src/install/task_2_interfaces/local/lib/python3.10/dist-packages/task_2_interfaces/msg/__init__.py'...
[4.901s] Compiling '/home/ubuntu-ros/ros2_ws/src/install/task_2_interfaces/local/lib/python3.10/dist-packages/task_2_interfaces/msg/_joint_data.py'...
[4.901s] Listing '/home/ubuntu-ros/ros2_ws/src/install/task_2_interfaces/local/lib/python3.10/dist-packages/task_2_interfaces/srv'...
[4.901s] Compiling '/home/ubuntu-ros/ros2_ws/src/install/task_2_interfaces/local/lib/python3.10/dist-packages/task_2_interfaces/srv/__init__.py'...
[4.901s] Compiling '/home/ubuntu-ros/ros2_ws/src/install/task_2_interfaces/local/lib/python3.10/dist-packages/task_2_interfaces/srv/_joint_state.py'...
[4.908s] -- Installing: /home/ubuntu-ros/ros2_ws/src/install/task_2_interfaces/local/lib/python3.10/dist-packages/task_2_interfaces/task_2_interfaces_s__rosidl_typesupport_fastrtps_c.cpython-310-aarch64-linux-gnu.so
[4.908s] -- Set runtime path of "/home/ubuntu-ros/ros2_ws/src/install/task_2_interfaces/local/lib/python3.10/dist-packages/task_2_interfaces/task_2_interfaces_s__rosidl_typesupport_fastrtps_c.cpython-310-aarch64-linux-gnu.so" to ""
[4.908s] -- Installing: /home/ubuntu-ros/ros2_ws/src/install/task_2_interfaces/local/lib/python3.10/dist-packages/task_2_interfaces/task_2_interfaces_s__rosidl_typesupport_introspection_c.cpython-310-aarch64-linux-gnu.so
[4.909s] -- Set runtime path of "/home/ubuntu-ros/ros2_ws/src/install/task_2_interfaces/local/lib/python3.10/dist-packages/task_2_interfaces/task_2_interfaces_s__rosidl_typesupport_introspection_c.cpython-310-aarch64-linux-gnu.so" to ""
[4.909s] -- Installing: /home/ubuntu-ros/ros2_ws/src/install/task_2_interfaces/local/lib/python3.10/dist-packages/task_2_interfaces/task_2_interfaces_s__rosidl_typesupport_c.cpython-310-aarch64-linux-gnu.so
[4.909s] -- Set runtime path of "/home/ubuntu-ros/ros2_ws/src/install/task_2_interfaces/local/lib/python3.10/dist-packages/task_2_interfaces/task_2_interfaces_s__rosidl_typesupport_c.cpython-310-aarch64-linux-gnu.so" to ""
[4.909s] -- Installing: /home/ubuntu-ros/ros2_ws/src/install/task_2_interfaces/lib/libtask_2_interfaces__rosidl_generator_py.so
[4.910s] -- Set runtime path of "/home/ubuntu-ros/ros2_ws/src/install/task_2_interfaces/lib/libtask_2_interfaces__rosidl_generator_py.so" to ""
[4.910s] -- Installing: /home/ubuntu-ros/ros2_ws/src/install/task_2_interfaces/share/task_2_interfaces/msg/JointData.idl
[4.910s] -- Installing: /home/ubuntu-ros/ros2_ws/src/install/task_2_interfaces/share/task_2_interfaces/srv/JointState.idl
[4.911s] -- Installing: /home/ubuntu-ros/ros2_ws/src/install/task_2_interfaces/share/task_2_interfaces/msg/JointData.msg
[4.911s] -- Installing: /home/ubuntu-ros/ros2_ws/src/install/task_2_interfaces/share/task_2_interfaces/srv/JointState.srv
[4.911s] -- Installing: /home/ubuntu-ros/ros2_ws/src/install/task_2_interfaces/share/task_2_interfaces/srv/JointState_Request.msg
[4.912s] -- Installing: /home/ubuntu-ros/ros2_ws/src/install/task_2_interfaces/share/task_2_interfaces/srv/JointState_Response.msg
[4.912s] -- Installing: /home/ubuntu-ros/ros2_ws/src/install/task_2_interfaces/share/ament_index/resource_index/package_run_dependencies/task_2_interfaces
[4.912s] -- Installing: /home/ubuntu-ros/ros2_ws/src/install/task_2_interfaces/share/ament_index/resource_index/parent_prefix_path/task_2_interfaces
[4.912s] -- Installing: /home/ubuntu-ros/ros2_ws/src/install/task_2_interfaces/share/task_2_interfaces/environment/ament_prefix_path.sh
[4.912s] -- Installing: /home/ubuntu-ros/ros2_ws/src/install/task_2_interfaces/share/task_2_interfaces/environment/ament_prefix_path.dsv
[4.913s] -- Installing: /home/ubuntu-ros/ros2_ws/src/install/task_2_interfaces/share/task_2_interfaces/environment/path.sh
[4.913s] -- Installing: /home/ubuntu-ros/ros2_ws/src/install/task_2_interfaces/share/task_2_interfaces/environment/path.dsv
[4.913s] -- Installing: /home/ubuntu-ros/ros2_ws/src/install/task_2_interfaces/share/task_2_interfaces/local_setup.bash
[4.913s] -- Installing: /home/ubuntu-ros/ros2_ws/src/install/task_2_interfaces/share/task_2_interfaces/local_setup.sh
[4.913s] -- Installing: /home/ubuntu-ros/ros2_ws/src/install/task_2_interfaces/share/task_2_interfaces/local_setup.zsh
[4.913s] -- Installing: /home/ubuntu-ros/ros2_ws/src/install/task_2_interfaces/share/task_2_interfaces/local_setup.dsv
[4.913s] -- Installing: /home/ubuntu-ros/ros2_ws/src/install/task_2_interfaces/share/task_2_interfaces/package.dsv
[4.913s] -- Installing: /home/ubuntu-ros/ros2_ws/src/install/task_2_interfaces/share/ament_index/resource_index/packages/task_2_interfaces
[4.914s] -- Installing: /home/ubuntu-ros/ros2_ws/src/install/task_2_interfaces/share/task_2_interfaces/cmake/export_task_2_interfaces__rosidl_generator_cExport.cmake
[4.914s] -- Installing: /home/ubuntu-ros/ros2_ws/src/install/task_2_interfaces/share/task_2_interfaces/cmake/export_task_2_interfaces__rosidl_generator_cExport-noconfig.cmake
[4.914s] -- Installing: /home/ubuntu-ros/ros2_ws/src/install/task_2_interfaces/share/task_2_interfaces/cmake/export_task_2_interfaces__rosidl_typesupport_fastrtps_cExport.cmake
[4.914s] -- Installing: /home/ubuntu-ros/ros2_ws/src/install/task_2_interfaces/share/task_2_interfaces/cmake/export_task_2_interfaces__rosidl_typesupport_fastrtps_cExport-noconfig.cmake
[4.914s] -- Installing: /home/ubuntu-ros/ros2_ws/src/install/task_2_interfaces/share/task_2_interfaces/cmake/task_2_interfaces__rosidl_typesupport_introspection_cExport.cmake
[4.914s] -- Installing: /home/ubuntu-ros/ros2_ws/src/install/task_2_interfaces/share/task_2_interfaces/cmake/task_2_interfaces__rosidl_typesupport_introspection_cExport-noconfig.cmake
[4.914s] -- Installing: /home/ubuntu-ros/ros2_ws/src/install/task_2_interfaces/share/task_2_interfaces/cmake/task_2_interfaces__rosidl_typesupport_cExport.cmake
[4.915s] -- Installing: /home/ubuntu-ros/ros2_ws/src/install/task_2_interfaces/share/task_2_interfaces/cmake/task_2_interfaces__rosidl_typesupport_cExport-noconfig.cmake
[4.915s] -- Installing: /home/ubuntu-ros/ros2_ws/src/install/task_2_interfaces/share/task_2_interfaces/cmake/export_task_2_interfaces__rosidl_generator_cppExport.cmake
[4.915s] -- Installing: /home/ubuntu-ros/ros2_ws/src/install/task_2_interfaces/share/task_2_interfaces/cmake/export_task_2_interfaces__rosidl_typesupport_fastrtps_cppExport.cmake
[4.915s] -- Installing: /home/ubuntu-ros/ros2_ws/src/install/task_2_interfaces/share/task_2_interfaces/cmake/export_task_2_interfaces__rosidl_typesupport_fastrtps_cppExport-noconfig.cmake
[4.915s] -- Installing: /home/ubuntu-ros/ros2_ws/src/install/task_2_interfaces/share/task_2_interfaces/cmake/task_2_interfaces__rosidl_typesupport_introspection_cppExport.cmake
[4.916s] -- Installing: /home/ubuntu-ros/ros2_ws/src/install/task_2_interfaces/share/task_2_interfaces/cmake/task_2_interfaces__rosidl_typesupport_introspection_cppExport-noconfig.cmake
[4.916s] -- Installing: /home/ubuntu-ros/ros2_ws/src/install/task_2_interfaces/share/task_2_interfaces/cmake/task_2_interfaces__rosidl_typesupport_cppExport.cmake
[4.916s] -- Installing: /home/ubuntu-ros/ros2_ws/src/install/task_2_interfaces/share/task_2_interfaces/cmake/task_2_interfaces__rosidl_typesupport_cppExport-noconfig.cmake
[4.916s] -- Installing: /home/ubuntu-ros/ros2_ws/src/install/task_2_interfaces/share/task_2_interfaces/cmake/export_task_2_interfaces__rosidl_generator_pyExport.cmake
[4.916s] -- Installing: /home/ubuntu-ros/ros2_ws/src/install/task_2_interfaces/share/task_2_interfaces/cmake/export_task_2_interfaces__rosidl_generator_pyExport-noconfig.cmake
[4.916s] -- Installing: /home/ubuntu-ros/ros2_ws/src/install/task_2_interfaces/share/task_2_interfaces/cmake/rosidl_cmake-extras.cmake
[4.917s] -- Installing: /home/ubuntu-ros/ros2_ws/src/install/task_2_interfaces/share/task_2_interfaces/cmake/ament_cmake_export_dependencies-extras.cmake
[4.917s] -- Installing: /home/ubuntu-ros/ros2_ws/src/install/task_2_interfaces/share/task_2_interfaces/cmake/ament_cmake_export_include_directories-extras.cmake
[4.917s] -- Installing: /home/ubuntu-ros/ros2_ws/src/install/task_2_interfaces/share/task_2_interfaces/cmake/ament_cmake_export_libraries-extras.cmake
[4.917s] -- Installing: /home/ubuntu-ros/ros2_ws/src/install/task_2_interfaces/share/task_2_interfaces/cmake/ament_cmake_export_targets-extras.cmake
[4.917s] -- Installing: /home/ubuntu-ros/ros2_ws/src/install/task_2_interfaces/share/task_2_interfaces/cmake/rosidl_cmake_export_typesupport_targets-extras.cmake
[4.917s] -- Installing: /home/ubuntu-ros/ros2_ws/src/install/task_2_interfaces/share/task_2_interfaces/cmake/rosidl_cmake_export_typesupport_libraries-extras.cmake
[4.917s] -- Installing: /home/ubuntu-ros/ros2_ws/src/install/task_2_interfaces/share/task_2_interfaces/cmake/task_2_interfacesConfig.cmake
[4.917s] -- Installing: /home/ubuntu-ros/ros2_ws/src/install/task_2_interfaces/share/task_2_interfaces/cmake/task_2_interfacesConfig-version.cmake
[4.918s] -- Installing: /home/ubuntu-ros/ros2_ws/src/install/task_2_interfaces/share/task_2_interfaces/package.xml
[4.918s] -- Up-to-date: /home/ubuntu-ros/ros2_ws/src/install/task_2_interfaces/share/task_2_interfaces
[4.921s] Invoked command in '/home/ubuntu-ros/ros2_ws/src/build/task_2_interfaces' returned '0': CMAKE_PREFIX_PATH=/opt/ros/humble /usr/bin/cmake --install /home/ubuntu-ros/ros2_ws/src/build/task_2_interfaces
