[1.751s] Invoking command in '/home/ubuntu-ros/ros2_ws/src/task_1': PYTHONPATH=/home/ubuntu-ros/ros2_ws/build/task_1/prefix_override:/usr/lib/python3/dist-packages/colcon_core/task/python/colcon_distutils_commands:/home/ubuntu-ros/ros2_ws/install/task_1/lib/python3.10/site-packages:${PYTHONPATH} /usr/bin/python3 -W ignore:setup.py install is deprecated setup.py egg_info --egg-base ../../build/task_1 build --build-base /home/ubuntu-ros/ros2_ws/build/task_1/build install --record /home/ubuntu-ros/ros2_ws/build/task_1/install.log --single-version-externally-managed install_data
[2.045s] running egg_info
[2.045s] writing ../../build/task_1/task_1.egg-info/PKG-INFO
[2.046s] writing dependency_links to ../../build/task_1/task_1.egg-info/dependency_links.txt
[2.046s] writing entry points to ../../build/task_1/task_1.egg-info/entry_points.txt
[2.046s] writing requirements to ../../build/task_1/task_1.egg-info/requires.txt
[2.046s] writing top-level names to ../../build/task_1/task_1.egg-info/top_level.txt
[2.050s] reading manifest file '../../build/task_1/task_1.egg-info/SOURCES.txt'
[2.050s] adding license file 'LICENSE'
[2.051s] writing manifest file '../../build/task_1/task_1.egg-info/SOURCES.txt'
[2.051s] running build
[2.051s] running build_py
[2.051s] running install
[2.051s] running install_lib
[2.052s] running install_data
[2.053s] running install_egg_info
[2.055s] removing '/home/ubuntu-ros/ros2_ws/install/task_1/lib/python3.10/site-packages/task_1-0.0.0-py3.10.egg-info' (and everything under it)
[2.055s] Copying ../../build/task_1/task_1.egg-info to /home/ubuntu-ros/ros2_ws/install/task_1/lib/python3.10/site-packages/task_1-0.0.0-py3.10.egg-info
[2.057s] running install_scripts
[2.094s] Installing listner script to /home/ubuntu-ros/ros2_ws/install/task_1/lib/task_1
[2.095s] Installing talker script to /home/ubuntu-ros/ros2_ws/install/task_1/lib/task_1
[2.095s] writing list of installed files to '/home/ubuntu-ros/ros2_ws/build/task_1/install.log'
[2.175s] Invoked command in '/home/ubuntu-ros/ros2_ws/src/task_1' returned '0': PYTHONPATH=/home/ubuntu-ros/ros2_ws/build/task_1/prefix_override:/usr/lib/python3/dist-packages/colcon_core/task/python/colcon_distutils_commands:/home/ubuntu-ros/ros2_ws/install/task_1/lib/python3.10/site-packages:${PYTHONPATH} /usr/bin/python3 -W ignore:setup.py install is deprecated setup.py egg_info --egg-base ../../build/task_1 build --build-base /home/ubuntu-ros/ros2_ws/build/task_1/build install --record /home/ubuntu-ros/ros2_ws/build/task_1/install.log --single-version-externally-managed install_data
