[0.540s] Invoking command in '/home/ubuntu-ros/ros2_ws/src/task_1': PYTHONPATH=/home/ubuntu-ros/ros2_ws/build/task_1/prefix_override:/usr/lib/python3/dist-packages/colcon_core/task/python/colcon_distutils_commands:/home/ubuntu-ros/ros2_ws/install/task_1/lib/python3.10/site-packages:${PYTHONPATH} /usr/bin/python3 -W ignore:setup.py install is deprecated setup.py egg_info --egg-base ../../build/task_1 build --build-base /home/ubuntu-ros/ros2_ws/build/task_1/build install --record /home/ubuntu-ros/ros2_ws/build/task_1/install.log --single-version-externally-managed install_data
[0.721s] running egg_info
[0.722s] writing ../../build/task_1/task_1.egg-info/PKG-INFO
[0.722s] writing dependency_links to ../../build/task_1/task_1.egg-info/dependency_links.txt
[0.722s] writing entry points to ../../build/task_1/task_1.egg-info/entry_points.txt
[0.722s] writing requirements to ../../build/task_1/task_1.egg-info/requires.txt
[0.723s] writing top-level names to ../../build/task_1/task_1.egg-info/top_level.txt
[0.724s] reading manifest file '../../build/task_1/task_1.egg-info/SOURCES.txt'
[0.724s] adding license file 'LICENSE'
[0.725s] writing manifest file '../../build/task_1/task_1.egg-info/SOURCES.txt'
[0.725s] running build
[0.725s] running build_py
[0.725s] running install
[0.725s] running install_lib
[0.727s] running install_data
[0.727s] running install_egg_info
[0.728s] removing '/home/ubuntu-ros/ros2_ws/install/task_1/lib/python3.10/site-packages/task_1-0.0.0-py3.10.egg-info' (and everything under it)
[0.729s] Copying ../../build/task_1/task_1.egg-info to /home/ubuntu-ros/ros2_ws/install/task_1/lib/python3.10/site-packages/task_1-0.0.0-py3.10.egg-info
[0.730s] running install_scripts
[0.748s] Installing listner script to /home/ubuntu-ros/ros2_ws/install/task_1/lib/task_1
[0.749s] Installing talker script to /home/ubuntu-ros/ros2_ws/install/task_1/lib/task_1
[0.749s] writing list of installed files to '/home/ubuntu-ros/ros2_ws/build/task_1/install.log'
[0.768s] Invoked command in '/home/ubuntu-ros/ros2_ws/src/task_1' returned '0': PYTHONPATH=/home/ubuntu-ros/ros2_ws/build/task_1/prefix_override:/usr/lib/python3/dist-packages/colcon_core/task/python/colcon_distutils_commands:/home/ubuntu-ros/ros2_ws/install/task_1/lib/python3.10/site-packages:${PYTHONPATH} /usr/bin/python3 -W ignore:setup.py install is deprecated setup.py egg_info --egg-base ../../build/task_1 build --build-base /home/ubuntu-ros/ros2_ws/build/task_1/build install --record /home/ubuntu-ros/ros2_ws/build/task_1/install.log --single-version-externally-managed install_data
