[1.031s] Invoking command in '/home/ubuntu-ros/ros2_ws/src/py_pubsub': PYTHONPATH=/home/ubuntu-ros/ros2_ws/build/py_pubsub/prefix_override:/usr/lib/python3/dist-packages/colcon_core/task/python/colcon_distutils_commands:/home/ubuntu-ros/ros2_ws/install/py_pubsub/lib/python3.10/site-packages:${PYTHONPATH} /usr/bin/python3 -W ignore:setup.py install is deprecated setup.py egg_info --egg-base ../../build/py_pubsub build --build-base /home/ubuntu-ros/ros2_ws/build/py_pubsub/build install --record /home/ubuntu-ros/ros2_ws/build/py_pubsub/install.log --single-version-externally-managed install_data
[1.292s] running egg_info
[1.292s] writing ../../build/py_pubsub/py_pubsub.egg-info/PKG-INFO
[1.292s] writing dependency_links to ../../build/py_pubsub/py_pubsub.egg-info/dependency_links.txt
[1.292s] writing entry points to ../../build/py_pubsub/py_pubsub.egg-info/entry_points.txt
[1.292s] writing requirements to ../../build/py_pubsub/py_pubsub.egg-info/requires.txt
[1.292s] writing top-level names to ../../build/py_pubsub/py_pubsub.egg-info/top_level.txt
[1.294s] reading manifest file '../../build/py_pubsub/py_pubsub.egg-info/SOURCES.txt'
[1.294s] adding license file 'LICENSE'
[1.296s] writing manifest file '../../build/py_pubsub/py_pubsub.egg-info/SOURCES.txt'
[1.297s] running build
[1.297s] running build_py
[1.298s] running install
[1.298s] running install_lib
[1.301s] running install_data
[1.301s] running install_egg_info
[1.303s] removing '/home/ubuntu-ros/ros2_ws/install/py_pubsub/lib/python3.10/site-packages/py_pubsub-0.0.0-py3.10.egg-info' (and everything under it)
[1.303s] Copying ../../build/py_pubsub/py_pubsub.egg-info to /home/ubuntu-ros/ros2_ws/install/py_pubsub/lib/python3.10/site-packages/py_pubsub-0.0.0-py3.10.egg-info
[1.304s] running install_scripts
[1.342s] Installing listener script to /home/ubuntu-ros/ros2_ws/install/py_pubsub/lib/py_pubsub
[1.342s] Installing talker script to /home/ubuntu-ros/ros2_ws/install/py_pubsub/lib/py_pubsub
[1.342s] writing list of installed files to '/home/ubuntu-ros/ros2_ws/build/py_pubsub/install.log'
