[0.697s] Invoking command in '/home/ubuntu-ros/ros2_ws/build/task_2_interfaces': CMAKE_PREFIX_PATH=/home/ubuntu-ros/ros2_ws/install/task_1:/home/ubuntu-ros/ros2_ws/install/py_pubsub:/home/ubuntu-ros/ros2_ws/install/my_package:/opt/ros/humble /usr/bin/cmake /home/ubuntu-ros/ros2_ws/src/task_2_interfaces -DCMAKE_INSTALL_PREFIX=/home/ubuntu-ros/ros2_ws/install/task_2_interfaces
[0.707s] -- Found ament_cmake: 1.3.10 (/opt/ros/humble/share/ament_cmake/cmake)
[0.819s] -- Found rosidl_default_generators: 1.2.0 (/opt/ros/humble/share/rosidl_default_generators/cmake)
[0.828s] -- Using all available rosidl_typesupport_c: rosidl_typesupport_fastrtps_c;rosidl_typesupport_introspection_c
[0.835s] -- Found rosidl_adapter: 3.1.5 (/opt/ros/humble/share/rosidl_adapter/cmake)
[0.909s] -- Using all available rosidl_typesupport_cpp: rosidl_typesupport_fastrtps_cpp;rosidl_typesupport_introspection_cpp
[0.977s] -- Found geometry_msgs: 4.2.4 (/opt/ros/humble/share/geometry_msgs/cmake)
[1.082s] -- Found ament_lint_auto: 0.12.11 (/opt/ros/humble/share/ament_lint_auto/cmake)
[1.507s] -- Found ament_cmake_ros: 0.10.0 (/opt/ros/humble/share/ament_cmake_ros/cmake)
[1.815s] -- Using all available rosidl_typesupport_c: rosidl_typesupport_fastrtps_c;rosidl_typesupport_introspection_c
[2.149s] -- Using all available rosidl_typesupport_cpp: rosidl_typesupport_fastrtps_cpp;rosidl_typesupport_introspection_cpp
[2.178s] -- Found PythonInterp: /usr/bin/python3 (found suitable version "3.10.12", minimum required is "3.6") 
[2.181s] -- Found python_cmake_module: 0.10.0 (/opt/ros/humble/share/python_cmake_module/cmake)
[2.212s] -- Found PythonLibs: /usr/lib/aarch64-linux-gnu/libpython3.10.so (found suitable version "3.10.12", minimum required is "3.5") 
[2.213s] -- Using PYTHON_EXECUTABLE: /usr/bin/python3
[2.213s] -- Using PYTHON_INCLUDE_DIRS: /usr/include/python3.10
[2.213s] -- Using PYTHON_LIBRARIES: /usr/lib/aarch64-linux-gnu/libpython3.10.so
[2.235s] -- Found PythonExtra: .so  
[2.316s] -- Added test 'lint_cmake' to check CMake code style
[2.318s] -- Added test 'xmllint' to check XML markup files
[2.326s] -- Configuring done
[2.371s] -- Generating done
[2.374s] -- Build files have been written to: /home/ubuntu-ros/ros2_ws/build/task_2_interfaces
[2.381s] Invoked command in '/home/ubuntu-ros/ros2_ws/build/task_2_interfaces' returned '0': CMAKE_PREFIX_PATH=/home/ubuntu-ros/ros2_ws/install/task_1:/home/ubuntu-ros/ros2_ws/install/py_pubsub:/home/ubuntu-ros/ros2_ws/install/my_package:/opt/ros/humble /usr/bin/cmake /home/ubuntu-ros/ros2_ws/src/task_2_interfaces -DCMAKE_INSTALL_PREFIX=/home/ubuntu-ros/ros2_ws/install/task_2_interfaces
[2.383s] Invoking command in '/home/ubuntu-ros/ros2_ws/build/task_2_interfaces': CMAKE_PREFIX_PATH=/home/ubuntu-ros/ros2_ws/install/task_1:/home/ubuntu-ros/ros2_ws/install/py_pubsub:/home/ubuntu-ros/ros2_ws/install/my_package:/opt/ros/humble /usr/bin/cmake --build /home/ubuntu-ros/ros2_ws/build/task_2_interfaces -- -j6 -l6
[2.404s] [  2%] [34m[1mGenerating C code for ROS interfaces[0m
[2.409s] [  5%] [34m[1mGenerating C++ code for ROS interfaces[0m
[2.412s] [  5%] Built target ament_cmake_python_copy_task_2_interfaces
[2.746s] running egg_info
[2.747s] creating task_2_interfaces.egg-info
[2.747s] writing task_2_interfaces.egg-info/PKG-INFO
[2.748s] writing dependency_links to task_2_interfaces.egg-info/dependency_links.txt
[2.748s] writing top-level names to task_2_interfaces.egg-info/top_level.txt
[2.748s] writing manifest file 'task_2_interfaces.egg-info/SOURCES.txt'
[2.751s] reading manifest file 'task_2_interfaces.egg-info/SOURCES.txt'
[2.752s] writing manifest file 'task_2_interfaces.egg-info/SOURCES.txt'
[2.792s] [  5%] Built target ament_cmake_python_build_task_2_interfaces_egg
[2.914s] [  5%] Built target task_2_interfaces__cpp
[2.920s] [  7%] [34m[1mGenerating C++ type support dispatch for ROS interfaces[0m
[2.924s] [ 10%] [34m[1mGenerating C++ introspection for ROS interfaces[0m
[2.925s] [ 12%] [34m[1mGenerating C++ type support for eProsima Fast-RTPS[0m
[2.948s] [ 15%] [32mBuilding C object CMakeFiles/task_2_interfaces__rosidl_generator_c.dir/rosidl_generator_c/task_2_interfaces/msg/detail/joint_data__functions.c.o[0m
[2.948s] [ 17%] [32mBuilding C object CMakeFiles/task_2_interfaces__rosidl_generator_c.dir/rosidl_generator_c/task_2_interfaces/srv/detail/joint_state__functions.c.o[0m
[3.098s] [ 20%] [32m[1mLinking C shared library libtask_2_interfaces__rosidl_generator_c.so[0m
[3.147s] [ 20%] Built target task_2_interfaces__rosidl_generator_c
[3.158s] [ 23%] [34m[1mGenerating C type support for eProsima Fast-RTPS[0m
[3.158s] [ 28%] [34m[1mGenerating C introspection for ROS interfaces[0m
[3.158s] [ 28%] [34m[1mGenerating C type support dispatch for ROS interfaces[0m
[3.422s] [ 30%] [32mBuilding CXX object CMakeFiles/task_2_interfaces__rosidl_typesupport_cpp.dir/rosidl_typesupport_cpp/task_2_interfaces/msg/joint_data__type_support.cpp.o[0m
[3.484s] [ 33%] [32mBuilding CXX object CMakeFiles/task_2_interfaces__rosidl_typesupport_introspection_cpp.dir/rosidl_typesupport_introspection_cpp/task_2_interfaces/msg/detail/joint_data__type_support.cpp.o[0m
[3.518s] [ 35%] [32mBuilding CXX object CMakeFiles/task_2_interfaces__rosidl_typesupport_fastrtps_cpp.dir/rosidl_typesupport_fastrtps_cpp/task_2_interfaces/msg/detail/dds_fastrtps/joint_data__type_support.cpp.o[0m
[3.732s] [ 38%] [32mBuilding CXX object CMakeFiles/task_2_interfaces__rosidl_typesupport_c.dir/rosidl_typesupport_c/task_2_interfaces/msg/joint_data__type_support.cpp.o[0m
[3.793s] [ 41%] [32mBuilding CXX object CMakeFiles/task_2_interfaces__rosidl_typesupport_c.dir/rosidl_typesupport_c/task_2_interfaces/srv/joint_state__type_support.cpp.o[0m
[3.803s] [ 43%] [32mBuilding C object CMakeFiles/task_2_interfaces__rosidl_typesupport_introspection_c.dir/rosidl_typesupport_introspection_c/task_2_interfaces/msg/detail/joint_data__type_support.c.o[0m
[3.809s] [ 46%] [32mBuilding CXX object CMakeFiles/task_2_interfaces__rosidl_typesupport_fastrtps_c.dir/rosidl_typesupport_fastrtps_c/task_2_interfaces/msg/detail/joint_data__type_support_c.cpp.o[0m
[3.842s] [ 48%] [32m[1mLinking CXX shared library libtask_2_interfaces__rosidl_typesupport_c.so[0m
[3.868s] [ 51%] [32mBuilding C object CMakeFiles/task_2_interfaces__rosidl_typesupport_introspection_c.dir/rosidl_typesupport_introspection_c/task_2_interfaces/srv/detail/joint_state__type_support.c.o[0m
[3.896s] [ 51%] Built target task_2_interfaces__rosidl_typesupport_c
[3.905s] [ 53%] [32mBuilding CXX object CMakeFiles/task_2_interfaces__rosidl_typesupport_fastrtps_c.dir/rosidl_typesupport_fastrtps_c/task_2_interfaces/srv/detail/joint_state__type_support_c.cpp.o[0m
[3.930s] [ 56%] [32m[1mLinking C shared library libtask_2_interfaces__rosidl_typesupport_introspection_c.so[0m
[3.973s] [ 56%] Built target task_2_interfaces__rosidl_typesupport_introspection_c
[3.978s] [ 58%] [32mBuilding CXX object CMakeFiles/task_2_interfaces__rosidl_typesupport_fastrtps_cpp.dir/rosidl_typesupport_fastrtps_cpp/task_2_interfaces/srv/detail/dds_fastrtps/joint_state__type_support.cpp.o[0m
[4.013s] [ 61%] [32mBuilding CXX object CMakeFiles/task_2_interfaces__rosidl_typesupport_cpp.dir/rosidl_typesupport_cpp/task_2_interfaces/srv/joint_state__type_support.cpp.o[0m
[4.234s] [ 64%] [32mBuilding CXX object CMakeFiles/task_2_interfaces__rosidl_typesupport_introspection_cpp.dir/rosidl_typesupport_introspection_cpp/task_2_interfaces/srv/detail/joint_state__type_support.cpp.o[0m
[4.467s] [ 66%] [32m[1mLinking CXX shared library libtask_2_interfaces__rosidl_typesupport_cpp.so[0m
[4.518s] [ 69%] [32m[1mLinking CXX shared library libtask_2_interfaces__rosidl_typesupport_fastrtps_c.so[0m
[4.542s] [ 69%] Built target task_2_interfaces__rosidl_typesupport_cpp
[4.628s] [ 69%] Built target task_2_interfaces__rosidl_typesupport_fastrtps_c
[4.674s] [ 71%] [32m[1mLinking CXX shared library libtask_2_interfaces__rosidl_typesupport_fastrtps_cpp.so[0m
[4.755s] [ 71%] Built target task_2_interfaces__rosidl_typesupport_fastrtps_cpp
[4.810s] [ 74%] [32m[1mLinking CXX shared library libtask_2_interfaces__rosidl_typesupport_introspection_cpp.so[0m
[4.864s] [ 74%] Built target task_2_interfaces__rosidl_typesupport_introspection_cpp
[4.873s] [ 74%] Built target task_2_interfaces
[4.885s] [ 76%] [34m[1mGenerating Python code for ROS interfaces[0m
[5.332s] [ 76%] Built target task_2_interfaces__py
[5.342s] [ 82%] [32mBuilding C object CMakeFiles/task_2_interfaces__rosidl_generator_py.dir/rosidl_generator_py/task_2_interfaces/srv/_joint_state_s.c.o[0m
[5.342s] [ 82%] [32mBuilding C object CMakeFiles/task_2_interfaces__rosidl_generator_py.dir/rosidl_generator_py/task_2_interfaces/msg/_joint_data_s.c.o[0m
[5.492s] [ 84%] [32m[1mLinking C shared library rosidl_generator_py/task_2_interfaces/libtask_2_interfaces__rosidl_generator_py.so[0m
[5.524s] [ 84%] Built target task_2_interfaces__rosidl_generator_py
[5.535s] [ 92%] [32mBuilding C object CMakeFiles/task_2_interfaces__rosidl_typesupport_c__pyext.dir/rosidl_generator_py/task_2_interfaces/_task_2_interfaces_s.ep.rosidl_typesupport_c.c.o[0m
[5.535s] [ 92%] [32mBuilding C object CMakeFiles/task_2_interfaces__rosidl_typesupport_introspection_c__pyext.dir/rosidl_generator_py/task_2_interfaces/_task_2_interfaces_s.ep.rosidl_typesupport_introspection_c.c.o[0m
[5.535s] [ 92%] [32mBuilding C object CMakeFiles/task_2_interfaces__rosidl_typesupport_fastrtps_c__pyext.dir/rosidl_generator_py/task_2_interfaces/_task_2_interfaces_s.ep.rosidl_typesupport_fastrtps_c.c.o[0m
[5.657s] [100%] [32m[1mLinking C shared library rosidl_generator_py/task_2_interfaces/task_2_interfaces_s__rosidl_typesupport_fastrtps_c.cpython-310-aarch64-linux-gnu.so[0m
[5.657s] [100%] [32m[1mLinking C shared library rosidl_generator_py/task_2_interfaces/task_2_interfaces_s__rosidl_typesupport_c.cpython-310-aarch64-linux-gnu.so[0m
[5.657s] [100%] [32m[1mLinking C shared library rosidl_generator_py/task_2_interfaces/task_2_interfaces_s__rosidl_typesupport_introspection_c.cpython-310-aarch64-linux-gnu.so[0m
[5.706s] [100%] Built target task_2_interfaces__rosidl_typesupport_c__pyext
[5.707s] [100%] Built target task_2_interfaces__rosidl_typesupport_introspection_c__pyext
[5.713s] [100%] Built target task_2_interfaces__rosidl_typesupport_fastrtps_c__pyext
[5.723s] Invoked command in '/home/ubuntu-ros/ros2_ws/build/task_2_interfaces' returned '0': CMAKE_PREFIX_PATH=/home/ubuntu-ros/ros2_ws/install/task_1:/home/ubuntu-ros/ros2_ws/install/py_pubsub:/home/ubuntu-ros/ros2_ws/install/my_package:/opt/ros/humble /usr/bin/cmake --build /home/ubuntu-ros/ros2_ws/build/task_2_interfaces -- -j6 -l6
[5.815s] Invoking command in '/home/ubuntu-ros/ros2_ws/build/task_2_interfaces': CMAKE_PREFIX_PATH=/home/ubuntu-ros/ros2_ws/install/task_1:/home/ubuntu-ros/ros2_ws/install/py_pubsub:/home/ubuntu-ros/ros2_ws/install/my_package:/opt/ros/humble /usr/bin/cmake --install /home/ubuntu-ros/ros2_ws/build/task_2_interfaces
[5.820s] -- Install configuration: ""
[5.820s] -- Installing: /home/ubuntu-ros/ros2_ws/install/task_2_interfaces/share/ament_index/resource_index/rosidl_interfaces/task_2_interfaces
[5.822s] -- Installing: /home/ubuntu-ros/ros2_ws/install/task_2_interfaces/include/task_2_interfaces/task_2_interfaces
[5.822s] -- Installing: /home/ubuntu-ros/ros2_ws/install/task_2_interfaces/include/task_2_interfaces/task_2_interfaces/srv
[5.822s] -- Installing: /home/ubuntu-ros/ros2_ws/install/task_2_interfaces/include/task_2_interfaces/task_2_interfaces/srv/detail
[5.822s] -- Installing: /home/ubuntu-ros/ros2_ws/install/task_2_interfaces/include/task_2_interfaces/task_2_interfaces/srv/detail/joint_state__functions.h
[5.822s] -- Installing: /home/ubuntu-ros/ros2_ws/install/task_2_interfaces/include/task_2_interfaces/task_2_interfaces/srv/detail/joint_state__struct.h
[5.822s] -- Installing: /home/ubuntu-ros/ros2_ws/install/task_2_interfaces/include/task_2_interfaces/task_2_interfaces/srv/detail/joint_state__type_support.h
[5.822s] -- Installing: /home/ubuntu-ros/ros2_ws/install/task_2_interfaces/include/task_2_interfaces/task_2_interfaces/srv/detail/joint_state__functions.c
[5.823s] -- Installing: /home/ubuntu-ros/ros2_ws/install/task_2_interfaces/include/task_2_interfaces/task_2_interfaces/srv/joint_state.h
[5.823s] -- Installing: /home/ubuntu-ros/ros2_ws/install/task_2_interfaces/include/task_2_interfaces/task_2_interfaces/msg
[5.823s] -- Installing: /home/ubuntu-ros/ros2_ws/install/task_2_interfaces/include/task_2_interfaces/task_2_interfaces/msg/detail
[5.823s] -- Installing: /home/ubuntu-ros/ros2_ws/install/task_2_interfaces/include/task_2_interfaces/task_2_interfaces/msg/detail/joint_data__functions.c
[5.823s] -- Installing: /home/ubuntu-ros/ros2_ws/install/task_2_interfaces/include/task_2_interfaces/task_2_interfaces/msg/detail/joint_data__functions.h
[5.823s] -- Installing: /home/ubuntu-ros/ros2_ws/install/task_2_interfaces/include/task_2_interfaces/task_2_interfaces/msg/detail/joint_data__struct.h
[5.824s] -- Installing: /home/ubuntu-ros/ros2_ws/install/task_2_interfaces/include/task_2_interfaces/task_2_interfaces/msg/detail/joint_data__type_support.h
[5.824s] -- Installing: /home/ubuntu-ros/ros2_ws/install/task_2_interfaces/include/task_2_interfaces/task_2_interfaces/msg/joint_data.h
[5.824s] -- Installing: /home/ubuntu-ros/ros2_ws/install/task_2_interfaces/include/task_2_interfaces/task_2_interfaces/msg/rosidl_generator_c__visibility_control.h
[5.824s] -- Installing: /home/ubuntu-ros/ros2_ws/install/task_2_interfaces/share/task_2_interfaces/environment/library_path.sh
[5.824s] -- Installing: /home/ubuntu-ros/ros2_ws/install/task_2_interfaces/share/task_2_interfaces/environment/library_path.dsv
[5.824s] -- Installing: /home/ubuntu-ros/ros2_ws/install/task_2_interfaces/lib/libtask_2_interfaces__rosidl_generator_c.so
[5.824s] -- Set runtime path of "/home/ubuntu-ros/ros2_ws/install/task_2_interfaces/lib/libtask_2_interfaces__rosidl_generator_c.so" to ""
[5.824s] -- Up-to-date: /home/ubuntu-ros/ros2_ws/install/task_2_interfaces/include/task_2_interfaces/task_2_interfaces
[5.825s] -- Up-to-date: /home/ubuntu-ros/ros2_ws/install/task_2_interfaces/include/task_2_interfaces/task_2_interfaces/srv
[5.825s] -- Up-to-date: /home/ubuntu-ros/ros2_ws/install/task_2_interfaces/include/task_2_interfaces/task_2_interfaces/srv/detail
[5.825s] -- Installing: /home/ubuntu-ros/ros2_ws/install/task_2_interfaces/include/task_2_interfaces/task_2_interfaces/srv/detail/joint_state__rosidl_typesupport_fastrtps_c.h
[5.825s] -- Up-to-date: /home/ubuntu-ros/ros2_ws/install/task_2_interfaces/include/task_2_interfaces/task_2_interfaces/msg
[5.825s] -- Installing: /home/ubuntu-ros/ros2_ws/install/task_2_interfaces/include/task_2_interfaces/task_2_interfaces/msg/rosidl_typesupport_fastrtps_c__visibility_control.h
[5.825s] -- Up-to-date: /home/ubuntu-ros/ros2_ws/install/task_2_interfaces/include/task_2_interfaces/task_2_interfaces/msg/detail
[5.825s] -- Installing: /home/ubuntu-ros/ros2_ws/install/task_2_interfaces/include/task_2_interfaces/task_2_interfaces/msg/detail/joint_data__rosidl_typesupport_fastrtps_c.h
[5.825s] -- Installing: /home/ubuntu-ros/ros2_ws/install/task_2_interfaces/lib/libtask_2_interfaces__rosidl_typesupport_fastrtps_c.so
[5.826s] -- Set runtime path of "/home/ubuntu-ros/ros2_ws/install/task_2_interfaces/lib/libtask_2_interfaces__rosidl_typesupport_fastrtps_c.so" to ""
[5.826s] -- Up-to-date: /home/ubuntu-ros/ros2_ws/install/task_2_interfaces/include/task_2_interfaces/task_2_interfaces
[5.826s] -- Up-to-date: /home/ubuntu-ros/ros2_ws/install/task_2_interfaces/include/task_2_interfaces/task_2_interfaces/srv
[5.826s] -- Up-to-date: /home/ubuntu-ros/ros2_ws/install/task_2_interfaces/include/task_2_interfaces/task_2_interfaces/srv/detail
[5.826s] -- Installing: /home/ubuntu-ros/ros2_ws/install/task_2_interfaces/include/task_2_interfaces/task_2_interfaces/srv/detail/joint_state__rosidl_typesupport_introspection_c.h
[5.826s] -- Installing: /home/ubuntu-ros/ros2_ws/install/task_2_interfaces/include/task_2_interfaces/task_2_interfaces/srv/detail/joint_state__type_support.c
[5.826s] -- Up-to-date: /home/ubuntu-ros/ros2_ws/install/task_2_interfaces/include/task_2_interfaces/task_2_interfaces/msg
[5.826s] -- Installing: /home/ubuntu-ros/ros2_ws/install/task_2_interfaces/include/task_2_interfaces/task_2_interfaces/msg/rosidl_typesupport_introspection_c__visibility_control.h
[5.827s] -- Up-to-date: /home/ubuntu-ros/ros2_ws/install/task_2_interfaces/include/task_2_interfaces/task_2_interfaces/msg/detail
[5.827s] -- Installing: /home/ubuntu-ros/ros2_ws/install/task_2_interfaces/include/task_2_interfaces/task_2_interfaces/msg/detail/joint_data__rosidl_typesupport_introspection_c.h
[5.827s] -- Installing: /home/ubuntu-ros/ros2_ws/install/task_2_interfaces/include/task_2_interfaces/task_2_interfaces/msg/detail/joint_data__type_support.c
[5.827s] -- Installing: /home/ubuntu-ros/ros2_ws/install/task_2_interfaces/lib/libtask_2_interfaces__rosidl_typesupport_introspection_c.so
[5.827s] -- Set runtime path of "/home/ubuntu-ros/ros2_ws/install/task_2_interfaces/lib/libtask_2_interfaces__rosidl_typesupport_introspection_c.so" to ""
[5.827s] -- Installing: /home/ubuntu-ros/ros2_ws/install/task_2_interfaces/lib/libtask_2_interfaces__rosidl_typesupport_c.so
[5.827s] -- Set runtime path of "/home/ubuntu-ros/ros2_ws/install/task_2_interfaces/lib/libtask_2_interfaces__rosidl_typesupport_c.so" to ""
[5.828s] -- Up-to-date: /home/ubuntu-ros/ros2_ws/install/task_2_interfaces/include/task_2_interfaces/task_2_interfaces
[5.828s] -- Up-to-date: /home/ubuntu-ros/ros2_ws/install/task_2_interfaces/include/task_2_interfaces/task_2_interfaces/srv
[5.828s] -- Up-to-date: /home/ubuntu-ros/ros2_ws/install/task_2_interfaces/include/task_2_interfaces/task_2_interfaces/srv/detail
[5.828s] -- Installing: /home/ubuntu-ros/ros2_ws/install/task_2_interfaces/include/task_2_interfaces/task_2_interfaces/srv/detail/joint_state__struct.hpp
[5.828s] -- Installing: /home/ubuntu-ros/ros2_ws/install/task_2_interfaces/include/task_2_interfaces/task_2_interfaces/srv/detail/joint_state__traits.hpp
[5.828s] -- Installing: /home/ubuntu-ros/ros2_ws/install/task_2_interfaces/include/task_2_interfaces/task_2_interfaces/srv/detail/joint_state__builder.hpp
[5.828s] -- Installing: /home/ubuntu-ros/ros2_ws/install/task_2_interfaces/include/task_2_interfaces/task_2_interfaces/srv/joint_state.hpp
[5.828s] -- Up-to-date: /home/ubuntu-ros/ros2_ws/install/task_2_interfaces/include/task_2_interfaces/task_2_interfaces/msg
[5.829s] -- Up-to-date: /home/ubuntu-ros/ros2_ws/install/task_2_interfaces/include/task_2_interfaces/task_2_interfaces/msg/detail
[5.829s] -- Installing: /home/ubuntu-ros/ros2_ws/install/task_2_interfaces/include/task_2_interfaces/task_2_interfaces/msg/detail/joint_data__struct.hpp
[5.829s] -- Installing: /home/ubuntu-ros/ros2_ws/install/task_2_interfaces/include/task_2_interfaces/task_2_interfaces/msg/detail/joint_data__builder.hpp
[5.829s] -- Installing: /home/ubuntu-ros/ros2_ws/install/task_2_interfaces/include/task_2_interfaces/task_2_interfaces/msg/detail/joint_data__traits.hpp
[5.829s] -- Installing: /home/ubuntu-ros/ros2_ws/install/task_2_interfaces/include/task_2_interfaces/task_2_interfaces/msg/joint_data.hpp
[5.829s] -- Up-to-date: /home/ubuntu-ros/ros2_ws/install/task_2_interfaces/include/task_2_interfaces/task_2_interfaces
[5.829s] -- Up-to-date: /home/ubuntu-ros/ros2_ws/install/task_2_interfaces/include/task_2_interfaces/task_2_interfaces/srv
[5.830s] -- Up-to-date: /home/ubuntu-ros/ros2_ws/install/task_2_interfaces/include/task_2_interfaces/task_2_interfaces/srv/detail
[5.830s] -- Installing: /home/ubuntu-ros/ros2_ws/install/task_2_interfaces/include/task_2_interfaces/task_2_interfaces/srv/detail/joint_state__rosidl_typesupport_fastrtps_cpp.hpp
[5.830s] -- Installing: /home/ubuntu-ros/ros2_ws/install/task_2_interfaces/include/task_2_interfaces/task_2_interfaces/srv/detail/dds_fastrtps
[5.830s] -- Up-to-date: /home/ubuntu-ros/ros2_ws/install/task_2_interfaces/include/task_2_interfaces/task_2_interfaces/msg
[5.830s] -- Installing: /home/ubuntu-ros/ros2_ws/install/task_2_interfaces/include/task_2_interfaces/task_2_interfaces/msg/rosidl_typesupport_fastrtps_cpp__visibility_control.h
[5.830s] -- Up-to-date: /home/ubuntu-ros/ros2_ws/install/task_2_interfaces/include/task_2_interfaces/task_2_interfaces/msg/detail
[5.830s] -- Installing: /home/ubuntu-ros/ros2_ws/install/task_2_interfaces/include/task_2_interfaces/task_2_interfaces/msg/detail/joint_data__rosidl_typesupport_fastrtps_cpp.hpp
[5.830s] -- Installing: /home/ubuntu-ros/ros2_ws/install/task_2_interfaces/include/task_2_interfaces/task_2_interfaces/msg/detail/dds_fastrtps
[5.830s] -- Installing: /home/ubuntu-ros/ros2_ws/install/task_2_interfaces/lib/libtask_2_interfaces__rosidl_typesupport_fastrtps_cpp.so
[5.830s] -- Set runtime path of "/home/ubuntu-ros/ros2_ws/install/task_2_interfaces/lib/libtask_2_interfaces__rosidl_typesupport_fastrtps_cpp.so" to ""
[5.830s] -- Up-to-date: /home/ubuntu-ros/ros2_ws/install/task_2_interfaces/include/task_2_interfaces/task_2_interfaces
[5.831s] -- Up-to-date: /home/ubuntu-ros/ros2_ws/install/task_2_interfaces/include/task_2_interfaces/task_2_interfaces/srv
[5.831s] -- Up-to-date: /home/ubuntu-ros/ros2_ws/install/task_2_interfaces/include/task_2_interfaces/task_2_interfaces/srv/detail
[5.831s] -- Installing: /home/ubuntu-ros/ros2_ws/install/task_2_interfaces/include/task_2_interfaces/task_2_interfaces/srv/detail/joint_state__rosidl_typesupport_introspection_cpp.hpp
[5.831s] -- Installing: /home/ubuntu-ros/ros2_ws/install/task_2_interfaces/include/task_2_interfaces/task_2_interfaces/srv/detail/joint_state__type_support.cpp
[5.831s] -- Up-to-date: /home/ubuntu-ros/ros2_ws/install/task_2_interfaces/include/task_2_interfaces/task_2_interfaces/msg
[5.831s] -- Up-to-date: /home/ubuntu-ros/ros2_ws/install/task_2_interfaces/include/task_2_interfaces/task_2_interfaces/msg/detail
[5.831s] -- Installing: /home/ubuntu-ros/ros2_ws/install/task_2_interfaces/include/task_2_interfaces/task_2_interfaces/msg/detail/joint_data__rosidl_typesupport_introspection_cpp.hpp
[5.831s] -- Installing: /home/ubuntu-ros/ros2_ws/install/task_2_interfaces/include/task_2_interfaces/task_2_interfaces/msg/detail/joint_data__type_support.cpp
[5.831s] -- Installing: /home/ubuntu-ros/ros2_ws/install/task_2_interfaces/lib/libtask_2_interfaces__rosidl_typesupport_introspection_cpp.so
[5.831s] -- Set runtime path of "/home/ubuntu-ros/ros2_ws/install/task_2_interfaces/lib/libtask_2_interfaces__rosidl_typesupport_introspection_cpp.so" to ""
[5.831s] -- Installing: /home/ubuntu-ros/ros2_ws/install/task_2_interfaces/lib/libtask_2_interfaces__rosidl_typesupport_cpp.so
[5.832s] -- Set runtime path of "/home/ubuntu-ros/ros2_ws/install/task_2_interfaces/lib/libtask_2_interfaces__rosidl_typesupport_cpp.so" to ""
[5.832s] -- Installing: /home/ubuntu-ros/ros2_ws/install/task_2_interfaces/share/task_2_interfaces/environment/pythonpath.sh
[5.832s] -- Installing: /home/ubuntu-ros/ros2_ws/install/task_2_interfaces/share/task_2_interfaces/environment/pythonpath.dsv
[5.832s] -- Installing: /home/ubuntu-ros/ros2_ws/install/task_2_interfaces/local/lib/python3.10/dist-packages/task_2_interfaces-0.0.0-py3.10.egg-info
[5.832s] -- Installing: /home/ubuntu-ros/ros2_ws/install/task_2_interfaces/local/lib/python3.10/dist-packages/task_2_interfaces-0.0.0-py3.10.egg-info/top_level.txt
[5.832s] -- Installing: /home/ubuntu-ros/ros2_ws/install/task_2_interfaces/local/lib/python3.10/dist-packages/task_2_interfaces-0.0.0-py3.10.egg-info/SOURCES.txt
[5.832s] -- Installing: /home/ubuntu-ros/ros2_ws/install/task_2_interfaces/local/lib/python3.10/dist-packages/task_2_interfaces-0.0.0-py3.10.egg-info/dependency_links.txt
[5.833s] -- Installing: /home/ubuntu-ros/ros2_ws/install/task_2_interfaces/local/lib/python3.10/dist-packages/task_2_interfaces-0.0.0-py3.10.egg-info/PKG-INFO
[5.833s] -- Installing: /home/ubuntu-ros/ros2_ws/install/task_2_interfaces/local/lib/python3.10/dist-packages/task_2_interfaces
[5.833s] -- Installing: /home/ubuntu-ros/ros2_ws/install/task_2_interfaces/local/lib/python3.10/dist-packages/task_2_interfaces/srv
[5.833s] -- Installing: /home/ubuntu-ros/ros2_ws/install/task_2_interfaces/local/lib/python3.10/dist-packages/task_2_interfaces/srv/__init__.py
[5.833s] -- Installing: /home/ubuntu-ros/ros2_ws/install/task_2_interfaces/local/lib/python3.10/dist-packages/task_2_interfaces/srv/_joint_state_s.c
[5.833s] -- Installing: /home/ubuntu-ros/ros2_ws/install/task_2_interfaces/local/lib/python3.10/dist-packages/task_2_interfaces/srv/_joint_state.py
[5.833s] -- Installing: /home/ubuntu-ros/ros2_ws/install/task_2_interfaces/local/lib/python3.10/dist-packages/task_2_interfaces/libtask_2_interfaces__rosidl_generator_py.so
[5.834s] -- Installing: /home/ubuntu-ros/ros2_ws/install/task_2_interfaces/local/lib/python3.10/dist-packages/task_2_interfaces/task_2_interfaces_s__rosidl_typesupport_introspection_c.cpython-310-aarch64-linux-gnu.so
[5.834s] -- Installing: /home/ubuntu-ros/ros2_ws/install/task_2_interfaces/local/lib/python3.10/dist-packages/task_2_interfaces/__init__.py
[5.834s] -- Installing: /home/ubuntu-ros/ros2_ws/install/task_2_interfaces/local/lib/python3.10/dist-packages/task_2_interfaces/task_2_interfaces_s__rosidl_typesupport_c.cpython-310-aarch64-linux-gnu.so
[5.834s] -- Installing: /home/ubuntu-ros/ros2_ws/install/task_2_interfaces/local/lib/python3.10/dist-packages/task_2_interfaces/msg
[5.834s] -- Installing: /home/ubuntu-ros/ros2_ws/install/task_2_interfaces/local/lib/python3.10/dist-packages/task_2_interfaces/msg/__init__.py
[5.834s] -- Installing: /home/ubuntu-ros/ros2_ws/install/task_2_interfaces/local/lib/python3.10/dist-packages/task_2_interfaces/msg/_joint_data.py
[5.835s] -- Installing: /home/ubuntu-ros/ros2_ws/install/task_2_interfaces/local/lib/python3.10/dist-packages/task_2_interfaces/msg/_joint_data_s.c
[5.835s] -- Installing: /home/ubuntu-ros/ros2_ws/install/task_2_interfaces/local/lib/python3.10/dist-packages/task_2_interfaces/task_2_interfaces_s__rosidl_typesupport_fastrtps_c.cpython-310-aarch64-linux-gnu.so
[5.835s] -- Installing: /home/ubuntu-ros/ros2_ws/install/task_2_interfaces/local/lib/python3.10/dist-packages/task_2_interfaces/_task_2_interfaces_s.ep.rosidl_typesupport_fastrtps_c.c
[5.835s] -- Installing: /home/ubuntu-ros/ros2_ws/install/task_2_interfaces/local/lib/python3.10/dist-packages/task_2_interfaces/_task_2_interfaces_s.ep.rosidl_typesupport_c.c
[5.835s] -- Installing: /home/ubuntu-ros/ros2_ws/install/task_2_interfaces/local/lib/python3.10/dist-packages/task_2_interfaces/_task_2_interfaces_s.ep.rosidl_typesupport_introspection_c.c
[5.877s] Listing '/home/ubuntu-ros/ros2_ws/install/task_2_interfaces/local/lib/python3.10/dist-packages/task_2_interfaces'...
[5.878s] Compiling '/home/ubuntu-ros/ros2_ws/install/task_2_interfaces/local/lib/python3.10/dist-packages/task_2_interfaces/__init__.py'...
[5.878s] Listing '/home/ubuntu-ros/ros2_ws/install/task_2_interfaces/local/lib/python3.10/dist-packages/task_2_interfaces/msg'...
[5.878s] Compiling '/home/ubuntu-ros/ros2_ws/install/task_2_interfaces/local/lib/python3.10/dist-packages/task_2_interfaces/msg/__init__.py'...
[5.878s] Compiling '/home/ubuntu-ros/ros2_ws/install/task_2_interfaces/local/lib/python3.10/dist-packages/task_2_interfaces/msg/_joint_data.py'...
[5.878s] Listing '/home/ubuntu-ros/ros2_ws/install/task_2_interfaces/local/lib/python3.10/dist-packages/task_2_interfaces/srv'...
[5.878s] Compiling '/home/ubuntu-ros/ros2_ws/install/task_2_interfaces/local/lib/python3.10/dist-packages/task_2_interfaces/srv/__init__.py'...
[5.878s] Compiling '/home/ubuntu-ros/ros2_ws/install/task_2_interfaces/local/lib/python3.10/dist-packages/task_2_interfaces/srv/_joint_state.py'...
[5.885s] -- Installing: /home/ubuntu-ros/ros2_ws/install/task_2_interfaces/local/lib/python3.10/dist-packages/task_2_interfaces/task_2_interfaces_s__rosidl_typesupport_fastrtps_c.cpython-310-aarch64-linux-gnu.so
[5.886s] -- Set runtime path of "/home/ubuntu-ros/ros2_ws/install/task_2_interfaces/local/lib/python3.10/dist-packages/task_2_interfaces/task_2_interfaces_s__rosidl_typesupport_fastrtps_c.cpython-310-aarch64-linux-gnu.so" to ""
[5.886s] -- Installing: /home/ubuntu-ros/ros2_ws/install/task_2_interfaces/local/lib/python3.10/dist-packages/task_2_interfaces/task_2_interfaces_s__rosidl_typesupport_introspection_c.cpython-310-aarch64-linux-gnu.so
[5.886s] -- Set runtime path of "/home/ubuntu-ros/ros2_ws/install/task_2_interfaces/local/lib/python3.10/dist-packages/task_2_interfaces/task_2_interfaces_s__rosidl_typesupport_introspection_c.cpython-310-aarch64-linux-gnu.so" to ""
[5.886s] -- Installing: /home/ubuntu-ros/ros2_ws/install/task_2_interfaces/local/lib/python3.10/dist-packages/task_2_interfaces/task_2_interfaces_s__rosidl_typesupport_c.cpython-310-aarch64-linux-gnu.so
[5.886s] -- Set runtime path of "/home/ubuntu-ros/ros2_ws/install/task_2_interfaces/local/lib/python3.10/dist-packages/task_2_interfaces/task_2_interfaces_s__rosidl_typesupport_c.cpython-310-aarch64-linux-gnu.so" to ""
[5.886s] -- Installing: /home/ubuntu-ros/ros2_ws/install/task_2_interfaces/lib/libtask_2_interfaces__rosidl_generator_py.so
[5.886s] -- Set runtime path of "/home/ubuntu-ros/ros2_ws/install/task_2_interfaces/lib/libtask_2_interfaces__rosidl_generator_py.so" to ""
[5.886s] -- Installing: /home/ubuntu-ros/ros2_ws/install/task_2_interfaces/share/task_2_interfaces/msg/JointData.idl
[5.886s] -- Installing: /home/ubuntu-ros/ros2_ws/install/task_2_interfaces/share/task_2_interfaces/srv/JointState.idl
[5.887s] -- Installing: /home/ubuntu-ros/ros2_ws/install/task_2_interfaces/share/task_2_interfaces/msg/JointData.msg
[5.887s] -- Installing: /home/ubuntu-ros/ros2_ws/install/task_2_interfaces/share/task_2_interfaces/srv/JointState.srv
[5.887s] -- Installing: /home/ubuntu-ros/ros2_ws/install/task_2_interfaces/share/task_2_interfaces/srv/JointState_Request.msg
[5.887s] -- Installing: /home/ubuntu-ros/ros2_ws/install/task_2_interfaces/share/task_2_interfaces/srv/JointState_Response.msg
[5.888s] -- Installing: /home/ubuntu-ros/ros2_ws/install/task_2_interfaces/share/ament_index/resource_index/package_run_dependencies/task_2_interfaces
[5.888s] -- Installing: /home/ubuntu-ros/ros2_ws/install/task_2_interfaces/share/ament_index/resource_index/parent_prefix_path/task_2_interfaces
[5.888s] -- Installing: /home/ubuntu-ros/ros2_ws/install/task_2_interfaces/share/task_2_interfaces/environment/ament_prefix_path.sh
[5.889s] -- Installing: /home/ubuntu-ros/ros2_ws/install/task_2_interfaces/share/task_2_interfaces/environment/ament_prefix_path.dsv
[5.889s] -- Installing: /home/ubuntu-ros/ros2_ws/install/task_2_interfaces/share/task_2_interfaces/environment/path.sh
[5.889s] -- Installing: /home/ubuntu-ros/ros2_ws/install/task_2_interfaces/share/task_2_interfaces/environment/path.dsv
[5.889s] -- Installing: /home/ubuntu-ros/ros2_ws/install/task_2_interfaces/share/task_2_interfaces/local_setup.bash
[5.889s] -- Installing: /home/ubuntu-ros/ros2_ws/install/task_2_interfaces/share/task_2_interfaces/local_setup.sh
[5.889s] -- Installing: /home/ubuntu-ros/ros2_ws/install/task_2_interfaces/share/task_2_interfaces/local_setup.zsh
[5.889s] -- Installing: /home/ubuntu-ros/ros2_ws/install/task_2_interfaces/share/task_2_interfaces/local_setup.dsv
[5.889s] -- Installing: /home/ubuntu-ros/ros2_ws/install/task_2_interfaces/share/task_2_interfaces/package.dsv
[5.889s] -- Installing: /home/ubuntu-ros/ros2_ws/install/task_2_interfaces/share/ament_index/resource_index/packages/task_2_interfaces
[5.890s] -- Installing: /home/ubuntu-ros/ros2_ws/install/task_2_interfaces/share/task_2_interfaces/cmake/export_task_2_interfaces__rosidl_generator_cExport.cmake
[5.890s] -- Installing: /home/ubuntu-ros/ros2_ws/install/task_2_interfaces/share/task_2_interfaces/cmake/export_task_2_interfaces__rosidl_generator_cExport-noconfig.cmake
[5.890s] -- Installing: /home/ubuntu-ros/ros2_ws/install/task_2_interfaces/share/task_2_interfaces/cmake/export_task_2_interfaces__rosidl_typesupport_fastrtps_cExport.cmake
[5.890s] -- Installing: /home/ubuntu-ros/ros2_ws/install/task_2_interfaces/share/task_2_interfaces/cmake/export_task_2_interfaces__rosidl_typesupport_fastrtps_cExport-noconfig.cmake
[5.890s] -- Installing: /home/ubuntu-ros/ros2_ws/install/task_2_interfaces/share/task_2_interfaces/cmake/task_2_interfaces__rosidl_typesupport_introspection_cExport.cmake
[5.890s] -- Installing: /home/ubuntu-ros/ros2_ws/install/task_2_interfaces/share/task_2_interfaces/cmake/task_2_interfaces__rosidl_typesupport_introspection_cExport-noconfig.cmake
[5.891s] -- Installing: /home/ubuntu-ros/ros2_ws/install/task_2_interfaces/share/task_2_interfaces/cmake/task_2_interfaces__rosidl_typesupport_cExport.cmake
[5.891s] -- Installing: /home/ubuntu-ros/ros2_ws/install/task_2_interfaces/share/task_2_interfaces/cmake/task_2_interfaces__rosidl_typesupport_cExport-noconfig.cmake
[5.891s] -- Installing: /home/ubuntu-ros/ros2_ws/install/task_2_interfaces/share/task_2_interfaces/cmake/export_task_2_interfaces__rosidl_generator_cppExport.cmake
[5.891s] -- Installing: /home/ubuntu-ros/ros2_ws/install/task_2_interfaces/share/task_2_interfaces/cmake/export_task_2_interfaces__rosidl_typesupport_fastrtps_cppExport.cmake
[5.891s] -- Installing: /home/ubuntu-ros/ros2_ws/install/task_2_interfaces/share/task_2_interfaces/cmake/export_task_2_interfaces__rosidl_typesupport_fastrtps_cppExport-noconfig.cmake
[5.891s] -- Installing: /home/ubuntu-ros/ros2_ws/install/task_2_interfaces/share/task_2_interfaces/cmake/task_2_interfaces__rosidl_typesupport_introspection_cppExport.cmake
[5.891s] -- Installing: /home/ubuntu-ros/ros2_ws/install/task_2_interfaces/share/task_2_interfaces/cmake/task_2_interfaces__rosidl_typesupport_introspection_cppExport-noconfig.cmake
[5.892s] -- Installing: /home/ubuntu-ros/ros2_ws/install/task_2_interfaces/share/task_2_interfaces/cmake/task_2_interfaces__rosidl_typesupport_cppExport.cmake
[5.892s] -- Installing: /home/ubuntu-ros/ros2_ws/install/task_2_interfaces/share/task_2_interfaces/cmake/task_2_interfaces__rosidl_typesupport_cppExport-noconfig.cmake
[5.892s] -- Installing: /home/ubuntu-ros/ros2_ws/install/task_2_interfaces/share/task_2_interfaces/cmake/export_task_2_interfaces__rosidl_generator_pyExport.cmake
[5.892s] -- Installing: /home/ubuntu-ros/ros2_ws/install/task_2_interfaces/share/task_2_interfaces/cmake/export_task_2_interfaces__rosidl_generator_pyExport-noconfig.cmake
[5.892s] -- Installing: /home/ubuntu-ros/ros2_ws/install/task_2_interfaces/share/task_2_interfaces/cmake/rosidl_cmake-extras.cmake
[5.892s] -- Installing: /home/ubuntu-ros/ros2_ws/install/task_2_interfaces/share/task_2_interfaces/cmake/ament_cmake_export_dependencies-extras.cmake
[5.893s] -- Installing: /home/ubuntu-ros/ros2_ws/install/task_2_interfaces/share/task_2_interfaces/cmake/ament_cmake_export_include_directories-extras.cmake
[5.893s] -- Installing: /home/ubuntu-ros/ros2_ws/install/task_2_interfaces/share/task_2_interfaces/cmake/ament_cmake_export_libraries-extras.cmake
[5.893s] -- Installing: /home/ubuntu-ros/ros2_ws/install/task_2_interfaces/share/task_2_interfaces/cmake/ament_cmake_export_targets-extras.cmake
[5.893s] -- Installing: /home/ubuntu-ros/ros2_ws/install/task_2_interfaces/share/task_2_interfaces/cmake/rosidl_cmake_export_typesupport_targets-extras.cmake
[5.893s] -- Installing: /home/ubuntu-ros/ros2_ws/install/task_2_interfaces/share/task_2_interfaces/cmake/rosidl_cmake_export_typesupport_libraries-extras.cmake
[5.893s] -- Installing: /home/ubuntu-ros/ros2_ws/install/task_2_interfaces/share/task_2_interfaces/cmake/task_2_interfacesConfig.cmake
[5.893s] -- Installing: /home/ubuntu-ros/ros2_ws/install/task_2_interfaces/share/task_2_interfaces/cmake/task_2_interfacesConfig-version.cmake
[5.893s] -- Installing: /home/ubuntu-ros/ros2_ws/install/task_2_interfaces/share/task_2_interfaces/package.xml
[5.894s] [31mCMake Error at cmake_install.cmake:674 (file):
[5.894s]   file INSTALL cannot find
[5.894s]   "/home/ubuntu-ros/ros2_ws/src/task_2_interfaces/launch": No such file or
[5.894s]   directory.
[5.894s] 
[5.894s] [0m
[5.896s] Invoked command in '/home/ubuntu-ros/ros2_ws/build/task_2_interfaces' returned '1': CMAKE_PREFIX_PATH=/home/ubuntu-ros/ros2_ws/install/task_1:/home/ubuntu-ros/ros2_ws/install/py_pubsub:/home/ubuntu-ros/ros2_ws/install/my_package:/opt/ros/humble /usr/bin/cmake --install /home/ubuntu-ros/ros2_ws/build/task_2_interfaces
