running egg_info
creating ../../build/task_2/task_2.egg-info
writing ../../build/task_2/task_2.egg-info/PKG-INFO
writing dependency_links to ../../build/task_2/task_2.egg-info/dependency_links.txt
writing entry points to ../../build/task_2/task_2.egg-info/entry_points.txt
writing requirements to ../../build/task_2/task_2.egg-info/requires.txt
writing top-level names to ../../build/task_2/task_2.egg-info/top_level.txt
writing manifest file '../../build/task_2/task_2.egg-info/SOURCES.txt'
reading manifest file '../../build/task_2/task_2.egg-info/SOURCES.txt'
writing manifest file '../../build/task_2/task_2.egg-info/SOURCES.txt'
running build
running build_py
creating /home/ubuntu-ros/ros2_ws/src/build/task_2/build
creating /home/ubuntu-ros/ros2_ws/src/build/task_2/build/lib
creating /home/ubuntu-ros/ros2_ws/src/build/task_2/build/lib/task_2
copying task_2/subscriber_node.py -> /home/ubuntu-ros/ros2_ws/src/build/task_2/build/lib/task_2
copying task_2/__init__.py -> /home/ubuntu-ros/ros2_ws/src/build/task_2/build/lib/task_2
copying task_2/publisher_node.py -> /home/ubuntu-ros/ros2_ws/src/build/task_2/build/lib/task_2
copying task_2/service_server_node.py -> /home/ubuntu-ros/ros2_ws/src/build/task_2/build/lib/task_2
copying task_2/service_client_node.py -> /home/ubuntu-ros/ros2_ws/src/build/task_2/build/lib/task_2
running install
running install_lib
creating /home/ubuntu-ros/ros2_ws/src/install/task_2/lib/python3.10/site-packages/task_2
copying /home/ubuntu-ros/ros2_ws/src/build/task_2/build/lib/task_2/subscriber_node.py -> /home/ubuntu-ros/ros2_ws/src/install/task_2/lib/python3.10/site-packages/task_2
copying /home/ubuntu-ros/ros2_ws/src/build/task_2/build/lib/task_2/__init__.py -> /home/ubuntu-ros/ros2_ws/src/install/task_2/lib/python3.10/site-packages/task_2
copying /home/ubuntu-ros/ros2_ws/src/build/task_2/build/lib/task_2/publisher_node.py -> /home/ubuntu-ros/ros2_ws/src/install/task_2/lib/python3.10/site-packages/task_2
copying /home/ubuntu-ros/ros2_ws/src/build/task_2/build/lib/task_2/service_server_node.py -> /home/ubuntu-ros/ros2_ws/src/install/task_2/lib/python3.10/site-packages/task_2
copying /home/ubuntu-ros/ros2_ws/src/build/task_2/build/lib/task_2/service_client_node.py -> /home/ubuntu-ros/ros2_ws/src/install/task_2/lib/python3.10/site-packages/task_2
byte-compiling /home/ubuntu-ros/ros2_ws/src/install/task_2/lib/python3.10/site-packages/task_2/subscriber_node.py to subscriber_node.cpython-310.pyc
byte-compiling /home/ubuntu-ros/ros2_ws/src/install/task_2/lib/python3.10/site-packages/task_2/__init__.py to __init__.cpython-310.pyc
byte-compiling /home/ubuntu-ros/ros2_ws/src/install/task_2/lib/python3.10/site-packages/task_2/publisher_node.py to publisher_node.cpython-310.pyc
byte-compiling /home/ubuntu-ros/ros2_ws/src/install/task_2/lib/python3.10/site-packages/task_2/service_server_node.py to service_server_node.cpython-310.pyc
byte-compiling /home/ubuntu-ros/ros2_ws/src/install/task_2/lib/python3.10/site-packages/task_2/service_client_node.py to service_client_node.cpython-310.pyc
running install_data
creating /home/ubuntu-ros/ros2_ws/src/install/task_2/share/ament_index
creating /home/ubuntu-ros/ros2_ws/src/install/task_2/share/ament_index/resource_index
creating /home/ubuntu-ros/ros2_ws/src/install/task_2/share/ament_index/resource_index/packages
copying resource/task_2 -> /home/ubuntu-ros/ros2_ws/src/install/task_2/share/ament_index/resource_index/packages
copying package.xml -> /home/ubuntu-ros/ros2_ws/src/install/task_2/share/task_2
creating /home/ubuntu-ros/ros2_ws/src/install/task_2/share/task_2/launch
copying launch/service_launch.py -> /home/ubuntu-ros/ros2_ws/src/install/task_2/share/task_2/launch
running install_egg_info
Copying ../../build/task_2/task_2.egg-info to /home/ubuntu-ros/ros2_ws/src/install/task_2/lib/python3.10/site-packages/task_2-0.0.0-py3.10.egg-info
running install_scripts
Installing publisher_node script to /home/ubuntu-ros/ros2_ws/src/install/task_2/lib/task_2
Installing service_client_node script to /home/ubuntu-ros/ros2_ws/src/install/task_2/lib/task_2
Installing service_server_node script to /home/ubuntu-ros/ros2_ws/src/install/task_2/lib/task_2
Installing subscriber_node script to /home/ubuntu-ros/ros2_ws/src/install/task_2/lib/task_2
writing list of installed files to '/home/ubuntu-ros/ros2_ws/src/build/task_2/install.log'
