[0.512s] Invoking command in '/home/ubuntu-ros/ros2_ws/src/55/task_2': AMENT_PREFIX_PATH=/home/ubuntu-ros/ros2_ws/src/install/task_2_interfaces:${AMENT_PREFIX_PATH} CMAKE_PREFIX_PATH=/home/ubuntu-ros/ros2_ws/src/install/task_2_interfaces LD_LIBRARY_PATH=/home/ubuntu-ros/ros2_ws/src/install/task_2_interfaces/lib:${LD_LIBRARY_PATH} PYTHONPATH=/home/ubuntu-ros/ros2_ws/src/build/task_2/prefix_override:/usr/lib/python3/dist-packages/colcon_core/task/python/colcon_distutils_commands:/home/ubuntu-ros/ros2_ws/src/install/task_2/lib/python3.10/site-packages:/home/ubuntu-ros/ros2_ws/src/install/task_2_interfaces/local/lib/python3.10/dist-packages:${PYTHONPATH} /usr/bin/python3 -W ignore:setup.py install is deprecated setup.py egg_info --egg-base ../../build/task_2 build --build-base /home/ubuntu-ros/ros2_ws/src/build/task_2/build install --record /home/ubuntu-ros/ros2_ws/src/build/task_2/install.log --single-version-externally-managed install_data
[0.691s] running egg_info
[0.692s] creating ../../build/task_2/task_2.egg-info
[0.692s] writing ../../build/task_2/task_2.egg-info/PKG-INFO
[0.692s] writing dependency_links to ../../build/task_2/task_2.egg-info/dependency_links.txt
[0.692s] writing entry points to ../../build/task_2/task_2.egg-info/entry_points.txt
[0.692s] writing requirements to ../../build/task_2/task_2.egg-info/requires.txt
[0.693s] writing top-level names to ../../build/task_2/task_2.egg-info/top_level.txt
[0.693s] writing manifest file '../../build/task_2/task_2.egg-info/SOURCES.txt'
[0.694s] reading manifest file '../../build/task_2/task_2.egg-info/SOURCES.txt'
[0.695s] writing manifest file '../../build/task_2/task_2.egg-info/SOURCES.txt'
[0.695s] running build
[0.695s] running build_py
[0.695s] creating /home/ubuntu-ros/ros2_ws/src/build/task_2/build
[0.695s] creating /home/ubuntu-ros/ros2_ws/src/build/task_2/build/lib
[0.695s] creating /home/ubuntu-ros/ros2_ws/src/build/task_2/build/lib/task_2
[0.695s] copying task_2/subscriber_node.py -> /home/ubuntu-ros/ros2_ws/src/build/task_2/build/lib/task_2
[0.695s] copying task_2/__init__.py -> /home/ubuntu-ros/ros2_ws/src/build/task_2/build/lib/task_2
[0.695s] copying task_2/publisher_node.py -> /home/ubuntu-ros/ros2_ws/src/build/task_2/build/lib/task_2
[0.695s] copying task_2/service_server_node.py -> /home/ubuntu-ros/ros2_ws/src/build/task_2/build/lib/task_2
[0.696s] copying task_2/service_client_node.py -> /home/ubuntu-ros/ros2_ws/src/build/task_2/build/lib/task_2
[0.696s] running install
[0.696s] running install_lib
[0.697s] creating /home/ubuntu-ros/ros2_ws/src/install/task_2/lib/python3.10/site-packages/task_2
[0.697s] copying /home/ubuntu-ros/ros2_ws/src/build/task_2/build/lib/task_2/subscriber_node.py -> /home/ubuntu-ros/ros2_ws/src/install/task_2/lib/python3.10/site-packages/task_2
[0.697s] copying /home/ubuntu-ros/ros2_ws/src/build/task_2/build/lib/task_2/__init__.py -> /home/ubuntu-ros/ros2_ws/src/install/task_2/lib/python3.10/site-packages/task_2
[0.697s] copying /home/ubuntu-ros/ros2_ws/src/build/task_2/build/lib/task_2/publisher_node.py -> /home/ubuntu-ros/ros2_ws/src/install/task_2/lib/python3.10/site-packages/task_2
[0.697s] copying /home/ubuntu-ros/ros2_ws/src/build/task_2/build/lib/task_2/service_server_node.py -> /home/ubuntu-ros/ros2_ws/src/install/task_2/lib/python3.10/site-packages/task_2
[0.697s] copying /home/ubuntu-ros/ros2_ws/src/build/task_2/build/lib/task_2/service_client_node.py -> /home/ubuntu-ros/ros2_ws/src/install/task_2/lib/python3.10/site-packages/task_2
[0.697s] byte-compiling /home/ubuntu-ros/ros2_ws/src/install/task_2/lib/python3.10/site-packages/task_2/subscriber_node.py to subscriber_node.cpython-310.pyc
[0.698s] byte-compiling /home/ubuntu-ros/ros2_ws/src/install/task_2/lib/python3.10/site-packages/task_2/__init__.py to __init__.cpython-310.pyc
[0.698s] byte-compiling /home/ubuntu-ros/ros2_ws/src/install/task_2/lib/python3.10/site-packages/task_2/publisher_node.py to publisher_node.cpython-310.pyc
[0.698s] byte-compiling /home/ubuntu-ros/ros2_ws/src/install/task_2/lib/python3.10/site-packages/task_2/service_server_node.py to service_server_node.cpython-310.pyc
[0.699s] byte-compiling /home/ubuntu-ros/ros2_ws/src/install/task_2/lib/python3.10/site-packages/task_2/service_client_node.py to service_client_node.cpython-310.pyc
[0.699s] running install_data
[0.699s] creating /home/ubuntu-ros/ros2_ws/src/install/task_2/share/ament_index
[0.699s] creating /home/ubuntu-ros/ros2_ws/src/install/task_2/share/ament_index/resource_index
[0.699s] creating /home/ubuntu-ros/ros2_ws/src/install/task_2/share/ament_index/resource_index/packages
[0.699s] copying resource/task_2 -> /home/ubuntu-ros/ros2_ws/src/install/task_2/share/ament_index/resource_index/packages
[0.699s] copying package.xml -> /home/ubuntu-ros/ros2_ws/src/install/task_2/share/task_2
[0.700s] creating /home/ubuntu-ros/ros2_ws/src/install/task_2/share/task_2/launch
[0.700s] copying launch/service_launch.py -> /home/ubuntu-ros/ros2_ws/src/install/task_2/share/task_2/launch
[0.700s] running install_egg_info
[0.701s] Copying ../../build/task_2/task_2.egg-info to /home/ubuntu-ros/ros2_ws/src/install/task_2/lib/python3.10/site-packages/task_2-0.0.0-py3.10.egg-info
[0.702s] running install_scripts
[0.719s] Installing publisher_node script to /home/ubuntu-ros/ros2_ws/src/install/task_2/lib/task_2
[0.719s] Installing service_client_node script to /home/ubuntu-ros/ros2_ws/src/install/task_2/lib/task_2
[0.719s] Installing service_server_node script to /home/ubuntu-ros/ros2_ws/src/install/task_2/lib/task_2
[0.719s] Installing subscriber_node script to /home/ubuntu-ros/ros2_ws/src/install/task_2/lib/task_2
[0.719s] writing list of installed files to '/home/ubuntu-ros/ros2_ws/src/build/task_2/install.log'
[0.738s] Invoked command in '/home/ubuntu-ros/ros2_ws/src/55/task_2' returned '0': AMENT_PREFIX_PATH=/home/ubuntu-ros/ros2_ws/src/install/task_2_interfaces:${AMENT_PREFIX_PATH} CMAKE_PREFIX_PATH=/home/ubuntu-ros/ros2_ws/src/install/task_2_interfaces LD_LIBRARY_PATH=/home/ubuntu-ros/ros2_ws/src/install/task_2_interfaces/lib:${LD_LIBRARY_PATH} PYTHONPATH=/home/ubuntu-ros/ros2_ws/src/build/task_2/prefix_override:/usr/lib/python3/dist-packages/colcon_core/task/python/colcon_distutils_commands:/home/ubuntu-ros/ros2_ws/src/install/task_2/lib/python3.10/site-packages:/home/ubuntu-ros/ros2_ws/src/install/task_2_interfaces/local/lib/python3.10/dist-packages:${PYTHONPATH} /usr/bin/python3 -W ignore:setup.py install is deprecated setup.py egg_info --egg-base ../../build/task_2 build --build-base /home/ubuntu-ros/ros2_ws/src/build/task_2/build install --record /home/ubuntu-ros/ros2_ws/src/build/task_2/install.log --single-version-externally-managed install_data
