[0.810s] Invoking command in '/home/ubuntu-ros/ros2_ws/src/55/task_2': AMENT_PREFIX_PATH=/home/ubuntu-ros/ros2_ws/src/install/task_2_interfaces:${AMENT_PREFIX_PATH} CMAKE_PREFIX_PATH=/home/ubuntu-ros/ros2_ws/src/install/task_2_interfaces LD_LIBRARY_PATH=/home/ubuntu-ros/ros2_ws/src/install/task_2_interfaces/lib:${LD_LIBRARY_PATH} PYTHONPATH=/home/ubuntu-ros/ros2_ws/src/build/task_2/prefix_override:/usr/lib/python3/dist-packages/colcon_core/task/python/colcon_distutils_commands:/home/ubuntu-ros/ros2_ws/src/install/task_2/lib/python3.10/site-packages:/home/ubuntu-ros/ros2_ws/src/install/task_2_interfaces/local/lib/python3.10/dist-packages:${PYTHONPATH} /usr/bin/python3 -W ignore:setup.py install is deprecated setup.py egg_info --egg-base ../../build/task_2 build --build-base /home/ubuntu-ros/ros2_ws/src/build/task_2/build install --record /home/ubuntu-ros/ros2_ws/src/build/task_2/install.log --single-version-externally-managed install_data
[1.151s] running egg_info
[1.152s] writing ../../build/task_2/task_2.egg-info/PKG-INFO
[1.153s] writing dependency_links to ../../build/task_2/task_2.egg-info/dependency_links.txt
[1.153s] writing entry points to ../../build/task_2/task_2.egg-info/entry_points.txt
[1.153s] writing requirements to ../../build/task_2/task_2.egg-info/requires.txt
[1.154s] writing top-level names to ../../build/task_2/task_2.egg-info/top_level.txt
[1.157s] reading manifest file '../../build/task_2/task_2.egg-info/SOURCES.txt'
[1.158s] writing manifest file '../../build/task_2/task_2.egg-info/SOURCES.txt'
[1.158s] running build
[1.159s] running build_py
[1.159s] running install
[1.159s] running install_lib
[1.161s] running install_data
[1.161s] running install_egg_info
[1.163s] removing '/home/ubuntu-ros/ros2_ws/src/install/task_2/lib/python3.10/site-packages/task_2-0.0.0-py3.10.egg-info' (and everything under it)
[1.163s] Copying ../../build/task_2/task_2.egg-info to /home/ubuntu-ros/ros2_ws/src/install/task_2/lib/python3.10/site-packages/task_2-0.0.0-py3.10.egg-info
[1.164s] running install_scripts
[1.190s] Installing publisher_node script to /home/ubuntu-ros/ros2_ws/src/install/task_2/lib/task_2
[1.191s] Installing service_client_node script to /home/ubuntu-ros/ros2_ws/src/install/task_2/lib/task_2
[1.191s] Installing service_server_node script to /home/ubuntu-ros/ros2_ws/src/install/task_2/lib/task_2
[1.191s] Installing subscriber_node script to /home/ubuntu-ros/ros2_ws/src/install/task_2/lib/task_2
[1.191s] writing list of installed files to '/home/ubuntu-ros/ros2_ws/src/build/task_2/install.log'
[1.225s] Invoked command in '/home/ubuntu-ros/ros2_ws/src/55/task_2' returned '0': AMENT_PREFIX_PATH=/home/ubuntu-ros/ros2_ws/src/install/task_2_interfaces:${AMENT_PREFIX_PATH} CMAKE_PREFIX_PATH=/home/ubuntu-ros/ros2_ws/src/install/task_2_interfaces LD_LIBRARY_PATH=/home/ubuntu-ros/ros2_ws/src/install/task_2_interfaces/lib:${LD_LIBRARY_PATH} PYTHONPATH=/home/ubuntu-ros/ros2_ws/src/build/task_2/prefix_override:/usr/lib/python3/dist-packages/colcon_core/task/python/colcon_distutils_commands:/home/ubuntu-ros/ros2_ws/src/install/task_2/lib/python3.10/site-packages:/home/ubuntu-ros/ros2_ws/src/install/task_2_interfaces/local/lib/python3.10/dist-packages:${PYTHONPATH} /usr/bin/python3 -W ignore:setup.py install is deprecated setup.py egg_info --egg-base ../../build/task_2 build --build-base /home/ubuntu-ros/ros2_ws/src/build/task_2/build install --record /home/ubuntu-ros/ros2_ws/src/build/task_2/install.log --single-version-externally-managed install_data
