[1.710s] Invoking command in '/home/ubuntu-ros/ros2_ws/src/my_package': PYTHONPATH=/home/ubuntu-ros/ros2_ws/build/my_package/prefix_override:/usr/lib/python3/dist-packages/colcon_core/task/python/colcon_distutils_commands:/home/ubuntu-ros/ros2_ws/install/my_package/lib/python3.10/site-packages:${PYTHONPATH} /usr/bin/python3 -W ignore:setup.py install is deprecated setup.py egg_info --egg-base ../../build/my_package build --build-base /home/ubuntu-ros/ros2_ws/build/my_package/build install --record /home/ubuntu-ros/ros2_ws/build/my_package/install.log --single-version-externally-managed install_data
[2.032s] running egg_info
[2.034s] writing ../../build/my_package/my_package.egg-info/PKG-INFO
[2.035s] writing dependency_links to ../../build/my_package/my_package.egg-info/dependency_links.txt
[2.035s] writing entry points to ../../build/my_package/my_package.egg-info/entry_points.txt
[2.036s] writing requirements to ../../build/my_package/my_package.egg-info/requires.txt
[2.036s] writing top-level names to ../../build/my_package/my_package.egg-info/top_level.txt
[2.042s] reading manifest file '../../build/my_package/my_package.egg-info/SOURCES.txt'
[2.042s] adding license file 'LICENSE'
[2.042s] writing manifest file '../../build/my_package/my_package.egg-info/SOURCES.txt'
[2.042s] running build
[2.042s] running build_py
[2.043s] running install
[2.043s] running install_lib
[2.045s] running install_data
[2.045s] running install_egg_info
[2.048s] removing '/home/ubuntu-ros/ros2_ws/install/my_package/lib/python3.10/site-packages/my_package-0.0.0-py3.10.egg-info' (and everything under it)
[2.050s] Copying ../../build/my_package/my_package.egg-info to /home/ubuntu-ros/ros2_ws/install/my_package/lib/python3.10/site-packages/my_package-0.0.0-py3.10.egg-info
[2.053s] running install_scripts
[2.096s] Installing my_node script to /home/ubuntu-ros/ros2_ws/install/my_package/lib/my_package
[2.097s] writing list of installed files to '/home/ubuntu-ros/ros2_ws/build/my_package/install.log'
[2.151s] Invoked command in '/home/ubuntu-ros/ros2_ws/src/my_package' returned '0': PYTHONPATH=/home/ubuntu-ros/ros2_ws/build/my_package/prefix_override:/usr/lib/python3/dist-packages/colcon_core/task/python/colcon_distutils_commands:/home/ubuntu-ros/ros2_ws/install/my_package/lib/python3.10/site-packages:${PYTHONPATH} /usr/bin/python3 -W ignore:setup.py install is deprecated setup.py egg_info --egg-base ../../build/my_package build --build-base /home/ubuntu-ros/ros2_ws/build/my_package/build install --record /home/ubuntu-ros/ros2_ws/build/my_package/install.log --single-version-externally-managed install_data
