[0.084s] DEBUG:colcon:Command line arguments: ['/usr/bin/colcon', 'build']
[0.084s] DEBUG:colcon:Parsed command line arguments: Namespace(log_base=None, log_level=None, verb_name='build', build_base='build', install_base='install', merge_install=False, symlink_install=False, test_result_base=None, continue_on_error=False, executor='parallel', parallel_workers=6, event_handlers=None, ignore_user_meta=False, metas=['./colcon.meta'], base_paths=['.'], packages_ignore=None, packages_ignore_regex=None, paths=None, packages_up_to=None, packages_up_to_regex=None, packages_above=None, packages_above_and_dependencies=None, packages_above_depth=None, packages_select_by_dep=None, packages_skip_by_dep=None, packages_skip_up_to=None, packages_select_build_failed=False, packages_skip_build_finished=False, packages_select_test_failures=False, packages_skip_test_passed=False, packages_select=None, packages_skip=None, packages_select_regex=None, packages_skip_regex=None, packages_start=None, packages_end=None, allow_overriding=[], cmake_args=None, cmake_target=None, cmake_target_skip_unavailable=False, cmake_clean_cache=False, cmake_clean_first=False, cmake_force_configure=False, ament_cmake_args=None, catkin_cmake_args=None, catkin_skip_building_tests=False, verb_parser=<colcon_defaults.argument_parser.defaults.DefaultArgumentsDecorator object at 0xf1a3d972c1c0>, verb_extension=<colcon_core.verb.build.BuildVerb object at 0xf1a3d986cdf0>, main=<bound method BuildVerb.main of <colcon_core.verb.build.BuildVerb object at 0xf1a3d986cdf0>>)
[0.204s] Level 1:colcon.colcon_core.package_discovery:discover_packages(colcon_meta) check parameters
[0.204s] Level 1:colcon.colcon_core.package_discovery:discover_packages(recursive) check parameters
[0.204s] Level 1:colcon.colcon_core.package_discovery:discover_packages(ignore) check parameters
[0.204s] Level 1:colcon.colcon_core.package_discovery:discover_packages(path) check parameters
[0.204s] Level 1:colcon.colcon_core.package_discovery:discover_packages(colcon_meta) discover
[0.204s] Level 1:colcon.colcon_core.package_discovery:discover_packages(recursive) discover
[0.204s] INFO:colcon.colcon_core.package_discovery:Crawling recursively for packages in '/home/ubuntu-ros/ros2_ws'
[0.204s] Level 1:colcon.colcon_core.package_identification:_identify(.) by extensions ['ignore', 'ignore_ament_install']
[0.204s] Level 1:colcon.colcon_core.package_identification:_identify(.) by extension 'ignore'
[0.204s] Level 1:colcon.colcon_core.package_identification:_identify(.) by extension 'ignore_ament_install'
[0.204s] Level 1:colcon.colcon_core.package_identification:_identify(.) by extensions ['colcon_pkg']
[0.204s] Level 1:colcon.colcon_core.package_identification:_identify(.) by extension 'colcon_pkg'
[0.204s] Level 1:colcon.colcon_core.package_identification:_identify(.) by extensions ['colcon_meta']
[0.204s] Level 1:colcon.colcon_core.package_identification:_identify(.) by extension 'colcon_meta'
[0.204s] Level 1:colcon.colcon_core.package_identification:_identify(.) by extensions ['ros']
[0.204s] Level 1:colcon.colcon_core.package_identification:_identify(.) by extension 'ros'
[0.214s] Level 1:colcon.colcon_core.package_identification:_identify(.) by extensions ['cmake', 'python']
[0.214s] Level 1:colcon.colcon_core.package_identification:_identify(.) by extension 'cmake'
[0.214s] Level 1:colcon.colcon_core.package_identification:_identify(.) by extension 'python'
[0.214s] Level 1:colcon.colcon_core.package_identification:_identify(.) by extensions ['python_setup_py']
[0.214s] Level 1:colcon.colcon_core.package_identification:_identify(.) by extension 'python_setup_py'
[0.214s] Level 1:colcon.colcon_core.package_identification:_identify(build) by extensions ['ignore', 'ignore_ament_install']
[0.214s] Level 1:colcon.colcon_core.package_identification:_identify(build) by extension 'ignore'
[0.215s] Level 1:colcon.colcon_core.package_identification:_identify(build) ignored
[0.215s] Level 1:colcon.colcon_core.package_identification:_identify(install) by extensions ['ignore', 'ignore_ament_install']
[0.215s] Level 1:colcon.colcon_core.package_identification:_identify(install) by extension 'ignore'
[0.215s] Level 1:colcon.colcon_core.package_identification:_identify(install) ignored
[0.215s] Level 1:colcon.colcon_core.package_identification:_identify(log) by extensions ['ignore', 'ignore_ament_install']
[0.215s] Level 1:colcon.colcon_core.package_identification:_identify(log) by extension 'ignore'
[0.215s] Level 1:colcon.colcon_core.package_identification:_identify(log) ignored
[0.215s] Level 1:colcon.colcon_core.package_identification:_identify(src) by extensions ['ignore', 'ignore_ament_install']
[0.215s] Level 1:colcon.colcon_core.package_identification:_identify(src) by extension 'ignore'
[0.215s] Level 1:colcon.colcon_core.package_identification:_identify(src) by extension 'ignore_ament_install'
[0.215s] Level 1:colcon.colcon_core.package_identification:_identify(src) by extensions ['colcon_pkg']
[0.215s] Level 1:colcon.colcon_core.package_identification:_identify(src) by extension 'colcon_pkg'
[0.215s] Level 1:colcon.colcon_core.package_identification:_identify(src) by extensions ['colcon_meta']
[0.215s] Level 1:colcon.colcon_core.package_identification:_identify(src) by extension 'colcon_meta'
[0.215s] Level 1:colcon.colcon_core.package_identification:_identify(src) by extensions ['ros']
[0.215s] Level 1:colcon.colcon_core.package_identification:_identify(src) by extension 'ros'
[0.215s] Level 1:colcon.colcon_core.package_identification:_identify(src) by extensions ['cmake', 'python']
[0.215s] Level 1:colcon.colcon_core.package_identification:_identify(src) by extension 'cmake'
[0.215s] Level 1:colcon.colcon_core.package_identification:_identify(src) by extension 'python'
[0.215s] Level 1:colcon.colcon_core.package_identification:_identify(src) by extensions ['python_setup_py']
[0.215s] Level 1:colcon.colcon_core.package_identification:_identify(src) by extension 'python_setup_py'
[0.215s] Level 1:colcon.colcon_core.package_identification:_identify(src/my_package) by extensions ['ignore', 'ignore_ament_install']
[0.215s] Level 1:colcon.colcon_core.package_identification:_identify(src/my_package) by extension 'ignore'
[0.215s] Level 1:colcon.colcon_core.package_identification:_identify(src/my_package) by extension 'ignore_ament_install'
[0.215s] Level 1:colcon.colcon_core.package_identification:_identify(src/my_package) by extensions ['colcon_pkg']
[0.216s] Level 1:colcon.colcon_core.package_identification:_identify(src/my_package) by extension 'colcon_pkg'
[0.216s] Level 1:colcon.colcon_core.package_identification:_identify(src/my_package) by extensions ['colcon_meta']
[0.216s] Level 1:colcon.colcon_core.package_identification:_identify(src/my_package) by extension 'colcon_meta'
[0.216s] Level 1:colcon.colcon_core.package_identification:_identify(src/my_package) by extensions ['ros']
[0.216s] Level 1:colcon.colcon_core.package_identification:_identify(src/my_package) by extension 'ros'
[0.217s] DEBUG:colcon.colcon_core.package_identification:Package 'src/my_package' with type 'ros.ament_python' and name 'my_package'
[0.218s] Level 1:colcon.colcon_core.package_identification:_identify(src/py_pubsub) by extensions ['ignore', 'ignore_ament_install']
[0.218s] Level 1:colcon.colcon_core.package_identification:_identify(src/py_pubsub) by extension 'ignore'
[0.218s] Level 1:colcon.colcon_core.package_identification:_identify(src/py_pubsub) by extension 'ignore_ament_install'
[0.218s] Level 1:colcon.colcon_core.package_identification:_identify(src/py_pubsub) by extensions ['colcon_pkg']
[0.218s] Level 1:colcon.colcon_core.package_identification:_identify(src/py_pubsub) by extension 'colcon_pkg'
[0.218s] Level 1:colcon.colcon_core.package_identification:_identify(src/py_pubsub) by extensions ['colcon_meta']
[0.218s] Level 1:colcon.colcon_core.package_identification:_identify(src/py_pubsub) by extension 'colcon_meta'
[0.218s] Level 1:colcon.colcon_core.package_identification:_identify(src/py_pubsub) by extensions ['ros']
[0.218s] Level 1:colcon.colcon_core.package_identification:_identify(src/py_pubsub) by extension 'ros'
[0.218s] DEBUG:colcon.colcon_core.package_identification:Package 'src/py_pubsub' with type 'ros.ament_python' and name 'py_pubsub'
[0.218s] Level 1:colcon.colcon_core.package_identification:_identify(src/task_1) by extensions ['ignore', 'ignore_ament_install']
[0.219s] Level 1:colcon.colcon_core.package_identification:_identify(src/task_1) by extension 'ignore'
[0.219s] Level 1:colcon.colcon_core.package_identification:_identify(src/task_1) by extension 'ignore_ament_install'
[0.219s] Level 1:colcon.colcon_core.package_identification:_identify(src/task_1) by extensions ['colcon_pkg']
[0.219s] Level 1:colcon.colcon_core.package_identification:_identify(src/task_1) by extension 'colcon_pkg'
[0.219s] Level 1:colcon.colcon_core.package_identification:_identify(src/task_1) by extensions ['colcon_meta']
[0.219s] Level 1:colcon.colcon_core.package_identification:_identify(src/task_1) by extension 'colcon_meta'
[0.219s] Level 1:colcon.colcon_core.package_identification:_identify(src/task_1) by extensions ['ros']
[0.219s] Level 1:colcon.colcon_core.package_identification:_identify(src/task_1) by extension 'ros'
[0.219s] DEBUG:colcon.colcon_core.package_identification:Package 'src/task_1' with type 'ros.ament_python' and name 'task_1'
[0.219s] Level 1:colcon.colcon_core.package_identification:_identify(src/task_2_interfaces) by extensions ['ignore', 'ignore_ament_install']
[0.219s] Level 1:colcon.colcon_core.package_identification:_identify(src/task_2_interfaces) by extension 'ignore'
[0.219s] Level 1:colcon.colcon_core.package_identification:_identify(src/task_2_interfaces) by extension 'ignore_ament_install'
[0.219s] Level 1:colcon.colcon_core.package_identification:_identify(src/task_2_interfaces) by extensions ['colcon_pkg']
[0.219s] Level 1:colcon.colcon_core.package_identification:_identify(src/task_2_interfaces) by extension 'colcon_pkg'
[0.219s] Level 1:colcon.colcon_core.package_identification:_identify(src/task_2_interfaces) by extensions ['colcon_meta']
[0.219s] Level 1:colcon.colcon_core.package_identification:_identify(src/task_2_interfaces) by extension 'colcon_meta'
[0.219s] Level 1:colcon.colcon_core.package_identification:_identify(src/task_2_interfaces) by extensions ['ros']
[0.219s] Level 1:colcon.colcon_core.package_identification:_identify(src/task_2_interfaces) by extension 'ros'
[0.220s] DEBUG:colcon.colcon_core.package_identification:Package 'src/task_2_interfaces' with type 'ros.ament_cmake' and name 'task_2_interfaces'
[0.220s] Level 1:colcon.colcon_core.package_discovery:discover_packages(recursive) using defaults
[0.220s] Level 1:colcon.colcon_core.package_discovery:discover_packages(ignore) discover
[0.220s] Level 1:colcon.colcon_core.package_discovery:discover_packages(ignore) using defaults
[0.220s] Level 1:colcon.colcon_core.package_discovery:discover_packages(path) discover
[0.220s] Level 1:colcon.colcon_core.package_discovery:discover_packages(path) using defaults
[0.237s] Level 1:colcon.colcon_core.package_discovery:discover_packages(prefix_path) check parameters
[0.237s] Level 1:colcon.colcon_core.package_discovery:discover_packages(prefix_path) discover
[0.238s] DEBUG:colcon.colcon_installed_package_information.package_discovery:Found 4 installed packages in /home/ubuntu-ros/ros2_ws/install
[0.239s] DEBUG:colcon.colcon_installed_package_information.package_discovery:Found 293 installed packages in /opt/ros/humble
[0.240s] Level 1:colcon.colcon_core.package_discovery:discover_packages(prefix_path) using defaults
[0.284s] Level 5:colcon.colcon_core.verb:set package 'my_package' build argument 'cmake_args' from command line to 'None'
[0.284s] Level 5:colcon.colcon_core.verb:set package 'my_package' build argument 'cmake_target' from command line to 'None'
[0.284s] Level 5:colcon.colcon_core.verb:set package 'my_package' build argument 'cmake_target_skip_unavailable' from command line to 'False'
[0.284s] Level 5:colcon.colcon_core.verb:set package 'my_package' build argument 'cmake_clean_cache' from command line to 'False'
[0.284s] Level 5:colcon.colcon_core.verb:set package 'my_package' build argument 'cmake_clean_first' from command line to 'False'
[0.284s] Level 5:colcon.colcon_core.verb:set package 'my_package' build argument 'cmake_force_configure' from command line to 'False'
[0.284s] Level 5:colcon.colcon_core.verb:set package 'my_package' build argument 'ament_cmake_args' from command line to 'None'
[0.284s] Level 5:colcon.colcon_core.verb:set package 'my_package' build argument 'catkin_cmake_args' from command line to 'None'
[0.284s] Level 5:colcon.colcon_core.verb:set package 'my_package' build argument 'catkin_skip_building_tests' from command line to 'False'
[0.284s] DEBUG:colcon.colcon_core.verb:Building package 'my_package' with the following arguments: {'ament_cmake_args': None, 'build_base': '/home/ubuntu-ros/ros2_ws/build/my_package', 'catkin_cmake_args': None, 'catkin_skip_building_tests': False, 'cmake_args': None, 'cmake_clean_cache': False, 'cmake_clean_first': False, 'cmake_force_configure': False, 'cmake_target': None, 'cmake_target_skip_unavailable': False, 'install_base': '/home/ubuntu-ros/ros2_ws/install/my_package', 'merge_install': False, 'path': '/home/ubuntu-ros/ros2_ws/src/my_package', 'symlink_install': False, 'test_result_base': None}
[0.284s] Level 5:colcon.colcon_core.verb:set package 'py_pubsub' build argument 'cmake_args' from command line to 'None'
[0.284s] Level 5:colcon.colcon_core.verb:set package 'py_pubsub' build argument 'cmake_target' from command line to 'None'
[0.284s] Level 5:colcon.colcon_core.verb:set package 'py_pubsub' build argument 'cmake_target_skip_unavailable' from command line to 'False'
[0.284s] Level 5:colcon.colcon_core.verb:set package 'py_pubsub' build argument 'cmake_clean_cache' from command line to 'False'
[0.284s] Level 5:colcon.colcon_core.verb:set package 'py_pubsub' build argument 'cmake_clean_first' from command line to 'False'
[0.284s] Level 5:colcon.colcon_core.verb:set package 'py_pubsub' build argument 'cmake_force_configure' from command line to 'False'
[0.284s] Level 5:colcon.colcon_core.verb:set package 'py_pubsub' build argument 'ament_cmake_args' from command line to 'None'
[0.284s] Level 5:colcon.colcon_core.verb:set package 'py_pubsub' build argument 'catkin_cmake_args' from command line to 'None'
[0.284s] Level 5:colcon.colcon_core.verb:set package 'py_pubsub' build argument 'catkin_skip_building_tests' from command line to 'False'
[0.284s] DEBUG:colcon.colcon_core.verb:Building package 'py_pubsub' with the following arguments: {'ament_cmake_args': None, 'build_base': '/home/ubuntu-ros/ros2_ws/build/py_pubsub', 'catkin_cmake_args': None, 'catkin_skip_building_tests': False, 'cmake_args': None, 'cmake_clean_cache': False, 'cmake_clean_first': False, 'cmake_force_configure': False, 'cmake_target': None, 'cmake_target_skip_unavailable': False, 'install_base': '/home/ubuntu-ros/ros2_ws/install/py_pubsub', 'merge_install': False, 'path': '/home/ubuntu-ros/ros2_ws/src/py_pubsub', 'symlink_install': False, 'test_result_base': None}
[0.285s] Level 5:colcon.colcon_core.verb:set package 'task_1' build argument 'cmake_args' from command line to 'None'
[0.285s] Level 5:colcon.colcon_core.verb:set package 'task_1' build argument 'cmake_target' from command line to 'None'
[0.285s] Level 5:colcon.colcon_core.verb:set package 'task_1' build argument 'cmake_target_skip_unavailable' from command line to 'False'
[0.285s] Level 5:colcon.colcon_core.verb:set package 'task_1' build argument 'cmake_clean_cache' from command line to 'False'
[0.285s] Level 5:colcon.colcon_core.verb:set package 'task_1' build argument 'cmake_clean_first' from command line to 'False'
[0.285s] Level 5:colcon.colcon_core.verb:set package 'task_1' build argument 'cmake_force_configure' from command line to 'False'
[0.285s] Level 5:colcon.colcon_core.verb:set package 'task_1' build argument 'ament_cmake_args' from command line to 'None'
[0.285s] Level 5:colcon.colcon_core.verb:set package 'task_1' build argument 'catkin_cmake_args' from command line to 'None'
[0.285s] Level 5:colcon.colcon_core.verb:set package 'task_1' build argument 'catkin_skip_building_tests' from command line to 'False'
[0.285s] DEBUG:colcon.colcon_core.verb:Building package 'task_1' with the following arguments: {'ament_cmake_args': None, 'build_base': '/home/ubuntu-ros/ros2_ws/build/task_1', 'catkin_cmake_args': None, 'catkin_skip_building_tests': False, 'cmake_args': None, 'cmake_clean_cache': False, 'cmake_clean_first': False, 'cmake_force_configure': False, 'cmake_target': None, 'cmake_target_skip_unavailable': False, 'install_base': '/home/ubuntu-ros/ros2_ws/install/task_1', 'merge_install': False, 'path': '/home/ubuntu-ros/ros2_ws/src/task_1', 'symlink_install': False, 'test_result_base': None}
[0.285s] Level 5:colcon.colcon_core.verb:set package 'task_2_interfaces' build argument 'cmake_args' from command line to 'None'
[0.285s] Level 5:colcon.colcon_core.verb:set package 'task_2_interfaces' build argument 'cmake_target' from command line to 'None'
[0.285s] Level 5:colcon.colcon_core.verb:set package 'task_2_interfaces' build argument 'cmake_target_skip_unavailable' from command line to 'False'
[0.285s] Level 5:colcon.colcon_core.verb:set package 'task_2_interfaces' build argument 'cmake_clean_cache' from command line to 'False'
[0.285s] Level 5:colcon.colcon_core.verb:set package 'task_2_interfaces' build argument 'cmake_clean_first' from command line to 'False'
[0.285s] Level 5:colcon.colcon_core.verb:set package 'task_2_interfaces' build argument 'cmake_force_configure' from command line to 'False'
[0.285s] Level 5:colcon.colcon_core.verb:set package 'task_2_interfaces' build argument 'ament_cmake_args' from command line to 'None'
[0.285s] Level 5:colcon.colcon_core.verb:set package 'task_2_interfaces' build argument 'catkin_cmake_args' from command line to 'None'
[0.285s] Level 5:colcon.colcon_core.verb:set package 'task_2_interfaces' build argument 'catkin_skip_building_tests' from command line to 'False'
[0.285s] DEBUG:colcon.colcon_core.verb:Building package 'task_2_interfaces' with the following arguments: {'ament_cmake_args': None, 'build_base': '/home/ubuntu-ros/ros2_ws/build/task_2_interfaces', 'catkin_cmake_args': None, 'catkin_skip_building_tests': False, 'cmake_args': None, 'cmake_clean_cache': False, 'cmake_clean_first': False, 'cmake_force_configure': False, 'cmake_target': None, 'cmake_target_skip_unavailable': False, 'install_base': '/home/ubuntu-ros/ros2_ws/install/task_2_interfaces', 'merge_install': False, 'path': '/home/ubuntu-ros/ros2_ws/src/task_2_interfaces', 'symlink_install': False, 'test_result_base': None}
[0.285s] INFO:colcon.colcon_core.executor:Executing jobs using 'parallel' executor
[0.286s] DEBUG:colcon.colcon_parallel_executor.executor.parallel:run_until_complete
[0.286s] INFO:colcon.colcon_ros.task.ament_python.build:Building ROS package in '/home/ubuntu-ros/ros2_ws/src/my_package' with build type 'ament_python'
[0.287s] Level 1:colcon.colcon_core.shell:create_environment_hook('my_package', 'ament_prefix_path')
[0.288s] INFO:colcon.colcon_core.plugin_system:Skipping extension 'colcon_core.shell.bat': Not used on non-Windows systems
[0.289s] INFO:colcon.colcon_core.shell:Creating environment hook '/home/ubuntu-ros/ros2_ws/install/my_package/share/my_package/hook/ament_prefix_path.ps1'
[0.289s] INFO:colcon.colcon_core.shell:Creating environment descriptor '/home/ubuntu-ros/ros2_ws/install/my_package/share/my_package/hook/ament_prefix_path.dsv'
[0.289s] INFO:colcon.colcon_core.shell:Creating environment hook '/home/ubuntu-ros/ros2_ws/install/my_package/share/my_package/hook/ament_prefix_path.sh'
[0.290s] INFO:colcon.colcon_core.shell:Skip shell extension 'powershell' for command environment: Not usable outside of PowerShell
[0.290s] DEBUG:colcon.colcon_core.shell:Skip shell extension 'dsv' for command environment
[0.293s] INFO:colcon.colcon_ros.task.ament_python.build:Building ROS package in '/home/ubuntu-ros/ros2_ws/src/py_pubsub' with build type 'ament_python'
[0.293s] Level 1:colcon.colcon_core.shell:create_environment_hook('py_pubsub', 'ament_prefix_path')
[0.293s] INFO:colcon.colcon_core.shell:Creating environment hook '/home/ubuntu-ros/ros2_ws/install/py_pubsub/share/py_pubsub/hook/ament_prefix_path.ps1'
[0.294s] INFO:colcon.colcon_core.shell:Creating environment descriptor '/home/ubuntu-ros/ros2_ws/install/py_pubsub/share/py_pubsub/hook/ament_prefix_path.dsv'
[0.294s] INFO:colcon.colcon_core.shell:Creating environment hook '/home/ubuntu-ros/ros2_ws/install/py_pubsub/share/py_pubsub/hook/ament_prefix_path.sh'
[0.294s] INFO:colcon.colcon_core.shell:Skip shell extension 'powershell' for command environment: Not usable outside of PowerShell
[0.294s] DEBUG:colcon.colcon_core.shell:Skip shell extension 'dsv' for command environment
[0.297s] INFO:colcon.colcon_ros.task.ament_python.build:Building ROS package in '/home/ubuntu-ros/ros2_ws/src/task_1' with build type 'ament_python'
[0.297s] Level 1:colcon.colcon_core.shell:create_environment_hook('task_1', 'ament_prefix_path')
[0.297s] INFO:colcon.colcon_core.shell:Creating environment hook '/home/ubuntu-ros/ros2_ws/install/task_1/share/task_1/hook/ament_prefix_path.ps1'
[0.297s] INFO:colcon.colcon_core.shell:Creating environment descriptor '/home/ubuntu-ros/ros2_ws/install/task_1/share/task_1/hook/ament_prefix_path.dsv'
[0.298s] INFO:colcon.colcon_core.shell:Creating environment hook '/home/ubuntu-ros/ros2_ws/install/task_1/share/task_1/hook/ament_prefix_path.sh'
[0.298s] INFO:colcon.colcon_core.shell:Skip shell extension 'powershell' for command environment: Not usable outside of PowerShell
[0.298s] DEBUG:colcon.colcon_core.shell:Skip shell extension 'dsv' for command environment
[0.302s] INFO:colcon.colcon_ros.task.ament_cmake.build:Building ROS package in '/home/ubuntu-ros/ros2_ws/src/task_2_interfaces' with build type 'ament_cmake'
[0.302s] INFO:colcon.colcon_cmake.task.cmake.build:Building CMake package in '/home/ubuntu-ros/ros2_ws/src/task_2_interfaces'
[0.303s] INFO:colcon.colcon_core.shell:Skip shell extension 'powershell' for command environment: Not usable outside of PowerShell
[0.303s] DEBUG:colcon.colcon_core.shell:Skip shell extension 'dsv' for command environment
[0.502s] INFO:colcon.colcon_core.task.python.build:Building Python package in '/home/ubuntu-ros/ros2_ws/src/my_package'
[0.502s] INFO:colcon.colcon_core.shell:Skip shell extension 'powershell' for command environment: Not usable outside of PowerShell
[0.502s] DEBUG:colcon.colcon_core.shell:Skip shell extension 'dsv' for command environment
[0.697s] INFO:colcon.colcon_core.task.python.build:Building Python package in '/home/ubuntu-ros/ros2_ws/src/py_pubsub'
[0.697s] INFO:colcon.colcon_core.shell:Skip shell extension 'powershell' for command environment: Not usable outside of PowerShell
[0.697s] DEBUG:colcon.colcon_core.shell:Skip shell extension 'dsv' for command environment
[0.891s] INFO:colcon.colcon_core.task.python.build:Building Python package in '/home/ubuntu-ros/ros2_ws/src/task_1'
[0.891s] INFO:colcon.colcon_core.shell:Skip shell extension 'powershell' for command environment: Not usable outside of PowerShell
[0.891s] DEBUG:colcon.colcon_core.shell:Skip shell extension 'dsv' for command environment
[0.898s] DEBUG:colcon.colcon_core.event_handler.log_command:Invoking command in '/home/ubuntu-ros/ros2_ws/build/task_2_interfaces': CMAKE_PREFIX_PATH=/home/ubuntu-ros/ros2_ws/install/task_1:/home/ubuntu-ros/ros2_ws/install/py_pubsub:/home/ubuntu-ros/ros2_ws/install/my_package:/opt/ros/humble /usr/bin/cmake --build /home/ubuntu-ros/ros2_ws/build/task_2_interfaces -- -j6 -l6
[1.325s] DEBUG:colcon.colcon_core.event_handler.log_command:Invoking command in '/home/ubuntu-ros/ros2_ws/src/my_package': PYTHONPATH=/home/ubuntu-ros/ros2_ws/build/my_package/prefix_override:/usr/lib/python3/dist-packages/colcon_core/task/python/colcon_distutils_commands:/home/ubuntu-ros/ros2_ws/install/my_package/lib/python3.10/site-packages:${PYTHONPATH} /usr/bin/python3 -W ignore:setup.py install is deprecated setup.py egg_info --egg-base ../../build/my_package build --build-base /home/ubuntu-ros/ros2_ws/build/my_package/build install --record /home/ubuntu-ros/ros2_ws/build/my_package/install.log --single-version-externally-managed install_data
[1.343s] DEBUG:colcon.colcon_core.event_handler.log_command:Invoking command in '/home/ubuntu-ros/ros2_ws/src/py_pubsub': PYTHONPATH=/home/ubuntu-ros/ros2_ws/build/py_pubsub/prefix_override:/usr/lib/python3/dist-packages/colcon_core/task/python/colcon_distutils_commands:/home/ubuntu-ros/ros2_ws/install/py_pubsub/lib/python3.10/site-packages:${PYTHONPATH} /usr/bin/python3 -W ignore:setup.py install is deprecated setup.py egg_info --egg-base ../../build/py_pubsub build --build-base /home/ubuntu-ros/ros2_ws/build/py_pubsub/build install --record /home/ubuntu-ros/ros2_ws/build/py_pubsub/install.log --single-version-externally-managed install_data
[1.367s] DEBUG:colcon.colcon_core.event_handler.log_command:Invoking command in '/home/ubuntu-ros/ros2_ws/src/task_1': PYTHONPATH=/home/ubuntu-ros/ros2_ws/build/task_1/prefix_override:/usr/lib/python3/dist-packages/colcon_core/task/python/colcon_distutils_commands:/home/ubuntu-ros/ros2_ws/install/task_1/lib/python3.10/site-packages:${PYTHONPATH} /usr/bin/python3 -W ignore:setup.py install is deprecated setup.py egg_info --egg-base ../../build/task_1 build --build-base /home/ubuntu-ros/ros2_ws/build/task_1/build install --record /home/ubuntu-ros/ros2_ws/build/task_1/install.log --single-version-externally-managed install_data
[1.734s] DEBUG:colcon.colcon_core.event_handler.log_command:Invoked command in '/home/ubuntu-ros/ros2_ws/src/my_package' returned '0': PYTHONPATH=/home/ubuntu-ros/ros2_ws/build/my_package/prefix_override:/usr/lib/python3/dist-packages/colcon_core/task/python/colcon_distutils_commands:/home/ubuntu-ros/ros2_ws/install/my_package/lib/python3.10/site-packages:${PYTHONPATH} /usr/bin/python3 -W ignore:setup.py install is deprecated setup.py egg_info --egg-base ../../build/my_package build --build-base /home/ubuntu-ros/ros2_ws/build/my_package/build install --record /home/ubuntu-ros/ros2_ws/build/my_package/install.log --single-version-externally-managed install_data
[1.739s] Level 1:colcon.colcon_core.environment:checking '/home/ubuntu-ros/ros2_ws/install/my_package' for CMake module files
[1.740s] Level 1:colcon.colcon_core.environment:checking '/home/ubuntu-ros/ros2_ws/install/my_package' for CMake config files
[1.741s] Level 1:colcon.colcon_core.environment:checking '/home/ubuntu-ros/ros2_ws/install/my_package/lib'
[1.741s] Level 1:colcon.colcon_core.environment:checking '/home/ubuntu-ros/ros2_ws/install/my_package/bin'
[1.741s] Level 1:colcon.colcon_core.environment:checking '/home/ubuntu-ros/ros2_ws/install/my_package/lib/pkgconfig/my_package.pc'
[1.741s] Level 1:colcon.colcon_core.environment:checking '/home/ubuntu-ros/ros2_ws/install/my_package/lib/python3.10/site-packages'
[1.741s] Level 1:colcon.colcon_core.shell:create_environment_hook('my_package', 'pythonpath')
[1.742s] INFO:colcon.colcon_core.shell:Creating environment hook '/home/ubuntu-ros/ros2_ws/install/my_package/share/my_package/hook/pythonpath.ps1'
[1.742s] INFO:colcon.colcon_core.shell:Creating environment descriptor '/home/ubuntu-ros/ros2_ws/install/my_package/share/my_package/hook/pythonpath.dsv'
[1.743s] INFO:colcon.colcon_core.shell:Creating environment hook '/home/ubuntu-ros/ros2_ws/install/my_package/share/my_package/hook/pythonpath.sh'
[1.744s] Level 1:colcon.colcon_core.environment:checking '/home/ubuntu-ros/ros2_ws/install/my_package/bin'
[1.744s] Level 1:colcon.colcon_core.environment:create_environment_scripts_only(my_package)
[1.745s] INFO:colcon.colcon_core.shell:Creating package script '/home/ubuntu-ros/ros2_ws/install/my_package/share/my_package/package.ps1'
[1.745s] INFO:colcon.colcon_core.shell:Creating package descriptor '/home/ubuntu-ros/ros2_ws/install/my_package/share/my_package/package.dsv'
[1.746s] INFO:colcon.colcon_core.shell:Creating package script '/home/ubuntu-ros/ros2_ws/install/my_package/share/my_package/package.sh'
[1.747s] INFO:colcon.colcon_core.shell:Creating package script '/home/ubuntu-ros/ros2_ws/install/my_package/share/my_package/package.bash'
[1.748s] INFO:colcon.colcon_core.shell:Creating package script '/home/ubuntu-ros/ros2_ws/install/my_package/share/my_package/package.zsh'
[1.749s] Level 1:colcon.colcon_core.environment:create_file_with_runtime_dependencies(/home/ubuntu-ros/ros2_ws/install/my_package/share/colcon-core/packages/my_package)
[1.753s] Level 1:colcon.colcon_core.environment:checking '/home/ubuntu-ros/ros2_ws/install/py_pubsub' for CMake module files
[1.754s] Level 1:colcon.colcon_core.environment:checking '/home/ubuntu-ros/ros2_ws/install/py_pubsub' for CMake config files
[1.754s] Level 1:colcon.colcon_core.environment:checking '/home/ubuntu-ros/ros2_ws/install/py_pubsub/lib'
[1.755s] Level 1:colcon.colcon_core.environment:checking '/home/ubuntu-ros/ros2_ws/install/py_pubsub/bin'
[1.755s] Level 1:colcon.colcon_core.environment:checking '/home/ubuntu-ros/ros2_ws/install/py_pubsub/lib/pkgconfig/py_pubsub.pc'
[1.755s] Level 1:colcon.colcon_core.environment:checking '/home/ubuntu-ros/ros2_ws/install/py_pubsub/lib/python3.10/site-packages'
[1.755s] DEBUG:colcon.colcon_core.event_handler.log_command:Invoked command in '/home/ubuntu-ros/ros2_ws/src/py_pubsub' returned '0': PYTHONPATH=/home/ubuntu-ros/ros2_ws/build/py_pubsub/prefix_override:/usr/lib/python3/dist-packages/colcon_core/task/python/colcon_distutils_commands:/home/ubuntu-ros/ros2_ws/install/py_pubsub/lib/python3.10/site-packages:${PYTHONPATH} /usr/bin/python3 -W ignore:setup.py install is deprecated setup.py egg_info --egg-base ../../build/py_pubsub build --build-base /home/ubuntu-ros/ros2_ws/build/py_pubsub/build install --record /home/ubuntu-ros/ros2_ws/build/py_pubsub/install.log --single-version-externally-managed install_data
[1.756s] Level 1:colcon.colcon_core.shell:create_environment_hook('py_pubsub', 'pythonpath')
[1.756s] INFO:colcon.colcon_core.shell:Creating environment hook '/home/ubuntu-ros/ros2_ws/install/py_pubsub/share/py_pubsub/hook/pythonpath.ps1'
[1.757s] INFO:colcon.colcon_core.shell:Creating environment descriptor '/home/ubuntu-ros/ros2_ws/install/py_pubsub/share/py_pubsub/hook/pythonpath.dsv'
[1.758s] INFO:colcon.colcon_core.shell:Creating environment hook '/home/ubuntu-ros/ros2_ws/install/py_pubsub/share/py_pubsub/hook/pythonpath.sh'
[1.760s] Level 1:colcon.colcon_core.environment:checking '/home/ubuntu-ros/ros2_ws/install/py_pubsub/bin'
[1.760s] Level 1:colcon.colcon_core.environment:create_environment_scripts_only(py_pubsub)
[1.761s] INFO:colcon.colcon_core.shell:Creating package script '/home/ubuntu-ros/ros2_ws/install/py_pubsub/share/py_pubsub/package.ps1'
[1.762s] INFO:colcon.colcon_core.shell:Creating package descriptor '/home/ubuntu-ros/ros2_ws/install/py_pubsub/share/py_pubsub/package.dsv'
[1.763s] INFO:colcon.colcon_core.shell:Creating package script '/home/ubuntu-ros/ros2_ws/install/py_pubsub/share/py_pubsub/package.sh'
[1.763s] INFO:colcon.colcon_core.shell:Creating package script '/home/ubuntu-ros/ros2_ws/install/py_pubsub/share/py_pubsub/package.bash'
[1.764s] INFO:colcon.colcon_core.shell:Creating package script '/home/ubuntu-ros/ros2_ws/install/py_pubsub/share/py_pubsub/package.zsh'
[1.764s] Level 1:colcon.colcon_core.environment:create_file_with_runtime_dependencies(/home/ubuntu-ros/ros2_ws/install/py_pubsub/share/colcon-core/packages/py_pubsub)
[1.772s] Level 1:colcon.colcon_core.environment:checking '/home/ubuntu-ros/ros2_ws/install/task_1' for CMake module files
[1.773s] DEBUG:colcon.colcon_core.event_handler.log_command:Invoked command in '/home/ubuntu-ros/ros2_ws/src/task_1' returned '0': PYTHONPATH=/home/ubuntu-ros/ros2_ws/build/task_1/prefix_override:/usr/lib/python3/dist-packages/colcon_core/task/python/colcon_distutils_commands:/home/ubuntu-ros/ros2_ws/install/task_1/lib/python3.10/site-packages:${PYTHONPATH} /usr/bin/python3 -W ignore:setup.py install is deprecated setup.py egg_info --egg-base ../../build/task_1 build --build-base /home/ubuntu-ros/ros2_ws/build/task_1/build install --record /home/ubuntu-ros/ros2_ws/build/task_1/install.log --single-version-externally-managed install_data
[1.773s] Level 1:colcon.colcon_core.environment:checking '/home/ubuntu-ros/ros2_ws/install/task_1' for CMake config files
[1.774s] Level 1:colcon.colcon_core.environment:checking '/home/ubuntu-ros/ros2_ws/install/task_1/lib'
[1.774s] Level 1:colcon.colcon_core.environment:checking '/home/ubuntu-ros/ros2_ws/install/task_1/bin'
[1.774s] Level 1:colcon.colcon_core.environment:checking '/home/ubuntu-ros/ros2_ws/install/task_1/lib/pkgconfig/task_1.pc'
[1.774s] Level 1:colcon.colcon_core.environment:checking '/home/ubuntu-ros/ros2_ws/install/task_1/lib/python3.10/site-packages'
[1.774s] Level 1:colcon.colcon_core.shell:create_environment_hook('task_1', 'pythonpath')
[1.775s] INFO:colcon.colcon_core.shell:Creating environment hook '/home/ubuntu-ros/ros2_ws/install/task_1/share/task_1/hook/pythonpath.ps1'
[1.775s] INFO:colcon.colcon_core.shell:Creating environment descriptor '/home/ubuntu-ros/ros2_ws/install/task_1/share/task_1/hook/pythonpath.dsv'
[1.775s] INFO:colcon.colcon_core.shell:Creating environment hook '/home/ubuntu-ros/ros2_ws/install/task_1/share/task_1/hook/pythonpath.sh'
[1.776s] Level 1:colcon.colcon_core.environment:checking '/home/ubuntu-ros/ros2_ws/install/task_1/bin'
[1.776s] Level 1:colcon.colcon_core.environment:create_environment_scripts_only(task_1)
[1.776s] INFO:colcon.colcon_core.shell:Creating package script '/home/ubuntu-ros/ros2_ws/install/task_1/share/task_1/package.ps1'
[1.777s] INFO:colcon.colcon_core.shell:Creating package descriptor '/home/ubuntu-ros/ros2_ws/install/task_1/share/task_1/package.dsv'
[1.777s] INFO:colcon.colcon_core.shell:Creating package script '/home/ubuntu-ros/ros2_ws/install/task_1/share/task_1/package.sh'
[1.777s] INFO:colcon.colcon_core.shell:Creating package script '/home/ubuntu-ros/ros2_ws/install/task_1/share/task_1/package.bash'
[1.778s] INFO:colcon.colcon_core.shell:Creating package script '/home/ubuntu-ros/ros2_ws/install/task_1/share/task_1/package.zsh'
[1.778s] Level 1:colcon.colcon_core.environment:create_file_with_runtime_dependencies(/home/ubuntu-ros/ros2_ws/install/task_1/share/colcon-core/packages/task_1)
[2.458s] DEBUG:colcon.colcon_core.event_handler.log_command:Invoked command in '/home/ubuntu-ros/ros2_ws/build/task_2_interfaces' returned '0': CMAKE_PREFIX_PATH=/home/ubuntu-ros/ros2_ws/install/task_1:/home/ubuntu-ros/ros2_ws/install/py_pubsub:/home/ubuntu-ros/ros2_ws/install/my_package:/opt/ros/humble /usr/bin/cmake --build /home/ubuntu-ros/ros2_ws/build/task_2_interfaces -- -j6 -l6
[2.507s] DEBUG:colcon.colcon_core.event_handler.log_command:Invoking command in '/home/ubuntu-ros/ros2_ws/build/task_2_interfaces': CMAKE_PREFIX_PATH=/home/ubuntu-ros/ros2_ws/install/task_1:/home/ubuntu-ros/ros2_ws/install/py_pubsub:/home/ubuntu-ros/ros2_ws/install/my_package:/opt/ros/humble /usr/bin/cmake --install /home/ubuntu-ros/ros2_ws/build/task_2_interfaces
[2.551s] Level 1:colcon.colcon_core.environment:create_environment_scripts_only(task_2_interfaces)
[2.552s] Level 1:colcon.colcon_core.environment:checking '/home/ubuntu-ros/ros2_ws/install/task_2_interfaces' for CMake module files
[2.552s] DEBUG:colcon.colcon_core.event_handler.log_command:Invoked command in '/home/ubuntu-ros/ros2_ws/build/task_2_interfaces' returned '0': CMAKE_PREFIX_PATH=/home/ubuntu-ros/ros2_ws/install/task_1:/home/ubuntu-ros/ros2_ws/install/py_pubsub:/home/ubuntu-ros/ros2_ws/install/my_package:/opt/ros/humble /usr/bin/cmake --install /home/ubuntu-ros/ros2_ws/build/task_2_interfaces
[2.552s] Level 1:colcon.colcon_core.environment:checking '/home/ubuntu-ros/ros2_ws/install/task_2_interfaces' for CMake config files
[2.553s] Level 1:colcon.colcon_core.shell:create_environment_hook('task_2_interfaces', 'cmake_prefix_path')
[2.553s] INFO:colcon.colcon_core.shell:Creating environment hook '/home/ubuntu-ros/ros2_ws/install/task_2_interfaces/share/task_2_interfaces/hook/cmake_prefix_path.ps1'
[2.554s] INFO:colcon.colcon_core.shell:Creating environment descriptor '/home/ubuntu-ros/ros2_ws/install/task_2_interfaces/share/task_2_interfaces/hook/cmake_prefix_path.dsv'
[2.554s] INFO:colcon.colcon_core.shell:Creating environment hook '/home/ubuntu-ros/ros2_ws/install/task_2_interfaces/share/task_2_interfaces/hook/cmake_prefix_path.sh'
[2.554s] Level 1:colcon.colcon_core.environment:checking '/home/ubuntu-ros/ros2_ws/install/task_2_interfaces/lib'
[2.554s] Level 1:colcon.colcon_core.shell:create_environment_hook('task_2_interfaces', 'ld_library_path_lib')
[2.554s] INFO:colcon.colcon_core.shell:Creating environment hook '/home/ubuntu-ros/ros2_ws/install/task_2_interfaces/share/task_2_interfaces/hook/ld_library_path_lib.ps1'
[2.555s] INFO:colcon.colcon_core.shell:Creating environment descriptor '/home/ubuntu-ros/ros2_ws/install/task_2_interfaces/share/task_2_interfaces/hook/ld_library_path_lib.dsv'
[2.555s] INFO:colcon.colcon_core.shell:Creating environment hook '/home/ubuntu-ros/ros2_ws/install/task_2_interfaces/share/task_2_interfaces/hook/ld_library_path_lib.sh'
[2.555s] Level 1:colcon.colcon_core.environment:checking '/home/ubuntu-ros/ros2_ws/install/task_2_interfaces/bin'
[2.555s] Level 1:colcon.colcon_core.environment:checking '/home/ubuntu-ros/ros2_ws/install/task_2_interfaces/lib/pkgconfig/task_2_interfaces.pc'
[2.555s] Level 1:colcon.colcon_core.environment:checking '/home/ubuntu-ros/ros2_ws/install/task_2_interfaces/lib/python3.10/site-packages'
[2.555s] Level 1:colcon.colcon_core.environment:checking '/home/ubuntu-ros/ros2_ws/install/task_2_interfaces/bin'
[2.556s] INFO:colcon.colcon_core.shell:Creating package script '/home/ubuntu-ros/ros2_ws/install/task_2_interfaces/share/task_2_interfaces/package.ps1'
[2.556s] INFO:colcon.colcon_core.shell:Creating package descriptor '/home/ubuntu-ros/ros2_ws/install/task_2_interfaces/share/task_2_interfaces/package.dsv'
[2.556s] INFO:colcon.colcon_core.shell:Creating package script '/home/ubuntu-ros/ros2_ws/install/task_2_interfaces/share/task_2_interfaces/package.sh'
[2.557s] INFO:colcon.colcon_core.shell:Creating package script '/home/ubuntu-ros/ros2_ws/install/task_2_interfaces/share/task_2_interfaces/package.bash'
[2.557s] INFO:colcon.colcon_core.shell:Creating package script '/home/ubuntu-ros/ros2_ws/install/task_2_interfaces/share/task_2_interfaces/package.zsh'
[2.557s] Level 1:colcon.colcon_core.environment:create_file_with_runtime_dependencies(/home/ubuntu-ros/ros2_ws/install/task_2_interfaces/share/colcon-core/packages/task_2_interfaces)
[2.602s] Level 1:colcon.colcon_core.environment:create_environment_scripts_only(task_2_interfaces)
[2.602s] Level 1:colcon.colcon_core.environment:checking '/home/ubuntu-ros/ros2_ws/install/task_2_interfaces' for CMake module files
[2.602s] Level 1:colcon.colcon_core.environment:checking '/home/ubuntu-ros/ros2_ws/install/task_2_interfaces' for CMake config files
[2.603s] Level 1:colcon.colcon_core.shell:create_environment_hook('task_2_interfaces', 'cmake_prefix_path')
[2.603s] INFO:colcon.colcon_core.shell:Creating environment hook '/home/ubuntu-ros/ros2_ws/install/task_2_interfaces/share/task_2_interfaces/hook/cmake_prefix_path.ps1'
[2.603s] INFO:colcon.colcon_core.shell:Creating environment descriptor '/home/ubuntu-ros/ros2_ws/install/task_2_interfaces/share/task_2_interfaces/hook/cmake_prefix_path.dsv'
[2.604s] INFO:colcon.colcon_core.shell:Creating environment hook '/home/ubuntu-ros/ros2_ws/install/task_2_interfaces/share/task_2_interfaces/hook/cmake_prefix_path.sh'
[2.604s] Level 1:colcon.colcon_core.environment:checking '/home/ubuntu-ros/ros2_ws/install/task_2_interfaces/lib'
[2.604s] Level 1:colcon.colcon_core.shell:create_environment_hook('task_2_interfaces', 'ld_library_path_lib')
[2.604s] INFO:colcon.colcon_core.shell:Creating environment hook '/home/ubuntu-ros/ros2_ws/install/task_2_interfaces/share/task_2_interfaces/hook/ld_library_path_lib.ps1'
[2.605s] INFO:colcon.colcon_core.shell:Creating environment descriptor '/home/ubuntu-ros/ros2_ws/install/task_2_interfaces/share/task_2_interfaces/hook/ld_library_path_lib.dsv'
[2.605s] INFO:colcon.colcon_core.shell:Creating environment hook '/home/ubuntu-ros/ros2_ws/install/task_2_interfaces/share/task_2_interfaces/hook/ld_library_path_lib.sh'
[2.605s] Level 1:colcon.colcon_core.environment:checking '/home/ubuntu-ros/ros2_ws/install/task_2_interfaces/bin'
[2.605s] Level 1:colcon.colcon_core.environment:checking '/home/ubuntu-ros/ros2_ws/install/task_2_interfaces/lib/pkgconfig/task_2_interfaces.pc'
[2.605s] Level 1:colcon.colcon_core.environment:checking '/home/ubuntu-ros/ros2_ws/install/task_2_interfaces/lib/python3.10/site-packages'
[2.606s] Level 1:colcon.colcon_core.environment:checking '/home/ubuntu-ros/ros2_ws/install/task_2_interfaces/bin'
[2.606s] INFO:colcon.colcon_core.shell:Creating package script '/home/ubuntu-ros/ros2_ws/install/task_2_interfaces/share/task_2_interfaces/package.ps1'
[2.606s] INFO:colcon.colcon_core.shell:Creating package descriptor '/home/ubuntu-ros/ros2_ws/install/task_2_interfaces/share/task_2_interfaces/package.dsv'
[2.607s] INFO:colcon.colcon_core.shell:Creating package script '/home/ubuntu-ros/ros2_ws/install/task_2_interfaces/share/task_2_interfaces/package.sh'
[2.607s] INFO:colcon.colcon_core.shell:Creating package script '/home/ubuntu-ros/ros2_ws/install/task_2_interfaces/share/task_2_interfaces/package.bash'
[2.607s] INFO:colcon.colcon_core.shell:Creating package script '/home/ubuntu-ros/ros2_ws/install/task_2_interfaces/share/task_2_interfaces/package.zsh'
[2.607s] Level 1:colcon.colcon_core.environment:create_file_with_runtime_dependencies(/home/ubuntu-ros/ros2_ws/install/task_2_interfaces/share/colcon-core/packages/task_2_interfaces)
[2.607s] DEBUG:colcon.colcon_parallel_executor.executor.parallel:closing loop
[2.608s] DEBUG:colcon.colcon_parallel_executor.executor.parallel:loop closed
[2.608s] DEBUG:colcon.colcon_parallel_executor.executor.parallel:run_until_complete finished with '0'
[2.608s] DEBUG:colcon.colcon_core.event_reactor:joining thread
[2.612s] INFO:colcon.colcon_core.plugin_system:Skipping extension 'colcon_notification.desktop_notification.terminal_notifier': Not used on non-Darwin systems
[2.612s] INFO:colcon.colcon_core.plugin_system:Skipping extension 'colcon_notification.desktop_notification.win32': Not used on non-Windows systems
[2.612s] INFO:colcon.colcon_notification.desktop_notification:Sending desktop notification using 'notify2'
[2.621s] DEBUG:colcon.colcon_core.event_reactor:joined thread
[2.622s] INFO:colcon.colcon_core.shell:Creating prefix script '/home/ubuntu-ros/ros2_ws/install/local_setup.ps1'
[2.622s] INFO:colcon.colcon_core.shell:Creating prefix util module '/home/ubuntu-ros/ros2_ws/install/_local_setup_util_ps1.py'
[2.624s] INFO:colcon.colcon_core.shell:Creating prefix chain script '/home/ubuntu-ros/ros2_ws/install/setup.ps1'
[2.625s] INFO:colcon.colcon_core.shell:Creating prefix script '/home/ubuntu-ros/ros2_ws/install/local_setup.sh'
[2.625s] INFO:colcon.colcon_core.shell:Creating prefix util module '/home/ubuntu-ros/ros2_ws/install/_local_setup_util_sh.py'
[2.625s] INFO:colcon.colcon_core.shell:Creating prefix chain script '/home/ubuntu-ros/ros2_ws/install/setup.sh'
[2.626s] INFO:colcon.colcon_core.shell:Creating prefix script '/home/ubuntu-ros/ros2_ws/install/local_setup.bash'
[2.627s] INFO:colcon.colcon_core.shell:Creating prefix chain script '/home/ubuntu-ros/ros2_ws/install/setup.bash'
[2.629s] INFO:colcon.colcon_core.shell:Creating prefix script '/home/ubuntu-ros/ros2_ws/install/local_setup.zsh'
[2.629s] INFO:colcon.colcon_core.shell:Creating prefix chain script '/home/ubuntu-ros/ros2_ws/install/setup.zsh'
